<?xml version="1.0" encoding="UTF-8"?>
<!-- Generated by org.testng.reporters.JUnitReportReporter -->
<testsuite hostname="LTP11" failures="0" tests="8" name="AASProductTestCase.AASProductTest.qa.testcases.ProductSkinPageTest" time="33.818" errors="0" timestamp="19 Aug 2020 17:53:04 GMT" skipped="0">
  <testcase classname="AASProductTestCase.AASProductTest.qa.testcases.ProductSkinPageTest" name="ProductSkinTest" time="4.222"/>
  <testcase classname="AASProductTestCase.AASProductTest.qa.testcases.ProductSkinPageTest" name="ProductSkinTest" time="4.227"/>
  <testcase classname="AASProductTestCase.AASProductTest.qa.testcases.ProductSkinPageTest" name="ProductSkinTest" time="4.215"/>
  <testcase classname="AASProductTestCase.AASProductTest.qa.testcases.ProductSkinPageTest" name="ProductSkinTest" time="4.245"/>
  <testcase classname="AASProductTestCase.AASProductTest.qa.testcases.ProductSkinPageTest" name="ProductSkinTest" time="4.229"/>
  <testcase classname="AASProductTestCase.AASProductTest.qa.testcases.ProductSkinPageTest" name="ProductSkinTest" time="4.213"/>
  <testcase classname="AASProductTestCase.AASProductTest.qa.testcases.ProductSkinPageTest" name="ProductSkinTest" time="4.252"/>
  <testcase classname="AASProductTestCase.AASProductTest.qa.testcases.ProductSkinPageTest" name="ProductSkinTest" time="4.215"/>
</testsuite> <!-- AASProductTestCase.AASProductTest.qa.testcases.ProductSkinPageTest -->
