<?xml version="1.0" encoding="UTF-8"?>
<!-- Generated by org.testng.reporters.JUnitReportReporter -->
<testsuite hostname="LTP11" failures="0" tests="4" name="AASProductTestCase.AASProductTest.qa.testcases.LoginPageTest" time="3.068" errors="0" timestamp="19 Aug 2020 03:58:39 GMT" skipped="0">
  <testcase classname="AASProductTestCase.AASProductTest.qa.testcases.LoginPageTest" name="LoginPageTitleTest" time="0.010"/>
  <testcase classname="AASProductTestCase.AASProductTest.qa.testcases.LoginPageTest" name="loginTestNegative01" time="1.514"/>
  <testcase classname="AASProductTestCase.AASProductTest.qa.testcases.LoginPageTest" name="loginTestNegative02" time="0.775"/>
  <testcase classname="AASProductTestCase.AASProductTest.qa.testcases.LoginPageTest" name="LoginTest" time="0.769"/>
</testsuite> <!-- AASProductTestCase.AASProductTest.qa.testcases.LoginPageTest -->
