<?xml version="1.0" encoding="UTF-8"?>
<!-- Generated by org.testng.reporters.JUnitReportReporter -->
<testsuite hostname="LTP11" failures="0" tests="200" name="AASProductTestCase.AASProductTest.qa.testcases.PTSettingPageTest" time="665.188" errors="0" timestamp="03 Sep 2020 04:44:25 GMT" skipped="0">
  <testcase classname="AASProductTestCase.AASProductTest.qa.testcases.PTSettingPageTest" name="PTSettingCAPositiveTest01" time="4.605"/>
  <testcase classname="AASProductTestCase.AASProductTest.qa.testcases.PTSettingPageTest" name="PTSettingCAPositiveTest01" time="4.679"/>
  <testcase classname="AASProductTestCase.AASProductTest.qa.testcases.PTSettingPageTest" name="PTSettingCAPositiveTest01" time="4.587"/>
  <testcase classname="AASProductTestCase.AASProductTest.qa.testcases.PTSettingPageTest" name="PTSettingCAPositiveTest01" time="4.604"/>
  <testcase classname="AASProductTestCase.AASProductTest.qa.testcases.PTSettingPageTest" name="PTSettingCAPositiveTest01" time="4.582"/>
  <testcase classname="AASProductTestCase.AASProductTest.qa.testcases.PTSettingPageTest" name="PTSettingCAPositiveTest01" time="4.734"/>
  <testcase classname="AASProductTestCase.AASProductTest.qa.testcases.PTSettingPageTest" name="PTSettingCAPositiveTest01" time="4.653"/>
  <testcase classname="AASProductTestCase.AASProductTest.qa.testcases.PTSettingPageTest" name="PTSettingCAPositiveTest01" time="4.719"/>
  <testcase classname="AASProductTestCase.AASProductTest.qa.testcases.PTSettingPageTest" name="PTSettingCAPositiveTest01" time="4.607"/>
  <testcase classname="AASProductTestCase.AASProductTest.qa.testcases.PTSettingPageTest" name="PTSettingCAPositiveTest01" time="4.696"/>
  <testcase classname="AASProductTestCase.AASProductTest.qa.testcases.PTSettingPageTest" name="PTSettingCAPositiveTest01" time="4.602"/>
  <testcase classname="AASProductTestCase.AASProductTest.qa.testcases.PTSettingPageTest" name="PTSettingCAPositiveTest01" time="4.581"/>
  <testcase classname="AASProductTestCase.AASProductTest.qa.testcases.PTSettingPageTest" name="PTSettingCAPositiveTest01" time="4.897"/>
  <testcase classname="AASProductTestCase.AASProductTest.qa.testcases.PTSettingPageTest" name="PTSettingCAPositiveTest01" time="4.638"/>
  <testcase classname="AASProductTestCase.AASProductTest.qa.testcases.PTSettingPageTest" name="PTSettingCAPositiveTest01" time="4.625"/>
  <testcase classname="AASProductTestCase.AASProductTest.qa.testcases.PTSettingPageTest" name="PTSettingCAGroupUpdate" time="8.368"/>
  <testcase classname="AASProductTestCase.AASProductTest.qa.testcases.PTSettingPageTest" name="PTSettingCAPositiveTest02" time="1.043"/>
  <testcase classname="AASProductTestCase.AASProductTest.qa.testcases.PTSettingPageTest" name="PTSettingCAPositiveTest02" time="1.043"/>
  <testcase classname="AASProductTestCase.AASProductTest.qa.testcases.PTSettingPageTest" name="PTSettingCAPositiveTest02" time="1.060"/>
  <testcase classname="AASProductTestCase.AASProductTest.qa.testcases.PTSettingPageTest" name="PTSettingCAPositiveTest02" time="1.043"/>
  <testcase classname="AASProductTestCase.AASProductTest.qa.testcases.PTSettingPageTest" name="PTSettingCAPositiveTest02" time="1.045"/>
  <testcase classname="AASProductTestCase.AASProductTest.qa.testcases.PTSettingPageTest" name="PTSettingCAPositiveTest02" time="1.040"/>
  <testcase classname="AASProductTestCase.AASProductTest.qa.testcases.PTSettingPageTest" name="PTSettingCAPositiveTest02" time="1.042"/>
  <testcase classname="AASProductTestCase.AASProductTest.qa.testcases.PTSettingPageTest" name="PTSettingCAPositiveTest02" time="1.043"/>
  <testcase classname="AASProductTestCase.AASProductTest.qa.testcases.PTSettingPageTest" name="PTSettingCAPositiveTest02" time="1.046"/>
  <testcase classname="AASProductTestCase.AASProductTest.qa.testcases.PTSettingPageTest" name="PTSettingCAPositiveTest02" time="1.044"/>
  <testcase classname="AASProductTestCase.AASProductTest.qa.testcases.PTSettingPageTest" name="PTSettingCAPositiveTest02" time="1.039"/>
  <testcase classname="AASProductTestCase.AASProductTest.qa.testcases.PTSettingPageTest" name="PTSettingCAPositiveTest02" time="1.040"/>
  <testcase classname="AASProductTestCase.AASProductTest.qa.testcases.PTSettingPageTest" name="PTSettingCAPositiveTest02" time="1.041"/>
  <testcase classname="AASProductTestCase.AASProductTest.qa.testcases.PTSettingPageTest" name="PTSettingCAPositiveTest02" time="1.059"/>
  <testcase classname="AASProductTestCase.AASProductTest.qa.testcases.PTSettingPageTest" name="PTSettingCAPositiveTest02" time="1.044"/>
  <testcase classname="AASProductTestCase.AASProductTest.qa.testcases.PTSettingPageTest" name="PTSettingCANegativeTest01" time="4.736"/>
  <testcase classname="AASProductTestCase.AASProductTest.qa.testcases.PTSettingPageTest" name="PTSettingCANegativeTest01" time="4.574"/>
  <testcase classname="AASProductTestCase.AASProductTest.qa.testcases.PTSettingPageTest" name="PTSettingCANegativeTest01" time="4.603"/>
  <testcase classname="AASProductTestCase.AASProductTest.qa.testcases.PTSettingPageTest" name="PTSettingCANegativeTest01" time="4.624"/>
  <testcase classname="AASProductTestCase.AASProductTest.qa.testcases.PTSettingPageTest" name="PTSettingCANegativeTest01" time="4.755"/>
  <testcase classname="AASProductTestCase.AASProductTest.qa.testcases.PTSettingPageTest" name="PTSettingCANegativeTest01" time="4.551"/>
  <testcase classname="AASProductTestCase.AASProductTest.qa.testcases.PTSettingPageTest" name="PTSettingCANegativeTest01" time="4.582"/>
  <testcase classname="AASProductTestCase.AASProductTest.qa.testcases.PTSettingPageTest" name="PTSettingCANegativeTest01" time="4.580"/>
  <testcase classname="AASProductTestCase.AASProductTest.qa.testcases.PTSettingPageTest" name="PTSettingCANegativeTest01" time="4.564"/>
  <testcase classname="AASProductTestCase.AASProductTest.qa.testcases.PTSettingPageTest" name="PTSettingCANegativeTest01" time="4.590"/>
  <testcase classname="AASProductTestCase.AASProductTest.qa.testcases.PTSettingPageTest" name="PTSettingCANegativeTest01" time="4.646"/>
  <testcase classname="AASProductTestCase.AASProductTest.qa.testcases.PTSettingPageTest" name="PTSettingCANegativeTest01" time="4.580"/>
  <testcase classname="AASProductTestCase.AASProductTest.qa.testcases.PTSettingPageTest" name="PTSettingCANegativeTest01" time="4.555"/>
  <testcase classname="AASProductTestCase.AASProductTest.qa.testcases.PTSettingPageTest" name="PTSettingCANegativeTest01" time="4.757"/>
  <testcase classname="AASProductTestCase.AASProductTest.qa.testcases.PTSettingPageTest" name="PTSettingCANegativeTest01" time="4.702"/>
  <testcase classname="AASProductTestCase.AASProductTest.qa.testcases.PTSettingPageTest" name="PTSettingCANegativeTest02" time="4.580"/>
  <testcase classname="AASProductTestCase.AASProductTest.qa.testcases.PTSettingPageTest" name="PTSettingCANegativeTest02" time="4.733"/>
  <testcase classname="AASProductTestCase.AASProductTest.qa.testcases.PTSettingPageTest" name="PTSettingCANegativeTest02" time="4.583"/>
  <testcase classname="AASProductTestCase.AASProductTest.qa.testcases.PTSettingPageTest" name="PTSettingCANegativeTest02" time="4.661"/>
  <testcase classname="AASProductTestCase.AASProductTest.qa.testcases.PTSettingPageTest" name="PTSettingCANegativeTest02" time="4.605"/>
  <testcase classname="AASProductTestCase.AASProductTest.qa.testcases.PTSettingPageTest" name="PTSettingCANegativeTest02" time="4.661"/>
  <testcase classname="AASProductTestCase.AASProductTest.qa.testcases.PTSettingPageTest" name="PTSettingCANegativeTest02" time="4.595"/>
  <testcase classname="AASProductTestCase.AASProductTest.qa.testcases.PTSettingPageTest" name="ProceedSMACheck" time="4.392"/>
  <testcase classname="AASProductTestCase.AASProductTest.qa.testcases.PTSettingPageTest" name="PTSettingCANegativeTest02" time="4.567"/>
  <testcase classname="AASProductTestCase.AASProductTest.qa.testcases.PTSettingPageTest" name="PTSettingCANegativeTest02" time="4.594"/>
  <testcase classname="AASProductTestCase.AASProductTest.qa.testcases.PTSettingPageTest" name="PTSettingCANegativeTest02" time="4.554"/>
  <testcase classname="AASProductTestCase.AASProductTest.qa.testcases.PTSettingPageTest" name="PTSettingCANegativeTest02" time="4.662"/>
  <testcase classname="AASProductTestCase.AASProductTest.qa.testcases.PTSettingPageTest" name="PTSettingCANegativeTest02" time="4.578"/>
  <testcase classname="AASProductTestCase.AASProductTest.qa.testcases.PTSettingPageTest" name="PTSettingCANegativeTest02" time="4.568"/>
  <testcase classname="AASProductTestCase.AASProductTest.qa.testcases.PTSettingPageTest" name="PTSettingCANegativeTest02" time="4.579"/>
  <testcase classname="AASProductTestCase.AASProductTest.qa.testcases.PTSettingPageTest" name="PTSettingCANegativeTest02" time="4.637"/>
  <testcase classname="AASProductTestCase.AASProductTest.qa.testcases.PTSettingPageTest" name="PTSettingSMAGivenPTCheck" time="1.041"/>
  <testcase classname="AASProductTestCase.AASProductTest.qa.testcases.PTSettingPageTest" name="PTSettingSMAGivenPTCheck" time="1.049"/>
  <testcase classname="AASProductTestCase.AASProductTest.qa.testcases.PTSettingPageTest" name="PTSettingSMAGivenPTCheck" time="1.055"/>
  <testcase classname="AASProductTestCase.AASProductTest.qa.testcases.PTSettingPageTest" name="PTSettingSMAGivenPTCheck" time="1.055"/>
  <testcase classname="AASProductTestCase.AASProductTest.qa.testcases.PTSettingPageTest" name="PTSettingSMAGivenPTCheck" time="1.039"/>
  <testcase classname="AASProductTestCase.AASProductTest.qa.testcases.PTSettingPageTest" name="PTSettingSMAGivenPTCheck" time="1.043"/>
  <testcase classname="AASProductTestCase.AASProductTest.qa.testcases.PTSettingPageTest" name="PTSettingSMAGivenPTCheck" time="1.042"/>
  <testcase classname="AASProductTestCase.AASProductTest.qa.testcases.PTSettingPageTest" name="PTSettingSMAGivenPTCheck" time="1.040"/>
  <testcase classname="AASProductTestCase.AASProductTest.qa.testcases.PTSettingPageTest" name="PTSettingSMAGivenPTCheck" time="1.040"/>
  <testcase classname="AASProductTestCase.AASProductTest.qa.testcases.PTSettingPageTest" name="PTSettingSMAGivenPTCheck" time="1.062"/>
  <testcase classname="AASProductTestCase.AASProductTest.qa.testcases.PTSettingPageTest" name="PTSettingSMAGivenPTCheck" time="1.043"/>
  <testcase classname="AASProductTestCase.AASProductTest.qa.testcases.PTSettingPageTest" name="PTSettingSMAGivenPTCheck" time="1.047"/>
  <testcase classname="AASProductTestCase.AASProductTest.qa.testcases.PTSettingPageTest" name="PTSettingSMAGivenPTCheck" time="1.049"/>
  <testcase classname="AASProductTestCase.AASProductTest.qa.testcases.PTSettingPageTest" name="PTSettingSMAGivenPTCheck" time="1.053"/>
  <testcase classname="AASProductTestCase.AASProductTest.qa.testcases.PTSettingPageTest" name="PTSettingSMAGivenPTCheck" time="1.048"/>
  <testcase classname="AASProductTestCase.AASProductTest.qa.testcases.PTSettingPageTest" name="PTSettingSMAPositiveTest01" time="4.666"/>
  <testcase classname="AASProductTestCase.AASProductTest.qa.testcases.PTSettingPageTest" name="PTSettingSMAPositiveTest01" time="4.619"/>
  <testcase classname="AASProductTestCase.AASProductTest.qa.testcases.PTSettingPageTest" name="PTSettingSMAPositiveTest01" time="4.571"/>
  <testcase classname="AASProductTestCase.AASProductTest.qa.testcases.PTSettingPageTest" name="PTSettingSMAPositiveTest01" time="4.575"/>
  <testcase classname="AASProductTestCase.AASProductTest.qa.testcases.PTSettingPageTest" name="PTSettingSMAPositiveTest01" time="4.705"/>
  <testcase classname="AASProductTestCase.AASProductTest.qa.testcases.PTSettingPageTest" name="PTSettingSMAPositiveTest01" time="4.638"/>
  <testcase classname="AASProductTestCase.AASProductTest.qa.testcases.PTSettingPageTest" name="PTSettingSMAPositiveTest01" time="4.580"/>
  <testcase classname="AASProductTestCase.AASProductTest.qa.testcases.PTSettingPageTest" name="PTSettingSMAPositiveTest01" time="4.572"/>
  <testcase classname="AASProductTestCase.AASProductTest.qa.testcases.PTSettingPageTest" name="PTSettingSMAPositiveTest01" time="4.576"/>
  <testcase classname="AASProductTestCase.AASProductTest.qa.testcases.PTSettingPageTest" name="PTSettingSMAPositiveTest01" time="4.566"/>
  <testcase classname="AASProductTestCase.AASProductTest.qa.testcases.PTSettingPageTest" name="PTSettingSMAPositiveTest01" time="4.597"/>
  <testcase classname="AASProductTestCase.AASProductTest.qa.testcases.PTSettingPageTest" name="PTSettingSMAPositiveTest01" time="4.567"/>
  <testcase classname="AASProductTestCase.AASProductTest.qa.testcases.PTSettingPageTest" name="PTSettingSMAPositiveTest01" time="4.556"/>
  <testcase classname="AASProductTestCase.AASProductTest.qa.testcases.PTSettingPageTest" name="PTSettingSMAPositiveTest01" time="4.606"/>
  <testcase classname="AASProductTestCase.AASProductTest.qa.testcases.PTSettingPageTest" name="PTSettingSMAPositiveTest01" time="4.579"/>
  <testcase classname="AASProductTestCase.AASProductTest.qa.testcases.PTSettingPageTest" name="PTSettingSMANegativeTest01" time="4.575"/>
  <testcase classname="AASProductTestCase.AASProductTest.qa.testcases.PTSettingPageTest" name="PTSettingSMANegativeTest01" time="4.564"/>
  <testcase classname="AASProductTestCase.AASProductTest.qa.testcases.PTSettingPageTest" name="PTSettingSMANegativeTest01" time="4.671"/>
  <testcase classname="AASProductTestCase.AASProductTest.qa.testcases.PTSettingPageTest" name="PTSettingSMANegativeTest01" time="4.577"/>
  <testcase classname="AASProductTestCase.AASProductTest.qa.testcases.PTSettingPageTest" name="PTSettingSMANegativeTest01" time="4.553"/>
  <testcase classname="AASProductTestCase.AASProductTest.qa.testcases.PTSettingPageTest" name="PTSettingSMANegativeTest01" time="4.583"/>
  <testcase classname="AASProductTestCase.AASProductTest.qa.testcases.PTSettingPageTest" name="PTSettingSMANegativeTest01" time="4.536"/>
  <testcase classname="AASProductTestCase.AASProductTest.qa.testcases.PTSettingPageTest" name="PTSettingSMANegativeTest01" time="4.622"/>
  <testcase classname="AASProductTestCase.AASProductTest.qa.testcases.PTSettingPageTest" name="PTSettingSMANegativeTest01" time="4.619"/>
  <testcase classname="AASProductTestCase.AASProductTest.qa.testcases.PTSettingPageTest" name="PTSettingSMANegativeTest01" time="4.594"/>
  <testcase classname="AASProductTestCase.AASProductTest.qa.testcases.PTSettingPageTest" name="PTSettingSMANegativeTest01" time="4.541"/>
  <testcase classname="AASProductTestCase.AASProductTest.qa.testcases.PTSettingPageTest" name="PTSettingSMANegativeTest01" time="4.629"/>
  <testcase classname="AASProductTestCase.AASProductTest.qa.testcases.PTSettingPageTest" name="PTSettingSMANegativeTest01" time="4.713"/>
  <testcase classname="AASProductTestCase.AASProductTest.qa.testcases.PTSettingPageTest" name="PTSettingSMANegativeTest01" time="4.577"/>
  <testcase classname="AASProductTestCase.AASProductTest.qa.testcases.PTSettingPageTest" name="PTSettingSMANegativeTest01" time="4.595"/>
  <testcase classname="AASProductTestCase.AASProductTest.qa.testcases.PTSettingPageTest" name="PTSettingSMANegativeTest02" time="4.579"/>
  <testcase classname="AASProductTestCase.AASProductTest.qa.testcases.PTSettingPageTest" name="PTSettingSMANegativeTest02" time="4.583"/>
  <testcase classname="AASProductTestCase.AASProductTest.qa.testcases.PTSettingPageTest" name="PTSettingSMANegativeTest02" time="4.540"/>
  <testcase classname="AASProductTestCase.AASProductTest.qa.testcases.PTSettingPageTest" name="PTSettingSMANegativeTest02" time="4.556"/>
  <testcase classname="AASProductTestCase.AASProductTest.qa.testcases.PTSettingPageTest" name="PTSettingSMANegativeTest02" time="4.560"/>
  <testcase classname="AASProductTestCase.AASProductTest.qa.testcases.PTSettingPageTest" name="PTSettingSMANegativeTest02" time="4.577"/>
  <testcase classname="AASProductTestCase.AASProductTest.qa.testcases.PTSettingPageTest" name="PTSettingSMANegativeTest02" time="4.625"/>
  <testcase classname="AASProductTestCase.AASProductTest.qa.testcases.PTSettingPageTest" name="PTSettingSMANegativeTest02" time="4.736"/>
  <testcase classname="AASProductTestCase.AASProductTest.qa.testcases.PTSettingPageTest" name="PTSettingSMANegativeTest02" time="4.610"/>
  <testcase classname="AASProductTestCase.AASProductTest.qa.testcases.PTSettingPageTest" name="PTSettingSMANegativeTest02" time="4.573"/>
  <testcase classname="AASProductTestCase.AASProductTest.qa.testcases.PTSettingPageTest" name="PTSettingSMANegativeTest02" time="4.554"/>
  <testcase classname="AASProductTestCase.AASProductTest.qa.testcases.PTSettingPageTest" name="PTSettingSMANegativeTest02" time="4.571"/>
  <testcase classname="AASProductTestCase.AASProductTest.qa.testcases.PTSettingPageTest" name="PTSettingSMANegativeTest02" time="4.637"/>
  <testcase classname="AASProductTestCase.AASProductTest.qa.testcases.PTSettingPageTest" name="PTSettingSMANegativeTest02" time="4.575"/>
  <testcase classname="AASProductTestCase.AASProductTest.qa.testcases.PTSettingPageTest" name="PTSettingSMANegativeTest02" time="4.612"/>
  <testcase classname="AASProductTestCase.AASProductTest.qa.testcases.PTSettingPageTest" name="PTSettingSMAGroupUpdate" time="8.608"/>
  <testcase classname="AASProductTestCase.AASProductTest.qa.testcases.PTSettingPageTest" name="PTSettingSMAPositiveTest02" time="1.042"/>
  <testcase classname="AASProductTestCase.AASProductTest.qa.testcases.PTSettingPageTest" name="PTSettingSMAPositiveTest02" time="1.052"/>
  <testcase classname="AASProductTestCase.AASProductTest.qa.testcases.PTSettingPageTest" name="PTSettingSMAPositiveTest02" time="1.043"/>
  <testcase classname="AASProductTestCase.AASProductTest.qa.testcases.PTSettingPageTest" name="PTSettingSMAPositiveTest02" time="1.044"/>
  <testcase classname="AASProductTestCase.AASProductTest.qa.testcases.PTSettingPageTest" name="PTSettingSMAPositiveTest02" time="1.050"/>
  <testcase classname="AASProductTestCase.AASProductTest.qa.testcases.PTSettingPageTest" name="PTSettingSMAPositiveTest02" time="1.051"/>
  <testcase classname="AASProductTestCase.AASProductTest.qa.testcases.PTSettingPageTest" name="PTSettingSMAPositiveTest02" time="1.044"/>
  <testcase classname="AASProductTestCase.AASProductTest.qa.testcases.PTSettingPageTest" name="PTSettingSMAPositiveTest02" time="1.052"/>
  <testcase classname="AASProductTestCase.AASProductTest.qa.testcases.PTSettingPageTest" name="PTSettingSMAPositiveTest02" time="1.041"/>
  <testcase classname="AASProductTestCase.AASProductTest.qa.testcases.PTSettingPageTest" name="PTSettingSMAPositiveTest02" time="1.042"/>
  <testcase classname="AASProductTestCase.AASProductTest.qa.testcases.PTSettingPageTest" name="PTSettingSMAPositiveTest02" time="1.048"/>
  <testcase classname="AASProductTestCase.AASProductTest.qa.testcases.PTSettingPageTest" name="PTSettingSMAPositiveTest02" time="1.061"/>
  <testcase classname="AASProductTestCase.AASProductTest.qa.testcases.PTSettingPageTest" name="PTSettingSMAPositiveTest02" time="1.054"/>
  <testcase classname="AASProductTestCase.AASProductTest.qa.testcases.PTSettingPageTest" name="PTSettingSMAPositiveTest02" time="1.041"/>
  <testcase classname="AASProductTestCase.AASProductTest.qa.testcases.PTSettingPageTest" name="PTSettingSMAPositiveTest02" time="1.042"/>
  <testcase classname="AASProductTestCase.AASProductTest.qa.testcases.PTSettingPageTest" name="ProceedMACheck" time="4.424"/>
  <testcase classname="AASProductTestCase.AASProductTest.qa.testcases.PTSettingPageTest" name="PTSettingMAGivenPTCheck" time="1.040"/>
  <testcase classname="AASProductTestCase.AASProductTest.qa.testcases.PTSettingPageTest" name="PTSettingMAGivenPTCheck" time="1.040"/>
  <testcase classname="AASProductTestCase.AASProductTest.qa.testcases.PTSettingPageTest" name="PTSettingMAGivenPTCheck" time="1.053"/>
  <testcase classname="AASProductTestCase.AASProductTest.qa.testcases.PTSettingPageTest" name="PTSettingMAGivenPTCheck" time="1.041"/>
  <testcase classname="AASProductTestCase.AASProductTest.qa.testcases.PTSettingPageTest" name="PTSettingMAGivenPTCheck" time="1.040"/>
  <testcase classname="AASProductTestCase.AASProductTest.qa.testcases.PTSettingPageTest" name="PTSettingMAGivenPTCheck" time="1.037"/>
  <testcase classname="AASProductTestCase.AASProductTest.qa.testcases.PTSettingPageTest" name="PTSettingMAGivenPTCheck" time="1.038"/>
  <testcase classname="AASProductTestCase.AASProductTest.qa.testcases.PTSettingPageTest" name="PTSettingMAGivenPTCheck" time="1.042"/>
  <testcase classname="AASProductTestCase.AASProductTest.qa.testcases.PTSettingPageTest" name="PTSettingMAGivenPTCheck" time="1.044"/>
  <testcase classname="AASProductTestCase.AASProductTest.qa.testcases.PTSettingPageTest" name="PTSettingMAGivenPTCheck" time="1.049"/>
  <testcase classname="AASProductTestCase.AASProductTest.qa.testcases.PTSettingPageTest" name="PTSettingMAGivenPTCheck" time="1.039"/>
  <testcase classname="AASProductTestCase.AASProductTest.qa.testcases.PTSettingPageTest" name="PTSettingMAGivenPTCheck" time="1.036"/>
  <testcase classname="AASProductTestCase.AASProductTest.qa.testcases.PTSettingPageTest" name="PTSettingMAGivenPTCheck" time="1.047"/>
  <testcase classname="AASProductTestCase.AASProductTest.qa.testcases.PTSettingPageTest" name="PTSettingMAGivenPTCheck" time="1.041"/>
  <testcase classname="AASProductTestCase.AASProductTest.qa.testcases.PTSettingPageTest" name="PTSettingMAGivenPTCheck" time="1.036"/>
  <testcase classname="AASProductTestCase.AASProductTest.qa.testcases.PTSettingPageTest" name="PTSettingMAPositiveTest01" time="4.551"/>
  <testcase classname="AASProductTestCase.AASProductTest.qa.testcases.PTSettingPageTest" name="PTSettingMAPositiveTest01" time="4.537"/>
  <testcase classname="AASProductTestCase.AASProductTest.qa.testcases.PTSettingPageTest" name="PTSettingMAPositiveTest01" time="4.549"/>
  <testcase classname="AASProductTestCase.AASProductTest.qa.testcases.PTSettingPageTest" name="PTSettingMAPositiveTest01" time="4.543"/>
  <testcase classname="AASProductTestCase.AASProductTest.qa.testcases.PTSettingPageTest" name="PTSettingMAPositiveTest01" time="4.545"/>
  <testcase classname="AASProductTestCase.AASProductTest.qa.testcases.PTSettingPageTest" name="PTSettingMAPositiveTest01" time="4.569"/>
  <testcase classname="AASProductTestCase.AASProductTest.qa.testcases.PTSettingPageTest" name="PTSettingMAPositiveTest01" time="4.619"/>
  <testcase classname="AASProductTestCase.AASProductTest.qa.testcases.PTSettingPageTest" name="PTSettingMAPositiveTest01" time="4.548"/>
  <testcase classname="AASProductTestCase.AASProductTest.qa.testcases.PTSettingPageTest" name="PTSettingMAPositiveTest01" time="4.534"/>
  <testcase classname="AASProductTestCase.AASProductTest.qa.testcases.PTSettingPageTest" name="PTSettingMAPositiveTest01" time="4.556"/>
  <testcase classname="AASProductTestCase.AASProductTest.qa.testcases.PTSettingPageTest" name="PTSettingMAPositiveTest01" time="4.564"/>
  <testcase classname="AASProductTestCase.AASProductTest.qa.testcases.PTSettingPageTest" name="PTSettingMAPositiveTest01" time="4.579"/>
  <testcase classname="AASProductTestCase.AASProductTest.qa.testcases.PTSettingPageTest" name="PTSettingMAPositiveTest01" time="4.557"/>
  <testcase classname="AASProductTestCase.AASProductTest.qa.testcases.PTSettingPageTest" name="PTSettingMAPositiveTest01" time="4.543"/>
  <testcase classname="AASProductTestCase.AASProductTest.qa.testcases.PTSettingPageTest" name="PTSettingMAPositiveTest01" time="4.564"/>
  <testcase classname="AASProductTestCase.AASProductTest.qa.testcases.PTSettingPageTest" name="PTSettingMANegativeTest01" time="4.699"/>
  <testcase classname="AASProductTestCase.AASProductTest.qa.testcases.PTSettingPageTest" name="PTSettingMANegativeTest01" time="4.752"/>
  <testcase classname="AASProductTestCase.AASProductTest.qa.testcases.PTSettingPageTest" name="PTSettingMANegativeTest01" time="4.671"/>
  <testcase classname="AASProductTestCase.AASProductTest.qa.testcases.PTSettingPageTest" name="PTSettingMANegativeTest01" time="4.629"/>
  <testcase classname="AASProductTestCase.AASProductTest.qa.testcases.PTSettingPageTest" name="PTSettingMANegativeTest01" time="4.637"/>
  <testcase classname="AASProductTestCase.AASProductTest.qa.testcases.PTSettingPageTest" name="PTSettingMANegativeTest01" time="4.585"/>
  <testcase classname="AASProductTestCase.AASProductTest.qa.testcases.PTSettingPageTest" name="PTSettingMANegativeTest01" time="4.620"/>
  <testcase classname="AASProductTestCase.AASProductTest.qa.testcases.PTSettingPageTest" name="PTSettingMANegativeTest01" time="4.543"/>
  <testcase classname="AASProductTestCase.AASProductTest.qa.testcases.PTSettingPageTest" name="PTSettingMANegativeTest01" time="4.616"/>
  <testcase classname="AASProductTestCase.AASProductTest.qa.testcases.PTSettingPageTest" name="PTSettingMANegativeTest01" time="4.582"/>
  <testcase classname="AASProductTestCase.AASProductTest.qa.testcases.PTSettingPageTest" name="PTSettingMANegativeTest01" time="4.561"/>
  <testcase classname="AASProductTestCase.AASProductTest.qa.testcases.PTSettingPageTest" name="PTSettingMANegativeTest01" time="4.533"/>
  <testcase classname="AASProductTestCase.AASProductTest.qa.testcases.PTSettingPageTest" name="PTSettingMANegativeTest01" time="4.600"/>
  <testcase classname="AASProductTestCase.AASProductTest.qa.testcases.PTSettingPageTest" name="PTSettingMANegativeTest01" time="4.613"/>
  <testcase classname="AASProductTestCase.AASProductTest.qa.testcases.PTSettingPageTest" name="PTSettingMANegativeTest01" time="4.564"/>
  <testcase classname="AASProductTestCase.AASProductTest.qa.testcases.PTSettingPageTest" name="PTSettingMAGroupUpdate" time="8.294"/>
  <testcase classname="AASProductTestCase.AASProductTest.qa.testcases.PTSettingPageTest" name="PTSettingMAPositiveTest02" time="1.040"/>
  <testcase classname="AASProductTestCase.AASProductTest.qa.testcases.PTSettingPageTest" name="PTSettingMAPositiveTest02" time="1.052"/>
  <testcase classname="AASProductTestCase.AASProductTest.qa.testcases.PTSettingPageTest" name="PTSettingMAPositiveTest02" time="1.041"/>
  <testcase classname="AASProductTestCase.AASProductTest.qa.testcases.PTSettingPageTest" name="PTSettingMAPositiveTest02" time="1.038"/>
  <testcase classname="AASProductTestCase.AASProductTest.qa.testcases.PTSettingPageTest" name="PTSettingMAPositiveTest02" time="1.050"/>
  <testcase classname="AASProductTestCase.AASProductTest.qa.testcases.PTSettingPageTest" name="PTSettingMAPositiveTest02" time="1.052"/>
  <testcase classname="AASProductTestCase.AASProductTest.qa.testcases.PTSettingPageTest" name="PTSettingMAPositiveTest02" time="1.042"/>
  <testcase classname="AASProductTestCase.AASProductTest.qa.testcases.PTSettingPageTest" name="PTSettingMAPositiveTest02" time="1.040"/>
  <testcase classname="AASProductTestCase.AASProductTest.qa.testcases.PTSettingPageTest" name="PTSettingMAPositiveTest02" time="1.040"/>
  <testcase classname="AASProductTestCase.AASProductTest.qa.testcases.PTSettingPageTest" name="PTSettingMAPositiveTest02" time="1.044"/>
  <testcase classname="AASProductTestCase.AASProductTest.qa.testcases.PTSettingPageTest" name="PTSettingMAPositiveTest02" time="1.040"/>
  <testcase classname="AASProductTestCase.AASProductTest.qa.testcases.PTSettingPageTest" name="PTSettingMAPositiveTest02" time="1.039"/>
  <testcase classname="AASProductTestCase.AASProductTest.qa.testcases.PTSettingPageTest" name="PTSettingMAPositiveTest02" time="1.053"/>
  <testcase classname="AASProductTestCase.AASProductTest.qa.testcases.PTSettingPageTest" name="PTSettingMAPositiveTest02" time="1.042"/>
  <testcase classname="AASProductTestCase.AASProductTest.qa.testcases.PTSettingPageTest" name="PTSettingMAPositiveTest02" time="1.043"/>
</testsuite> <!-- AASProductTestCase.AASProductTest.qa.testcases.PTSettingPageTest -->
