<?xml version="1.0" encoding="UTF-8"?>
<!-- Generated by org.testng.reporters.JUnitReportReporter -->
<testsuite hostname="LTP11" failures="0" tests="4" name="AASProductTestCase.AASProductTest.qa.testcases.CreditPageTest" time="30.510" errors="0" timestamp="13 Sep 2020 08:16:00 GMT" skipped="0">
  <testcase classname="AASProductTestCase.AASProductTest.qa.testcases.CreditPageTest" name="SMA_Credit_Test_Positive01" time="6.866"/>
  <testcase classname="AASProductTestCase.AASProductTest.qa.testcases.CreditPageTest" name="SMA_Credit_Test_Positive02" time="7.863"/>
  <testcase classname="AASProductTestCase.AASProductTest.qa.testcases.CreditPageTest" name="SMA_Credit_Test_Negative01" time="7.888"/>
  <testcase classname="AASProductTestCase.AASProductTest.qa.testcases.CreditPageTest" name="SMA_Credit_Test_Negative02" time="7.893"/>
</testsuite> <!-- AASProductTestCase.AASProductTest.qa.testcases.CreditPageTest -->
