<?xml version="1.0" encoding="UTF-8"?>
<!-- Generated by org.testng.reporters.JUnitReportReporter -->
<testsuite hostname="LTP11" failures="0" tests="3" name="AASProductTestCase.AASProductTest.qa.testcases.AgActivationPageTest" time="17.747" errors="0" timestamp="31 Aug 2020 16:01:40 GMT" skipped="0">
  <testcase classname="AASProductTestCase.AASProductTest.qa.testcases.AgActivationPageTest" name="AGActivationTest01" time="5.932"/>
  <testcase classname="AASProductTestCase.AASProductTest.qa.testcases.AgActivationPageTest" name="AGActivationTest02" time="5.935"/>
  <testcase classname="AASProductTestCase.AASProductTest.qa.testcases.AgActivationPageTest" name="AGActivationTest03" time="5.880"/>
</testsuite> <!-- AASProductTestCase.AASProductTest.qa.testcases.AgActivationPageTest -->
