<?xml version="1.0" encoding="UTF-8"?>
<!-- Generated by org.testng.reporters.JUnitReportReporter -->
<testsuite skipped="0" hostname="LTP11" name="AASProductTestCase.AASProductTest.qa.testcases.ExtraPTPageTest" tests="14" failures="0" timestamp="14 Aug 2020 03:38:38 GMT" time="149.279" errors="0">
  <testcase name="ExtraPTTest" time="10.615" classname="AASProductTestCase.AASProductTest.qa.testcases.ExtraPTPageTest"/>
  <testcase name="ExtraPTTest" time="10.651" classname="AASProductTestCase.AASProductTest.qa.testcases.ExtraPTPageTest"/>
  <testcase name="ExtraPTTest" time="10.781" classname="AASProductTestCase.AASProductTest.qa.testcases.ExtraPTPageTest"/>
  <testcase name="ExtraPTTest" time="10.648" classname="AASProductTestCase.AASProductTest.qa.testcases.ExtraPTPageTest"/>
  <testcase name="ExtraPTTest" time="10.685" classname="AASProductTestCase.AASProductTest.qa.testcases.ExtraPTPageTest"/>
  <testcase name="ExtraPTTest" time="10.652" classname="AASProductTestCase.AASProductTest.qa.testcases.ExtraPTPageTest"/>
  <testcase name="ExtraPTTest" time="10.664" classname="AASProductTestCase.AASProductTest.qa.testcases.ExtraPTPageTest"/>
  <testcase name="ExtraPTTest" time="10.645" classname="AASProductTestCase.AASProductTest.qa.testcases.ExtraPTPageTest"/>
  <testcase name="ExtraPTTest" time="10.750" classname="AASProductTestCase.AASProductTest.qa.testcases.ExtraPTPageTest"/>
  <testcase name="ExtraPTTest" time="10.656" classname="AASProductTestCase.AASProductTest.qa.testcases.ExtraPTPageTest"/>
  <testcase name="ExtraPTTest" time="10.616" classname="AASProductTestCase.AASProductTest.qa.testcases.ExtraPTPageTest"/>
  <testcase name="ExtraPTTest" time="10.632" classname="AASProductTestCase.AASProductTest.qa.testcases.ExtraPTPageTest"/>
  <testcase name="ExtraPTTest" time="10.621" classname="AASProductTestCase.AASProductTest.qa.testcases.ExtraPTPageTest"/>
  <testcase name="ExtraPTTest" time="10.663" classname="AASProductTestCase.AASProductTest.qa.testcases.ExtraPTPageTest"/>
</testsuite> <!-- AASProductTestCase.AASProductTest.qa.testcases.ExtraPTPageTest -->
