<?xml version="1.0" encoding="UTF-8"?>
<!-- Generated by org.testng.reporters.JUnitReportReporter -->
<testsuite hostname="LTP11" failures="0" tests="33" name="AASProductTestCase.AASProductTest.qa.testcases.ExtraPTPageTest" time="163.210" errors="0" timestamp="22 Nov 2020 10:49:54 GMT" skipped="0">
  <testcase classname="AASProductTestCase.AASProductTest.qa.testcases.ExtraPTPageTest" name="ExtraPTTest" time="6.896"/>
  <testcase classname="AASProductTestCase.AASProductTest.qa.testcases.ExtraPTPageTest" name="ExtraPTTest" time="6.705"/>
  <testcase classname="AASProductTestCase.AASProductTest.qa.testcases.ExtraPTPageTest" name="ExtraPTTest" time="6.692"/>
  <testcase classname="AASProductTestCase.AASProductTest.qa.testcases.ExtraPTPageTest" name="ExtraPTTest" time="6.732"/>
  <testcase classname="AASProductTestCase.AASProductTest.qa.testcases.ExtraPTPageTest" name="ExtraPTTest" time="6.729"/>
  <testcase classname="AASProductTestCase.AASProductTest.qa.testcases.ExtraPTPageTest" name="ExtraPTTest" time="6.797"/>
  <testcase classname="AASProductTestCase.AASProductTest.qa.testcases.ExtraPTPageTest" name="ExtraPTTest" time="6.816"/>
  <testcase classname="AASProductTestCase.AASProductTest.qa.testcases.ExtraPTPageTest" name="ExtraPTTest" time="6.686"/>
  <testcase classname="AASProductTestCase.AASProductTest.qa.testcases.ExtraPTPageTest" name="ExtraPTTest" time="6.651"/>
  <testcase classname="AASProductTestCase.AASProductTest.qa.testcases.ExtraPTPageTest" name="ExtraPTTest" time="6.728"/>
  <testcase classname="AASProductTestCase.AASProductTest.qa.testcases.ExtraPTPageTest" name="ExtraPTTest" time="6.665"/>
  <testcase classname="AASProductTestCase.AASProductTest.qa.testcases.ExtraPTPageTest" name="ExtraPTTest" time="6.662"/>
  <testcase classname="AASProductTestCase.AASProductTest.qa.testcases.ExtraPTPageTest" name="ExtraPTTest" time="6.722"/>
  <testcase classname="AASProductTestCase.AASProductTest.qa.testcases.ExtraPTPageTest" name="ExtraPTTest" time="6.669"/>
  <testcase classname="AASProductTestCase.AASProductTest.qa.testcases.ExtraPTPageTest" name="ExtraPTTest" time="6.730"/>
  <testcase classname="AASProductTestCase.AASProductTest.qa.testcases.ExtraPTPageTest" name="ExtraPTGroupUpdate" time="10.823"/>
  <testcase classname="AASProductTestCase.AASProductTest.qa.testcases.ExtraPTPageTest" name="ExtraPTTest02" time="3.034"/>
  <testcase classname="AASProductTestCase.AASProductTest.qa.testcases.ExtraPTPageTest" name="ExtraPTTest02" time="3.036"/>
  <testcase classname="AASProductTestCase.AASProductTest.qa.testcases.ExtraPTPageTest" name="ExtraPTTest02" time="3.022"/>
  <testcase classname="AASProductTestCase.AASProductTest.qa.testcases.ExtraPTPageTest" name="ExtraPTTest02" time="3.034"/>
  <testcase classname="AASProductTestCase.AASProductTest.qa.testcases.ExtraPTPageTest" name="ExtraPTTest02" time="3.033"/>
  <testcase classname="AASProductTestCase.AASProductTest.qa.testcases.ExtraPTPageTest" name="ExtraPTTest02" time="3.026"/>
  <testcase classname="AASProductTestCase.AASProductTest.qa.testcases.ExtraPTPageTest" name="ExtraPTTest02" time="3.025"/>
  <testcase classname="AASProductTestCase.AASProductTest.qa.testcases.ExtraPTPageTest" name="ExtraPTTest02" time="3.025"/>
  <testcase classname="AASProductTestCase.AASProductTest.qa.testcases.ExtraPTPageTest" name="ExtraPTTest02" time="3.026"/>
  <testcase classname="AASProductTestCase.AASProductTest.qa.testcases.ExtraPTPageTest" name="ExtraPTTest02" time="3.032"/>
  <testcase classname="AASProductTestCase.AASProductTest.qa.testcases.ExtraPTPageTest" name="ExtraPTTest02" time="3.024"/>
  <testcase classname="AASProductTestCase.AASProductTest.qa.testcases.ExtraPTPageTest" name="ExtraPTTest02" time="3.024"/>
  <testcase classname="AASProductTestCase.AASProductTest.qa.testcases.ExtraPTPageTest" name="ExtraPTTest02" time="3.042"/>
  <testcase classname="AASProductTestCase.AASProductTest.qa.testcases.ExtraPTPageTest" name="ExtraPTTest02" time="3.030"/>
  <testcase classname="AASProductTestCase.AASProductTest.qa.testcases.ExtraPTPageTest" name="ExtraPTTest02" time="3.024"/>
  <testcase classname="AASProductTestCase.AASProductTest.qa.testcases.ExtraPTPageTest" name="ExtraPTTest02" time="3.043"/>
  <testcase classname="AASProductTestCase.AASProductTest.qa.testcases.ExtraPTPageTest" name="ExtraPTTest02" time="3.027"/>
</testsuite> <!-- AASProductTestCase.AASProductTest.qa.testcases.ExtraPTPageTest -->
