<?xml version="1.0" encoding="UTF-8"?>
<!-- Generated by org.testng.reporters.JUnitReportReporter -->
<testsuite hostname="LTP11" failures="0" tests="14" name="AASProductTestCase.AASProductTest.qa.testcases.ExtraPTPageTest" time="84.486" errors="0" timestamp="18 Aug 2020 18:14:59 GMT" skipped="0">
  <testcase classname="AASProductTestCase.AASProductTest.qa.testcases.ExtraPTPageTest" name="ExtraPTTest" time="6.102"/>
  <testcase classname="AASProductTestCase.AASProductTest.qa.testcases.ExtraPTPageTest" name="ExtraPTTest" time="5.997"/>
  <testcase classname="AASProductTestCase.AASProductTest.qa.testcases.ExtraPTPageTest" name="ExtraPTTest" time="5.988"/>
  <testcase classname="AASProductTestCase.AASProductTest.qa.testcases.ExtraPTPageTest" name="ExtraPTTest" time="6.050"/>
  <testcase classname="AASProductTestCase.AASProductTest.qa.testcases.ExtraPTPageTest" name="ExtraPTTest" time="6.010"/>
  <testcase classname="AASProductTestCase.AASProductTest.qa.testcases.ExtraPTPageTest" name="ExtraPTTest" time="6.007"/>
  <testcase classname="AASProductTestCase.AASProductTest.qa.testcases.ExtraPTPageTest" name="ExtraPTTest" time="6.014"/>
  <testcase classname="AASProductTestCase.AASProductTest.qa.testcases.ExtraPTPageTest" name="ExtraPTTest" time="6.094"/>
  <testcase classname="AASProductTestCase.AASProductTest.qa.testcases.ExtraPTPageTest" name="ExtraPTTest" time="6.020"/>
  <testcase classname="AASProductTestCase.AASProductTest.qa.testcases.ExtraPTPageTest" name="ExtraPTTest" time="5.995"/>
  <testcase classname="AASProductTestCase.AASProductTest.qa.testcases.ExtraPTPageTest" name="ExtraPTTest" time="6.145"/>
  <testcase classname="AASProductTestCase.AASProductTest.qa.testcases.ExtraPTPageTest" name="ExtraPTTest" time="5.991"/>
  <testcase classname="AASProductTestCase.AASProductTest.qa.testcases.ExtraPTPageTest" name="ExtraPTTest" time="6.013"/>
  <testcase classname="AASProductTestCase.AASProductTest.qa.testcases.ExtraPTPageTest" name="ExtraPTTest" time="6.060"/>
</testsuite> <!-- AASProductTestCase.AASProductTest.qa.testcases.ExtraPTPageTest -->
