<?xml version="1.0" encoding="UTF-8"?>
<!-- Generated by org.testng.reporters.JUnitReportReporter -->
<testsuite hostname="LTP11" failures="0" tests="4" name="AASProductTestCase.AASProductTest.qa.testcases.LoginPageTest" time="3.234" errors="0" timestamp="18 Aug 2020 18:14:59 GMT" skipped="0">
  <testcase classname="AASProductTestCase.AASProductTest.qa.testcases.LoginPageTest" name="LoginPageTitleTest" time="0.010"/>
  <testcase classname="AASProductTestCase.AASProductTest.qa.testcases.LoginPageTest" name="loginTestNegative01" time="1.674"/>
  <testcase classname="AASProductTestCase.AASProductTest.qa.testcases.LoginPageTest" name="loginTestNegative02" time="0.800"/>
  <testcase classname="AASProductTestCase.AASProductTest.qa.testcases.LoginPageTest" name="LoginTest" time="0.750"/>
</testsuite> <!-- AASProductTestCase.AASProductTest.qa.testcases.LoginPageTest -->
