<?xml version="1.0" encoding="UTF-8"?>
<!-- Generated by org.testng.reporters.JUnitReportReporter -->
<testsuite hostname="LTP11" failures="0" tests="4" name="AASProductTestCase.AASProductTest.qa.testcases.LoginPageTest" time="2.080" errors="0" timestamp="31 Aug 2020 10:40:50 GMT" skipped="0">
  <testcase classname="AASProductTestCase.AASProductTest.qa.testcases.LoginPageTest" name="LoginPageTitleTest" time="0.009"/>
  <testcase classname="AASProductTestCase.AASProductTest.qa.testcases.LoginPageTest" name="loginTestNegative01" time="1.026"/>
  <testcase classname="AASProductTestCase.AASProductTest.qa.testcases.LoginPageTest" name="loginTestNegative02" time="0.567"/>
  <testcase classname="AASProductTestCase.AASProductTest.qa.testcases.LoginPageTest" name="LoginTest" time="0.478"/>
</testsuite> <!-- AASProductTestCase.AASProductTest.qa.testcases.LoginPageTest -->
