<?xml version="1.0" encoding="UTF-8"?>
<!-- Generated by org.testng.reporters.JUnitReportReporter -->
<testsuite hostname="LTP11" failures="0" tests="10" name="AASProductTestCase.AASProductTest.qa.testcases.CreditPageTest" time="83.914" errors="0" timestamp="13 Sep 2020 17:26:24 GMT" skipped="0">
  <testcase classname="AASProductTestCase.AASProductTest.qa.testcases.CreditPageTest" name="SMA_Credit_Test_Positive01" time="8.373"/>
  <testcase classname="AASProductTestCase.AASProductTest.qa.testcases.CreditPageTest" name="SMA_Credit_Test_Positive02" time="8.870"/>
  <testcase classname="AASProductTestCase.AASProductTest.qa.testcases.CreditPageTest" name="SMA_Credit_Test_Negative01" time="9.402"/>
  <testcase classname="AASProductTestCase.AASProductTest.qa.testcases.CreditPageTest" name="SMA_Credit_Test_Negative02" time="9.384"/>
  <testcase classname="AASProductTestCase.AASProductTest.qa.testcases.CreditPageTest" name="ProceedSMACheck" time="4.430"/>
  <testcase classname="AASProductTestCase.AASProductTest.qa.testcases.CreditPageTest" name="MA_Credit_Test_Positive01" time="7.925"/>
  <testcase classname="AASProductTestCase.AASProductTest.qa.testcases.CreditPageTest" name="MA_Credit_Test_Positive02" time="8.903"/>
  <testcase classname="AASProductTestCase.AASProductTest.qa.testcases.CreditPageTest" name="MA_Credit_Test_Negative01" time="8.874"/>
  <testcase classname="AASProductTestCase.AASProductTest.qa.testcases.CreditPageTest" name="MA_Credit_Test_Negative02" time="8.877"/>
  <testcase classname="AASProductTestCase.AASProductTest.qa.testcases.CreditPageTest" name="MA_Credit_Test_Negative03" time="8.876"/>
</testsuite> <!-- AASProductTestCase.AASProductTest.qa.testcases.CreditPageTest -->
