<?xml version="1.0" encoding="UTF-8"?>
<!-- Generated by org.testng.reporters.JUnitReportReporter -->
<testsuite hostname="LTP11" failures="0" tests="8" name="AASProductTestCase.AASProductTest.qa.testcases.ProductSkinPageTest" time="41.709" errors="0" timestamp="31 Aug 2020 10:40:50 GMT" skipped="0">
  <testcase classname="AASProductTestCase.AASProductTest.qa.testcases.ProductSkinPageTest" name="ProductSkinTest" time="5.204"/>
  <testcase classname="AASProductTestCase.AASProductTest.qa.testcases.ProductSkinPageTest" name="ProductSkinTest" time="5.196"/>
  <testcase classname="AASProductTestCase.AASProductTest.qa.testcases.ProductSkinPageTest" name="ProductSkinTest" time="5.253"/>
  <testcase classname="AASProductTestCase.AASProductTest.qa.testcases.ProductSkinPageTest" name="ProductSkinTest" time="5.225"/>
  <testcase classname="AASProductTestCase.AASProductTest.qa.testcases.ProductSkinPageTest" name="ProductSkinTest" time="5.207"/>
  <testcase classname="AASProductTestCase.AASProductTest.qa.testcases.ProductSkinPageTest" name="ProductSkinTest" time="5.205"/>
  <testcase classname="AASProductTestCase.AASProductTest.qa.testcases.ProductSkinPageTest" name="ProductSkinTest" time="5.220"/>
  <testcase classname="AASProductTestCase.AASProductTest.qa.testcases.ProductSkinPageTest" name="ProductSkinTest" time="5.199"/>
</testsuite> <!-- AASProductTestCase.AASProductTest.qa.testcases.ProductSkinPageTest -->
