<?xml version="1.0" encoding="UTF-8"?>
<!-- Generated by org.testng.reporters.JUnitReportReporter -->
<testsuite hostname="LTP11" failures="0" tests="2" name="AASProductTestCase.AASProductTest.qa.testcases.LoginPageTest" time="1.281" errors="0" timestamp="15 Aug 2020 18:16:34 GMT" skipped="0">
  <testcase classname="AASProductTestCase.AASProductTest.qa.testcases.LoginPageTest" name="loginPageTitleTest" time="0.013"/>
  <testcase classname="AASProductTestCase.AASProductTest.qa.testcases.LoginPageTest" name="loginTest" time="1.268"/>
</testsuite> <!-- AASProductTestCase.AASProductTest.qa.testcases.LoginPageTest -->
