<?xml version="1.0" encoding="UTF-8"?>
<!-- Generated by org.testng.reporters.JUnitReportReporter -->
<testsuite hostname="LTP11" failures="0" tests="8" name="AASProductTestCase.AASProductTest.qa.testcases.ProductSkinPageTest" time="41.833" errors="0" timestamp="22 Aug 2020 10:33:03 GMT" skipped="0">
  <testcase classname="AASProductTestCase.AASProductTest.qa.testcases.ProductSkinPageTest" name="ProductSkinTest" time="5.268"/>
  <testcase classname="AASProductTestCase.AASProductTest.qa.testcases.ProductSkinPageTest" name="ProductSkinTest" time="5.235"/>
  <testcase classname="AASProductTestCase.AASProductTest.qa.testcases.ProductSkinPageTest" name="ProductSkinTest" time="5.233"/>
  <testcase classname="AASProductTestCase.AASProductTest.qa.testcases.ProductSkinPageTest" name="ProductSkinTest" time="5.221"/>
  <testcase classname="AASProductTestCase.AASProductTest.qa.testcases.ProductSkinPageTest" name="ProductSkinTest" time="5.227"/>
  <testcase classname="AASProductTestCase.AASProductTest.qa.testcases.ProductSkinPageTest" name="ProductSkinTest" time="5.216"/>
  <testcase classname="AASProductTestCase.AASProductTest.qa.testcases.ProductSkinPageTest" name="ProductSkinTest" time="5.225"/>
  <testcase classname="AASProductTestCase.AASProductTest.qa.testcases.ProductSkinPageTest" name="ProductSkinTest" time="5.208"/>
</testsuite> <!-- AASProductTestCase.AASProductTest.qa.testcases.ProductSkinPageTest -->
