<?xml version="1.0" encoding="UTF-8"?>
<!-- Generated by org.testng.reporters.JUnitReportReporter -->
<testsuite hostname="LTP11" failures="15" tests="200" name="AASProductTestCase.AASProductTest.qa.testcases.PTSettingPageTest" time="667.607" errors="0" timestamp="30 Aug 2020 13:49:26 GMT" skipped="0">
  <testcase classname="AASProductTestCase.AASProductTest.qa.testcases.PTSettingPageTest" name="PTSettingCAPositiveTest01" time="4.636"/>
  <testcase classname="AASProductTestCase.AASProductTest.qa.testcases.PTSettingPageTest" name="PTSettingCAPositiveTest01" time="4.680"/>
  <testcase classname="AASProductTestCase.AASProductTest.qa.testcases.PTSettingPageTest" name="PTSettingCAPositiveTest01" time="4.630"/>
  <testcase classname="AASProductTestCase.AASProductTest.qa.testcases.PTSettingPageTest" name="PTSettingCAPositiveTest01" time="4.644"/>
  <testcase classname="AASProductTestCase.AASProductTest.qa.testcases.PTSettingPageTest" name="PTSettingCAPositiveTest01" time="4.776"/>
  <testcase classname="AASProductTestCase.AASProductTest.qa.testcases.PTSettingPageTest" name="PTSettingCAPositiveTest01" time="4.602"/>
  <testcase classname="AASProductTestCase.AASProductTest.qa.testcases.PTSettingPageTest" name="PTSettingCAPositiveTest01" time="4.627"/>
  <testcase classname="AASProductTestCase.AASProductTest.qa.testcases.PTSettingPageTest" name="PTSettingCAPositiveTest01" time="4.629"/>
  <testcase classname="AASProductTestCase.AASProductTest.qa.testcases.PTSettingPageTest" name="PTSettingCAPositiveTest01" time="4.648"/>
  <testcase classname="AASProductTestCase.AASProductTest.qa.testcases.PTSettingPageTest" name="PTSettingCAPositiveTest01" time="4.649"/>
  <testcase classname="AASProductTestCase.AASProductTest.qa.testcases.PTSettingPageTest" name="PTSettingCAPositiveTest01" time="4.612"/>
  <testcase classname="AASProductTestCase.AASProductTest.qa.testcases.PTSettingPageTest" name="PTSettingCAPositiveTest01" time="4.689"/>
  <testcase classname="AASProductTestCase.AASProductTest.qa.testcases.PTSettingPageTest" name="PTSettingCAPositiveTest01" time="4.601"/>
  <testcase classname="AASProductTestCase.AASProductTest.qa.testcases.PTSettingPageTest" name="PTSettingCAPositiveTest01" time="4.803"/>
  <testcase classname="AASProductTestCase.AASProductTest.qa.testcases.PTSettingPageTest" name="PTSettingCAPositiveTest01" time="4.659"/>
  <testcase classname="AASProductTestCase.AASProductTest.qa.testcases.PTSettingPageTest" name="PTSettingCAGroupUpdate" time="8.379"/>
  <testcase classname="AASProductTestCase.AASProductTest.qa.testcases.PTSettingPageTest" name="PTSettingCAPositiveTest02" time="1.044"/>
  <testcase classname="AASProductTestCase.AASProductTest.qa.testcases.PTSettingPageTest" name="PTSettingCAPositiveTest02" time="1.048"/>
  <testcase classname="AASProductTestCase.AASProductTest.qa.testcases.PTSettingPageTest" name="PTSettingCAPositiveTest02" time="1.054"/>
  <testcase classname="AASProductTestCase.AASProductTest.qa.testcases.PTSettingPageTest" name="PTSettingCAPositiveTest02" time="1.046"/>
  <testcase classname="AASProductTestCase.AASProductTest.qa.testcases.PTSettingPageTest" name="PTSettingCAPositiveTest02" time="1.044"/>
  <testcase classname="AASProductTestCase.AASProductTest.qa.testcases.PTSettingPageTest" name="PTSettingCAPositiveTest02" time="1.050"/>
  <testcase classname="AASProductTestCase.AASProductTest.qa.testcases.PTSettingPageTest" name="PTSettingCAPositiveTest02" time="1.057"/>
  <testcase classname="AASProductTestCase.AASProductTest.qa.testcases.PTSettingPageTest" name="PTSettingCAPositiveTest02" time="1.048"/>
  <testcase classname="AASProductTestCase.AASProductTest.qa.testcases.PTSettingPageTest" name="PTSettingCAPositiveTest02" time="1.047"/>
  <testcase classname="AASProductTestCase.AASProductTest.qa.testcases.PTSettingPageTest" name="PTSettingCAPositiveTest02" time="1.056"/>
  <testcase classname="AASProductTestCase.AASProductTest.qa.testcases.PTSettingPageTest" name="PTSettingCAPositiveTest02" time="1.047"/>
  <testcase classname="AASProductTestCase.AASProductTest.qa.testcases.PTSettingPageTest" name="PTSettingCAPositiveTest02" time="1.044"/>
  <testcase classname="AASProductTestCase.AASProductTest.qa.testcases.PTSettingPageTest" name="PTSettingCAPositiveTest02" time="1.046"/>
  <testcase classname="AASProductTestCase.AASProductTest.qa.testcases.PTSettingPageTest" name="PTSettingCAPositiveTest02" time="1.042"/>
  <testcase classname="AASProductTestCase.AASProductTest.qa.testcases.PTSettingPageTest" name="PTSettingCAPositiveTest02" time="1.061"/>
  <testcase classname="AASProductTestCase.AASProductTest.qa.testcases.PTSettingPageTest" name="PTSettingCANegativeTest01" time="4.630"/>
  <testcase classname="AASProductTestCase.AASProductTest.qa.testcases.PTSettingPageTest" name="PTSettingCANegativeTest01" time="4.719"/>
  <testcase classname="AASProductTestCase.AASProductTest.qa.testcases.PTSettingPageTest" name="PTSettingCANegativeTest01" time="4.601"/>
  <testcase classname="AASProductTestCase.AASProductTest.qa.testcases.PTSettingPageTest" name="PTSettingCANegativeTest01" time="4.827"/>
  <testcase classname="AASProductTestCase.AASProductTest.qa.testcases.PTSettingPageTest" name="PTSettingCANegativeTest01" time="4.615"/>
  <testcase classname="AASProductTestCase.AASProductTest.qa.testcases.PTSettingPageTest" name="PTSettingCANegativeTest01" time="4.616"/>
  <testcase classname="AASProductTestCase.AASProductTest.qa.testcases.PTSettingPageTest" name="PTSettingCANegativeTest01" time="4.633"/>
  <testcase classname="AASProductTestCase.AASProductTest.qa.testcases.PTSettingPageTest" name="PTSettingCANegativeTest01" time="4.581"/>
  <testcase classname="AASProductTestCase.AASProductTest.qa.testcases.PTSettingPageTest" name="PTSettingCANegativeTest01" time="4.606"/>
  <testcase classname="AASProductTestCase.AASProductTest.qa.testcases.PTSettingPageTest" name="PTSettingCANegativeTest01" time="4.605"/>
  <testcase classname="AASProductTestCase.AASProductTest.qa.testcases.PTSettingPageTest" name="PTSettingCANegativeTest01" time="4.785"/>
  <testcase classname="AASProductTestCase.AASProductTest.qa.testcases.PTSettingPageTest" name="PTSettingCANegativeTest01" time="4.603"/>
  <testcase classname="AASProductTestCase.AASProductTest.qa.testcases.PTSettingPageTest" name="PTSettingCANegativeTest01" time="4.584"/>
  <testcase classname="AASProductTestCase.AASProductTest.qa.testcases.PTSettingPageTest" name="PTSettingCANegativeTest01" time="4.733"/>
  <testcase classname="AASProductTestCase.AASProductTest.qa.testcases.PTSettingPageTest" name="PTSettingCANegativeTest01" time="4.586"/>
  <testcase classname="AASProductTestCase.AASProductTest.qa.testcases.PTSettingPageTest" name="PTSettingCANegativeTest02" time="4.595"/>
  <testcase classname="AASProductTestCase.AASProductTest.qa.testcases.PTSettingPageTest" name="PTSettingCANegativeTest02" time="4.620"/>
  <testcase classname="AASProductTestCase.AASProductTest.qa.testcases.PTSettingPageTest" name="PTSettingCANegativeTest02" time="4.617"/>
  <testcase classname="AASProductTestCase.AASProductTest.qa.testcases.PTSettingPageTest" name="PTSettingCANegativeTest02" time="4.591"/>
  <testcase classname="AASProductTestCase.AASProductTest.qa.testcases.PTSettingPageTest" name="PTSettingCANegativeTest02" time="4.625"/>
  <testcase classname="AASProductTestCase.AASProductTest.qa.testcases.PTSettingPageTest" name="PTSettingCANegativeTest02" time="4.598"/>
  <testcase classname="AASProductTestCase.AASProductTest.qa.testcases.PTSettingPageTest" name="PTSettingCANegativeTest02" time="4.592"/>
  <testcase classname="AASProductTestCase.AASProductTest.qa.testcases.PTSettingPageTest" name="PTSettingCANegativeTest02" time="4.597"/>
  <testcase classname="AASProductTestCase.AASProductTest.qa.testcases.PTSettingPageTest" name="PTSettingCANegativeTest02" time="4.716"/>
  <testcase classname="AASProductTestCase.AASProductTest.qa.testcases.PTSettingPageTest" name="PTSettingCANegativeTest02" time="4.831"/>
  <testcase classname="AASProductTestCase.AASProductTest.qa.testcases.PTSettingPageTest" name="PTSettingCANegativeTest02" time="4.604"/>
  <testcase classname="AASProductTestCase.AASProductTest.qa.testcases.PTSettingPageTest" name="PTSettingCANegativeTest02" time="4.602"/>
  <testcase classname="AASProductTestCase.AASProductTest.qa.testcases.PTSettingPageTest" name="PTSettingCANegativeTest02" time="4.699"/>
  <testcase classname="AASProductTestCase.AASProductTest.qa.testcases.PTSettingPageTest" name="PTSettingCANegativeTest02" time="4.577"/>
  <testcase classname="AASProductTestCase.AASProductTest.qa.testcases.PTSettingPageTest" name="ProceedSMACheck" time="4.432"/>
  <testcase classname="AASProductTestCase.AASProductTest.qa.testcases.PTSettingPageTest" name="PTSettingCANegativeTest02" time="4.818"/>
  <testcase classname="AASProductTestCase.AASProductTest.qa.testcases.PTSettingPageTest" name="PTSettingSMAGivenPTCheck" time="1.047"/>
  <testcase classname="AASProductTestCase.AASProductTest.qa.testcases.PTSettingPageTest" name="PTSettingSMAGivenPTCheck" time="1.066"/>
  <testcase classname="AASProductTestCase.AASProductTest.qa.testcases.PTSettingPageTest" name="PTSettingSMAGivenPTCheck" time="1.042"/>
  <testcase classname="AASProductTestCase.AASProductTest.qa.testcases.PTSettingPageTest" name="PTSettingSMAGivenPTCheck" time="1.044"/>
  <testcase classname="AASProductTestCase.AASProductTest.qa.testcases.PTSettingPageTest" name="PTSettingSMAGivenPTCheck" time="1.042"/>
  <testcase classname="AASProductTestCase.AASProductTest.qa.testcases.PTSettingPageTest" name="PTSettingSMAGivenPTCheck" time="1.061"/>
  <testcase classname="AASProductTestCase.AASProductTest.qa.testcases.PTSettingPageTest" name="PTSettingSMAGivenPTCheck" time="1.042"/>
  <testcase classname="AASProductTestCase.AASProductTest.qa.testcases.PTSettingPageTest" name="PTSettingSMAGivenPTCheck" time="1.051"/>
  <testcase classname="AASProductTestCase.AASProductTest.qa.testcases.PTSettingPageTest" name="PTSettingSMAGivenPTCheck" time="1.039"/>
  <testcase classname="AASProductTestCase.AASProductTest.qa.testcases.PTSettingPageTest" name="PTSettingSMAGivenPTCheck" time="1.043"/>
  <testcase classname="AASProductTestCase.AASProductTest.qa.testcases.PTSettingPageTest" name="PTSettingSMAGivenPTCheck" time="1.041"/>
  <testcase classname="AASProductTestCase.AASProductTest.qa.testcases.PTSettingPageTest" name="PTSettingSMAGivenPTCheck" time="1.042"/>
  <testcase classname="AASProductTestCase.AASProductTest.qa.testcases.PTSettingPageTest" name="PTSettingSMAGivenPTCheck" time="1.047"/>
  <testcase classname="AASProductTestCase.AASProductTest.qa.testcases.PTSettingPageTest" name="PTSettingSMAGivenPTCheck" time="1.046"/>
  <testcase classname="AASProductTestCase.AASProductTest.qa.testcases.PTSettingPageTest" name="PTSettingSMAGivenPTCheck" time="1.047"/>
  <testcase classname="AASProductTestCase.AASProductTest.qa.testcases.PTSettingPageTest" name="PTSettingSMAPositiveTest01" time="4.603"/>
  <testcase classname="AASProductTestCase.AASProductTest.qa.testcases.PTSettingPageTest" name="PTSettingSMAPositiveTest01" time="4.595"/>
  <testcase classname="AASProductTestCase.AASProductTest.qa.testcases.PTSettingPageTest" name="PTSettingSMAPositiveTest01" time="4.595"/>
  <testcase classname="AASProductTestCase.AASProductTest.qa.testcases.PTSettingPageTest" name="PTSettingSMAPositiveTest01" time="4.630"/>
  <testcase classname="AASProductTestCase.AASProductTest.qa.testcases.PTSettingPageTest" name="PTSettingSMAPositiveTest01" time="4.617"/>
  <testcase classname="AASProductTestCase.AASProductTest.qa.testcases.PTSettingPageTest" name="PTSettingSMAPositiveTest01" time="4.594"/>
  <testcase classname="AASProductTestCase.AASProductTest.qa.testcases.PTSettingPageTest" name="PTSettingSMAPositiveTest01" time="4.589"/>
  <testcase classname="AASProductTestCase.AASProductTest.qa.testcases.PTSettingPageTest" name="PTSettingSMAPositiveTest01" time="4.668"/>
  <testcase classname="AASProductTestCase.AASProductTest.qa.testcases.PTSettingPageTest" name="PTSettingSMAPositiveTest01" time="4.604"/>
  <testcase classname="AASProductTestCase.AASProductTest.qa.testcases.PTSettingPageTest" name="PTSettingSMAPositiveTest01" time="4.618"/>
  <testcase classname="AASProductTestCase.AASProductTest.qa.testcases.PTSettingPageTest" name="PTSettingSMAPositiveTest01" time="4.606"/>
  <testcase classname="AASProductTestCase.AASProductTest.qa.testcases.PTSettingPageTest" name="PTSettingSMAPositiveTest01" time="4.596"/>
  <testcase classname="AASProductTestCase.AASProductTest.qa.testcases.PTSettingPageTest" name="PTSettingSMAPositiveTest01" time="4.609"/>
  <testcase classname="AASProductTestCase.AASProductTest.qa.testcases.PTSettingPageTest" name="PTSettingSMAPositiveTest01" time="4.599"/>
  <testcase classname="AASProductTestCase.AASProductTest.qa.testcases.PTSettingPageTest" name="PTSettingSMAPositiveTest01" time="4.619"/>
  <testcase classname="AASProductTestCase.AASProductTest.qa.testcases.PTSettingPageTest" name="PTSettingSMANegativeTest01" time="4.588">
    <failure message="null" type="java.lang.AssertionError">
      <![CDATA[java.lang.AssertionError: null
	at org.testng.Assert.fail(Assert.java:93)
	at org.testng.Assert.assertNotEquals(Assert.java:897)
	at org.testng.Assert.assertNotEquals(Assert.java:902)
	at AASProductTestCase.AASProductTest.qa.testcases.PTSettingPageTest.PTSettingSMANegativeTest01(PTSettingPageTest.java:240)
	at java.base/jdk.internal.reflect.NativeMethodAccessorImpl.invoke0(Native Method)
	at java.base/jdk.internal.reflect.NativeMethodAccessorImpl.invoke(NativeMethodAccessorImpl.java:62)
	at java.base/jdk.internal.reflect.DelegatingMethodAccessorImpl.invoke(DelegatingMethodAccessorImpl.java:43)
	at java.base/java.lang.reflect.Method.invoke(Method.java:564)
	at org.testng.internal.MethodInvocationHelper.invokeMethod(MethodInvocationHelper.java:108)
	at org.testng.internal.Invoker.invokeMethod(Invoker.java:661)
	at org.testng.internal.Invoker.invokeTestMethod(Invoker.java:869)
	at org.testng.internal.Invoker.invokeTestMethods(Invoker.java:1193)
	at org.testng.internal.TestMethodWorker.invokeTestMethods(TestMethodWorker.java:126)
	at org.testng.internal.TestMethodWorker.run(TestMethodWorker.java:109)
	at org.testng.TestRunner.privateRun(TestRunner.java:744)
	at org.testng.TestRunner.run(TestRunner.java:602)
	at org.testng.SuiteRunner.runTest(SuiteRunner.java:380)
	at org.testng.SuiteRunner.runSequentially(SuiteRunner.java:375)
	at org.testng.SuiteRunner.privateRun(SuiteRunner.java:340)
	at org.testng.SuiteRunner.run(SuiteRunner.java:289)
	at org.testng.SuiteRunnerWorker.runSuite(SuiteRunnerWorker.java:52)
	at org.testng.SuiteRunnerWorker.run(SuiteRunnerWorker.java:86)
	at org.testng.TestNG.runSuitesSequentially(TestNG.java:1301)
	at org.testng.TestNG.runSuitesSequentially(TestNG.java:1297)
	at org.testng.TestNG.runSuitesLocally(TestNG.java:1226)
	at org.testng.TestNG.runSuites(TestNG.java:1144)
	at org.testng.TestNG.run(TestNG.java:1115)
	at org.apache.maven.surefire.testng.TestNGExecutor.run(TestNGExecutor.java:283)
	at org.apache.maven.surefire.testng.TestNGXmlTestSuite.execute(TestNGXmlTestSuite.java:75)
	at org.apache.maven.surefire.testng.TestNGProvider.invoke(TestNGProvider.java:120)
	at org.apache.maven.surefire.booter.ForkedBooter.invokeProviderInSameClassLoader(ForkedBooter.java:384)
	at org.apache.maven.surefire.booter.ForkedBooter.runSuitesInProcess(ForkedBooter.java:345)
	at org.apache.maven.surefire.booter.ForkedBooter.execute(ForkedBooter.java:126)
	at org.apache.maven.surefire.booter.ForkedBooter.main(ForkedBooter.java:418)
]]>
    </failure>
  </testcase> <!-- PTSettingSMANegativeTest01 -->
  <testcase classname="AASProductTestCase.AASProductTest.qa.testcases.PTSettingPageTest" name="PTSettingSMANegativeTest01" time="4.577">
    <failure message="null" type="java.lang.AssertionError">
      <![CDATA[java.lang.AssertionError: null
	at org.testng.Assert.fail(Assert.java:93)
	at org.testng.Assert.assertNotEquals(Assert.java:897)
	at org.testng.Assert.assertNotEquals(Assert.java:902)
	at AASProductTestCase.AASProductTest.qa.testcases.PTSettingPageTest.PTSettingSMANegativeTest01(PTSettingPageTest.java:240)
	at java.base/jdk.internal.reflect.NativeMethodAccessorImpl.invoke0(Native Method)
	at java.base/jdk.internal.reflect.NativeMethodAccessorImpl.invoke(NativeMethodAccessorImpl.java:62)
	at java.base/jdk.internal.reflect.DelegatingMethodAccessorImpl.invoke(DelegatingMethodAccessorImpl.java:43)
	at java.base/java.lang.reflect.Method.invoke(Method.java:564)
	at org.testng.internal.MethodInvocationHelper.invokeMethod(MethodInvocationHelper.java:108)
	at org.testng.internal.Invoker.invokeMethod(Invoker.java:661)
	at org.testng.internal.Invoker.invokeTestMethod(Invoker.java:869)
	at org.testng.internal.Invoker.invokeTestMethods(Invoker.java:1193)
	at org.testng.internal.TestMethodWorker.invokeTestMethods(TestMethodWorker.java:126)
	at org.testng.internal.TestMethodWorker.run(TestMethodWorker.java:109)
	at org.testng.TestRunner.privateRun(TestRunner.java:744)
	at org.testng.TestRunner.run(TestRunner.java:602)
	at org.testng.SuiteRunner.runTest(SuiteRunner.java:380)
	at org.testng.SuiteRunner.runSequentially(SuiteRunner.java:375)
	at org.testng.SuiteRunner.privateRun(SuiteRunner.java:340)
	at org.testng.SuiteRunner.run(SuiteRunner.java:289)
	at org.testng.SuiteRunnerWorker.runSuite(SuiteRunnerWorker.java:52)
	at org.testng.SuiteRunnerWorker.run(SuiteRunnerWorker.java:86)
	at org.testng.TestNG.runSuitesSequentially(TestNG.java:1301)
	at org.testng.TestNG.runSuitesSequentially(TestNG.java:1297)
	at org.testng.TestNG.runSuitesLocally(TestNG.java:1226)
	at org.testng.TestNG.runSuites(TestNG.java:1144)
	at org.testng.TestNG.run(TestNG.java:1115)
	at org.apache.maven.surefire.testng.TestNGExecutor.run(TestNGExecutor.java:283)
	at org.apache.maven.surefire.testng.TestNGXmlTestSuite.execute(TestNGXmlTestSuite.java:75)
	at org.apache.maven.surefire.testng.TestNGProvider.invoke(TestNGProvider.java:120)
	at org.apache.maven.surefire.booter.ForkedBooter.invokeProviderInSameClassLoader(ForkedBooter.java:384)
	at org.apache.maven.surefire.booter.ForkedBooter.runSuitesInProcess(ForkedBooter.java:345)
	at org.apache.maven.surefire.booter.ForkedBooter.execute(ForkedBooter.java:126)
	at org.apache.maven.surefire.booter.ForkedBooter.main(ForkedBooter.java:418)
]]>
    </failure>
  </testcase> <!-- PTSettingSMANegativeTest01 -->
  <testcase classname="AASProductTestCase.AASProductTest.qa.testcases.PTSettingPageTest" name="PTSettingSMANegativeTest01" time="4.578">
    <failure message="null" type="java.lang.AssertionError">
      <![CDATA[java.lang.AssertionError: null
	at org.testng.Assert.fail(Assert.java:93)
	at org.testng.Assert.assertNotEquals(Assert.java:897)
	at org.testng.Assert.assertNotEquals(Assert.java:902)
	at AASProductTestCase.AASProductTest.qa.testcases.PTSettingPageTest.PTSettingSMANegativeTest01(PTSettingPageTest.java:240)
	at java.base/jdk.internal.reflect.NativeMethodAccessorImpl.invoke0(Native Method)
	at java.base/jdk.internal.reflect.NativeMethodAccessorImpl.invoke(NativeMethodAccessorImpl.java:62)
	at java.base/jdk.internal.reflect.DelegatingMethodAccessorImpl.invoke(DelegatingMethodAccessorImpl.java:43)
	at java.base/java.lang.reflect.Method.invoke(Method.java:564)
	at org.testng.internal.MethodInvocationHelper.invokeMethod(MethodInvocationHelper.java:108)
	at org.testng.internal.Invoker.invokeMethod(Invoker.java:661)
	at org.testng.internal.Invoker.invokeTestMethod(Invoker.java:869)
	at org.testng.internal.Invoker.invokeTestMethods(Invoker.java:1193)
	at org.testng.internal.TestMethodWorker.invokeTestMethods(TestMethodWorker.java:126)
	at org.testng.internal.TestMethodWorker.run(TestMethodWorker.java:109)
	at org.testng.TestRunner.privateRun(TestRunner.java:744)
	at org.testng.TestRunner.run(TestRunner.java:602)
	at org.testng.SuiteRunner.runTest(SuiteRunner.java:380)
	at org.testng.SuiteRunner.runSequentially(SuiteRunner.java:375)
	at org.testng.SuiteRunner.privateRun(SuiteRunner.java:340)
	at org.testng.SuiteRunner.run(SuiteRunner.java:289)
	at org.testng.SuiteRunnerWorker.runSuite(SuiteRunnerWorker.java:52)
	at org.testng.SuiteRunnerWorker.run(SuiteRunnerWorker.java:86)
	at org.testng.TestNG.runSuitesSequentially(TestNG.java:1301)
	at org.testng.TestNG.runSuitesSequentially(TestNG.java:1297)
	at org.testng.TestNG.runSuitesLocally(TestNG.java:1226)
	at org.testng.TestNG.runSuites(TestNG.java:1144)
	at org.testng.TestNG.run(TestNG.java:1115)
	at org.apache.maven.surefire.testng.TestNGExecutor.run(TestNGExecutor.java:283)
	at org.apache.maven.surefire.testng.TestNGXmlTestSuite.execute(TestNGXmlTestSuite.java:75)
	at org.apache.maven.surefire.testng.TestNGProvider.invoke(TestNGProvider.java:120)
	at org.apache.maven.surefire.booter.ForkedBooter.invokeProviderInSameClassLoader(ForkedBooter.java:384)
	at org.apache.maven.surefire.booter.ForkedBooter.runSuitesInProcess(ForkedBooter.java:345)
	at org.apache.maven.surefire.booter.ForkedBooter.execute(ForkedBooter.java:126)
	at org.apache.maven.surefire.booter.ForkedBooter.main(ForkedBooter.java:418)
]]>
    </failure>
  </testcase> <!-- PTSettingSMANegativeTest01 -->
  <testcase classname="AASProductTestCase.AASProductTest.qa.testcases.PTSettingPageTest" name="PTSettingSMANegativeTest01" time="4.610">
    <failure message="null" type="java.lang.AssertionError">
      <![CDATA[java.lang.AssertionError: null
	at org.testng.Assert.fail(Assert.java:93)
	at org.testng.Assert.assertNotEquals(Assert.java:897)
	at org.testng.Assert.assertNotEquals(Assert.java:902)
	at AASProductTestCase.AASProductTest.qa.testcases.PTSettingPageTest.PTSettingSMANegativeTest01(PTSettingPageTest.java:240)
	at java.base/jdk.internal.reflect.NativeMethodAccessorImpl.invoke0(Native Method)
	at java.base/jdk.internal.reflect.NativeMethodAccessorImpl.invoke(NativeMethodAccessorImpl.java:62)
	at java.base/jdk.internal.reflect.DelegatingMethodAccessorImpl.invoke(DelegatingMethodAccessorImpl.java:43)
	at java.base/java.lang.reflect.Method.invoke(Method.java:564)
	at org.testng.internal.MethodInvocationHelper.invokeMethod(MethodInvocationHelper.java:108)
	at org.testng.internal.Invoker.invokeMethod(Invoker.java:661)
	at org.testng.internal.Invoker.invokeTestMethod(Invoker.java:869)
	at org.testng.internal.Invoker.invokeTestMethods(Invoker.java:1193)
	at org.testng.internal.TestMethodWorker.invokeTestMethods(TestMethodWorker.java:126)
	at org.testng.internal.TestMethodWorker.run(TestMethodWorker.java:109)
	at org.testng.TestRunner.privateRun(TestRunner.java:744)
	at org.testng.TestRunner.run(TestRunner.java:602)
	at org.testng.SuiteRunner.runTest(SuiteRunner.java:380)
	at org.testng.SuiteRunner.runSequentially(SuiteRunner.java:375)
	at org.testng.SuiteRunner.privateRun(SuiteRunner.java:340)
	at org.testng.SuiteRunner.run(SuiteRunner.java:289)
	at org.testng.SuiteRunnerWorker.runSuite(SuiteRunnerWorker.java:52)
	at org.testng.SuiteRunnerWorker.run(SuiteRunnerWorker.java:86)
	at org.testng.TestNG.runSuitesSequentially(TestNG.java:1301)
	at org.testng.TestNG.runSuitesSequentially(TestNG.java:1297)
	at org.testng.TestNG.runSuitesLocally(TestNG.java:1226)
	at org.testng.TestNG.runSuites(TestNG.java:1144)
	at org.testng.TestNG.run(TestNG.java:1115)
	at org.apache.maven.surefire.testng.TestNGExecutor.run(TestNGExecutor.java:283)
	at org.apache.maven.surefire.testng.TestNGXmlTestSuite.execute(TestNGXmlTestSuite.java:75)
	at org.apache.maven.surefire.testng.TestNGProvider.invoke(TestNGProvider.java:120)
	at org.apache.maven.surefire.booter.ForkedBooter.invokeProviderInSameClassLoader(ForkedBooter.java:384)
	at org.apache.maven.surefire.booter.ForkedBooter.runSuitesInProcess(ForkedBooter.java:345)
	at org.apache.maven.surefire.booter.ForkedBooter.execute(ForkedBooter.java:126)
	at org.apache.maven.surefire.booter.ForkedBooter.main(ForkedBooter.java:418)
]]>
    </failure>
  </testcase> <!-- PTSettingSMANegativeTest01 -->
  <testcase classname="AASProductTestCase.AASProductTest.qa.testcases.PTSettingPageTest" name="PTSettingSMANegativeTest01" time="4.642">
    <failure message="null" type="java.lang.AssertionError">
      <![CDATA[java.lang.AssertionError: null
	at org.testng.Assert.fail(Assert.java:93)
	at org.testng.Assert.assertNotEquals(Assert.java:897)
	at org.testng.Assert.assertNotEquals(Assert.java:902)
	at AASProductTestCase.AASProductTest.qa.testcases.PTSettingPageTest.PTSettingSMANegativeTest01(PTSettingPageTest.java:240)
	at java.base/jdk.internal.reflect.NativeMethodAccessorImpl.invoke0(Native Method)
	at java.base/jdk.internal.reflect.NativeMethodAccessorImpl.invoke(NativeMethodAccessorImpl.java:62)
	at java.base/jdk.internal.reflect.DelegatingMethodAccessorImpl.invoke(DelegatingMethodAccessorImpl.java:43)
	at java.base/java.lang.reflect.Method.invoke(Method.java:564)
	at org.testng.internal.MethodInvocationHelper.invokeMethod(MethodInvocationHelper.java:108)
	at org.testng.internal.Invoker.invokeMethod(Invoker.java:661)
	at org.testng.internal.Invoker.invokeTestMethod(Invoker.java:869)
	at org.testng.internal.Invoker.invokeTestMethods(Invoker.java:1193)
	at org.testng.internal.TestMethodWorker.invokeTestMethods(TestMethodWorker.java:126)
	at org.testng.internal.TestMethodWorker.run(TestMethodWorker.java:109)
	at org.testng.TestRunner.privateRun(TestRunner.java:744)
	at org.testng.TestRunner.run(TestRunner.java:602)
	at org.testng.SuiteRunner.runTest(SuiteRunner.java:380)
	at org.testng.SuiteRunner.runSequentially(SuiteRunner.java:375)
	at org.testng.SuiteRunner.privateRun(SuiteRunner.java:340)
	at org.testng.SuiteRunner.run(SuiteRunner.java:289)
	at org.testng.SuiteRunnerWorker.runSuite(SuiteRunnerWorker.java:52)
	at org.testng.SuiteRunnerWorker.run(SuiteRunnerWorker.java:86)
	at org.testng.TestNG.runSuitesSequentially(TestNG.java:1301)
	at org.testng.TestNG.runSuitesSequentially(TestNG.java:1297)
	at org.testng.TestNG.runSuitesLocally(TestNG.java:1226)
	at org.testng.TestNG.runSuites(TestNG.java:1144)
	at org.testng.TestNG.run(TestNG.java:1115)
	at org.apache.maven.surefire.testng.TestNGExecutor.run(TestNGExecutor.java:283)
	at org.apache.maven.surefire.testng.TestNGXmlTestSuite.execute(TestNGXmlTestSuite.java:75)
	at org.apache.maven.surefire.testng.TestNGProvider.invoke(TestNGProvider.java:120)
	at org.apache.maven.surefire.booter.ForkedBooter.invokeProviderInSameClassLoader(ForkedBooter.java:384)
	at org.apache.maven.surefire.booter.ForkedBooter.runSuitesInProcess(ForkedBooter.java:345)
	at org.apache.maven.surefire.booter.ForkedBooter.execute(ForkedBooter.java:126)
	at org.apache.maven.surefire.booter.ForkedBooter.main(ForkedBooter.java:418)
]]>
    </failure>
  </testcase> <!-- PTSettingSMANegativeTest01 -->
  <testcase classname="AASProductTestCase.AASProductTest.qa.testcases.PTSettingPageTest" name="PTSettingSMANegativeTest01" time="4.568">
    <failure message="null" type="java.lang.AssertionError">
      <![CDATA[java.lang.AssertionError: null
	at org.testng.Assert.fail(Assert.java:93)
	at org.testng.Assert.assertNotEquals(Assert.java:897)
	at org.testng.Assert.assertNotEquals(Assert.java:902)
	at AASProductTestCase.AASProductTest.qa.testcases.PTSettingPageTest.PTSettingSMANegativeTest01(PTSettingPageTest.java:240)
	at java.base/jdk.internal.reflect.NativeMethodAccessorImpl.invoke0(Native Method)
	at java.base/jdk.internal.reflect.NativeMethodAccessorImpl.invoke(NativeMethodAccessorImpl.java:62)
	at java.base/jdk.internal.reflect.DelegatingMethodAccessorImpl.invoke(DelegatingMethodAccessorImpl.java:43)
	at java.base/java.lang.reflect.Method.invoke(Method.java:564)
	at org.testng.internal.MethodInvocationHelper.invokeMethod(MethodInvocationHelper.java:108)
	at org.testng.internal.Invoker.invokeMethod(Invoker.java:661)
	at org.testng.internal.Invoker.invokeTestMethod(Invoker.java:869)
	at org.testng.internal.Invoker.invokeTestMethods(Invoker.java:1193)
	at org.testng.internal.TestMethodWorker.invokeTestMethods(TestMethodWorker.java:126)
	at org.testng.internal.TestMethodWorker.run(TestMethodWorker.java:109)
	at org.testng.TestRunner.privateRun(TestRunner.java:744)
	at org.testng.TestRunner.run(TestRunner.java:602)
	at org.testng.SuiteRunner.runTest(SuiteRunner.java:380)
	at org.testng.SuiteRunner.runSequentially(SuiteRunner.java:375)
	at org.testng.SuiteRunner.privateRun(SuiteRunner.java:340)
	at org.testng.SuiteRunner.run(SuiteRunner.java:289)
	at org.testng.SuiteRunnerWorker.runSuite(SuiteRunnerWorker.java:52)
	at org.testng.SuiteRunnerWorker.run(SuiteRunnerWorker.java:86)
	at org.testng.TestNG.runSuitesSequentially(TestNG.java:1301)
	at org.testng.TestNG.runSuitesSequentially(TestNG.java:1297)
	at org.testng.TestNG.runSuitesLocally(TestNG.java:1226)
	at org.testng.TestNG.runSuites(TestNG.java:1144)
	at org.testng.TestNG.run(TestNG.java:1115)
	at org.apache.maven.surefire.testng.TestNGExecutor.run(TestNGExecutor.java:283)
	at org.apache.maven.surefire.testng.TestNGXmlTestSuite.execute(TestNGXmlTestSuite.java:75)
	at org.apache.maven.surefire.testng.TestNGProvider.invoke(TestNGProvider.java:120)
	at org.apache.maven.surefire.booter.ForkedBooter.invokeProviderInSameClassLoader(ForkedBooter.java:384)
	at org.apache.maven.surefire.booter.ForkedBooter.runSuitesInProcess(ForkedBooter.java:345)
	at org.apache.maven.surefire.booter.ForkedBooter.execute(ForkedBooter.java:126)
	at org.apache.maven.surefire.booter.ForkedBooter.main(ForkedBooter.java:418)
]]>
    </failure>
  </testcase> <!-- PTSettingSMANegativeTest01 -->
  <testcase classname="AASProductTestCase.AASProductTest.qa.testcases.PTSettingPageTest" name="PTSettingSMANegativeTest01" time="4.580">
    <failure message="null" type="java.lang.AssertionError">
      <![CDATA[java.lang.AssertionError: null
	at org.testng.Assert.fail(Assert.java:93)
	at org.testng.Assert.assertNotEquals(Assert.java:897)
	at org.testng.Assert.assertNotEquals(Assert.java:902)
	at AASProductTestCase.AASProductTest.qa.testcases.PTSettingPageTest.PTSettingSMANegativeTest01(PTSettingPageTest.java:240)
	at java.base/jdk.internal.reflect.NativeMethodAccessorImpl.invoke0(Native Method)
	at java.base/jdk.internal.reflect.NativeMethodAccessorImpl.invoke(NativeMethodAccessorImpl.java:62)
	at java.base/jdk.internal.reflect.DelegatingMethodAccessorImpl.invoke(DelegatingMethodAccessorImpl.java:43)
	at java.base/java.lang.reflect.Method.invoke(Method.java:564)
	at org.testng.internal.MethodInvocationHelper.invokeMethod(MethodInvocationHelper.java:108)
	at org.testng.internal.Invoker.invokeMethod(Invoker.java:661)
	at org.testng.internal.Invoker.invokeTestMethod(Invoker.java:869)
	at org.testng.internal.Invoker.invokeTestMethods(Invoker.java:1193)
	at org.testng.internal.TestMethodWorker.invokeTestMethods(TestMethodWorker.java:126)
	at org.testng.internal.TestMethodWorker.run(TestMethodWorker.java:109)
	at org.testng.TestRunner.privateRun(TestRunner.java:744)
	at org.testng.TestRunner.run(TestRunner.java:602)
	at org.testng.SuiteRunner.runTest(SuiteRunner.java:380)
	at org.testng.SuiteRunner.runSequentially(SuiteRunner.java:375)
	at org.testng.SuiteRunner.privateRun(SuiteRunner.java:340)
	at org.testng.SuiteRunner.run(SuiteRunner.java:289)
	at org.testng.SuiteRunnerWorker.runSuite(SuiteRunnerWorker.java:52)
	at org.testng.SuiteRunnerWorker.run(SuiteRunnerWorker.java:86)
	at org.testng.TestNG.runSuitesSequentially(TestNG.java:1301)
	at org.testng.TestNG.runSuitesSequentially(TestNG.java:1297)
	at org.testng.TestNG.runSuitesLocally(TestNG.java:1226)
	at org.testng.TestNG.runSuites(TestNG.java:1144)
	at org.testng.TestNG.run(TestNG.java:1115)
	at org.apache.maven.surefire.testng.TestNGExecutor.run(TestNGExecutor.java:283)
	at org.apache.maven.surefire.testng.TestNGXmlTestSuite.execute(TestNGXmlTestSuite.java:75)
	at org.apache.maven.surefire.testng.TestNGProvider.invoke(TestNGProvider.java:120)
	at org.apache.maven.surefire.booter.ForkedBooter.invokeProviderInSameClassLoader(ForkedBooter.java:384)
	at org.apache.maven.surefire.booter.ForkedBooter.runSuitesInProcess(ForkedBooter.java:345)
	at org.apache.maven.surefire.booter.ForkedBooter.execute(ForkedBooter.java:126)
	at org.apache.maven.surefire.booter.ForkedBooter.main(ForkedBooter.java:418)
]]>
    </failure>
  </testcase> <!-- PTSettingSMANegativeTest01 -->
  <testcase classname="AASProductTestCase.AASProductTest.qa.testcases.PTSettingPageTest" name="PTSettingSMANegativeTest01" time="4.633">
    <failure message="null" type="java.lang.AssertionError">
      <![CDATA[java.lang.AssertionError: null
	at org.testng.Assert.fail(Assert.java:93)
	at org.testng.Assert.assertNotEquals(Assert.java:897)
	at org.testng.Assert.assertNotEquals(Assert.java:902)
	at AASProductTestCase.AASProductTest.qa.testcases.PTSettingPageTest.PTSettingSMANegativeTest01(PTSettingPageTest.java:240)
	at java.base/jdk.internal.reflect.NativeMethodAccessorImpl.invoke0(Native Method)
	at java.base/jdk.internal.reflect.NativeMethodAccessorImpl.invoke(NativeMethodAccessorImpl.java:62)
	at java.base/jdk.internal.reflect.DelegatingMethodAccessorImpl.invoke(DelegatingMethodAccessorImpl.java:43)
	at java.base/java.lang.reflect.Method.invoke(Method.java:564)
	at org.testng.internal.MethodInvocationHelper.invokeMethod(MethodInvocationHelper.java:108)
	at org.testng.internal.Invoker.invokeMethod(Invoker.java:661)
	at org.testng.internal.Invoker.invokeTestMethod(Invoker.java:869)
	at org.testng.internal.Invoker.invokeTestMethods(Invoker.java:1193)
	at org.testng.internal.TestMethodWorker.invokeTestMethods(TestMethodWorker.java:126)
	at org.testng.internal.TestMethodWorker.run(TestMethodWorker.java:109)
	at org.testng.TestRunner.privateRun(TestRunner.java:744)
	at org.testng.TestRunner.run(TestRunner.java:602)
	at org.testng.SuiteRunner.runTest(SuiteRunner.java:380)
	at org.testng.SuiteRunner.runSequentially(SuiteRunner.java:375)
	at org.testng.SuiteRunner.privateRun(SuiteRunner.java:340)
	at org.testng.SuiteRunner.run(SuiteRunner.java:289)
	at org.testng.SuiteRunnerWorker.runSuite(SuiteRunnerWorker.java:52)
	at org.testng.SuiteRunnerWorker.run(SuiteRunnerWorker.java:86)
	at org.testng.TestNG.runSuitesSequentially(TestNG.java:1301)
	at org.testng.TestNG.runSuitesSequentially(TestNG.java:1297)
	at org.testng.TestNG.runSuitesLocally(TestNG.java:1226)
	at org.testng.TestNG.runSuites(TestNG.java:1144)
	at org.testng.TestNG.run(TestNG.java:1115)
	at org.apache.maven.surefire.testng.TestNGExecutor.run(TestNGExecutor.java:283)
	at org.apache.maven.surefire.testng.TestNGXmlTestSuite.execute(TestNGXmlTestSuite.java:75)
	at org.apache.maven.surefire.testng.TestNGProvider.invoke(TestNGProvider.java:120)
	at org.apache.maven.surefire.booter.ForkedBooter.invokeProviderInSameClassLoader(ForkedBooter.java:384)
	at org.apache.maven.surefire.booter.ForkedBooter.runSuitesInProcess(ForkedBooter.java:345)
	at org.apache.maven.surefire.booter.ForkedBooter.execute(ForkedBooter.java:126)
	at org.apache.maven.surefire.booter.ForkedBooter.main(ForkedBooter.java:418)
]]>
    </failure>
  </testcase> <!-- PTSettingSMANegativeTest01 -->
  <testcase classname="AASProductTestCase.AASProductTest.qa.testcases.PTSettingPageTest" name="PTSettingSMANegativeTest01" time="4.581">
    <failure message="null" type="java.lang.AssertionError">
      <![CDATA[java.lang.AssertionError: null
	at org.testng.Assert.fail(Assert.java:93)
	at org.testng.Assert.assertNotEquals(Assert.java:897)
	at org.testng.Assert.assertNotEquals(Assert.java:902)
	at AASProductTestCase.AASProductTest.qa.testcases.PTSettingPageTest.PTSettingSMANegativeTest01(PTSettingPageTest.java:240)
	at java.base/jdk.internal.reflect.NativeMethodAccessorImpl.invoke0(Native Method)
	at java.base/jdk.internal.reflect.NativeMethodAccessorImpl.invoke(NativeMethodAccessorImpl.java:62)
	at java.base/jdk.internal.reflect.DelegatingMethodAccessorImpl.invoke(DelegatingMethodAccessorImpl.java:43)
	at java.base/java.lang.reflect.Method.invoke(Method.java:564)
	at org.testng.internal.MethodInvocationHelper.invokeMethod(MethodInvocationHelper.java:108)
	at org.testng.internal.Invoker.invokeMethod(Invoker.java:661)
	at org.testng.internal.Invoker.invokeTestMethod(Invoker.java:869)
	at org.testng.internal.Invoker.invokeTestMethods(Invoker.java:1193)
	at org.testng.internal.TestMethodWorker.invokeTestMethods(TestMethodWorker.java:126)
	at org.testng.internal.TestMethodWorker.run(TestMethodWorker.java:109)
	at org.testng.TestRunner.privateRun(TestRunner.java:744)
	at org.testng.TestRunner.run(TestRunner.java:602)
	at org.testng.SuiteRunner.runTest(SuiteRunner.java:380)
	at org.testng.SuiteRunner.runSequentially(SuiteRunner.java:375)
	at org.testng.SuiteRunner.privateRun(SuiteRunner.java:340)
	at org.testng.SuiteRunner.run(SuiteRunner.java:289)
	at org.testng.SuiteRunnerWorker.runSuite(SuiteRunnerWorker.java:52)
	at org.testng.SuiteRunnerWorker.run(SuiteRunnerWorker.java:86)
	at org.testng.TestNG.runSuitesSequentially(TestNG.java:1301)
	at org.testng.TestNG.runSuitesSequentially(TestNG.java:1297)
	at org.testng.TestNG.runSuitesLocally(TestNG.java:1226)
	at org.testng.TestNG.runSuites(TestNG.java:1144)
	at org.testng.TestNG.run(TestNG.java:1115)
	at org.apache.maven.surefire.testng.TestNGExecutor.run(TestNGExecutor.java:283)
	at org.apache.maven.surefire.testng.TestNGXmlTestSuite.execute(TestNGXmlTestSuite.java:75)
	at org.apache.maven.surefire.testng.TestNGProvider.invoke(TestNGProvider.java:120)
	at org.apache.maven.surefire.booter.ForkedBooter.invokeProviderInSameClassLoader(ForkedBooter.java:384)
	at org.apache.maven.surefire.booter.ForkedBooter.runSuitesInProcess(ForkedBooter.java:345)
	at org.apache.maven.surefire.booter.ForkedBooter.execute(ForkedBooter.java:126)
	at org.apache.maven.surefire.booter.ForkedBooter.main(ForkedBooter.java:418)
]]>
    </failure>
  </testcase> <!-- PTSettingSMANegativeTest01 -->
  <testcase classname="AASProductTestCase.AASProductTest.qa.testcases.PTSettingPageTest" name="PTSettingSMANegativeTest01" time="4.610">
    <failure message="null" type="java.lang.AssertionError">
      <![CDATA[java.lang.AssertionError: null
	at org.testng.Assert.fail(Assert.java:93)
	at org.testng.Assert.assertNotEquals(Assert.java:897)
	at org.testng.Assert.assertNotEquals(Assert.java:902)
	at AASProductTestCase.AASProductTest.qa.testcases.PTSettingPageTest.PTSettingSMANegativeTest01(PTSettingPageTest.java:240)
	at java.base/jdk.internal.reflect.NativeMethodAccessorImpl.invoke0(Native Method)
	at java.base/jdk.internal.reflect.NativeMethodAccessorImpl.invoke(NativeMethodAccessorImpl.java:62)
	at java.base/jdk.internal.reflect.DelegatingMethodAccessorImpl.invoke(DelegatingMethodAccessorImpl.java:43)
	at java.base/java.lang.reflect.Method.invoke(Method.java:564)
	at org.testng.internal.MethodInvocationHelper.invokeMethod(MethodInvocationHelper.java:108)
	at org.testng.internal.Invoker.invokeMethod(Invoker.java:661)
	at org.testng.internal.Invoker.invokeTestMethod(Invoker.java:869)
	at org.testng.internal.Invoker.invokeTestMethods(Invoker.java:1193)
	at org.testng.internal.TestMethodWorker.invokeTestMethods(TestMethodWorker.java:126)
	at org.testng.internal.TestMethodWorker.run(TestMethodWorker.java:109)
	at org.testng.TestRunner.privateRun(TestRunner.java:744)
	at org.testng.TestRunner.run(TestRunner.java:602)
	at org.testng.SuiteRunner.runTest(SuiteRunner.java:380)
	at org.testng.SuiteRunner.runSequentially(SuiteRunner.java:375)
	at org.testng.SuiteRunner.privateRun(SuiteRunner.java:340)
	at org.testng.SuiteRunner.run(SuiteRunner.java:289)
	at org.testng.SuiteRunnerWorker.runSuite(SuiteRunnerWorker.java:52)
	at org.testng.SuiteRunnerWorker.run(SuiteRunnerWorker.java:86)
	at org.testng.TestNG.runSuitesSequentially(TestNG.java:1301)
	at org.testng.TestNG.runSuitesSequentially(TestNG.java:1297)
	at org.testng.TestNG.runSuitesLocally(TestNG.java:1226)
	at org.testng.TestNG.runSuites(TestNG.java:1144)
	at org.testng.TestNG.run(TestNG.java:1115)
	at org.apache.maven.surefire.testng.TestNGExecutor.run(TestNGExecutor.java:283)
	at org.apache.maven.surefire.testng.TestNGXmlTestSuite.execute(TestNGXmlTestSuite.java:75)
	at org.apache.maven.surefire.testng.TestNGProvider.invoke(TestNGProvider.java:120)
	at org.apache.maven.surefire.booter.ForkedBooter.invokeProviderInSameClassLoader(ForkedBooter.java:384)
	at org.apache.maven.surefire.booter.ForkedBooter.runSuitesInProcess(ForkedBooter.java:345)
	at org.apache.maven.surefire.booter.ForkedBooter.execute(ForkedBooter.java:126)
	at org.apache.maven.surefire.booter.ForkedBooter.main(ForkedBooter.java:418)
]]>
    </failure>
  </testcase> <!-- PTSettingSMANegativeTest01 -->
  <testcase classname="AASProductTestCase.AASProductTest.qa.testcases.PTSettingPageTest" name="PTSettingSMANegativeTest01" time="4.586">
    <failure message="null" type="java.lang.AssertionError">
      <![CDATA[java.lang.AssertionError: null
	at org.testng.Assert.fail(Assert.java:93)
	at org.testng.Assert.assertNotEquals(Assert.java:897)
	at org.testng.Assert.assertNotEquals(Assert.java:902)
	at AASProductTestCase.AASProductTest.qa.testcases.PTSettingPageTest.PTSettingSMANegativeTest01(PTSettingPageTest.java:240)
	at java.base/jdk.internal.reflect.NativeMethodAccessorImpl.invoke0(Native Method)
	at java.base/jdk.internal.reflect.NativeMethodAccessorImpl.invoke(NativeMethodAccessorImpl.java:62)
	at java.base/jdk.internal.reflect.DelegatingMethodAccessorImpl.invoke(DelegatingMethodAccessorImpl.java:43)
	at java.base/java.lang.reflect.Method.invoke(Method.java:564)
	at org.testng.internal.MethodInvocationHelper.invokeMethod(MethodInvocationHelper.java:108)
	at org.testng.internal.Invoker.invokeMethod(Invoker.java:661)
	at org.testng.internal.Invoker.invokeTestMethod(Invoker.java:869)
	at org.testng.internal.Invoker.invokeTestMethods(Invoker.java:1193)
	at org.testng.internal.TestMethodWorker.invokeTestMethods(TestMethodWorker.java:126)
	at org.testng.internal.TestMethodWorker.run(TestMethodWorker.java:109)
	at org.testng.TestRunner.privateRun(TestRunner.java:744)
	at org.testng.TestRunner.run(TestRunner.java:602)
	at org.testng.SuiteRunner.runTest(SuiteRunner.java:380)
	at org.testng.SuiteRunner.runSequentially(SuiteRunner.java:375)
	at org.testng.SuiteRunner.privateRun(SuiteRunner.java:340)
	at org.testng.SuiteRunner.run(SuiteRunner.java:289)
	at org.testng.SuiteRunnerWorker.runSuite(SuiteRunnerWorker.java:52)
	at org.testng.SuiteRunnerWorker.run(SuiteRunnerWorker.java:86)
	at org.testng.TestNG.runSuitesSequentially(TestNG.java:1301)
	at org.testng.TestNG.runSuitesSequentially(TestNG.java:1297)
	at org.testng.TestNG.runSuitesLocally(TestNG.java:1226)
	at org.testng.TestNG.runSuites(TestNG.java:1144)
	at org.testng.TestNG.run(TestNG.java:1115)
	at org.apache.maven.surefire.testng.TestNGExecutor.run(TestNGExecutor.java:283)
	at org.apache.maven.surefire.testng.TestNGXmlTestSuite.execute(TestNGXmlTestSuite.java:75)
	at org.apache.maven.surefire.testng.TestNGProvider.invoke(TestNGProvider.java:120)
	at org.apache.maven.surefire.booter.ForkedBooter.invokeProviderInSameClassLoader(ForkedBooter.java:384)
	at org.apache.maven.surefire.booter.ForkedBooter.runSuitesInProcess(ForkedBooter.java:345)
	at org.apache.maven.surefire.booter.ForkedBooter.execute(ForkedBooter.java:126)
	at org.apache.maven.surefire.booter.ForkedBooter.main(ForkedBooter.java:418)
]]>
    </failure>
  </testcase> <!-- PTSettingSMANegativeTest01 -->
  <testcase classname="AASProductTestCase.AASProductTest.qa.testcases.PTSettingPageTest" name="PTSettingSMANegativeTest01" time="4.598">
    <failure message="null" type="java.lang.AssertionError">
      <![CDATA[java.lang.AssertionError: null
	at org.testng.Assert.fail(Assert.java:93)
	at org.testng.Assert.assertNotEquals(Assert.java:897)
	at org.testng.Assert.assertNotEquals(Assert.java:902)
	at AASProductTestCase.AASProductTest.qa.testcases.PTSettingPageTest.PTSettingSMANegativeTest01(PTSettingPageTest.java:240)
	at java.base/jdk.internal.reflect.NativeMethodAccessorImpl.invoke0(Native Method)
	at java.base/jdk.internal.reflect.NativeMethodAccessorImpl.invoke(NativeMethodAccessorImpl.java:62)
	at java.base/jdk.internal.reflect.DelegatingMethodAccessorImpl.invoke(DelegatingMethodAccessorImpl.java:43)
	at java.base/java.lang.reflect.Method.invoke(Method.java:564)
	at org.testng.internal.MethodInvocationHelper.invokeMethod(MethodInvocationHelper.java:108)
	at org.testng.internal.Invoker.invokeMethod(Invoker.java:661)
	at org.testng.internal.Invoker.invokeTestMethod(Invoker.java:869)
	at org.testng.internal.Invoker.invokeTestMethods(Invoker.java:1193)
	at org.testng.internal.TestMethodWorker.invokeTestMethods(TestMethodWorker.java:126)
	at org.testng.internal.TestMethodWorker.run(TestMethodWorker.java:109)
	at org.testng.TestRunner.privateRun(TestRunner.java:744)
	at org.testng.TestRunner.run(TestRunner.java:602)
	at org.testng.SuiteRunner.runTest(SuiteRunner.java:380)
	at org.testng.SuiteRunner.runSequentially(SuiteRunner.java:375)
	at org.testng.SuiteRunner.privateRun(SuiteRunner.java:340)
	at org.testng.SuiteRunner.run(SuiteRunner.java:289)
	at org.testng.SuiteRunnerWorker.runSuite(SuiteRunnerWorker.java:52)
	at org.testng.SuiteRunnerWorker.run(SuiteRunnerWorker.java:86)
	at org.testng.TestNG.runSuitesSequentially(TestNG.java:1301)
	at org.testng.TestNG.runSuitesSequentially(TestNG.java:1297)
	at org.testng.TestNG.runSuitesLocally(TestNG.java:1226)
	at org.testng.TestNG.runSuites(TestNG.java:1144)
	at org.testng.TestNG.run(TestNG.java:1115)
	at org.apache.maven.surefire.testng.TestNGExecutor.run(TestNGExecutor.java:283)
	at org.apache.maven.surefire.testng.TestNGXmlTestSuite.execute(TestNGXmlTestSuite.java:75)
	at org.apache.maven.surefire.testng.TestNGProvider.invoke(TestNGProvider.java:120)
	at org.apache.maven.surefire.booter.ForkedBooter.invokeProviderInSameClassLoader(ForkedBooter.java:384)
	at org.apache.maven.surefire.booter.ForkedBooter.runSuitesInProcess(ForkedBooter.java:345)
	at org.apache.maven.surefire.booter.ForkedBooter.execute(ForkedBooter.java:126)
	at org.apache.maven.surefire.booter.ForkedBooter.main(ForkedBooter.java:418)
]]>
    </failure>
  </testcase> <!-- PTSettingSMANegativeTest01 -->
  <testcase classname="AASProductTestCase.AASProductTest.qa.testcases.PTSettingPageTest" name="PTSettingSMANegativeTest01" time="4.678">
    <failure message="null" type="java.lang.AssertionError">
      <![CDATA[java.lang.AssertionError: null
	at org.testng.Assert.fail(Assert.java:93)
	at org.testng.Assert.assertNotEquals(Assert.java:897)
	at org.testng.Assert.assertNotEquals(Assert.java:902)
	at AASProductTestCase.AASProductTest.qa.testcases.PTSettingPageTest.PTSettingSMANegativeTest01(PTSettingPageTest.java:240)
	at java.base/jdk.internal.reflect.NativeMethodAccessorImpl.invoke0(Native Method)
	at java.base/jdk.internal.reflect.NativeMethodAccessorImpl.invoke(NativeMethodAccessorImpl.java:62)
	at java.base/jdk.internal.reflect.DelegatingMethodAccessorImpl.invoke(DelegatingMethodAccessorImpl.java:43)
	at java.base/java.lang.reflect.Method.invoke(Method.java:564)
	at org.testng.internal.MethodInvocationHelper.invokeMethod(MethodInvocationHelper.java:108)
	at org.testng.internal.Invoker.invokeMethod(Invoker.java:661)
	at org.testng.internal.Invoker.invokeTestMethod(Invoker.java:869)
	at org.testng.internal.Invoker.invokeTestMethods(Invoker.java:1193)
	at org.testng.internal.TestMethodWorker.invokeTestMethods(TestMethodWorker.java:126)
	at org.testng.internal.TestMethodWorker.run(TestMethodWorker.java:109)
	at org.testng.TestRunner.privateRun(TestRunner.java:744)
	at org.testng.TestRunner.run(TestRunner.java:602)
	at org.testng.SuiteRunner.runTest(SuiteRunner.java:380)
	at org.testng.SuiteRunner.runSequentially(SuiteRunner.java:375)
	at org.testng.SuiteRunner.privateRun(SuiteRunner.java:340)
	at org.testng.SuiteRunner.run(SuiteRunner.java:289)
	at org.testng.SuiteRunnerWorker.runSuite(SuiteRunnerWorker.java:52)
	at org.testng.SuiteRunnerWorker.run(SuiteRunnerWorker.java:86)
	at org.testng.TestNG.runSuitesSequentially(TestNG.java:1301)
	at org.testng.TestNG.runSuitesSequentially(TestNG.java:1297)
	at org.testng.TestNG.runSuitesLocally(TestNG.java:1226)
	at org.testng.TestNG.runSuites(TestNG.java:1144)
	at org.testng.TestNG.run(TestNG.java:1115)
	at org.apache.maven.surefire.testng.TestNGExecutor.run(TestNGExecutor.java:283)
	at org.apache.maven.surefire.testng.TestNGXmlTestSuite.execute(TestNGXmlTestSuite.java:75)
	at org.apache.maven.surefire.testng.TestNGProvider.invoke(TestNGProvider.java:120)
	at org.apache.maven.surefire.booter.ForkedBooter.invokeProviderInSameClassLoader(ForkedBooter.java:384)
	at org.apache.maven.surefire.booter.ForkedBooter.runSuitesInProcess(ForkedBooter.java:345)
	at org.apache.maven.surefire.booter.ForkedBooter.execute(ForkedBooter.java:126)
	at org.apache.maven.surefire.booter.ForkedBooter.main(ForkedBooter.java:418)
]]>
    </failure>
  </testcase> <!-- PTSettingSMANegativeTest01 -->
  <testcase classname="AASProductTestCase.AASProductTest.qa.testcases.PTSettingPageTest" name="PTSettingSMANegativeTest01" time="4.602">
    <failure message="null" type="java.lang.AssertionError">
      <![CDATA[java.lang.AssertionError: null
	at org.testng.Assert.fail(Assert.java:93)
	at org.testng.Assert.assertNotEquals(Assert.java:897)
	at org.testng.Assert.assertNotEquals(Assert.java:902)
	at AASProductTestCase.AASProductTest.qa.testcases.PTSettingPageTest.PTSettingSMANegativeTest01(PTSettingPageTest.java:240)
	at java.base/jdk.internal.reflect.NativeMethodAccessorImpl.invoke0(Native Method)
	at java.base/jdk.internal.reflect.NativeMethodAccessorImpl.invoke(NativeMethodAccessorImpl.java:62)
	at java.base/jdk.internal.reflect.DelegatingMethodAccessorImpl.invoke(DelegatingMethodAccessorImpl.java:43)
	at java.base/java.lang.reflect.Method.invoke(Method.java:564)
	at org.testng.internal.MethodInvocationHelper.invokeMethod(MethodInvocationHelper.java:108)
	at org.testng.internal.Invoker.invokeMethod(Invoker.java:661)
	at org.testng.internal.Invoker.invokeTestMethod(Invoker.java:869)
	at org.testng.internal.Invoker.invokeTestMethods(Invoker.java:1193)
	at org.testng.internal.TestMethodWorker.invokeTestMethods(TestMethodWorker.java:126)
	at org.testng.internal.TestMethodWorker.run(TestMethodWorker.java:109)
	at org.testng.TestRunner.privateRun(TestRunner.java:744)
	at org.testng.TestRunner.run(TestRunner.java:602)
	at org.testng.SuiteRunner.runTest(SuiteRunner.java:380)
	at org.testng.SuiteRunner.runSequentially(SuiteRunner.java:375)
	at org.testng.SuiteRunner.privateRun(SuiteRunner.java:340)
	at org.testng.SuiteRunner.run(SuiteRunner.java:289)
	at org.testng.SuiteRunnerWorker.runSuite(SuiteRunnerWorker.java:52)
	at org.testng.SuiteRunnerWorker.run(SuiteRunnerWorker.java:86)
	at org.testng.TestNG.runSuitesSequentially(TestNG.java:1301)
	at org.testng.TestNG.runSuitesSequentially(TestNG.java:1297)
	at org.testng.TestNG.runSuitesLocally(TestNG.java:1226)
	at org.testng.TestNG.runSuites(TestNG.java:1144)
	at org.testng.TestNG.run(TestNG.java:1115)
	at org.apache.maven.surefire.testng.TestNGExecutor.run(TestNGExecutor.java:283)
	at org.apache.maven.surefire.testng.TestNGXmlTestSuite.execute(TestNGXmlTestSuite.java:75)
	at org.apache.maven.surefire.testng.TestNGProvider.invoke(TestNGProvider.java:120)
	at org.apache.maven.surefire.booter.ForkedBooter.invokeProviderInSameClassLoader(ForkedBooter.java:384)
	at org.apache.maven.surefire.booter.ForkedBooter.runSuitesInProcess(ForkedBooter.java:345)
	at org.apache.maven.surefire.booter.ForkedBooter.execute(ForkedBooter.java:126)
	at org.apache.maven.surefire.booter.ForkedBooter.main(ForkedBooter.java:418)
]]>
    </failure>
  </testcase> <!-- PTSettingSMANegativeTest01 -->
  <testcase classname="AASProductTestCase.AASProductTest.qa.testcases.PTSettingPageTest" name="PTSettingSMANegativeTest01" time="4.593">
    <failure message="null" type="java.lang.AssertionError">
      <![CDATA[java.lang.AssertionError: null
	at org.testng.Assert.fail(Assert.java:93)
	at org.testng.Assert.assertNotEquals(Assert.java:897)
	at org.testng.Assert.assertNotEquals(Assert.java:902)
	at AASProductTestCase.AASProductTest.qa.testcases.PTSettingPageTest.PTSettingSMANegativeTest01(PTSettingPageTest.java:240)
	at java.base/jdk.internal.reflect.NativeMethodAccessorImpl.invoke0(Native Method)
	at java.base/jdk.internal.reflect.NativeMethodAccessorImpl.invoke(NativeMethodAccessorImpl.java:62)
	at java.base/jdk.internal.reflect.DelegatingMethodAccessorImpl.invoke(DelegatingMethodAccessorImpl.java:43)
	at java.base/java.lang.reflect.Method.invoke(Method.java:564)
	at org.testng.internal.MethodInvocationHelper.invokeMethod(MethodInvocationHelper.java:108)
	at org.testng.internal.Invoker.invokeMethod(Invoker.java:661)
	at org.testng.internal.Invoker.invokeTestMethod(Invoker.java:869)
	at org.testng.internal.Invoker.invokeTestMethods(Invoker.java:1193)
	at org.testng.internal.TestMethodWorker.invokeTestMethods(TestMethodWorker.java:126)
	at org.testng.internal.TestMethodWorker.run(TestMethodWorker.java:109)
	at org.testng.TestRunner.privateRun(TestRunner.java:744)
	at org.testng.TestRunner.run(TestRunner.java:602)
	at org.testng.SuiteRunner.runTest(SuiteRunner.java:380)
	at org.testng.SuiteRunner.runSequentially(SuiteRunner.java:375)
	at org.testng.SuiteRunner.privateRun(SuiteRunner.java:340)
	at org.testng.SuiteRunner.run(SuiteRunner.java:289)
	at org.testng.SuiteRunnerWorker.runSuite(SuiteRunnerWorker.java:52)
	at org.testng.SuiteRunnerWorker.run(SuiteRunnerWorker.java:86)
	at org.testng.TestNG.runSuitesSequentially(TestNG.java:1301)
	at org.testng.TestNG.runSuitesSequentially(TestNG.java:1297)
	at org.testng.TestNG.runSuitesLocally(TestNG.java:1226)
	at org.testng.TestNG.runSuites(TestNG.java:1144)
	at org.testng.TestNG.run(TestNG.java:1115)
	at org.apache.maven.surefire.testng.TestNGExecutor.run(TestNGExecutor.java:283)
	at org.apache.maven.surefire.testng.TestNGXmlTestSuite.execute(TestNGXmlTestSuite.java:75)
	at org.apache.maven.surefire.testng.TestNGProvider.invoke(TestNGProvider.java:120)
	at org.apache.maven.surefire.booter.ForkedBooter.invokeProviderInSameClassLoader(ForkedBooter.java:384)
	at org.apache.maven.surefire.booter.ForkedBooter.runSuitesInProcess(ForkedBooter.java:345)
	at org.apache.maven.surefire.booter.ForkedBooter.execute(ForkedBooter.java:126)
	at org.apache.maven.surefire.booter.ForkedBooter.main(ForkedBooter.java:418)
]]>
    </failure>
  </testcase> <!-- PTSettingSMANegativeTest01 -->
  <testcase classname="AASProductTestCase.AASProductTest.qa.testcases.PTSettingPageTest" name="PTSettingSMANegativeTest02" time="4.581"/>
  <testcase classname="AASProductTestCase.AASProductTest.qa.testcases.PTSettingPageTest" name="PTSettingSMANegativeTest02" time="4.600"/>
  <testcase classname="AASProductTestCase.AASProductTest.qa.testcases.PTSettingPageTest" name="PTSettingSMANegativeTest02" time="4.690"/>
  <testcase classname="AASProductTestCase.AASProductTest.qa.testcases.PTSettingPageTest" name="PTSettingSMANegativeTest02" time="4.611"/>
  <testcase classname="AASProductTestCase.AASProductTest.qa.testcases.PTSettingPageTest" name="PTSettingSMANegativeTest02" time="4.590"/>
  <testcase classname="AASProductTestCase.AASProductTest.qa.testcases.PTSettingPageTest" name="PTSettingSMANegativeTest02" time="4.678"/>
  <testcase classname="AASProductTestCase.AASProductTest.qa.testcases.PTSettingPageTest" name="PTSettingSMANegativeTest02" time="4.601"/>
  <testcase classname="AASProductTestCase.AASProductTest.qa.testcases.PTSettingPageTest" name="PTSettingSMANegativeTest02" time="4.580"/>
  <testcase classname="AASProductTestCase.AASProductTest.qa.testcases.PTSettingPageTest" name="PTSettingSMANegativeTest02" time="4.581"/>
  <testcase classname="AASProductTestCase.AASProductTest.qa.testcases.PTSettingPageTest" name="PTSettingSMANegativeTest02" time="4.571"/>
  <testcase classname="AASProductTestCase.AASProductTest.qa.testcases.PTSettingPageTest" name="PTSettingSMANegativeTest02" time="4.614"/>
  <testcase classname="AASProductTestCase.AASProductTest.qa.testcases.PTSettingPageTest" name="PTSettingSMANegativeTest02" time="4.593"/>
  <testcase classname="AASProductTestCase.AASProductTest.qa.testcases.PTSettingPageTest" name="PTSettingSMANegativeTest02" time="4.590"/>
  <testcase classname="AASProductTestCase.AASProductTest.qa.testcases.PTSettingPageTest" name="PTSettingSMANegativeTest02" time="4.628"/>
  <testcase classname="AASProductTestCase.AASProductTest.qa.testcases.PTSettingPageTest" name="PTSettingSMANegativeTest02" time="4.605"/>
  <testcase classname="AASProductTestCase.AASProductTest.qa.testcases.PTSettingPageTest" name="PTSettingSMAGroupUpdate" time="8.397"/>
  <testcase classname="AASProductTestCase.AASProductTest.qa.testcases.PTSettingPageTest" name="PTSettingSMAPositiveTest02" time="1.045"/>
  <testcase classname="AASProductTestCase.AASProductTest.qa.testcases.PTSettingPageTest" name="PTSettingSMAPositiveTest02" time="1.045"/>
  <testcase classname="AASProductTestCase.AASProductTest.qa.testcases.PTSettingPageTest" name="PTSettingSMAPositiveTest02" time="1.060"/>
  <testcase classname="AASProductTestCase.AASProductTest.qa.testcases.PTSettingPageTest" name="PTSettingSMAPositiveTest02" time="1.046"/>
  <testcase classname="AASProductTestCase.AASProductTest.qa.testcases.PTSettingPageTest" name="PTSettingSMAPositiveTest02" time="1.047"/>
  <testcase classname="AASProductTestCase.AASProductTest.qa.testcases.PTSettingPageTest" name="PTSettingSMAPositiveTest02" time="1.048"/>
  <testcase classname="AASProductTestCase.AASProductTest.qa.testcases.PTSettingPageTest" name="PTSettingSMAPositiveTest02" time="1.044"/>
  <testcase classname="AASProductTestCase.AASProductTest.qa.testcases.PTSettingPageTest" name="PTSettingSMAPositiveTest02" time="1.109"/>
  <testcase classname="AASProductTestCase.AASProductTest.qa.testcases.PTSettingPageTest" name="PTSettingSMAPositiveTest02" time="1.044"/>
  <testcase classname="AASProductTestCase.AASProductTest.qa.testcases.PTSettingPageTest" name="PTSettingSMAPositiveTest02" time="1.043"/>
  <testcase classname="AASProductTestCase.AASProductTest.qa.testcases.PTSettingPageTest" name="PTSettingSMAPositiveTest02" time="1.042"/>
  <testcase classname="AASProductTestCase.AASProductTest.qa.testcases.PTSettingPageTest" name="PTSettingSMAPositiveTest02" time="1.044"/>
  <testcase classname="AASProductTestCase.AASProductTest.qa.testcases.PTSettingPageTest" name="PTSettingSMAPositiveTest02" time="1.049"/>
  <testcase classname="AASProductTestCase.AASProductTest.qa.testcases.PTSettingPageTest" name="PTSettingSMAPositiveTest02" time="1.047"/>
  <testcase classname="AASProductTestCase.AASProductTest.qa.testcases.PTSettingPageTest" name="PTSettingSMAPositiveTest02" time="1.055"/>
  <testcase classname="AASProductTestCase.AASProductTest.qa.testcases.PTSettingPageTest" name="ProceedMACheck" time="4.497"/>
  <testcase classname="AASProductTestCase.AASProductTest.qa.testcases.PTSettingPageTest" name="PTSettingMAGivenPTCheck" time="1.061"/>
  <testcase classname="AASProductTestCase.AASProductTest.qa.testcases.PTSettingPageTest" name="PTSettingMAGivenPTCheck" time="1.044"/>
  <testcase classname="AASProductTestCase.AASProductTest.qa.testcases.PTSettingPageTest" name="PTSettingMAGivenPTCheck" time="1.046"/>
  <testcase classname="AASProductTestCase.AASProductTest.qa.testcases.PTSettingPageTest" name="PTSettingMAGivenPTCheck" time="1.046"/>
  <testcase classname="AASProductTestCase.AASProductTest.qa.testcases.PTSettingPageTest" name="PTSettingMAGivenPTCheck" time="1.043"/>
  <testcase classname="AASProductTestCase.AASProductTest.qa.testcases.PTSettingPageTest" name="PTSettingMAGivenPTCheck" time="1.045"/>
  <testcase classname="AASProductTestCase.AASProductTest.qa.testcases.PTSettingPageTest" name="PTSettingMAGivenPTCheck" time="1.046"/>
  <testcase classname="AASProductTestCase.AASProductTest.qa.testcases.PTSettingPageTest" name="PTSettingMAGivenPTCheck" time="1.041"/>
  <testcase classname="AASProductTestCase.AASProductTest.qa.testcases.PTSettingPageTest" name="PTSettingMAGivenPTCheck" time="1.047"/>
  <testcase classname="AASProductTestCase.AASProductTest.qa.testcases.PTSettingPageTest" name="PTSettingMAGivenPTCheck" time="1.055"/>
  <testcase classname="AASProductTestCase.AASProductTest.qa.testcases.PTSettingPageTest" name="PTSettingMAGivenPTCheck" time="1.043"/>
  <testcase classname="AASProductTestCase.AASProductTest.qa.testcases.PTSettingPageTest" name="PTSettingMAGivenPTCheck" time="1.050"/>
  <testcase classname="AASProductTestCase.AASProductTest.qa.testcases.PTSettingPageTest" name="PTSettingMAGivenPTCheck" time="1.054"/>
  <testcase classname="AASProductTestCase.AASProductTest.qa.testcases.PTSettingPageTest" name="PTSettingMAGivenPTCheck" time="1.040"/>
  <testcase classname="AASProductTestCase.AASProductTest.qa.testcases.PTSettingPageTest" name="PTSettingMAGivenPTCheck" time="1.048"/>
  <testcase classname="AASProductTestCase.AASProductTest.qa.testcases.PTSettingPageTest" name="PTSettingMAPositiveTest01" time="4.578"/>
  <testcase classname="AASProductTestCase.AASProductTest.qa.testcases.PTSettingPageTest" name="PTSettingMAPositiveTest01" time="4.585"/>
  <testcase classname="AASProductTestCase.AASProductTest.qa.testcases.PTSettingPageTest" name="PTSettingMAPositiveTest01" time="4.586"/>
  <testcase classname="AASProductTestCase.AASProductTest.qa.testcases.PTSettingPageTest" name="PTSettingMAPositiveTest01" time="4.621"/>
  <testcase classname="AASProductTestCase.AASProductTest.qa.testcases.PTSettingPageTest" name="PTSettingMAPositiveTest01" time="4.663"/>
  <testcase classname="AASProductTestCase.AASProductTest.qa.testcases.PTSettingPageTest" name="PTSettingMAPositiveTest01" time="4.585"/>
  <testcase classname="AASProductTestCase.AASProductTest.qa.testcases.PTSettingPageTest" name="PTSettingMAPositiveTest01" time="4.600"/>
  <testcase classname="AASProductTestCase.AASProductTest.qa.testcases.PTSettingPageTest" name="PTSettingMAPositiveTest01" time="4.579"/>
  <testcase classname="AASProductTestCase.AASProductTest.qa.testcases.PTSettingPageTest" name="PTSettingMAPositiveTest01" time="4.618"/>
  <testcase classname="AASProductTestCase.AASProductTest.qa.testcases.PTSettingPageTest" name="PTSettingMAPositiveTest01" time="4.597"/>
  <testcase classname="AASProductTestCase.AASProductTest.qa.testcases.PTSettingPageTest" name="PTSettingMAPositiveTest01" time="4.581"/>
  <testcase classname="AASProductTestCase.AASProductTest.qa.testcases.PTSettingPageTest" name="PTSettingMAPositiveTest01" time="4.574"/>
  <testcase classname="AASProductTestCase.AASProductTest.qa.testcases.PTSettingPageTest" name="PTSettingMAPositiveTest01" time="4.594"/>
  <testcase classname="AASProductTestCase.AASProductTest.qa.testcases.PTSettingPageTest" name="PTSettingMAPositiveTest01" time="4.569"/>
  <testcase classname="AASProductTestCase.AASProductTest.qa.testcases.PTSettingPageTest" name="PTSettingMAPositiveTest01" time="4.591"/>
  <testcase classname="AASProductTestCase.AASProductTest.qa.testcases.PTSettingPageTest" name="PTSettingMANegativeTest01" time="4.622"/>
  <testcase classname="AASProductTestCase.AASProductTest.qa.testcases.PTSettingPageTest" name="PTSettingMANegativeTest01" time="4.611"/>
  <testcase classname="AASProductTestCase.AASProductTest.qa.testcases.PTSettingPageTest" name="PTSettingMANegativeTest01" time="4.619"/>
  <testcase classname="AASProductTestCase.AASProductTest.qa.testcases.PTSettingPageTest" name="PTSettingMANegativeTest01" time="4.699"/>
  <testcase classname="AASProductTestCase.AASProductTest.qa.testcases.PTSettingPageTest" name="PTSettingMANegativeTest01" time="4.574"/>
  <testcase classname="AASProductTestCase.AASProductTest.qa.testcases.PTSettingPageTest" name="PTSettingMANegativeTest01" time="4.739"/>
  <testcase classname="AASProductTestCase.AASProductTest.qa.testcases.PTSettingPageTest" name="PTSettingMANegativeTest01" time="4.581"/>
  <testcase classname="AASProductTestCase.AASProductTest.qa.testcases.PTSettingPageTest" name="PTSettingMANegativeTest01" time="4.576"/>
  <testcase classname="AASProductTestCase.AASProductTest.qa.testcases.PTSettingPageTest" name="PTSettingMANegativeTest01" time="4.587"/>
  <testcase classname="AASProductTestCase.AASProductTest.qa.testcases.PTSettingPageTest" name="PTSettingMANegativeTest01" time="4.579"/>
  <testcase classname="AASProductTestCase.AASProductTest.qa.testcases.PTSettingPageTest" name="PTSettingMANegativeTest01" time="4.751"/>
  <testcase classname="AASProductTestCase.AASProductTest.qa.testcases.PTSettingPageTest" name="PTSettingMANegativeTest01" time="4.601"/>
  <testcase classname="AASProductTestCase.AASProductTest.qa.testcases.PTSettingPageTest" name="PTSettingMANegativeTest01" time="4.567"/>
  <testcase classname="AASProductTestCase.AASProductTest.qa.testcases.PTSettingPageTest" name="PTSettingMANegativeTest01" time="4.648"/>
  <testcase classname="AASProductTestCase.AASProductTest.qa.testcases.PTSettingPageTest" name="PTSettingMANegativeTest01" time="4.604"/>
  <testcase classname="AASProductTestCase.AASProductTest.qa.testcases.PTSettingPageTest" name="PTSettingMAGroupUpdate" time="8.471"/>
  <testcase classname="AASProductTestCase.AASProductTest.qa.testcases.PTSettingPageTest" name="PTSettingMAPositiveTest02" time="1.049"/>
  <testcase classname="AASProductTestCase.AASProductTest.qa.testcases.PTSettingPageTest" name="PTSettingMAPositiveTest02" time="1.046"/>
  <testcase classname="AASProductTestCase.AASProductTest.qa.testcases.PTSettingPageTest" name="PTSettingMAPositiveTest02" time="1.047"/>
  <testcase classname="AASProductTestCase.AASProductTest.qa.testcases.PTSettingPageTest" name="PTSettingMAPositiveTest02" time="1.046"/>
  <testcase classname="AASProductTestCase.AASProductTest.qa.testcases.PTSettingPageTest" name="PTSettingMAPositiveTest02" time="1.042"/>
  <testcase classname="AASProductTestCase.AASProductTest.qa.testcases.PTSettingPageTest" name="PTSettingMAPositiveTest02" time="1.049"/>
  <testcase classname="AASProductTestCase.AASProductTest.qa.testcases.PTSettingPageTest" name="PTSettingMAPositiveTest02" time="1.041"/>
  <testcase classname="AASProductTestCase.AASProductTest.qa.testcases.PTSettingPageTest" name="PTSettingMAPositiveTest02" time="1.046"/>
  <testcase classname="AASProductTestCase.AASProductTest.qa.testcases.PTSettingPageTest" name="PTSettingMAPositiveTest02" time="1.040"/>
  <testcase classname="AASProductTestCase.AASProductTest.qa.testcases.PTSettingPageTest" name="PTSettingMAPositiveTest02" time="1.048"/>
  <testcase classname="AASProductTestCase.AASProductTest.qa.testcases.PTSettingPageTest" name="PTSettingMAPositiveTest02" time="1.044"/>
  <testcase classname="AASProductTestCase.AASProductTest.qa.testcases.PTSettingPageTest" name="PTSettingMAPositiveTest02" time="1.044"/>
  <testcase classname="AASProductTestCase.AASProductTest.qa.testcases.PTSettingPageTest" name="PTSettingMAPositiveTest02" time="1.041"/>
  <testcase classname="AASProductTestCase.AASProductTest.qa.testcases.PTSettingPageTest" name="PTSettingMAPositiveTest02" time="1.041"/>
  <testcase classname="AASProductTestCase.AASProductTest.qa.testcases.PTSettingPageTest" name="PTSettingMAPositiveTest02" time="1.047"/>
</testsuite> <!-- AASProductTestCase.AASProductTest.qa.testcases.PTSettingPageTest -->
