<?xml version="1.0" encoding="UTF-8"?>
<!-- Generated by org.testng.reporters.JUnitReportReporter -->
<testsuite hostname="LTP11" failures="0" tests="107" name="AASProductTestCase.AASProductTest.qa.testcases.ProductSettingPageTest" time="273.110" errors="0" timestamp="22 Nov 2020 14:16:11 GMT" skipped="0">
  <testcase classname="AASProductTestCase.AASProductTest.qa.testcases.ProductSettingPageTest" name="ProductStatusPositiveTest01" time="5.641"/>
  <testcase classname="AASProductTestCase.AASProductTest.qa.testcases.ProductSettingPageTest" name="ProductStatusPositiveTest01" time="5.623"/>
  <testcase classname="AASProductTestCase.AASProductTest.qa.testcases.ProductSettingPageTest" name="ProductStatusPositiveTest01" time="5.921"/>
  <testcase classname="AASProductTestCase.AASProductTest.qa.testcases.ProductSettingPageTest" name="ProductStatusPositiveTest01" time="5.898"/>
  <testcase classname="AASProductTestCase.AASProductTest.qa.testcases.ProductSettingPageTest" name="ProductStatusPositiveTest01" time="5.642"/>
  <testcase classname="AASProductTestCase.AASProductTest.qa.testcases.ProductSettingPageTest" name="ProductStatusPositiveTest01" time="5.715"/>
  <testcase classname="AASProductTestCase.AASProductTest.qa.testcases.ProductSettingPageTest" name="ProductStatusPositiveTest01" time="5.616"/>
  <testcase classname="AASProductTestCase.AASProductTest.qa.testcases.ProductSettingPageTest" name="ProductStatusPositiveTest01" time="5.632"/>
  <testcase classname="AASProductTestCase.AASProductTest.qa.testcases.ProductSettingPageTest" name="ProductStatusPositiveTest01" time="5.763"/>
  <testcase classname="AASProductTestCase.AASProductTest.qa.testcases.ProductSettingPageTest" name="ProductStatusPositiveTest01" time="5.719"/>
  <testcase classname="AASProductTestCase.AASProductTest.qa.testcases.ProductSettingPageTest" name="ProductStatusPositiveTest01" time="5.619"/>
  <testcase classname="AASProductTestCase.AASProductTest.qa.testcases.ProductSettingPageTest" name="ProductStatusPositiveTest01" time="5.667"/>
  <testcase classname="AASProductTestCase.AASProductTest.qa.testcases.ProductSettingPageTest" name="ProductStatusPositiveTest01" time="5.653"/>
  <testcase classname="AASProductTestCase.AASProductTest.qa.testcases.ProductSettingPageTest" name="ProductStatusPositiveTest01" time="5.620"/>
  <testcase classname="AASProductTestCase.AASProductTest.qa.testcases.ProductSettingPageTest" name="ProductStatusPositiveTest01" time="5.656"/>
  <testcase classname="AASProductTestCase.AASProductTest.qa.testcases.ProductSettingPageTest" name="ProductStatusPositiveTest01" time="5.680"/>
  <testcase classname="AASProductTestCase.AASProductTest.qa.testcases.ProductSettingPageTest" name="ProductStatusPositiveTest01" time="5.652"/>
  <testcase classname="AASProductTestCase.AASProductTest.qa.testcases.ProductSettingPageTest" name="ProductSettingSMAGroupUpdate" time="9.671"/>
  <testcase classname="AASProductTestCase.AASProductTest.qa.testcases.ProductSettingPageTest" name="SMAProductStatusGroupActiveTest" time="2.025"/>
  <testcase classname="AASProductTestCase.AASProductTest.qa.testcases.ProductSettingPageTest" name="SMAProductStatusGroupActiveTest" time="2.030"/>
  <testcase classname="AASProductTestCase.AASProductTest.qa.testcases.ProductSettingPageTest" name="SMAProductStatusGroupActiveTest" time="2.036"/>
  <testcase classname="AASProductTestCase.AASProductTest.qa.testcases.ProductSettingPageTest" name="SMAProductStatusGroupActiveTest" time="2.022"/>
  <testcase classname="AASProductTestCase.AASProductTest.qa.testcases.ProductSettingPageTest" name="SMAProductStatusGroupActiveTest" time="2.050"/>
  <testcase classname="AASProductTestCase.AASProductTest.qa.testcases.ProductSettingPageTest" name="SMAProductStatusGroupActiveTest" time="2.028"/>
  <testcase classname="AASProductTestCase.AASProductTest.qa.testcases.ProductSettingPageTest" name="SMAProductStatusGroupActiveTest" time="2.029"/>
  <testcase classname="AASProductTestCase.AASProductTest.qa.testcases.ProductSettingPageTest" name="SMAProductStatusGroupActiveTest" time="2.029"/>
  <testcase classname="AASProductTestCase.AASProductTest.qa.testcases.ProductSettingPageTest" name="SMAProductStatusGroupActiveTest" time="2.029"/>
  <testcase classname="AASProductTestCase.AASProductTest.qa.testcases.ProductSettingPageTest" name="SMAProductStatusGroupActiveTest" time="2.028"/>
  <testcase classname="AASProductTestCase.AASProductTest.qa.testcases.ProductSettingPageTest" name="SMAProductStatusGroupActiveTest" time="2.025"/>
  <testcase classname="AASProductTestCase.AASProductTest.qa.testcases.ProductSettingPageTest" name="SMAProductStatusGroupActiveTest" time="2.033"/>
  <testcase classname="AASProductTestCase.AASProductTest.qa.testcases.ProductSettingPageTest" name="SMAProductStatusGroupActiveTest" time="2.037"/>
  <testcase classname="AASProductTestCase.AASProductTest.qa.testcases.ProductSettingPageTest" name="SMAProductStatusGroupActiveTest" time="2.027"/>
  <testcase classname="AASProductTestCase.AASProductTest.qa.testcases.ProductSettingPageTest" name="SMAProductStatusGroupActiveTest" time="2.030"/>
  <testcase classname="AASProductTestCase.AASProductTest.qa.testcases.ProductSettingPageTest" name="SMAProductStatusGroupActiveTest" time="2.028"/>
  <testcase classname="AASProductTestCase.AASProductTest.qa.testcases.ProductSettingPageTest" name="SMAProductStatusGroupActiveTest" time="2.040"/>
  <testcase classname="AASProductTestCase.AASProductTest.qa.testcases.ProductSettingPageTest" name="ProceedMACheck" time="4.526"/>
  <testcase classname="AASProductTestCase.AASProductTest.qa.testcases.ProductSettingPageTest" name="ProductStatusDownlineCheck_MA" time="1.024"/>
  <testcase classname="AASProductTestCase.AASProductTest.qa.testcases.ProductSettingPageTest" name="ProductStatusDownlineCheck_MA" time="1.028"/>
  <testcase classname="AASProductTestCase.AASProductTest.qa.testcases.ProductSettingPageTest" name="ProductStatusDownlineCheck_MA" time="1.022"/>
  <testcase classname="AASProductTestCase.AASProductTest.qa.testcases.ProductSettingPageTest" name="ProductStatusDownlineCheck_MA" time="1.023"/>
  <testcase classname="AASProductTestCase.AASProductTest.qa.testcases.ProductSettingPageTest" name="ProductStatusDownlineCheck_MA" time="1.027"/>
  <testcase classname="AASProductTestCase.AASProductTest.qa.testcases.ProductSettingPageTest" name="ProductStatusDownlineCheck_MA" time="1.030"/>
  <testcase classname="AASProductTestCase.AASProductTest.qa.testcases.ProductSettingPageTest" name="ProductStatusDownlineCheck_MA" time="1.038"/>
  <testcase classname="AASProductTestCase.AASProductTest.qa.testcases.ProductSettingPageTest" name="ProductStatusDownlineCheck_MA" time="1.029"/>
  <testcase classname="AASProductTestCase.AASProductTest.qa.testcases.ProductSettingPageTest" name="ProductStatusDownlineCheck_MA" time="1.029"/>
  <testcase classname="AASProductTestCase.AASProductTest.qa.testcases.ProductSettingPageTest" name="ProductStatusDownlineCheck_MA" time="1.019"/>
  <testcase classname="AASProductTestCase.AASProductTest.qa.testcases.ProductSettingPageTest" name="ProductStatusDownlineCheck_MA" time="1.033"/>
  <testcase classname="AASProductTestCase.AASProductTest.qa.testcases.ProductSettingPageTest" name="ProductStatusDownlineCheck_MA" time="1.020"/>
  <testcase classname="AASProductTestCase.AASProductTest.qa.testcases.ProductSettingPageTest" name="ProductStatusDownlineCheck_MA" time="1.020"/>
  <testcase classname="AASProductTestCase.AASProductTest.qa.testcases.ProductSettingPageTest" name="ProductStatusDownlineCheck_MA" time="1.033"/>
  <testcase classname="AASProductTestCase.AASProductTest.qa.testcases.ProductSettingPageTest" name="ProductStatusDownlineCheck_MA" time="1.020"/>
  <testcase classname="AASProductTestCase.AASProductTest.qa.testcases.ProductSettingPageTest" name="ProductStatusDownlineCheck_MA" time="1.024"/>
  <testcase classname="AASProductTestCase.AASProductTest.qa.testcases.ProductSettingPageTest" name="ProductStatusDownlineCheck_MA" time="1.019"/>
  <testcase classname="AASProductTestCase.AASProductTest.qa.testcases.ProductSettingPageTest" name="ProductSettingMAGroupUpdate" time="9.747"/>
  <testcase classname="AASProductTestCase.AASProductTest.qa.testcases.ProductSettingPageTest" name="MAProductStatusGroupActiveTest" time="2.021"/>
  <testcase classname="AASProductTestCase.AASProductTest.qa.testcases.ProductSettingPageTest" name="MAProductStatusGroupActiveTest" time="2.021"/>
  <testcase classname="AASProductTestCase.AASProductTest.qa.testcases.ProductSettingPageTest" name="MAProductStatusGroupActiveTest" time="2.040"/>
  <testcase classname="AASProductTestCase.AASProductTest.qa.testcases.ProductSettingPageTest" name="MAProductStatusGroupActiveTest" time="2.023"/>
  <testcase classname="AASProductTestCase.AASProductTest.qa.testcases.ProductSettingPageTest" name="MAProductStatusGroupActiveTest" time="2.022"/>
  <testcase classname="AASProductTestCase.AASProductTest.qa.testcases.ProductSettingPageTest" name="MAProductStatusGroupActiveTest" time="2.025"/>
  <testcase classname="AASProductTestCase.AASProductTest.qa.testcases.ProductSettingPageTest" name="MAProductStatusGroupActiveTest" time="2.029"/>
  <testcase classname="AASProductTestCase.AASProductTest.qa.testcases.ProductSettingPageTest" name="MAProductStatusGroupActiveTest" time="2.023"/>
  <testcase classname="AASProductTestCase.AASProductTest.qa.testcases.ProductSettingPageTest" name="MAProductStatusGroupActiveTest" time="2.025"/>
  <testcase classname="AASProductTestCase.AASProductTest.qa.testcases.ProductSettingPageTest" name="MAProductStatusGroupActiveTest" time="2.020"/>
  <testcase classname="AASProductTestCase.AASProductTest.qa.testcases.ProductSettingPageTest" name="MAProductStatusGroupActiveTest" time="2.030"/>
  <testcase classname="AASProductTestCase.AASProductTest.qa.testcases.ProductSettingPageTest" name="MAProductStatusGroupActiveTest" time="2.025"/>
  <testcase classname="AASProductTestCase.AASProductTest.qa.testcases.ProductSettingPageTest" name="MAProductStatusGroupActiveTest" time="2.021"/>
  <testcase classname="AASProductTestCase.AASProductTest.qa.testcases.ProductSettingPageTest" name="MAProductStatusGroupActiveTest" time="2.026"/>
  <testcase classname="AASProductTestCase.AASProductTest.qa.testcases.ProductSettingPageTest" name="MAProductStatusGroupActiveTest" time="2.031"/>
  <testcase classname="AASProductTestCase.AASProductTest.qa.testcases.ProductSettingPageTest" name="MAProductStatusGroupActiveTest" time="2.028"/>
  <testcase classname="AASProductTestCase.AASProductTest.qa.testcases.ProductSettingPageTest" name="MAProductStatusGroupActiveTest" time="2.030"/>
  <testcase classname="AASProductTestCase.AASProductTest.qa.testcases.ProductSettingPageTest" name="ProceedAGCheck" time="4.475"/>
  <testcase classname="AASProductTestCase.AASProductTest.qa.testcases.ProductSettingPageTest" name="ProductStatusDownlineCheck_AG" time="1.019"/>
  <testcase classname="AASProductTestCase.AASProductTest.qa.testcases.ProductSettingPageTest" name="ProductStatusDownlineCheck_AG" time="1.026"/>
  <testcase classname="AASProductTestCase.AASProductTest.qa.testcases.ProductSettingPageTest" name="ProductStatusDownlineCheck_AG" time="1.025"/>
  <testcase classname="AASProductTestCase.AASProductTest.qa.testcases.ProductSettingPageTest" name="ProductStatusDownlineCheck_AG" time="1.022"/>
  <testcase classname="AASProductTestCase.AASProductTest.qa.testcases.ProductSettingPageTest" name="ProductStatusDownlineCheck_AG" time="1.024"/>
  <testcase classname="AASProductTestCase.AASProductTest.qa.testcases.ProductSettingPageTest" name="ProductStatusDownlineCheck_AG" time="1.022"/>
  <testcase classname="AASProductTestCase.AASProductTest.qa.testcases.ProductSettingPageTest" name="ProductStatusDownlineCheck_AG" time="1.020"/>
  <testcase classname="AASProductTestCase.AASProductTest.qa.testcases.ProductSettingPageTest" name="ProductStatusDownlineCheck_AG" time="1.023"/>
  <testcase classname="AASProductTestCase.AASProductTest.qa.testcases.ProductSettingPageTest" name="ProductStatusDownlineCheck_AG" time="1.026"/>
  <testcase classname="AASProductTestCase.AASProductTest.qa.testcases.ProductSettingPageTest" name="ProductStatusDownlineCheck_AG" time="1.020"/>
  <testcase classname="AASProductTestCase.AASProductTest.qa.testcases.ProductSettingPageTest" name="ProductStatusDownlineCheck_AG" time="1.030"/>
  <testcase classname="AASProductTestCase.AASProductTest.qa.testcases.ProductSettingPageTest" name="ProductStatusDownlineCheck_AG" time="1.020"/>
  <testcase classname="AASProductTestCase.AASProductTest.qa.testcases.ProductSettingPageTest" name="ProductStatusDownlineCheck_AG" time="1.028"/>
  <testcase classname="AASProductTestCase.AASProductTest.qa.testcases.ProductSettingPageTest" name="ProductStatusDownlineCheck_AG" time="1.019"/>
  <testcase classname="AASProductTestCase.AASProductTest.qa.testcases.ProductSettingPageTest" name="ProductStatusDownlineCheck_AG" time="1.028"/>
  <testcase classname="AASProductTestCase.AASProductTest.qa.testcases.ProductSettingPageTest" name="ProductStatusDownlineCheck_AG" time="1.027"/>
  <testcase classname="AASProductTestCase.AASProductTest.qa.testcases.ProductSettingPageTest" name="ProductStatusDownlineCheck_AG" time="1.022"/>
  <testcase classname="AASProductTestCase.AASProductTest.qa.testcases.ProductSettingPageTest" name="ProductSettingAGroupUpdate" time="9.729"/>
  <testcase classname="AASProductTestCase.AASProductTest.qa.testcases.ProductSettingPageTest" name="AGProductStatusGroupActiveTest" time="2.021"/>
  <testcase classname="AASProductTestCase.AASProductTest.qa.testcases.ProductSettingPageTest" name="AGProductStatusGroupActiveTest" time="2.020"/>
  <testcase classname="AASProductTestCase.AASProductTest.qa.testcases.ProductSettingPageTest" name="AGProductStatusGroupActiveTest" time="2.030"/>
  <testcase classname="AASProductTestCase.AASProductTest.qa.testcases.ProductSettingPageTest" name="AGProductStatusGroupActiveTest" time="2.031"/>
  <testcase classname="AASProductTestCase.AASProductTest.qa.testcases.ProductSettingPageTest" name="AGProductStatusGroupActiveTest" time="2.030"/>
  <testcase classname="AASProductTestCase.AASProductTest.qa.testcases.ProductSettingPageTest" name="AGProductStatusGroupActiveTest" time="2.021"/>
  <testcase classname="AASProductTestCase.AASProductTest.qa.testcases.ProductSettingPageTest" name="AGProductStatusGroupActiveTest" time="2.025"/>
  <testcase classname="AASProductTestCase.AASProductTest.qa.testcases.ProductSettingPageTest" name="AGProductStatusGroupActiveTest" time="2.021"/>
  <testcase classname="AASProductTestCase.AASProductTest.qa.testcases.ProductSettingPageTest" name="AGProductStatusGroupActiveTest" time="2.022"/>
  <testcase classname="AASProductTestCase.AASProductTest.qa.testcases.ProductSettingPageTest" name="AGProductStatusGroupActiveTest" time="2.026"/>
  <testcase classname="AASProductTestCase.AASProductTest.qa.testcases.ProductSettingPageTest" name="AGProductStatusGroupActiveTest" time="2.026"/>
  <testcase classname="AASProductTestCase.AASProductTest.qa.testcases.ProductSettingPageTest" name="AGProductStatusGroupActiveTest" time="2.024"/>
  <testcase classname="AASProductTestCase.AASProductTest.qa.testcases.ProductSettingPageTest" name="AGProductStatusGroupActiveTest" time="2.024"/>
  <testcase classname="AASProductTestCase.AASProductTest.qa.testcases.ProductSettingPageTest" name="AGProductStatusGroupActiveTest" time="2.034"/>
  <testcase classname="AASProductTestCase.AASProductTest.qa.testcases.ProductSettingPageTest" name="AGProductStatusGroupActiveTest" time="2.033"/>
  <testcase classname="AASProductTestCase.AASProductTest.qa.testcases.ProductSettingPageTest" name="AGProductStatusGroupActiveTest" time="2.024"/>
  <testcase classname="AASProductTestCase.AASProductTest.qa.testcases.ProductSettingPageTest" name="AGProductStatusGroupActiveTest" time="2.028"/>
</testsuite> <!-- AASProductTestCase.AASProductTest.qa.testcases.ProductSettingPageTest -->
