<?xml version="1.0" encoding="UTF-8"?>
<!-- Generated by org.testng.reporters.JUnitReportReporter -->
<testsuite hostname="LTP11" failures="0" tests="29" name="AASProductTestCase.AASProductTest.qa.testcases.ProductSettingPageTest" time="96.443" errors="0" timestamp="22 Aug 2020 10:33:03 GMT" skipped="0">
  <testcase classname="AASProductTestCase.AASProductTest.qa.testcases.ProductSettingPageTest" name="ProductStatusPositiveTest01" time="5.522"/>
  <testcase classname="AASProductTestCase.AASProductTest.qa.testcases.ProductSettingPageTest" name="ProductStatusPositiveTest01" time="5.507"/>
  <testcase classname="AASProductTestCase.AASProductTest.qa.testcases.ProductSettingPageTest" name="ProductStatusPositiveTest01" time="5.503"/>
  <testcase classname="AASProductTestCase.AASProductTest.qa.testcases.ProductSettingPageTest" name="ProductStatusPositiveTest01" time="5.622"/>
  <testcase classname="AASProductTestCase.AASProductTest.qa.testcases.ProductSettingPageTest" name="ProductStatusPositiveTest01" time="5.518"/>
  <testcase classname="AASProductTestCase.AASProductTest.qa.testcases.ProductSettingPageTest" name="ProductStatusPositiveTest01" time="5.535"/>
  <testcase classname="AASProductTestCase.AASProductTest.qa.testcases.ProductSettingPageTest" name="ProductStatusPositiveTest01" time="5.537"/>
  <testcase classname="AASProductTestCase.AASProductTest.qa.testcases.ProductSettingPageTest" name="ProductStatusPositiveTest01" time="5.515"/>
  <testcase classname="AASProductTestCase.AASProductTest.qa.testcases.ProductSettingPageTest" name="ProductStatusPositiveTest01" time="5.724"/>
  <testcase classname="AASProductTestCase.AASProductTest.qa.testcases.ProductSettingPageTest" name="ProductStatusPositiveTest01" time="5.530"/>
  <testcase classname="AASProductTestCase.AASProductTest.qa.testcases.ProductSettingPageTest" name="ProductStatusPositiveTest01" time="5.563"/>
  <testcase classname="AASProductTestCase.AASProductTest.qa.testcases.ProductSettingPageTest" name="ProductStatusPositiveTest01" time="5.505"/>
  <testcase classname="AASProductTestCase.AASProductTest.qa.testcases.ProductSettingPageTest" name="ProductStatusPositiveTest01" time="5.526"/>
  <testcase classname="AASProductTestCase.AASProductTest.qa.testcases.ProductSettingPageTest" name="ProductStatusPositiveTest01" time="5.540"/>
  <testcase classname="AASProductTestCase.AASProductTest.qa.testcases.ProductSettingPageTest" name="ProceedSMACheck" time="4.435"/>
  <testcase classname="AASProductTestCase.AASProductTest.qa.testcases.ProductSettingPageTest" name="ProductStatusDownlineCheck_SMA" time="1.023"/>
  <testcase classname="AASProductTestCase.AASProductTest.qa.testcases.ProductSettingPageTest" name="ProductStatusDownlineCheck_SMA" time="1.031"/>
  <testcase classname="AASProductTestCase.AASProductTest.qa.testcases.ProductSettingPageTest" name="ProductStatusDownlineCheck_SMA" time="1.022"/>
  <testcase classname="AASProductTestCase.AASProductTest.qa.testcases.ProductSettingPageTest" name="ProductStatusDownlineCheck_SMA" time="1.022"/>
  <testcase classname="AASProductTestCase.AASProductTest.qa.testcases.ProductSettingPageTest" name="ProductStatusDownlineCheck_SMA" time="1.026"/>
  <testcase classname="AASProductTestCase.AASProductTest.qa.testcases.ProductSettingPageTest" name="ProductStatusDownlineCheck_SMA" time="1.026"/>
  <testcase classname="AASProductTestCase.AASProductTest.qa.testcases.ProductSettingPageTest" name="ProductStatusDownlineCheck_SMA" time="1.033"/>
  <testcase classname="AASProductTestCase.AASProductTest.qa.testcases.ProductSettingPageTest" name="ProductStatusDownlineCheck_SMA" time="1.020"/>
  <testcase classname="AASProductTestCase.AASProductTest.qa.testcases.ProductSettingPageTest" name="ProductStatusDownlineCheck_SMA" time="1.022"/>
  <testcase classname="AASProductTestCase.AASProductTest.qa.testcases.ProductSettingPageTest" name="ProductStatusDownlineCheck_SMA" time="1.033"/>
  <testcase classname="AASProductTestCase.AASProductTest.qa.testcases.ProductSettingPageTest" name="ProductStatusDownlineCheck_SMA" time="1.026"/>
  <testcase classname="AASProductTestCase.AASProductTest.qa.testcases.ProductSettingPageTest" name="ProductStatusDownlineCheck_SMA" time="1.025"/>
  <testcase classname="AASProductTestCase.AASProductTest.qa.testcases.ProductSettingPageTest" name="ProductStatusDownlineCheck_SMA" time="1.019"/>
  <testcase classname="AASProductTestCase.AASProductTest.qa.testcases.ProductSettingPageTest" name="ProductStatusDownlineCheck_SMA" time="1.033"/>
</testsuite> <!-- AASProductTestCase.AASProductTest.qa.testcases.ProductSettingPageTest -->
