<?xml version="1.0" encoding="UTF-8"?>
<!-- Generated by org.testng.reporters.JUnitReportReporter -->
<testsuite hostname="LTP11" failures="0" tests="14" name="AASProductTestCase.AASProductTest.qa.testcases.ExtraPTPageTest" time="149.159" errors="0" timestamp="15 Aug 2020 16:51:23 GMT" skipped="0">
  <testcase classname="AASProductTestCase.AASProductTest.qa.testcases.ExtraPTPageTest" name="ExtraPTTest" time="10.667"/>
  <testcase classname="AASProductTestCase.AASProductTest.qa.testcases.ExtraPTPageTest" name="ExtraPTTest" time="10.624"/>
  <testcase classname="AASProductTestCase.AASProductTest.qa.testcases.ExtraPTPageTest" name="ExtraPTTest" time="10.641"/>
  <testcase classname="AASProductTestCase.AASProductTest.qa.testcases.ExtraPTPageTest" name="ExtraPTTest" time="10.683"/>
  <testcase classname="AASProductTestCase.AASProductTest.qa.testcases.ExtraPTPageTest" name="ExtraPTTest" time="10.626"/>
  <testcase classname="AASProductTestCase.AASProductTest.qa.testcases.ExtraPTPageTest" name="ExtraPTTest" time="10.567"/>
  <testcase classname="AASProductTestCase.AASProductTest.qa.testcases.ExtraPTPageTest" name="ExtraPTTest" time="10.694"/>
  <testcase classname="AASProductTestCase.AASProductTest.qa.testcases.ExtraPTPageTest" name="ExtraPTTest" time="10.732"/>
  <testcase classname="AASProductTestCase.AASProductTest.qa.testcases.ExtraPTPageTest" name="ExtraPTTest" time="10.694"/>
  <testcase classname="AASProductTestCase.AASProductTest.qa.testcases.ExtraPTPageTest" name="ExtraPTTest" time="10.618"/>
  <testcase classname="AASProductTestCase.AASProductTest.qa.testcases.ExtraPTPageTest" name="ExtraPTTest" time="10.598"/>
  <testcase classname="AASProductTestCase.AASProductTest.qa.testcases.ExtraPTPageTest" name="ExtraPTTest" time="10.759"/>
  <testcase classname="AASProductTestCase.AASProductTest.qa.testcases.ExtraPTPageTest" name="ExtraPTTest" time="10.631"/>
  <testcase classname="AASProductTestCase.AASProductTest.qa.testcases.ExtraPTPageTest" name="ExtraPTTest" time="10.625"/>
</testsuite> <!-- AASProductTestCase.AASProductTest.qa.testcases.ExtraPTPageTest -->
