<?xml version="1.0" encoding="UTF-8"?>
<!-- Generated by org.testng.reporters.JUnitReportReporter -->
<testsuite skipped="0" hostname="LTP11" name="AASProductTestCase.AASProductTest.qa.testcases.LoginPageTest" tests="2" failures="0" timestamp="14 Aug 2020 03:38:38 GMT" time="5.842" errors="0">
  <testcase name="loginPageTitleTest" time="0.008" classname="AASProductTestCase.AASProductTest.qa.testcases.LoginPageTest"/>
  <testcase name="loginTest" time="5.834" classname="AASProductTestCase.AASProductTest.qa.testcases.LoginPageTest"/>
</testsuite> <!-- AASProductTestCase.AASProductTest.qa.testcases.LoginPageTest -->
