<?xml version="1.0" encoding="UTF-8"?>
<!-- Generated by org.testng.reporters.JUnitReportReporter -->
<testsuite hostname="LTP11" failures="0" tests="14" name="AASProductTestCase.AASProductTest.qa.testcases.ExtraPTPageTest" time="84.655" errors="0" timestamp="22 Aug 2020 10:33:03 GMT" skipped="0">
  <testcase classname="AASProductTestCase.AASProductTest.qa.testcases.ExtraPTPageTest" name="ExtraPTTest" time="6.034"/>
  <testcase classname="AASProductTestCase.AASProductTest.qa.testcases.ExtraPTPageTest" name="ExtraPTTest" time="6.034"/>
  <testcase classname="AASProductTestCase.AASProductTest.qa.testcases.ExtraPTPageTest" name="ExtraPTTest" time="6.062"/>
  <testcase classname="AASProductTestCase.AASProductTest.qa.testcases.ExtraPTPageTest" name="ExtraPTTest" time="6.029"/>
  <testcase classname="AASProductTestCase.AASProductTest.qa.testcases.ExtraPTPageTest" name="ExtraPTTest" time="6.026"/>
  <testcase classname="AASProductTestCase.AASProductTest.qa.testcases.ExtraPTPageTest" name="ExtraPTTest" time="6.025"/>
  <testcase classname="AASProductTestCase.AASProductTest.qa.testcases.ExtraPTPageTest" name="ExtraPTTest" time="6.163"/>
  <testcase classname="AASProductTestCase.AASProductTest.qa.testcases.ExtraPTPageTest" name="ExtraPTTest" time="6.024"/>
  <testcase classname="AASProductTestCase.AASProductTest.qa.testcases.ExtraPTPageTest" name="ExtraPTTest" time="6.022"/>
  <testcase classname="AASProductTestCase.AASProductTest.qa.testcases.ExtraPTPageTest" name="ExtraPTTest" time="6.042"/>
  <testcase classname="AASProductTestCase.AASProductTest.qa.testcases.ExtraPTPageTest" name="ExtraPTTest" time="6.009"/>
  <testcase classname="AASProductTestCase.AASProductTest.qa.testcases.ExtraPTPageTest" name="ExtraPTTest" time="6.041"/>
  <testcase classname="AASProductTestCase.AASProductTest.qa.testcases.ExtraPTPageTest" name="ExtraPTTest" time="6.035"/>
  <testcase classname="AASProductTestCase.AASProductTest.qa.testcases.ExtraPTPageTest" name="ExtraPTTest" time="6.109"/>
</testsuite> <!-- AASProductTestCase.AASProductTest.qa.testcases.ExtraPTPageTest -->
