<?xml version="1.0" encoding="UTF-8"?>
<!-- Generated by org.testng.reporters.JUnitReportReporter -->
<testsuite hostname="LTP11" failures="0" tests="4" name="AASProductTestCase.AASProductTest.qa.testcases.LoginPageTest" time="1.945" errors="0" timestamp="22 Aug 2020 10:33:03 GMT" skipped="0">
  <testcase classname="AASProductTestCase.AASProductTest.qa.testcases.LoginPageTest" name="LoginPageTitleTest" time="0.009"/>
  <testcase classname="AASProductTestCase.AASProductTest.qa.testcases.LoginPageTest" name="loginTestNegative01" time="0.957"/>
  <testcase classname="AASProductTestCase.AASProductTest.qa.testcases.LoginPageTest" name="loginTestNegative02" time="0.511"/>
  <testcase classname="AASProductTestCase.AASProductTest.qa.testcases.LoginPageTest" name="LoginTest" time="0.468"/>
</testsuite> <!-- AASProductTestCase.AASProductTest.qa.testcases.LoginPageTest -->
