<?xml version="1.0" encoding="UTF-8"?>
<!-- Generated by org.testng.reporters.JUnitReportReporter -->
<testsuite hostname="LTP11" failures="4" tests="63" name="AASProductTestCase.AASProductTest.qa.testcases.ProductSettingPageTest" time="163.175" errors="0" timestamp="31 Aug 2020 10:40:50 GMT" skipped="0">
  <testcase classname="AASProductTestCase.AASProductTest.qa.testcases.ProductSettingPageTest" name="ProductStatusPositiveTest01" time="5.457"/>
  <testcase classname="AASProductTestCase.AASProductTest.qa.testcases.ProductSettingPageTest" name="ProductStatusPositiveTest01" time="5.480"/>
  <testcase classname="AASProductTestCase.AASProductTest.qa.testcases.ProductSettingPageTest" name="ProductStatusPositiveTest01" time="5.554"/>
  <testcase classname="AASProductTestCase.AASProductTest.qa.testcases.ProductSettingPageTest" name="ProductStatusPositiveTest01" time="5.452">
    <failure message="expected [] but found [Disabled]" type="java.lang.AssertionError">
      <![CDATA[java.lang.AssertionError: expected [] but found [Disabled]
	at org.testng.Assert.fail(Assert.java:93)
	at org.testng.Assert.failNotEquals(Assert.java:512)
	at org.testng.Assert.assertEqualsImpl(Assert.java:134)
	at org.testng.Assert.assertEquals(Assert.java:115)
	at org.testng.Assert.assertEquals(Assert.java:189)
	at org.testng.Assert.assertEquals(Assert.java:199)
	at AASProductTestCase.AASProductTest.qa.testcases.ProductSettingPageTest.ProductStatusPositiveTest01(ProductSettingPageTest.java:87)
	at java.base/jdk.internal.reflect.NativeMethodAccessorImpl.invoke0(Native Method)
	at java.base/jdk.internal.reflect.NativeMethodAccessorImpl.invoke(NativeMethodAccessorImpl.java:62)
	at java.base/jdk.internal.reflect.DelegatingMethodAccessorImpl.invoke(DelegatingMethodAccessorImpl.java:43)
	at java.base/java.lang.reflect.Method.invoke(Method.java:564)
	at org.testng.internal.MethodInvocationHelper.invokeMethod(MethodInvocationHelper.java:108)
	at org.testng.internal.Invoker.invokeMethod(Invoker.java:661)
	at org.testng.internal.Invoker.invokeTestMethod(Invoker.java:869)
	at org.testng.internal.Invoker.invokeTestMethods(Invoker.java:1193)
	at org.testng.internal.TestMethodWorker.invokeTestMethods(TestMethodWorker.java:126)
	at org.testng.internal.TestMethodWorker.run(TestMethodWorker.java:109)
	at org.testng.TestRunner.privateRun(TestRunner.java:744)
	at org.testng.TestRunner.run(TestRunner.java:602)
	at org.testng.SuiteRunner.runTest(SuiteRunner.java:380)
	at org.testng.SuiteRunner.runSequentially(SuiteRunner.java:375)
	at org.testng.SuiteRunner.privateRun(SuiteRunner.java:340)
	at org.testng.SuiteRunner.run(SuiteRunner.java:289)
	at org.testng.SuiteRunnerWorker.runSuite(SuiteRunnerWorker.java:52)
	at org.testng.SuiteRunnerWorker.run(SuiteRunnerWorker.java:86)
	at org.testng.TestNG.runSuitesSequentially(TestNG.java:1301)
	at org.testng.TestNG.runSuitesSequentially(TestNG.java:1297)
	at org.testng.TestNG.runSuitesLocally(TestNG.java:1226)
	at org.testng.TestNG.runSuites(TestNG.java:1144)
	at org.testng.TestNG.run(TestNG.java:1115)
	at org.apache.maven.surefire.testng.TestNGExecutor.run(TestNGExecutor.java:283)
	at org.apache.maven.surefire.testng.TestNGXmlTestSuite.execute(TestNGXmlTestSuite.java:75)
	at org.apache.maven.surefire.testng.TestNGProvider.invoke(TestNGProvider.java:120)
	at org.apache.maven.surefire.booter.ForkedBooter.invokeProviderInSameClassLoader(ForkedBooter.java:384)
	at org.apache.maven.surefire.booter.ForkedBooter.runSuitesInProcess(ForkedBooter.java:345)
	at org.apache.maven.surefire.booter.ForkedBooter.execute(ForkedBooter.java:126)
	at org.apache.maven.surefire.booter.ForkedBooter.main(ForkedBooter.java:418)
]]>
    </failure>
  </testcase> <!-- ProductStatusPositiveTest01 -->
  <testcase classname="AASProductTestCase.AASProductTest.qa.testcases.ProductSettingPageTest" name="ProductStatusPositiveTest01" time="5.487"/>
  <testcase classname="AASProductTestCase.AASProductTest.qa.testcases.ProductSettingPageTest" name="ProductStatusPositiveTest01" time="5.579"/>
  <testcase classname="AASProductTestCase.AASProductTest.qa.testcases.ProductSettingPageTest" name="ProductStatusPositiveTest01" time="5.465"/>
  <testcase classname="AASProductTestCase.AASProductTest.qa.testcases.ProductSettingPageTest" name="ProductStatusPositiveTest01" time="5.487"/>
  <testcase classname="AASProductTestCase.AASProductTest.qa.testcases.ProductSettingPageTest" name="ProductStatusPositiveTest01" time="5.520"/>
  <testcase classname="AASProductTestCase.AASProductTest.qa.testcases.ProductSettingPageTest" name="ProductStatusPositiveTest01" time="5.480"/>
  <testcase classname="AASProductTestCase.AASProductTest.qa.testcases.ProductSettingPageTest" name="ProductStatusPositiveTest01" time="5.472"/>
  <testcase classname="AASProductTestCase.AASProductTest.qa.testcases.ProductSettingPageTest" name="ProductStatusPositiveTest01" time="5.557"/>
  <testcase classname="AASProductTestCase.AASProductTest.qa.testcases.ProductSettingPageTest" name="ProductStatusPositiveTest01" time="5.486"/>
  <testcase classname="AASProductTestCase.AASProductTest.qa.testcases.ProductSettingPageTest" name="ProductStatusPositiveTest01" time="5.455"/>
  <testcase classname="AASProductTestCase.AASProductTest.qa.testcases.ProductSettingPageTest" name="ProductStatusPositiveTest01" time="5.606"/>
  <testcase classname="AASProductTestCase.AASProductTest.qa.testcases.ProductSettingPageTest" name="ProceedMACheck" time="4.555"/>
  <testcase classname="AASProductTestCase.AASProductTest.qa.testcases.ProductSettingPageTest" name="ProductStatusDownlineCheck_MA" time="1.020"/>
  <testcase classname="AASProductTestCase.AASProductTest.qa.testcases.ProductSettingPageTest" name="ProductStatusDownlineCheck_MA" time="1.021"/>
  <testcase classname="AASProductTestCase.AASProductTest.qa.testcases.ProductSettingPageTest" name="ProductStatusDownlineCheck_MA" time="1.020"/>
  <testcase classname="AASProductTestCase.AASProductTest.qa.testcases.ProductSettingPageTest" name="ProductStatusDownlineCheck_MA" time="1.020"/>
  <testcase classname="AASProductTestCase.AASProductTest.qa.testcases.ProductSettingPageTest" name="ProductStatusDownlineCheck_MA" time="1.019"/>
  <testcase classname="AASProductTestCase.AASProductTest.qa.testcases.ProductSettingPageTest" name="ProductStatusDownlineCheck_MA" time="1.027"/>
  <testcase classname="AASProductTestCase.AASProductTest.qa.testcases.ProductSettingPageTest" name="ProductStatusDownlineCheck_MA" time="1.021"/>
  <testcase classname="AASProductTestCase.AASProductTest.qa.testcases.ProductSettingPageTest" name="ProductStatusDownlineCheck_MA" time="1.021"/>
  <testcase classname="AASProductTestCase.AASProductTest.qa.testcases.ProductSettingPageTest" name="ProductStatusDownlineCheck_MA" time="1.027"/>
  <testcase classname="AASProductTestCase.AASProductTest.qa.testcases.ProductSettingPageTest" name="ProductStatusDownlineCheck_MA" time="1.031"/>
  <testcase classname="AASProductTestCase.AASProductTest.qa.testcases.ProductSettingPageTest" name="ProductStatusDownlineCheck_MA" time="1.023"/>
  <testcase classname="AASProductTestCase.AASProductTest.qa.testcases.ProductSettingPageTest" name="ProductStatusDownlineCheck_MA" time="1.020"/>
  <testcase classname="AASProductTestCase.AASProductTest.qa.testcases.ProductSettingPageTest" name="ProductStatusDownlineCheck_MA" time="1.021"/>
  <testcase classname="AASProductTestCase.AASProductTest.qa.testcases.ProductSettingPageTest" name="ProductStatusDownlineCheck_MA" time="1.020"/>
  <testcase classname="AASProductTestCase.AASProductTest.qa.testcases.ProductSettingPageTest" name="ProductStatusDownlineCheck_MA" time="1.001">
    <failure message="expected [] but found [Disabled]" type="java.lang.AssertionError">
      <![CDATA[java.lang.AssertionError: expected [] but found [Disabled]
	at org.testng.Assert.fail(Assert.java:93)
	at org.testng.Assert.failNotEquals(Assert.java:512)
	at org.testng.Assert.assertEqualsImpl(Assert.java:134)
	at org.testng.Assert.assertEquals(Assert.java:115)
	at org.testng.Assert.assertEquals(Assert.java:189)
	at org.testng.Assert.assertEquals(Assert.java:199)
	at AASProductTestCase.AASProductTest.qa.testcases.ProductSettingPageTest.ProductStatusDownlineCheck_MA(ProductSettingPageTest.java:106)
	at java.base/jdk.internal.reflect.NativeMethodAccessorImpl.invoke0(Native Method)
	at java.base/jdk.internal.reflect.NativeMethodAccessorImpl.invoke(NativeMethodAccessorImpl.java:62)
	at java.base/jdk.internal.reflect.DelegatingMethodAccessorImpl.invoke(DelegatingMethodAccessorImpl.java:43)
	at java.base/java.lang.reflect.Method.invoke(Method.java:564)
	at org.testng.internal.MethodInvocationHelper.invokeMethod(MethodInvocationHelper.java:108)
	at org.testng.internal.Invoker.invokeMethod(Invoker.java:661)
	at org.testng.internal.Invoker.invokeTestMethod(Invoker.java:869)
	at org.testng.internal.Invoker.invokeTestMethods(Invoker.java:1193)
	at org.testng.internal.TestMethodWorker.invokeTestMethods(TestMethodWorker.java:126)
	at org.testng.internal.TestMethodWorker.run(TestMethodWorker.java:109)
	at org.testng.TestRunner.privateRun(TestRunner.java:744)
	at org.testng.TestRunner.run(TestRunner.java:602)
	at org.testng.SuiteRunner.runTest(SuiteRunner.java:380)
	at org.testng.SuiteRunner.runSequentially(SuiteRunner.java:375)
	at org.testng.SuiteRunner.privateRun(SuiteRunner.java:340)
	at org.testng.SuiteRunner.run(SuiteRunner.java:289)
	at org.testng.SuiteRunnerWorker.runSuite(SuiteRunnerWorker.java:52)
	at org.testng.SuiteRunnerWorker.run(SuiteRunnerWorker.java:86)
	at org.testng.TestNG.runSuitesSequentially(TestNG.java:1301)
	at org.testng.TestNG.runSuitesSequentially(TestNG.java:1297)
	at org.testng.TestNG.runSuitesLocally(TestNG.java:1226)
	at org.testng.TestNG.runSuites(TestNG.java:1144)
	at org.testng.TestNG.run(TestNG.java:1115)
	at org.apache.maven.surefire.testng.TestNGExecutor.run(TestNGExecutor.java:283)
	at org.apache.maven.surefire.testng.TestNGXmlTestSuite.execute(TestNGXmlTestSuite.java:75)
	at org.apache.maven.surefire.testng.TestNGProvider.invoke(TestNGProvider.java:120)
	at org.apache.maven.surefire.booter.ForkedBooter.invokeProviderInSameClassLoader(ForkedBooter.java:384)
	at org.apache.maven.surefire.booter.ForkedBooter.runSuitesInProcess(ForkedBooter.java:345)
	at org.apache.maven.surefire.booter.ForkedBooter.execute(ForkedBooter.java:126)
	at org.apache.maven.surefire.booter.ForkedBooter.main(ForkedBooter.java:418)
]]>
    </failure>
  </testcase> <!-- ProductStatusDownlineCheck_MA -->
  <testcase classname="AASProductTestCase.AASProductTest.qa.testcases.ProductSettingPageTest" name="ProceedAGCheck" time="4.426"/>
  <testcase classname="AASProductTestCase.AASProductTest.qa.testcases.ProductSettingPageTest" name="ProductStatusDownlineCheck_AG" time="1.021"/>
  <testcase classname="AASProductTestCase.AASProductTest.qa.testcases.ProductSettingPageTest" name="ProductStatusDownlineCheck_AG" time="1.022"/>
  <testcase classname="AASProductTestCase.AASProductTest.qa.testcases.ProductSettingPageTest" name="ProductStatusDownlineCheck_AG" time="1.025"/>
  <testcase classname="AASProductTestCase.AASProductTest.qa.testcases.ProductSettingPageTest" name="ProductStatusDownlineCheck_AG" time="1.019"/>
  <testcase classname="AASProductTestCase.AASProductTest.qa.testcases.ProductSettingPageTest" name="ProductStatusDownlineCheck_AG" time="1.029"/>
  <testcase classname="AASProductTestCase.AASProductTest.qa.testcases.ProductSettingPageTest" name="ProductStatusDownlineCheck_AG" time="1.024"/>
  <testcase classname="AASProductTestCase.AASProductTest.qa.testcases.ProductSettingPageTest" name="ProductStatusDownlineCheck_AG" time="1.023"/>
  <testcase classname="AASProductTestCase.AASProductTest.qa.testcases.ProductSettingPageTest" name="ProductStatusDownlineCheck_AG" time="1.021"/>
  <testcase classname="AASProductTestCase.AASProductTest.qa.testcases.ProductSettingPageTest" name="ProductStatusDownlineCheck_AG" time="1.026"/>
  <testcase classname="AASProductTestCase.AASProductTest.qa.testcases.ProductSettingPageTest" name="ProductStatusDownlineCheck_AG" time="1.024"/>
  <testcase classname="AASProductTestCase.AASProductTest.qa.testcases.ProductSettingPageTest" name="ProductStatusDownlineCheck_AG" time="1.028"/>
  <testcase classname="AASProductTestCase.AASProductTest.qa.testcases.ProductSettingPageTest" name="ProductStatusDownlineCheck_AG" time="1.017"/>
  <testcase classname="AASProductTestCase.AASProductTest.qa.testcases.ProductSettingPageTest" name="ProductStatusDownlineCheck_AG" time="1.026"/>
  <testcase classname="AASProductTestCase.AASProductTest.qa.testcases.ProductSettingPageTest" name="ProductStatusDownlineCheck_AG" time="1.020"/>
  <testcase classname="AASProductTestCase.AASProductTest.qa.testcases.ProductSettingPageTest" name="ProductStatusDownlineCheck_AG" time="1.002">
    <failure message="expected [] but found [Disabled]" type="java.lang.AssertionError">
      <![CDATA[java.lang.AssertionError: expected [] but found [Disabled]
	at org.testng.Assert.fail(Assert.java:93)
	at org.testng.Assert.failNotEquals(Assert.java:512)
	at org.testng.Assert.assertEqualsImpl(Assert.java:134)
	at org.testng.Assert.assertEquals(Assert.java:115)
	at org.testng.Assert.assertEquals(Assert.java:189)
	at org.testng.Assert.assertEquals(Assert.java:199)
	at AASProductTestCase.AASProductTest.qa.testcases.ProductSettingPageTest.ProductStatusDownlineCheck_AG(ProductSettingPageTest.java:125)
	at java.base/jdk.internal.reflect.NativeMethodAccessorImpl.invoke0(Native Method)
	at java.base/jdk.internal.reflect.NativeMethodAccessorImpl.invoke(NativeMethodAccessorImpl.java:62)
	at java.base/jdk.internal.reflect.DelegatingMethodAccessorImpl.invoke(DelegatingMethodAccessorImpl.java:43)
	at java.base/java.lang.reflect.Method.invoke(Method.java:564)
	at org.testng.internal.MethodInvocationHelper.invokeMethod(MethodInvocationHelper.java:108)
	at org.testng.internal.Invoker.invokeMethod(Invoker.java:661)
	at org.testng.internal.Invoker.invokeTestMethod(Invoker.java:869)
	at org.testng.internal.Invoker.invokeTestMethods(Invoker.java:1193)
	at org.testng.internal.TestMethodWorker.invokeTestMethods(TestMethodWorker.java:126)
	at org.testng.internal.TestMethodWorker.run(TestMethodWorker.java:109)
	at org.testng.TestRunner.privateRun(TestRunner.java:744)
	at org.testng.TestRunner.run(TestRunner.java:602)
	at org.testng.SuiteRunner.runTest(SuiteRunner.java:380)
	at org.testng.SuiteRunner.runSequentially(SuiteRunner.java:375)
	at org.testng.SuiteRunner.privateRun(SuiteRunner.java:340)
	at org.testng.SuiteRunner.run(SuiteRunner.java:289)
	at org.testng.SuiteRunnerWorker.runSuite(SuiteRunnerWorker.java:52)
	at org.testng.SuiteRunnerWorker.run(SuiteRunnerWorker.java:86)
	at org.testng.TestNG.runSuitesSequentially(TestNG.java:1301)
	at org.testng.TestNG.runSuitesSequentially(TestNG.java:1297)
	at org.testng.TestNG.runSuitesLocally(TestNG.java:1226)
	at org.testng.TestNG.runSuites(TestNG.java:1144)
	at org.testng.TestNG.run(TestNG.java:1115)
	at org.apache.maven.surefire.testng.TestNGExecutor.run(TestNGExecutor.java:283)
	at org.apache.maven.surefire.testng.TestNGXmlTestSuite.execute(TestNGXmlTestSuite.java:75)
	at org.apache.maven.surefire.testng.TestNGProvider.invoke(TestNGProvider.java:120)
	at org.apache.maven.surefire.booter.ForkedBooter.invokeProviderInSameClassLoader(ForkedBooter.java:384)
	at org.apache.maven.surefire.booter.ForkedBooter.runSuitesInProcess(ForkedBooter.java:345)
	at org.apache.maven.surefire.booter.ForkedBooter.execute(ForkedBooter.java:126)
	at org.apache.maven.surefire.booter.ForkedBooter.main(ForkedBooter.java:418)
]]>
    </failure>
  </testcase> <!-- ProductStatusDownlineCheck_AG -->
  <testcase classname="AASProductTestCase.AASProductTest.qa.testcases.ProductSettingPageTest" name="ProceedProductStatusActiveTest" time="10.671"/>
  <testcase classname="AASProductTestCase.AASProductTest.qa.testcases.ProductSettingPageTest" name="ProductStatusActiveTest" time="2.021"/>
  <testcase classname="AASProductTestCase.AASProductTest.qa.testcases.ProductSettingPageTest" name="ProductStatusActiveTest" time="2.029"/>
  <testcase classname="AASProductTestCase.AASProductTest.qa.testcases.ProductSettingPageTest" name="ProductStatusActiveTest" time="2.025"/>
  <testcase classname="AASProductTestCase.AASProductTest.qa.testcases.ProductSettingPageTest" name="ProductStatusActiveTest" time="2.021"/>
  <testcase classname="AASProductTestCase.AASProductTest.qa.testcases.ProductSettingPageTest" name="ProductStatusActiveTest" time="2.024"/>
  <testcase classname="AASProductTestCase.AASProductTest.qa.testcases.ProductSettingPageTest" name="ProductStatusActiveTest" time="2.019"/>
  <testcase classname="AASProductTestCase.AASProductTest.qa.testcases.ProductSettingPageTest" name="ProductStatusActiveTest" time="2.021"/>
  <testcase classname="AASProductTestCase.AASProductTest.qa.testcases.ProductSettingPageTest" name="ProductStatusActiveTest" time="2.023"/>
  <testcase classname="AASProductTestCase.AASProductTest.qa.testcases.ProductSettingPageTest" name="ProductStatusActiveTest" time="2.030"/>
  <testcase classname="AASProductTestCase.AASProductTest.qa.testcases.ProductSettingPageTest" name="ProductStatusActiveTest" time="2.026"/>
  <testcase classname="AASProductTestCase.AASProductTest.qa.testcases.ProductSettingPageTest" name="ProductStatusActiveTest" time="2.026"/>
  <testcase classname="AASProductTestCase.AASProductTest.qa.testcases.ProductSettingPageTest" name="ProductStatusActiveTest" time="2.032"/>
  <testcase classname="AASProductTestCase.AASProductTest.qa.testcases.ProductSettingPageTest" name="ProductStatusActiveTest" time="2.024"/>
  <testcase classname="AASProductTestCase.AASProductTest.qa.testcases.ProductSettingPageTest" name="ProductStatusActiveTest" time="2.023"/>
  <testcase classname="AASProductTestCase.AASProductTest.qa.testcases.ProductSettingPageTest" name="ProductStatusActiveTest" time="2.003">
    <failure message="expected [] but found [Active]" type="java.lang.AssertionError">
      <![CDATA[java.lang.AssertionError: expected [] but found [Active]
	at org.testng.Assert.fail(Assert.java:93)
	at org.testng.Assert.failNotEquals(Assert.java:512)
	at org.testng.Assert.assertEqualsImpl(Assert.java:134)
	at org.testng.Assert.assertEquals(Assert.java:115)
	at org.testng.Assert.assertEquals(Assert.java:189)
	at org.testng.Assert.assertEquals(Assert.java:199)
	at AASProductTestCase.AASProductTest.qa.testcases.ProductSettingPageTest.ProductStatusActiveTest(ProductSettingPageTest.java:148)
	at java.base/jdk.internal.reflect.NativeMethodAccessorImpl.invoke0(Native Method)
	at java.base/jdk.internal.reflect.NativeMethodAccessorImpl.invoke(NativeMethodAccessorImpl.java:62)
	at java.base/jdk.internal.reflect.DelegatingMethodAccessorImpl.invoke(DelegatingMethodAccessorImpl.java:43)
	at java.base/java.lang.reflect.Method.invoke(Method.java:564)
	at org.testng.internal.MethodInvocationHelper.invokeMethod(MethodInvocationHelper.java:108)
	at org.testng.internal.Invoker.invokeMethod(Invoker.java:661)
	at org.testng.internal.Invoker.invokeTestMethod(Invoker.java:869)
	at org.testng.internal.Invoker.invokeTestMethods(Invoker.java:1193)
	at org.testng.internal.TestMethodWorker.invokeTestMethods(TestMethodWorker.java:126)
	at org.testng.internal.TestMethodWorker.run(TestMethodWorker.java:109)
	at org.testng.TestRunner.privateRun(TestRunner.java:744)
	at org.testng.TestRunner.run(TestRunner.java:602)
	at org.testng.SuiteRunner.runTest(SuiteRunner.java:380)
	at org.testng.SuiteRunner.runSequentially(SuiteRunner.java:375)
	at org.testng.SuiteRunner.privateRun(SuiteRunner.java:340)
	at org.testng.SuiteRunner.run(SuiteRunner.java:289)
	at org.testng.SuiteRunnerWorker.runSuite(SuiteRunnerWorker.java:52)
	at org.testng.SuiteRunnerWorker.run(SuiteRunnerWorker.java:86)
	at org.testng.TestNG.runSuitesSequentially(TestNG.java:1301)
	at org.testng.TestNG.runSuitesSequentially(TestNG.java:1297)
	at org.testng.TestNG.runSuitesLocally(TestNG.java:1226)
	at org.testng.TestNG.runSuites(TestNG.java:1144)
	at org.testng.TestNG.run(TestNG.java:1115)
	at org.apache.maven.surefire.testng.TestNGExecutor.run(TestNGExecutor.java:283)
	at org.apache.maven.surefire.testng.TestNGXmlTestSuite.execute(TestNGXmlTestSuite.java:75)
	at org.apache.maven.surefire.testng.TestNGProvider.invoke(TestNGProvider.java:120)
	at org.apache.maven.surefire.booter.ForkedBooter.invokeProviderInSameClassLoader(ForkedBooter.java:384)
	at org.apache.maven.surefire.booter.ForkedBooter.runSuitesInProcess(ForkedBooter.java:345)
	at org.apache.maven.surefire.booter.ForkedBooter.execute(ForkedBooter.java:126)
	at org.apache.maven.surefire.booter.ForkedBooter.main(ForkedBooter.java:418)
]]>
    </failure>
  </testcase> <!-- ProductStatusActiveTest -->
</testsuite> <!-- AASProductTestCase.AASProductTest.qa.testcases.ProductSettingPageTest -->
