<?xml version="1.0" encoding="UTF-8"?>
<!-- Generated by org.testng.reporters.JUnitReportReporter -->
<testsuite hostname="LTP11" failures="0" tests="16" name="AASProductTestCase.AASProductTest.qa.testcases.AccountListPageTest" time="126.248" errors="0" timestamp="21 Sep 2020 16:19:11 GMT" skipped="0">
  <testcase classname="AASProductTestCase.AASProductTest.qa.testcases.AccountListPageTest" name="AccountListStatusFilterTest" time="8.906"/>
  <testcase classname="AASProductTestCase.AASProductTest.qa.testcases.AccountListPageTest" name="SMA_Filter" time="3.132"/>
  <testcase classname="AASProductTestCase.AASProductTest.qa.testcases.AccountListPageTest" name="AccountListUpdateTestSMA01" time="8.731"/>
  <testcase classname="AASProductTestCase.AASProductTest.qa.testcases.AccountListPageTest" name="AccountListUpdateTestSMA02" time="8.533"/>
  <testcase classname="AASProductTestCase.AASProductTest.qa.testcases.AccountListPageTest" name="AccountListUpdateTestSMANegative01" time="8.401"/>
  <testcase classname="AASProductTestCase.AASProductTest.qa.testcases.AccountListPageTest" name="AccountListUpdateTestSMANegative02" time="8.466"/>
  <testcase classname="AASProductTestCase.AASProductTest.qa.testcases.AccountListPageTest" name="ProceedSMACheck" time="6.146"/>
  <testcase classname="AASProductTestCase.AASProductTest.qa.testcases.AccountListPageTest" name="AccountListUpdateTestMA01" time="8.647"/>
  <testcase classname="AASProductTestCase.AASProductTest.qa.testcases.AccountListPageTest" name="AccountListUpdateTestMA02" time="8.505"/>
  <testcase classname="AASProductTestCase.AASProductTest.qa.testcases.AccountListPageTest" name="AccountListUpdateTestMANegative01" time="8.381"/>
  <testcase classname="AASProductTestCase.AASProductTest.qa.testcases.AccountListPageTest" name="AccountListUpdateTestMANegative02" time="8.401"/>
  <testcase classname="AASProductTestCase.AASProductTest.qa.testcases.AccountListPageTest" name="ProceedMACheck" time="6.022"/>
  <testcase classname="AASProductTestCase.AASProductTest.qa.testcases.AccountListPageTest" name="AccountListUpdateTestAG01" time="8.624"/>
  <testcase classname="AASProductTestCase.AASProductTest.qa.testcases.AccountListPageTest" name="AccountListUpdateTestAG02" time="8.512"/>
  <testcase classname="AASProductTestCase.AASProductTest.qa.testcases.AccountListPageTest" name="AccountListUpdateTestAGNegative01" time="8.401"/>
  <testcase classname="AASProductTestCase.AASProductTest.qa.testcases.AccountListPageTest" name="AccountListUpdateTestAGNegative02" time="8.440"/>
</testsuite> <!-- AASProductTestCase.AASProductTest.qa.testcases.AccountListPageTest -->
