<?xml version="1.0" encoding="UTF-8"?>
<!-- Generated by org.testng.reporters.JUnitReportReporter -->
<testsuite hostname="LTP11" failures="0" tests="14" name="AASProductTestCase.AASProductTest.qa.testcases.ProductSettingPageTest" time="63.413" errors="0" timestamp="21 Aug 2020 13:51:35 GMT" skipped="0">
  <testcase classname="AASProductTestCase.AASProductTest.qa.testcases.ProductSettingPageTest" name="ProductStatusPositiveTest01" time="4.522"/>
  <testcase classname="AASProductTestCase.AASProductTest.qa.testcases.ProductSettingPageTest" name="ProductStatusPositiveTest01" time="4.493"/>
  <testcase classname="AASProductTestCase.AASProductTest.qa.testcases.ProductSettingPageTest" name="ProductStatusPositiveTest01" time="4.481"/>
  <testcase classname="AASProductTestCase.AASProductTest.qa.testcases.ProductSettingPageTest" name="ProductStatusPositiveTest01" time="4.498"/>
  <testcase classname="AASProductTestCase.AASProductTest.qa.testcases.ProductSettingPageTest" name="ProductStatusPositiveTest01" time="4.514"/>
  <testcase classname="AASProductTestCase.AASProductTest.qa.testcases.ProductSettingPageTest" name="ProductStatusPositiveTest01" time="4.502"/>
  <testcase classname="AASProductTestCase.AASProductTest.qa.testcases.ProductSettingPageTest" name="ProductStatusPositiveTest01" time="4.529"/>
  <testcase classname="AASProductTestCase.AASProductTest.qa.testcases.ProductSettingPageTest" name="ProductStatusPositiveTest01" time="4.510"/>
  <testcase classname="AASProductTestCase.AASProductTest.qa.testcases.ProductSettingPageTest" name="ProductStatusPositiveTest01" time="4.531"/>
  <testcase classname="AASProductTestCase.AASProductTest.qa.testcases.ProductSettingPageTest" name="ProductStatusPositiveTest01" time="4.515"/>
  <testcase classname="AASProductTestCase.AASProductTest.qa.testcases.ProductSettingPageTest" name="ProductStatusPositiveTest01" time="4.636"/>
  <testcase classname="AASProductTestCase.AASProductTest.qa.testcases.ProductSettingPageTest" name="ProductStatusPositiveTest01" time="4.536"/>
  <testcase classname="AASProductTestCase.AASProductTest.qa.testcases.ProductSettingPageTest" name="ProductStatusPositiveTest01" time="4.630"/>
  <testcase classname="AASProductTestCase.AASProductTest.qa.testcases.ProductSettingPageTest" name="ProductStatusPositiveTest01" time="4.516"/>
</testsuite> <!-- AASProductTestCase.AASProductTest.qa.testcases.ProductSettingPageTest -->
