<?xml version="1.0" encoding="UTF-8"?>
<!-- Generated by org.testng.reporters.JUnitReportReporter -->
<testsuite hostname="LTP11" failures="0" tests="9" name="AASProductTestCase.AASProductTest.qa.testcases.AccountListPageTest" time="69.486" errors="0" timestamp="20 Sep 2020 17:38:03 GMT" skipped="0">
  <testcase classname="AASProductTestCase.AASProductTest.qa.testcases.AccountListPageTest" name="AccountListStatusFilterTest" time="8.926"/>
  <testcase classname="AASProductTestCase.AASProductTest.qa.testcases.AccountListPageTest" name="SMA_Filter" time="3.124"/>
  <testcase classname="AASProductTestCase.AASProductTest.qa.testcases.AccountListPageTest" name="AccountListUpdateTestSMA01" time="8.709"/>
  <testcase classname="AASProductTestCase.AASProductTest.qa.testcases.AccountListPageTest" name="AccountListUpdateTestSMA02" time="8.549"/>
  <testcase classname="AASProductTestCase.AASProductTest.qa.testcases.AccountListPageTest" name="AccountListUpdateTestSMANegative01" time="8.407"/>
  <testcase classname="AASProductTestCase.AASProductTest.qa.testcases.AccountListPageTest" name="AccountListUpdateTestSMANegative02" time="8.524"/>
  <testcase classname="AASProductTestCase.AASProductTest.qa.testcases.AccountListPageTest" name="ProceedSMACheck" time="6.049"/>
  <testcase classname="AASProductTestCase.AASProductTest.qa.testcases.AccountListPageTest" name="AccountListUpdateTestMA01" time="8.673"/>
  <testcase classname="AASProductTestCase.AASProductTest.qa.testcases.AccountListPageTest" name="AccountListUpdateTestMA02" time="8.525"/>
</testsuite> <!-- AASProductTestCase.AASProductTest.qa.testcases.AccountListPageTest -->
