<?xml version="1.0" encoding="UTF-8"?>
<testsuite xmlns:xsi="http://www.w3.org/2001/XMLSchema-instance" xsi:noNamespaceSchemaLocation="https://maven.apache.org/surefire/maven-surefire-plugin/xsd/surefire-test-report.xsd" name="TestSuite" time="765.263" tests="226" errors="0" skipped="0" failures="0">
  <properties>
    <property name="java.specification.version" value="14"/>
    <property name="sun.cpu.isalist" value="amd64"/>
    <property name="sun.jnu.encoding" value="GBK"/>
    <property name="java.class.path" value="C:\Users\User\git\AASStagingTest\AASProductTestTools\target\test-classes;C:\Users\User\git\AASStagingTest\AASProductTestTools\target\classes;C:\Users\User\.m2\repository\org\seleniumhq\selenium\selenium-java\3.14.0\selenium-java-3.14.0.jar;C:\Users\User\.m2\repository\org\seleniumhq\selenium\selenium-api\3.14.0\selenium-api-3.14.0.jar;C:\Users\User\.m2\repository\org\seleniumhq\selenium\selenium-chrome-driver\3.14.0\selenium-chrome-driver-3.14.0.jar;C:\Users\User\.m2\repository\org\seleniumhq\selenium\selenium-edge-driver\3.14.0\selenium-edge-driver-3.14.0.jar;C:\Users\User\.m2\repository\org\seleniumhq\selenium\selenium-firefox-driver\3.14.0\selenium-firefox-driver-3.14.0.jar;C:\Users\User\.m2\repository\org\seleniumhq\selenium\selenium-ie-driver\3.14.0\selenium-ie-driver-3.14.0.jar;C:\Users\User\.m2\repository\org\seleniumhq\selenium\selenium-opera-driver\3.14.0\selenium-opera-driver-3.14.0.jar;C:\Users\User\.m2\repository\org\seleniumhq\selenium\selenium-remote-driver\3.14.0\selenium-remote-driver-3.14.0.jar;C:\Users\User\.m2\repository\org\seleniumhq\selenium\selenium-safari-driver\3.14.0\selenium-safari-driver-3.14.0.jar;C:\Users\User\.m2\repository\org\seleniumhq\selenium\selenium-support\3.14.0\selenium-support-3.14.0.jar;C:\Users\User\.m2\repository\net\bytebuddy\byte-buddy\1.8.15\byte-buddy-1.8.15.jar;C:\Users\User\.m2\repository\org\apache\commons\commons-exec\1.3\commons-exec-1.3.jar;C:\Users\User\.m2\repository\commons-codec\commons-codec\1.10\commons-codec-1.10.jar;C:\Users\User\.m2\repository\commons-logging\commons-logging\1.2\commons-logging-1.2.jar;C:\Users\User\.m2\repository\com\google\guava\guava\25.0-jre\guava-25.0-jre.jar;C:\Users\User\.m2\repository\com\google\code\findbugs\jsr305\1.3.9\jsr305-1.3.9.jar;C:\Users\User\.m2\repository\org\checkerframework\checker-compat-qual\2.0.0\checker-compat-qual-2.0.0.jar;C:\Users\User\.m2\repository\com\google\errorprone\error_prone_annotations\2.1.3\error_prone_annotations-2.1.3.jar;C:\Users\User\.m2\repository\com\google\j2objc\j2objc-annotations\1.1\j2objc-annotations-1.1.jar;C:\Users\User\.m2\repository\org\codehaus\mojo\animal-sniffer-annotations\1.14\animal-sniffer-annotations-1.14.jar;C:\Users\User\.m2\repository\org\apache\httpcomponents\httpclient\4.5.5\httpclient-4.5.5.jar;C:\Users\User\.m2\repository\org\apache\httpcomponents\httpcore\4.4.9\httpcore-4.4.9.jar;C:\Users\User\.m2\repository\com\squareup\okhttp3\okhttp\3.10.0\okhttp-3.10.0.jar;C:\Users\User\.m2\repository\com\squareup\okio\okio\1.14.1\okio-1.14.1.jar;C:\Users\User\.m2\repository\org\testng\testng\6.11\testng-6.11.jar;C:\Users\User\.m2\repository\com\beust\jcommander\1.64\jcommander-1.64.jar;C:\Users\User\.m2\repository\org\yaml\snakeyaml\1.17\snakeyaml-1.17.jar;C:\Users\User\.m2\repository\org\apache\poi\poi\3.9\poi-3.9.jar;C:\Users\User\.m2\repository\org\apache\poi\poi-ooxml\3.9\poi-ooxml-3.9.jar;C:\Users\User\.m2\repository\dom4j\dom4j\1.6.1\dom4j-1.6.1.jar;C:\Users\User\.m2\repository\xml-apis\xml-apis\1.0.b2\xml-apis-1.0.b2.jar;C:\Users\User\.m2\repository\org\apache\poi\poi-ooxml-schemas\3.9\poi-ooxml-schemas-3.9.jar;C:\Users\User\.m2\repository\org\apache\xmlbeans\xmlbeans\2.3.0\xmlbeans-2.3.0.jar;C:\Users\User\.m2\repository\stax\stax-api\1.0.1\stax-api-1.0.1.jar;C:\Users\User\.m2\repository\org\apache\poi\poi-scratchpad\3.9\poi-scratchpad-3.9.jar;C:\Users\User\.m2\repository\org\apache\poi\ooxml-schemas\1.1\ooxml-schemas-1.1.jar;C:\Users\User\.m2\repository\org\apache\poi\openxml4j\1.0-beta\openxml4j-1.0-beta.jar;C:\Users\User\.m2\repository\com\relevantcodes\extentreports\2.41.2\extentreports-2.41.2.jar;C:\Users\User\.m2\repository\org\jsoup\jsoup\1.8.3\jsoup-1.8.3.jar;C:\Users\User\.m2\repository\org\xerial\sqlite-jdbc\3.8.11.1\sqlite-jdbc-3.8.11.1.jar;C:\Users\User\.m2\repository\org\freemarker\freemarker\2.3.23\freemarker-2.3.23.jar;C:\Users\User\.m2\repository\org\mongodb\mongodb-driver\3.0.4\mongodb-driver-3.0.4.jar;C:\Users\User\.m2\repository\org\mongodb\mongodb-driver-core\3.0.4\mongodb-driver-core-3.0.4.jar;C:\Users\User\.m2\repository\commons-io\commons-io\2.6\commons-io-2.6.jar;C:\Users\User\.m2\repository\com\aventstack\extentreports\4.0.9\extentreports-4.0.9.jar;C:\Users\User\.m2\repository\org\mongodb\bson\3.3.0\bson-3.3.0.jar;C:\Users\User\.m2\repository\org\apache\httpcomponents\httpmime\4.5.2\httpmime-4.5.2.jar;C:\Users\User\.m2\repository\com\google\code\gson\gson\2.8.5\gson-2.8.5.jar;C:\Users\User\.m2\repository\log4j\log4j\1.2.17\log4j-1.2.17.jar;"/>
    <property name="java.vm.vendor" value="Oracle Corporation"/>
    <property name="sun.arch.data.model" value="64"/>
    <property name="user.variant" value=""/>
    <property name="java.vendor.url" value="https://java.oracle.com/"/>
    <property name="user.timezone" value="Asia/Singapore"/>
    <property name="os.name" value="Windows 10"/>
    <property name="java.vm.specification.version" value="14"/>
    <property name="sun.java.launcher" value="SUN_STANDARD"/>
    <property name="user.country" value="US"/>
    <property name="sun.boot.library.path" value="C:\Program Files\Java\jdk-14.0.1\bin"/>
    <property name="sun.java.command" value="C:\Users\User\AppData\Local\Temp\surefire16365681000060946595\surefirebooter14553867730791126167.jar C:\Users\User\AppData\Local\Temp\surefire16365681000060946595 2020-12-07T22-27-43_018-jvmRun1 surefire7302978159808570834tmp surefire_05504117379989384957tmp"/>
    <property name="jdk.debug" value="release"/>
    <property name="surefire.test.class.path" value="C:\Users\User\git\AASStagingTest\AASProductTestTools\target\test-classes;C:\Users\User\git\AASStagingTest\AASProductTestTools\target\classes;C:\Users\User\.m2\repository\org\seleniumhq\selenium\selenium-java\3.14.0\selenium-java-3.14.0.jar;C:\Users\User\.m2\repository\org\seleniumhq\selenium\selenium-api\3.14.0\selenium-api-3.14.0.jar;C:\Users\User\.m2\repository\org\seleniumhq\selenium\selenium-chrome-driver\3.14.0\selenium-chrome-driver-3.14.0.jar;C:\Users\User\.m2\repository\org\seleniumhq\selenium\selenium-edge-driver\3.14.0\selenium-edge-driver-3.14.0.jar;C:\Users\User\.m2\repository\org\seleniumhq\selenium\selenium-firefox-driver\3.14.0\selenium-firefox-driver-3.14.0.jar;C:\Users\User\.m2\repository\org\seleniumhq\selenium\selenium-ie-driver\3.14.0\selenium-ie-driver-3.14.0.jar;C:\Users\User\.m2\repository\org\seleniumhq\selenium\selenium-opera-driver\3.14.0\selenium-opera-driver-3.14.0.jar;C:\Users\User\.m2\repository\org\seleniumhq\selenium\selenium-remote-driver\3.14.0\selenium-remote-driver-3.14.0.jar;C:\Users\User\.m2\repository\org\seleniumhq\selenium\selenium-safari-driver\3.14.0\selenium-safari-driver-3.14.0.jar;C:\Users\User\.m2\repository\org\seleniumhq\selenium\selenium-support\3.14.0\selenium-support-3.14.0.jar;C:\Users\User\.m2\repository\net\bytebuddy\byte-buddy\1.8.15\byte-buddy-1.8.15.jar;C:\Users\User\.m2\repository\org\apache\commons\commons-exec\1.3\commons-exec-1.3.jar;C:\Users\User\.m2\repository\commons-codec\commons-codec\1.10\commons-codec-1.10.jar;C:\Users\User\.m2\repository\commons-logging\commons-logging\1.2\commons-logging-1.2.jar;C:\Users\User\.m2\repository\com\google\guava\guava\25.0-jre\guava-25.0-jre.jar;C:\Users\User\.m2\repository\com\google\code\findbugs\jsr305\1.3.9\jsr305-1.3.9.jar;C:\Users\User\.m2\repository\org\checkerframework\checker-compat-qual\2.0.0\checker-compat-qual-2.0.0.jar;C:\Users\User\.m2\repository\com\google\errorprone\error_prone_annotations\2.1.3\error_prone_annotations-2.1.3.jar;C:\Users\User\.m2\repository\com\google\j2objc\j2objc-annotations\1.1\j2objc-annotations-1.1.jar;C:\Users\User\.m2\repository\org\codehaus\mojo\animal-sniffer-annotations\1.14\animal-sniffer-annotations-1.14.jar;C:\Users\User\.m2\repository\org\apache\httpcomponents\httpclient\4.5.5\httpclient-4.5.5.jar;C:\Users\User\.m2\repository\org\apache\httpcomponents\httpcore\4.4.9\httpcore-4.4.9.jar;C:\Users\User\.m2\repository\com\squareup\okhttp3\okhttp\3.10.0\okhttp-3.10.0.jar;C:\Users\User\.m2\repository\com\squareup\okio\okio\1.14.1\okio-1.14.1.jar;C:\Users\User\.m2\repository\org\testng\testng\6.11\testng-6.11.jar;C:\Users\User\.m2\repository\com\beust\jcommander\1.64\jcommander-1.64.jar;C:\Users\User\.m2\repository\org\yaml\snakeyaml\1.17\snakeyaml-1.17.jar;C:\Users\User\.m2\repository\org\apache\poi\poi\3.9\poi-3.9.jar;C:\Users\User\.m2\repository\org\apache\poi\poi-ooxml\3.9\poi-ooxml-3.9.jar;C:\Users\User\.m2\repository\dom4j\dom4j\1.6.1\dom4j-1.6.1.jar;C:\Users\User\.m2\repository\xml-apis\xml-apis\1.0.b2\xml-apis-1.0.b2.jar;C:\Users\User\.m2\repository\org\apache\poi\poi-ooxml-schemas\3.9\poi-ooxml-schemas-3.9.jar;C:\Users\User\.m2\repository\org\apache\xmlbeans\xmlbeans\2.3.0\xmlbeans-2.3.0.jar;C:\Users\User\.m2\repository\stax\stax-api\1.0.1\stax-api-1.0.1.jar;C:\Users\User\.m2\repository\org\apache\poi\poi-scratchpad\3.9\poi-scratchpad-3.9.jar;C:\Users\User\.m2\repository\org\apache\poi\ooxml-schemas\1.1\ooxml-schemas-1.1.jar;C:\Users\User\.m2\repository\org\apache\poi\openxml4j\1.0-beta\openxml4j-1.0-beta.jar;C:\Users\User\.m2\repository\com\relevantcodes\extentreports\2.41.2\extentreports-2.41.2.jar;C:\Users\User\.m2\repository\org\jsoup\jsoup\1.8.3\jsoup-1.8.3.jar;C:\Users\User\.m2\repository\org\xerial\sqlite-jdbc\3.8.11.1\sqlite-jdbc-3.8.11.1.jar;C:\Users\User\.m2\repository\org\freemarker\freemarker\2.3.23\freemarker-2.3.23.jar;C:\Users\User\.m2\repository\org\mongodb\mongodb-driver\3.0.4\mongodb-driver-3.0.4.jar;C:\Users\User\.m2\repository\org\mongodb\mongodb-driver-core\3.0.4\mongodb-driver-core-3.0.4.jar;C:\Users\User\.m2\repository\commons-io\commons-io\2.6\commons-io-2.6.jar;C:\Users\User\.m2\repository\com\aventstack\extentreports\4.0.9\extentreports-4.0.9.jar;C:\Users\User\.m2\repository\org\mongodb\bson\3.3.0\bson-3.3.0.jar;C:\Users\User\.m2\repository\org\apache\httpcomponents\httpmime\4.5.2\httpmime-4.5.2.jar;C:\Users\User\.m2\repository\com\google\code\gson\gson\2.8.5\gson-2.8.5.jar;C:\Users\User\.m2\repository\log4j\log4j\1.2.17\log4j-1.2.17.jar;"/>
    <property name="sun.cpu.endian" value="little"/>
    <property name="user.home" value="C:\Users\User"/>
    <property name="user.language" value="en"/>
    <property name="java.specification.vendor" value="Oracle Corporation"/>
    <property name="java.version.date" value="2020-04-14"/>
    <property name="java.home" value="C:\Program Files\Java\jdk-14.0.1"/>
    <property name="file.separator" value="\"/>
    <property name="basedir" value="C:\Users\User\git\AASStagingTest\AASProductTestTools"/>
    <property name="java.vm.compressedOopsMode" value="Zero based"/>
    <property name="line.separator" value="&#10;"/>
    <property name="java.vm.specification.vendor" value="Oracle Corporation"/>
    <property name="java.specification.name" value="Java Platform API Specification"/>
    <property name="surefire.real.class.path" value="C:\Users\User\AppData\Local\Temp\surefire16365681000060946595\surefirebooter14553867730791126167.jar"/>
    <property name="user.script" value=""/>
    <property name="sun.management.compiler" value="HotSpot 64-Bit Tiered Compilers"/>
    <property name="java.runtime.version" value="14.0.1+7"/>
    <property name="user.name" value="User"/>
    <property name="path.separator" value=";"/>
    <property name="os.version" value="10.0"/>
    <property name="java.runtime.name" value="Java(TM) SE Runtime Environment"/>
    <property name="file.encoding" value="Cp1252"/>
    <property name="java.vm.name" value="Java HotSpot(TM) 64-Bit Server VM"/>
    <property name="localRepository" value="C:\Users\User\.m2\repository"/>
    <property name="java.vendor.url.bug" value="https://bugreport.java.com/bugreport/"/>
    <property name="java.io.tmpdir" value="C:\Users\User\AppData\Local\Temp\"/>
    <property name="java.version" value="14.0.1"/>
    <property name="user.dir" value="C:\Users\User\git\AASStagingTest\AASProductTestTools"/>
    <property name="os.arch" value="amd64"/>
    <property name="java.vm.specification.name" value="Java Virtual Machine Specification"/>
    <property name="sun.os.patch.level" value=""/>
    <property name="java.library.path" value="C:\Program Files\Java\jdk-14.0.1\bin;C:\Windows\Sun\Java\bin;C:\Windows\system32;C:\Windows;C:/Program Files/Java/jdk-14.0.1/bin/server;C:/Program Files/Java/jdk-14.0.1/bin;C:\Program Files (x86)\Common Files\Oracle\Java\javapath;C:\Windows\system32;C:\Windows;C:\Windows\System32\Wbem;C:\Windows\System32\WindowsPowerShell\v1.0\;C:\Windows\System32\OpenSSH\;C:\Program Files (x86)\Java\jre1.8.0_251\bin;C:\Program Files\nodejs\;C:\Program Files\Java\jdk1.8.0_261\bin;C:\opt\apache-maven-3.6.3\bin;C:\Program Files\Git\cmd;C:\Program Files\PuTTY\;C:\Users\User\AppData\Local\Microsoft\WindowsApps;C:\Users\User\AppData\Roaming\npm;C:\Windows\system32;;."/>
    <property name="java.vm.info" value="mixed mode, sharing"/>
    <property name="java.vendor" value="Oracle Corporation"/>
    <property name="java.vm.version" value="14.0.1+7"/>
    <property name="sun.io.unicode.encoding" value="UnicodeLittle"/>
    <property name="java.class.version" value="58.0"/>
  </properties>
  <testcase name="PTSettingCAPositiveTest01" classname="AASProductTestCase.AASProductTest.qa.testcases.PTSettingPageTest" time="5.727"/>
  <testcase name="PTSettingCAPositiveTest01" classname="AASProductTestCase.AASProductTest.qa.testcases.PTSettingPageTest" time="5.428"/>
  <testcase name="PTSettingCAPositiveTest01" classname="AASProductTestCase.AASProductTest.qa.testcases.PTSettingPageTest" time="5.417"/>
  <testcase name="PTSettingCAPositiveTest01" classname="AASProductTestCase.AASProductTest.qa.testcases.PTSettingPageTest" time="5.396"/>
  <testcase name="PTSettingCAPositiveTest01" classname="AASProductTestCase.AASProductTest.qa.testcases.PTSettingPageTest" time="5.569"/>
  <testcase name="PTSettingCAPositiveTest01" classname="AASProductTestCase.AASProductTest.qa.testcases.PTSettingPageTest" time="5.723"/>
  <testcase name="PTSettingCAPositiveTest01" classname="AASProductTestCase.AASProductTest.qa.testcases.PTSettingPageTest" time="5.318"/>
  <testcase name="PTSettingCAPositiveTest01" classname="AASProductTestCase.AASProductTest.qa.testcases.PTSettingPageTest" time="5.273"/>
  <testcase name="PTSettingCAPositiveTest01" classname="AASProductTestCase.AASProductTest.qa.testcases.PTSettingPageTest" time="5.267"/>
  <testcase name="PTSettingCAPositiveTest01" classname="AASProductTestCase.AASProductTest.qa.testcases.PTSettingPageTest" time="5.27"/>
  <testcase name="PTSettingCAPositiveTest01" classname="AASProductTestCase.AASProductTest.qa.testcases.PTSettingPageTest" time="5.278"/>
  <testcase name="PTSettingCAPositiveTest01" classname="AASProductTestCase.AASProductTest.qa.testcases.PTSettingPageTest" time="5.334"/>
  <testcase name="PTSettingCAPositiveTest01" classname="AASProductTestCase.AASProductTest.qa.testcases.PTSettingPageTest" time="5.239"/>
  <testcase name="PTSettingCAPositiveTest01" classname="AASProductTestCase.AASProductTest.qa.testcases.PTSettingPageTest" time="5.25"/>
  <testcase name="PTSettingCAPositiveTest01" classname="AASProductTestCase.AASProductTest.qa.testcases.PTSettingPageTest" time="5.251"/>
  <testcase name="PTSettingCAPositiveTest01" classname="AASProductTestCase.AASProductTest.qa.testcases.PTSettingPageTest" time="5.256"/>
  <testcase name="PTSettingCAPositiveTest01" classname="AASProductTestCase.AASProductTest.qa.testcases.PTSettingPageTest" time="5.28"/>
  <testcase name="PTSettingCAGroupUpdate" classname="AASProductTestCase.AASProductTest.qa.testcases.PTSettingPageTest" time="9.453"/>
  <testcase name="PTSettingCAPositiveTest02" classname="AASProductTestCase.AASProductTest.qa.testcases.PTSettingPageTest" time="1.071"/>
  <testcase name="PTSettingCAPositiveTest02" classname="AASProductTestCase.AASProductTest.qa.testcases.PTSettingPageTest" time="1.082"/>
  <testcase name="PTSettingCAPositiveTest02" classname="AASProductTestCase.AASProductTest.qa.testcases.PTSettingPageTest" time="1.098"/>
  <testcase name="PTSettingCAPositiveTest02" classname="AASProductTestCase.AASProductTest.qa.testcases.PTSettingPageTest" time="1.076"/>
  <testcase name="PTSettingCAPositiveTest02" classname="AASProductTestCase.AASProductTest.qa.testcases.PTSettingPageTest" time="1.096"/>
  <testcase name="PTSettingCAPositiveTest02" classname="AASProductTestCase.AASProductTest.qa.testcases.PTSettingPageTest" time="1.094"/>
  <testcase name="PTSettingCAPositiveTest02" classname="AASProductTestCase.AASProductTest.qa.testcases.PTSettingPageTest" time="1.068"/>
  <testcase name="PTSettingCAPositiveTest02" classname="AASProductTestCase.AASProductTest.qa.testcases.PTSettingPageTest" time="1.062"/>
  <testcase name="PTSettingCAPositiveTest02" classname="AASProductTestCase.AASProductTest.qa.testcases.PTSettingPageTest" time="1.073"/>
  <testcase name="PTSettingCAPositiveTest02" classname="AASProductTestCase.AASProductTest.qa.testcases.PTSettingPageTest" time="1.046"/>
  <testcase name="PTSettingCAPositiveTest02" classname="AASProductTestCase.AASProductTest.qa.testcases.PTSettingPageTest" time="1.049"/>
  <testcase name="PTSettingCAPositiveTest02" classname="AASProductTestCase.AASProductTest.qa.testcases.PTSettingPageTest" time="1.049"/>
  <testcase name="PTSettingCAPositiveTest02" classname="AASProductTestCase.AASProductTest.qa.testcases.PTSettingPageTest" time="1.055"/>
  <testcase name="PTSettingCAPositiveTest02" classname="AASProductTestCase.AASProductTest.qa.testcases.PTSettingPageTest" time="1.056"/>
  <testcase name="PTSettingCAPositiveTest02" classname="AASProductTestCase.AASProductTest.qa.testcases.PTSettingPageTest" time="1.057"/>
  <testcase name="PTSettingCAPositiveTest02" classname="AASProductTestCase.AASProductTest.qa.testcases.PTSettingPageTest" time="1.049"/>
  <testcase name="PTSettingCAPositiveTest02" classname="AASProductTestCase.AASProductTest.qa.testcases.PTSettingPageTest" time="1.052"/>
  <testcase name="PTSettingCANegativeTest01" classname="AASProductTestCase.AASProductTest.qa.testcases.PTSettingPageTest" time="5.436"/>
  <testcase name="PTSettingCANegativeTest01" classname="AASProductTestCase.AASProductTest.qa.testcases.PTSettingPageTest" time="5.304"/>
  <testcase name="PTSettingCANegativeTest01" classname="AASProductTestCase.AASProductTest.qa.testcases.PTSettingPageTest" time="5.365"/>
  <testcase name="PTSettingCANegativeTest01" classname="AASProductTestCase.AASProductTest.qa.testcases.PTSettingPageTest" time="5.354"/>
  <testcase name="PTSettingCANegativeTest01" classname="AASProductTestCase.AASProductTest.qa.testcases.PTSettingPageTest" time="5.29"/>
  <testcase name="PTSettingCANegativeTest01" classname="AASProductTestCase.AASProductTest.qa.testcases.PTSettingPageTest" time="5.411"/>
  <testcase name="PTSettingCANegativeTest01" classname="AASProductTestCase.AASProductTest.qa.testcases.PTSettingPageTest" time="5.324"/>
  <testcase name="PTSettingCANegativeTest01" classname="AASProductTestCase.AASProductTest.qa.testcases.PTSettingPageTest" time="5.337"/>
  <testcase name="PTSettingCANegativeTest01" classname="AASProductTestCase.AASProductTest.qa.testcases.PTSettingPageTest" time="5.322"/>
  <testcase name="PTSettingCANegativeTest01" classname="AASProductTestCase.AASProductTest.qa.testcases.PTSettingPageTest" time="5.245"/>
  <testcase name="PTSettingCANegativeTest01" classname="AASProductTestCase.AASProductTest.qa.testcases.PTSettingPageTest" time="5.335"/>
  <testcase name="PTSettingCANegativeTest01" classname="AASProductTestCase.AASProductTest.qa.testcases.PTSettingPageTest" time="5.32"/>
  <testcase name="PTSettingCANegativeTest01" classname="AASProductTestCase.AASProductTest.qa.testcases.PTSettingPageTest" time="5.272"/>
  <testcase name="PTSettingCANegativeTest01" classname="AASProductTestCase.AASProductTest.qa.testcases.PTSettingPageTest" time="5.276"/>
  <testcase name="PTSettingCANegativeTest01" classname="AASProductTestCase.AASProductTest.qa.testcases.PTSettingPageTest" time="5.236"/>
  <testcase name="PTSettingCANegativeTest01" classname="AASProductTestCase.AASProductTest.qa.testcases.PTSettingPageTest" time="5.265"/>
  <testcase name="PTSettingCANegativeTest01" classname="AASProductTestCase.AASProductTest.qa.testcases.PTSettingPageTest" time="5.237"/>
  <testcase name="PTSettingCANegativeTest02" classname="AASProductTestCase.AASProductTest.qa.testcases.PTSettingPageTest" time="4.24"/>
  <testcase name="PTSettingCANegativeTest02" classname="AASProductTestCase.AASProductTest.qa.testcases.PTSettingPageTest" time="4.269"/>
  <testcase name="PTSettingCANegativeTest02" classname="AASProductTestCase.AASProductTest.qa.testcases.PTSettingPageTest" time="4.352"/>
  <testcase name="PTSettingCANegativeTest02" classname="AASProductTestCase.AASProductTest.qa.testcases.PTSettingPageTest" time="4.342"/>
  <testcase name="PTSettingCANegativeTest02" classname="AASProductTestCase.AASProductTest.qa.testcases.PTSettingPageTest" time="4.225"/>
  <testcase name="PTSettingCANegativeTest02" classname="AASProductTestCase.AASProductTest.qa.testcases.PTSettingPageTest" time="4.229"/>
  <testcase name="PTSettingCANegativeTest02" classname="AASProductTestCase.AASProductTest.qa.testcases.PTSettingPageTest" time="4.211"/>
  <testcase name="PTSettingCANegativeTest02" classname="AASProductTestCase.AASProductTest.qa.testcases.PTSettingPageTest" time="4.244"/>
  <testcase name="PTSettingCANegativeTest02" classname="AASProductTestCase.AASProductTest.qa.testcases.PTSettingPageTest" time="4.24"/>
  <testcase name="PTSettingCANegativeTest02" classname="AASProductTestCase.AASProductTest.qa.testcases.PTSettingPageTest" time="4.229"/>
  <testcase name="PTSettingCANegativeTest02" classname="AASProductTestCase.AASProductTest.qa.testcases.PTSettingPageTest" time="4.298"/>
  <testcase name="PTSettingCANegativeTest02" classname="AASProductTestCase.AASProductTest.qa.testcases.PTSettingPageTest" time="4.264"/>
  <testcase name="PTSettingCANegativeTest02" classname="AASProductTestCase.AASProductTest.qa.testcases.PTSettingPageTest" time="4.317"/>
  <testcase name="PTSettingCANegativeTest02" classname="AASProductTestCase.AASProductTest.qa.testcases.PTSettingPageTest" time="4.238"/>
  <testcase name="PTSettingCANegativeTest02" classname="AASProductTestCase.AASProductTest.qa.testcases.PTSettingPageTest" time="4.271"/>
  <testcase name="PTSettingCANegativeTest02" classname="AASProductTestCase.AASProductTest.qa.testcases.PTSettingPageTest" time="4.225"/>
  <testcase name="PTSettingCANegativeTest02" classname="AASProductTestCase.AASProductTest.qa.testcases.PTSettingPageTest" time="4.225"/>
  <testcase name="ProceedSMACheck" classname="AASProductTestCase.AASProductTest.qa.testcases.PTSettingPageTest" time="4.536"/>
  <testcase name="PTSettingSMAGivenPTCheck" classname="AASProductTestCase.AASProductTest.qa.testcases.PTSettingPageTest" time="1.075"/>
  <testcase name="PTSettingSMAGivenPTCheck" classname="AASProductTestCase.AASProductTest.qa.testcases.PTSettingPageTest" time="1.06"/>
  <testcase name="PTSettingSMAGivenPTCheck" classname="AASProductTestCase.AASProductTest.qa.testcases.PTSettingPageTest" time="1.049"/>
  <testcase name="PTSettingSMAGivenPTCheck" classname="AASProductTestCase.AASProductTest.qa.testcases.PTSettingPageTest" time="1.047"/>
  <testcase name="PTSettingSMAGivenPTCheck" classname="AASProductTestCase.AASProductTest.qa.testcases.PTSettingPageTest" time="1.054"/>
  <testcase name="PTSettingSMAGivenPTCheck" classname="AASProductTestCase.AASProductTest.qa.testcases.PTSettingPageTest" time="1.056"/>
  <testcase name="PTSettingSMAGivenPTCheck" classname="AASProductTestCase.AASProductTest.qa.testcases.PTSettingPageTest" time="1.054"/>
  <testcase name="PTSettingSMAGivenPTCheck" classname="AASProductTestCase.AASProductTest.qa.testcases.PTSettingPageTest" time="1.055"/>
  <testcase name="PTSettingSMAGivenPTCheck" classname="AASProductTestCase.AASProductTest.qa.testcases.PTSettingPageTest" time="1.066"/>
  <testcase name="PTSettingSMAGivenPTCheck" classname="AASProductTestCase.AASProductTest.qa.testcases.PTSettingPageTest" time="1.054"/>
  <testcase name="PTSettingSMAGivenPTCheck" classname="AASProductTestCase.AASProductTest.qa.testcases.PTSettingPageTest" time="1.052"/>
  <testcase name="PTSettingSMAGivenPTCheck" classname="AASProductTestCase.AASProductTest.qa.testcases.PTSettingPageTest" time="1.065"/>
  <testcase name="PTSettingSMAGivenPTCheck" classname="AASProductTestCase.AASProductTest.qa.testcases.PTSettingPageTest" time="1.048"/>
  <testcase name="PTSettingSMAGivenPTCheck" classname="AASProductTestCase.AASProductTest.qa.testcases.PTSettingPageTest" time="1.048"/>
  <testcase name="PTSettingSMAGivenPTCheck" classname="AASProductTestCase.AASProductTest.qa.testcases.PTSettingPageTest" time="1.047"/>
  <testcase name="PTSettingSMAGivenPTCheck" classname="AASProductTestCase.AASProductTest.qa.testcases.PTSettingPageTest" time="1.059"/>
  <testcase name="PTSettingSMAGivenPTCheck" classname="AASProductTestCase.AASProductTest.qa.testcases.PTSettingPageTest" time="1.071"/>
  <testcase name="PTSettingSMAPositiveTest01" classname="AASProductTestCase.AASProductTest.qa.testcases.PTSettingPageTest" time="4.307"/>
  <testcase name="PTSettingSMAPositiveTest01" classname="AASProductTestCase.AASProductTest.qa.testcases.PTSettingPageTest" time="4.23"/>
  <testcase name="PTSettingSMAPositiveTest01" classname="AASProductTestCase.AASProductTest.qa.testcases.PTSettingPageTest" time="4.21"/>
  <testcase name="PTSettingSMAPositiveTest01" classname="AASProductTestCase.AASProductTest.qa.testcases.PTSettingPageTest" time="4.236"/>
  <testcase name="PTSettingSMAPositiveTest01" classname="AASProductTestCase.AASProductTest.qa.testcases.PTSettingPageTest" time="4.234"/>
  <testcase name="PTSettingSMAPositiveTest01" classname="AASProductTestCase.AASProductTest.qa.testcases.PTSettingPageTest" time="4.237"/>
  <testcase name="PTSettingSMAPositiveTest01" classname="AASProductTestCase.AASProductTest.qa.testcases.PTSettingPageTest" time="4.225"/>
  <testcase name="PTSettingSMAPositiveTest01" classname="AASProductTestCase.AASProductTest.qa.testcases.PTSettingPageTest" time="4.27"/>
  <testcase name="PTSettingSMAPositiveTest01" classname="AASProductTestCase.AASProductTest.qa.testcases.PTSettingPageTest" time="4.209"/>
  <testcase name="PTSettingSMAPositiveTest01" classname="AASProductTestCase.AASProductTest.qa.testcases.PTSettingPageTest" time="4.239"/>
  <testcase name="PTSettingSMAPositiveTest01" classname="AASProductTestCase.AASProductTest.qa.testcases.PTSettingPageTest" time="4.276"/>
  <testcase name="PTSettingSMAPositiveTest01" classname="AASProductTestCase.AASProductTest.qa.testcases.PTSettingPageTest" time="4.241"/>
  <testcase name="PTSettingSMAPositiveTest01" classname="AASProductTestCase.AASProductTest.qa.testcases.PTSettingPageTest" time="4.237"/>
  <testcase name="PTSettingSMAPositiveTest01" classname="AASProductTestCase.AASProductTest.qa.testcases.PTSettingPageTest" time="4.225"/>
  <testcase name="PTSettingSMAPositiveTest01" classname="AASProductTestCase.AASProductTest.qa.testcases.PTSettingPageTest" time="4.236"/>
  <testcase name="PTSettingSMAPositiveTest01" classname="AASProductTestCase.AASProductTest.qa.testcases.PTSettingPageTest" time="4.235"/>
  <testcase name="PTSettingSMAPositiveTest01" classname="AASProductTestCase.AASProductTest.qa.testcases.PTSettingPageTest" time="4.233"/>
  <testcase name="PTSettingSMANegativeTest01" classname="AASProductTestCase.AASProductTest.qa.testcases.PTSettingPageTest" time="4.204"/>
  <testcase name="PTSettingSMANegativeTest01" classname="AASProductTestCase.AASProductTest.qa.testcases.PTSettingPageTest" time="4.238"/>
  <testcase name="PTSettingSMANegativeTest01" classname="AASProductTestCase.AASProductTest.qa.testcases.PTSettingPageTest" time="4.253"/>
  <testcase name="PTSettingSMANegativeTest01" classname="AASProductTestCase.AASProductTest.qa.testcases.PTSettingPageTest" time="4.201"/>
  <testcase name="PTSettingSMANegativeTest01" classname="AASProductTestCase.AASProductTest.qa.testcases.PTSettingPageTest" time="4.196"/>
  <testcase name="PTSettingSMANegativeTest01" classname="AASProductTestCase.AASProductTest.qa.testcases.PTSettingPageTest" time="4.232"/>
  <testcase name="PTSettingSMANegativeTest01" classname="AASProductTestCase.AASProductTest.qa.testcases.PTSettingPageTest" time="4.213"/>
  <testcase name="PTSettingSMANegativeTest01" classname="AASProductTestCase.AASProductTest.qa.testcases.PTSettingPageTest" time="4.228"/>
  <testcase name="PTSettingSMANegativeTest01" classname="AASProductTestCase.AASProductTest.qa.testcases.PTSettingPageTest" time="4.208"/>
  <testcase name="PTSettingSMANegativeTest01" classname="AASProductTestCase.AASProductTest.qa.testcases.PTSettingPageTest" time="4.345"/>
  <testcase name="PTSettingSMANegativeTest01" classname="AASProductTestCase.AASProductTest.qa.testcases.PTSettingPageTest" time="4.214"/>
  <testcase name="PTSettingSMANegativeTest01" classname="AASProductTestCase.AASProductTest.qa.testcases.PTSettingPageTest" time="4.177"/>
  <testcase name="PTSettingSMANegativeTest01" classname="AASProductTestCase.AASProductTest.qa.testcases.PTSettingPageTest" time="4.195"/>
  <testcase name="PTSettingSMANegativeTest01" classname="AASProductTestCase.AASProductTest.qa.testcases.PTSettingPageTest" time="4.252"/>
  <testcase name="PTSettingSMANegativeTest01" classname="AASProductTestCase.AASProductTest.qa.testcases.PTSettingPageTest" time="4.226"/>
  <testcase name="PTSettingSMANegativeTest01" classname="AASProductTestCase.AASProductTest.qa.testcases.PTSettingPageTest" time="4.259"/>
  <testcase name="PTSettingSMANegativeTest01" classname="AASProductTestCase.AASProductTest.qa.testcases.PTSettingPageTest" time="4.255"/>
  <testcase name="PTSettingSMANegativeTest02" classname="AASProductTestCase.AASProductTest.qa.testcases.PTSettingPageTest" time="4.251"/>
  <testcase name="PTSettingSMANegativeTest02" classname="AASProductTestCase.AASProductTest.qa.testcases.PTSettingPageTest" time="4.307"/>
  <testcase name="PTSettingSMANegativeTest02" classname="AASProductTestCase.AASProductTest.qa.testcases.PTSettingPageTest" time="4.225"/>
  <testcase name="PTSettingSMANegativeTest02" classname="AASProductTestCase.AASProductTest.qa.testcases.PTSettingPageTest" time="4.236"/>
  <testcase name="PTSettingSMANegativeTest02" classname="AASProductTestCase.AASProductTest.qa.testcases.PTSettingPageTest" time="4.22"/>
  <testcase name="PTSettingSMANegativeTest02" classname="AASProductTestCase.AASProductTest.qa.testcases.PTSettingPageTest" time="4.205"/>
  <testcase name="PTSettingSMANegativeTest02" classname="AASProductTestCase.AASProductTest.qa.testcases.PTSettingPageTest" time="4.225"/>
  <testcase name="PTSettingSMANegativeTest02" classname="AASProductTestCase.AASProductTest.qa.testcases.PTSettingPageTest" time="4.218"/>
  <testcase name="PTSettingSMANegativeTest02" classname="AASProductTestCase.AASProductTest.qa.testcases.PTSettingPageTest" time="4.285"/>
  <testcase name="PTSettingSMANegativeTest02" classname="AASProductTestCase.AASProductTest.qa.testcases.PTSettingPageTest" time="4.24"/>
  <testcase name="PTSettingSMANegativeTest02" classname="AASProductTestCase.AASProductTest.qa.testcases.PTSettingPageTest" time="4.27"/>
  <testcase name="PTSettingSMANegativeTest02" classname="AASProductTestCase.AASProductTest.qa.testcases.PTSettingPageTest" time="4.228"/>
  <testcase name="PTSettingSMANegativeTest02" classname="AASProductTestCase.AASProductTest.qa.testcases.PTSettingPageTest" time="4.244"/>
  <testcase name="PTSettingSMANegativeTest02" classname="AASProductTestCase.AASProductTest.qa.testcases.PTSettingPageTest" time="4.204"/>
  <testcase name="PTSettingSMANegativeTest02" classname="AASProductTestCase.AASProductTest.qa.testcases.PTSettingPageTest" time="4.228"/>
  <testcase name="PTSettingSMANegativeTest02" classname="AASProductTestCase.AASProductTest.qa.testcases.PTSettingPageTest" time="4.206"/>
  <testcase name="PTSettingSMANegativeTest02" classname="AASProductTestCase.AASProductTest.qa.testcases.PTSettingPageTest" time="4.24"/>
  <testcase name="PTSettingSMAGroupUpdate" classname="AASProductTestCase.AASProductTest.qa.testcases.PTSettingPageTest" time="9.394"/>
  <testcase name="PTSettingSMAPositiveTest02" classname="AASProductTestCase.AASProductTest.qa.testcases.PTSettingPageTest" time="1.062"/>
  <testcase name="PTSettingSMAPositiveTest02" classname="AASProductTestCase.AASProductTest.qa.testcases.PTSettingPageTest" time="1.062"/>
  <testcase name="PTSettingSMAPositiveTest02" classname="AASProductTestCase.AASProductTest.qa.testcases.PTSettingPageTest" time="1.079"/>
  <testcase name="PTSettingSMAPositiveTest02" classname="AASProductTestCase.AASProductTest.qa.testcases.PTSettingPageTest" time="1.056"/>
  <testcase name="PTSettingSMAPositiveTest02" classname="AASProductTestCase.AASProductTest.qa.testcases.PTSettingPageTest" time="1.057"/>
  <testcase name="PTSettingSMAPositiveTest02" classname="AASProductTestCase.AASProductTest.qa.testcases.PTSettingPageTest" time="1.081"/>
  <testcase name="PTSettingSMAPositiveTest02" classname="AASProductTestCase.AASProductTest.qa.testcases.PTSettingPageTest" time="1.076"/>
  <testcase name="PTSettingSMAPositiveTest02" classname="AASProductTestCase.AASProductTest.qa.testcases.PTSettingPageTest" time="1.052"/>
  <testcase name="PTSettingSMAPositiveTest02" classname="AASProductTestCase.AASProductTest.qa.testcases.PTSettingPageTest" time="1.052"/>
  <testcase name="PTSettingSMAPositiveTest02" classname="AASProductTestCase.AASProductTest.qa.testcases.PTSettingPageTest" time="1.052"/>
  <testcase name="PTSettingSMAPositiveTest02" classname="AASProductTestCase.AASProductTest.qa.testcases.PTSettingPageTest" time="1.071"/>
  <testcase name="PTSettingSMAPositiveTest02" classname="AASProductTestCase.AASProductTest.qa.testcases.PTSettingPageTest" time="1.053"/>
  <testcase name="PTSettingSMAPositiveTest02" classname="AASProductTestCase.AASProductTest.qa.testcases.PTSettingPageTest" time="1.05"/>
  <testcase name="PTSettingSMAPositiveTest02" classname="AASProductTestCase.AASProductTest.qa.testcases.PTSettingPageTest" time="1.056"/>
  <testcase name="PTSettingSMAPositiveTest02" classname="AASProductTestCase.AASProductTest.qa.testcases.PTSettingPageTest" time="1.054"/>
  <testcase name="PTSettingSMAPositiveTest02" classname="AASProductTestCase.AASProductTest.qa.testcases.PTSettingPageTest" time="1.054"/>
  <testcase name="PTSettingSMAPositiveTest02" classname="AASProductTestCase.AASProductTest.qa.testcases.PTSettingPageTest" time="1.051"/>
  <testcase name="ProceedMACheck" classname="AASProductTestCase.AASProductTest.qa.testcases.PTSettingPageTest" time="4.538"/>
  <testcase name="PTSettingMAGivenPTCheck" classname="AASProductTestCase.AASProductTest.qa.testcases.PTSettingPageTest" time="1.062"/>
  <testcase name="PTSettingMAGivenPTCheck" classname="AASProductTestCase.AASProductTest.qa.testcases.PTSettingPageTest" time="1.047"/>
  <testcase name="PTSettingMAGivenPTCheck" classname="AASProductTestCase.AASProductTest.qa.testcases.PTSettingPageTest" time="1.048"/>
  <testcase name="PTSettingMAGivenPTCheck" classname="AASProductTestCase.AASProductTest.qa.testcases.PTSettingPageTest" time="1.054"/>
  <testcase name="PTSettingMAGivenPTCheck" classname="AASProductTestCase.AASProductTest.qa.testcases.PTSettingPageTest" time="1.063"/>
  <testcase name="PTSettingMAGivenPTCheck" classname="AASProductTestCase.AASProductTest.qa.testcases.PTSettingPageTest" time="1.052"/>
  <testcase name="PTSettingMAGivenPTCheck" classname="AASProductTestCase.AASProductTest.qa.testcases.PTSettingPageTest" time="1.051"/>
  <testcase name="PTSettingMAGivenPTCheck" classname="AASProductTestCase.AASProductTest.qa.testcases.PTSettingPageTest" time="1.06"/>
  <testcase name="PTSettingMAGivenPTCheck" classname="AASProductTestCase.AASProductTest.qa.testcases.PTSettingPageTest" time="1.056"/>
  <testcase name="PTSettingMAGivenPTCheck" classname="AASProductTestCase.AASProductTest.qa.testcases.PTSettingPageTest" time="1.047"/>
  <testcase name="PTSettingMAGivenPTCheck" classname="AASProductTestCase.AASProductTest.qa.testcases.PTSettingPageTest" time="1.06"/>
  <testcase name="PTSettingMAGivenPTCheck" classname="AASProductTestCase.AASProductTest.qa.testcases.PTSettingPageTest" time="1.049"/>
  <testcase name="PTSettingMAGivenPTCheck" classname="AASProductTestCase.AASProductTest.qa.testcases.PTSettingPageTest" time="1.046"/>
  <testcase name="PTSettingMAGivenPTCheck" classname="AASProductTestCase.AASProductTest.qa.testcases.PTSettingPageTest" time="1.052"/>
  <testcase name="PTSettingMAGivenPTCheck" classname="AASProductTestCase.AASProductTest.qa.testcases.PTSettingPageTest" time="1.05"/>
  <testcase name="PTSettingMAGivenPTCheck" classname="AASProductTestCase.AASProductTest.qa.testcases.PTSettingPageTest" time="1.05"/>
  <testcase name="PTSettingMAGivenPTCheck" classname="AASProductTestCase.AASProductTest.qa.testcases.PTSettingPageTest" time="1.07"/>
  <testcase name="PTSettingMAPositiveTest01" classname="AASProductTestCase.AASProductTest.qa.testcases.PTSettingPageTest" time="4.341"/>
  <testcase name="PTSettingMAPositiveTest01" classname="AASProductTestCase.AASProductTest.qa.testcases.PTSettingPageTest" time="4.2"/>
  <testcase name="PTSettingMAPositiveTest01" classname="AASProductTestCase.AASProductTest.qa.testcases.PTSettingPageTest" time="4.193"/>
  <testcase name="PTSettingMAPositiveTest01" classname="AASProductTestCase.AASProductTest.qa.testcases.PTSettingPageTest" time="4.219"/>
  <testcase name="PTSettingMAPositiveTest01" classname="AASProductTestCase.AASProductTest.qa.testcases.PTSettingPageTest" time="4.202"/>
  <testcase name="PTSettingMAPositiveTest01" classname="AASProductTestCase.AASProductTest.qa.testcases.PTSettingPageTest" time="4.202"/>
  <testcase name="PTSettingMAPositiveTest01" classname="AASProductTestCase.AASProductTest.qa.testcases.PTSettingPageTest" time="4.229"/>
  <testcase name="PTSettingMAPositiveTest01" classname="AASProductTestCase.AASProductTest.qa.testcases.PTSettingPageTest" time="4.217"/>
  <testcase name="PTSettingMAPositiveTest01" classname="AASProductTestCase.AASProductTest.qa.testcases.PTSettingPageTest" time="4.199"/>
  <testcase name="PTSettingMAPositiveTest01" classname="AASProductTestCase.AASProductTest.qa.testcases.PTSettingPageTest" time="4.212"/>
  <testcase name="PTSettingMAPositiveTest01" classname="AASProductTestCase.AASProductTest.qa.testcases.PTSettingPageTest" time="4.224"/>
  <testcase name="PTSettingMAPositiveTest01" classname="AASProductTestCase.AASProductTest.qa.testcases.PTSettingPageTest" time="4.258"/>
  <testcase name="PTSettingMAPositiveTest01" classname="AASProductTestCase.AASProductTest.qa.testcases.PTSettingPageTest" time="4.236"/>
  <testcase name="PTSettingMAPositiveTest01" classname="AASProductTestCase.AASProductTest.qa.testcases.PTSettingPageTest" time="4.218"/>
  <testcase name="PTSettingMAPositiveTest01" classname="AASProductTestCase.AASProductTest.qa.testcases.PTSettingPageTest" time="4.205"/>
  <testcase name="PTSettingMAPositiveTest01" classname="AASProductTestCase.AASProductTest.qa.testcases.PTSettingPageTest" time="4.261"/>
  <testcase name="PTSettingMAPositiveTest01" classname="AASProductTestCase.AASProductTest.qa.testcases.PTSettingPageTest" time="4.226"/>
  <testcase name="PTSettingMANegativeTest01" classname="AASProductTestCase.AASProductTest.qa.testcases.PTSettingPageTest" time="4.206"/>
  <testcase name="PTSettingMANegativeTest01" classname="AASProductTestCase.AASProductTest.qa.testcases.PTSettingPageTest" time="4.275"/>
  <testcase name="PTSettingMANegativeTest01" classname="AASProductTestCase.AASProductTest.qa.testcases.PTSettingPageTest" time="4.212"/>
  <testcase name="PTSettingMANegativeTest01" classname="AASProductTestCase.AASProductTest.qa.testcases.PTSettingPageTest" time="4.212"/>
  <testcase name="PTSettingMANegativeTest01" classname="AASProductTestCase.AASProductTest.qa.testcases.PTSettingPageTest" time="4.226"/>
  <testcase name="PTSettingMANegativeTest01" classname="AASProductTestCase.AASProductTest.qa.testcases.PTSettingPageTest" time="4.243"/>
  <testcase name="PTSettingMANegativeTest01" classname="AASProductTestCase.AASProductTest.qa.testcases.PTSettingPageTest" time="4.204"/>
  <testcase name="PTSettingMANegativeTest01" classname="AASProductTestCase.AASProductTest.qa.testcases.PTSettingPageTest" time="4.257"/>
  <testcase name="PTSettingMANegativeTest01" classname="AASProductTestCase.AASProductTest.qa.testcases.PTSettingPageTest" time="4.183"/>
  <testcase name="PTSettingMANegativeTest01" classname="AASProductTestCase.AASProductTest.qa.testcases.PTSettingPageTest" time="4.221"/>
  <testcase name="PTSettingMANegativeTest01" classname="AASProductTestCase.AASProductTest.qa.testcases.PTSettingPageTest" time="4.204"/>
  <testcase name="PTSettingMANegativeTest01" classname="AASProductTestCase.AASProductTest.qa.testcases.PTSettingPageTest" time="4.201"/>
  <testcase name="PTSettingMANegativeTest01" classname="AASProductTestCase.AASProductTest.qa.testcases.PTSettingPageTest" time="4.215"/>
  <testcase name="PTSettingMANegativeTest01" classname="AASProductTestCase.AASProductTest.qa.testcases.PTSettingPageTest" time="4.21"/>
  <testcase name="PTSettingMANegativeTest01" classname="AASProductTestCase.AASProductTest.qa.testcases.PTSettingPageTest" time="4.253"/>
  <testcase name="PTSettingMANegativeTest01" classname="AASProductTestCase.AASProductTest.qa.testcases.PTSettingPageTest" time="4.22"/>
  <testcase name="PTSettingMANegativeTest01" classname="AASProductTestCase.AASProductTest.qa.testcases.PTSettingPageTest" time="4.264"/>
  <testcase name="PTSettingMAGroupUpdate" classname="AASProductTestCase.AASProductTest.qa.testcases.PTSettingPageTest" time="9.348"/>
  <testcase name="PTSettingMAPositiveTest02" classname="AASProductTestCase.AASProductTest.qa.testcases.PTSettingPageTest" time="1.052"/>
  <testcase name="PTSettingMAPositiveTest02" classname="AASProductTestCase.AASProductTest.qa.testcases.PTSettingPageTest" time="1.068"/>
  <testcase name="PTSettingMAPositiveTest02" classname="AASProductTestCase.AASProductTest.qa.testcases.PTSettingPageTest" time="1.051"/>
  <testcase name="PTSettingMAPositiveTest02" classname="AASProductTestCase.AASProductTest.qa.testcases.PTSettingPageTest" time="1.053"/>
  <testcase name="PTSettingMAPositiveTest02" classname="AASProductTestCase.AASProductTest.qa.testcases.PTSettingPageTest" time="1.052"/>
  <testcase name="PTSettingMAPositiveTest02" classname="AASProductTestCase.AASProductTest.qa.testcases.PTSettingPageTest" time="1.064"/>
  <testcase name="PTSettingMAPositiveTest02" classname="AASProductTestCase.AASProductTest.qa.testcases.PTSettingPageTest" time="1.06"/>
  <testcase name="PTSettingMAPositiveTest02" classname="AASProductTestCase.AASProductTest.qa.testcases.PTSettingPageTest" time="1.052"/>
  <testcase name="PTSettingMAPositiveTest02" classname="AASProductTestCase.AASProductTest.qa.testcases.PTSettingPageTest" time="1.061"/>
  <testcase name="PTSettingMAPositiveTest02" classname="AASProductTestCase.AASProductTest.qa.testcases.PTSettingPageTest" time="1.062"/>
  <testcase name="PTSettingMAPositiveTest02" classname="AASProductTestCase.AASProductTest.qa.testcases.PTSettingPageTest" time="1.046"/>
  <testcase name="PTSettingMAPositiveTest02" classname="AASProductTestCase.AASProductTest.qa.testcases.PTSettingPageTest" time="1.049"/>
  <testcase name="PTSettingMAPositiveTest02" classname="AASProductTestCase.AASProductTest.qa.testcases.PTSettingPageTest" time="1.051"/>
  <testcase name="PTSettingMAPositiveTest02" classname="AASProductTestCase.AASProductTest.qa.testcases.PTSettingPageTest" time="1.066"/>
  <testcase name="PTSettingMAPositiveTest02" classname="AASProductTestCase.AASProductTest.qa.testcases.PTSettingPageTest" time="1.055"/>
  <testcase name="PTSettingMAPositiveTest02" classname="AASProductTestCase.AASProductTest.qa.testcases.PTSettingPageTest" time="1.067"/>
  <testcase name="PTSettingMAPositiveTest02" classname="AASProductTestCase.AASProductTest.qa.testcases.PTSettingPageTest" time="1.056"/>
</testsuite>