<?xml version="1.0" encoding="UTF-8"?>
<testsuite xmlns:xsi="http://www.w3.org/2001/XMLSchema-instance" xsi:noNamespaceSchemaLocation="https://maven.apache.org/surefire/maven-surefire-plugin/xsd/surefire-test-report.xsd" name="TestSuite" time="109.778" tests="16" errors="0" skipped="0" failures="2">
  <properties>
    <property name="java.specification.version" value="14"/>
    <property name="sun.cpu.isalist" value="amd64"/>
    <property name="sun.jnu.encoding" value="GBK"/>
    <property name="java.class.path" value="C:\Users\User\git\AASStagingTest\AASProductTestTools\target\test-classes;C:\Users\User\git\AASStagingTest\AASProductTestTools\target\classes;C:\Users\User\.m2\repository\org\seleniumhq\selenium\selenium-java\3.14.0\selenium-java-3.14.0.jar;C:\Users\User\.m2\repository\org\seleniumhq\selenium\selenium-api\3.14.0\selenium-api-3.14.0.jar;C:\Users\User\.m2\repository\org\seleniumhq\selenium\selenium-chrome-driver\3.14.0\selenium-chrome-driver-3.14.0.jar;C:\Users\User\.m2\repository\org\seleniumhq\selenium\selenium-edge-driver\3.14.0\selenium-edge-driver-3.14.0.jar;C:\Users\User\.m2\repository\org\seleniumhq\selenium\selenium-firefox-driver\3.14.0\selenium-firefox-driver-3.14.0.jar;C:\Users\User\.m2\repository\org\seleniumhq\selenium\selenium-ie-driver\3.14.0\selenium-ie-driver-3.14.0.jar;C:\Users\User\.m2\repository\org\seleniumhq\selenium\selenium-opera-driver\3.14.0\selenium-opera-driver-3.14.0.jar;C:\Users\User\.m2\repository\org\seleniumhq\selenium\selenium-remote-driver\3.14.0\selenium-remote-driver-3.14.0.jar;C:\Users\User\.m2\repository\org\seleniumhq\selenium\selenium-safari-driver\3.14.0\selenium-safari-driver-3.14.0.jar;C:\Users\User\.m2\repository\org\seleniumhq\selenium\selenium-support\3.14.0\selenium-support-3.14.0.jar;C:\Users\User\.m2\repository\net\bytebuddy\byte-buddy\1.8.15\byte-buddy-1.8.15.jar;C:\Users\User\.m2\repository\org\apache\commons\commons-exec\1.3\commons-exec-1.3.jar;C:\Users\User\.m2\repository\commons-codec\commons-codec\1.10\commons-codec-1.10.jar;C:\Users\User\.m2\repository\commons-logging\commons-logging\1.2\commons-logging-1.2.jar;C:\Users\User\.m2\repository\com\google\guava\guava\25.0-jre\guava-25.0-jre.jar;C:\Users\User\.m2\repository\com\google\code\findbugs\jsr305\1.3.9\jsr305-1.3.9.jar;C:\Users\User\.m2\repository\org\checkerframework\checker-compat-qual\2.0.0\checker-compat-qual-2.0.0.jar;C:\Users\User\.m2\repository\com\google\errorprone\error_prone_annotations\2.1.3\error_prone_annotations-2.1.3.jar;C:\Users\User\.m2\repository\com\google\j2objc\j2objc-annotations\1.1\j2objc-annotations-1.1.jar;C:\Users\User\.m2\repository\org\codehaus\mojo\animal-sniffer-annotations\1.14\animal-sniffer-annotations-1.14.jar;C:\Users\User\.m2\repository\org\apache\httpcomponents\httpclient\4.5.5\httpclient-4.5.5.jar;C:\Users\User\.m2\repository\org\apache\httpcomponents\httpcore\4.4.9\httpcore-4.4.9.jar;C:\Users\User\.m2\repository\com\squareup\okhttp3\okhttp\3.10.0\okhttp-3.10.0.jar;C:\Users\User\.m2\repository\com\squareup\okio\okio\1.14.1\okio-1.14.1.jar;C:\Users\User\.m2\repository\org\testng\testng\6.11\testng-6.11.jar;C:\Users\User\.m2\repository\com\beust\jcommander\1.64\jcommander-1.64.jar;C:\Users\User\.m2\repository\org\yaml\snakeyaml\1.17\snakeyaml-1.17.jar;C:\Users\User\.m2\repository\org\apache\poi\poi\3.9\poi-3.9.jar;C:\Users\User\.m2\repository\org\apache\poi\poi-ooxml\3.9\poi-ooxml-3.9.jar;C:\Users\User\.m2\repository\dom4j\dom4j\1.6.1\dom4j-1.6.1.jar;C:\Users\User\.m2\repository\xml-apis\xml-apis\1.0.b2\xml-apis-1.0.b2.jar;C:\Users\User\.m2\repository\org\apache\poi\poi-ooxml-schemas\3.9\poi-ooxml-schemas-3.9.jar;C:\Users\User\.m2\repository\org\apache\xmlbeans\xmlbeans\2.3.0\xmlbeans-2.3.0.jar;C:\Users\User\.m2\repository\stax\stax-api\1.0.1\stax-api-1.0.1.jar;C:\Users\User\.m2\repository\org\apache\poi\poi-scratchpad\3.9\poi-scratchpad-3.9.jar;C:\Users\User\.m2\repository\org\apache\poi\ooxml-schemas\1.1\ooxml-schemas-1.1.jar;C:\Users\User\.m2\repository\org\apache\poi\openxml4j\1.0-beta\openxml4j-1.0-beta.jar;C:\Users\User\.m2\repository\com\relevantcodes\extentreports\2.41.2\extentreports-2.41.2.jar;C:\Users\User\.m2\repository\org\jsoup\jsoup\1.8.3\jsoup-1.8.3.jar;C:\Users\User\.m2\repository\org\xerial\sqlite-jdbc\3.8.11.1\sqlite-jdbc-3.8.11.1.jar;C:\Users\User\.m2\repository\org\freemarker\freemarker\2.3.23\freemarker-2.3.23.jar;C:\Users\User\.m2\repository\org\mongodb\mongodb-driver\3.0.4\mongodb-driver-3.0.4.jar;C:\Users\User\.m2\repository\org\mongodb\mongodb-driver-core\3.0.4\mongodb-driver-core-3.0.4.jar;C:\Users\User\.m2\repository\commons-io\commons-io\2.6\commons-io-2.6.jar;C:\Users\User\.m2\repository\com\aventstack\extentreports\4.0.9\extentreports-4.0.9.jar;C:\Users\User\.m2\repository\org\mongodb\bson\3.3.0\bson-3.3.0.jar;C:\Users\User\.m2\repository\org\apache\httpcomponents\httpmime\4.5.2\httpmime-4.5.2.jar;C:\Users\User\.m2\repository\com\google\code\gson\gson\2.8.5\gson-2.8.5.jar;C:\Users\User\.m2\repository\log4j\log4j\1.2.17\log4j-1.2.17.jar;"/>
    <property name="java.vm.vendor" value="Oracle Corporation"/>
    <property name="sun.arch.data.model" value="64"/>
    <property name="user.variant" value=""/>
    <property name="java.vendor.url" value="https://java.oracle.com/"/>
    <property name="user.timezone" value="Asia/Singapore"/>
    <property name="os.name" value="Windows 10"/>
    <property name="java.vm.specification.version" value="14"/>
    <property name="sun.java.launcher" value="SUN_STANDARD"/>
    <property name="user.country" value="US"/>
    <property name="sun.boot.library.path" value="C:\Program Files\Java\jdk-14.0.1\bin"/>
    <property name="sun.java.command" value="C:\Users\User\AppData\Local\Temp\surefire623523872897590220\surefirebooter12347526849174366077.jar C:\Users\User\AppData\Local\Temp\surefire623523872897590220 2020-08-17T11-56-08_477-jvmRun1 surefire15022371764570395675tmp surefire_010066367423190484159tmp"/>
    <property name="jdk.debug" value="release"/>
    <property name="surefire.test.class.path" value="C:\Users\User\git\AASStagingTest\AASProductTestTools\target\test-classes;C:\Users\User\git\AASStagingTest\AASProductTestTools\target\classes;C:\Users\User\.m2\repository\org\seleniumhq\selenium\selenium-java\3.14.0\selenium-java-3.14.0.jar;C:\Users\User\.m2\repository\org\seleniumhq\selenium\selenium-api\3.14.0\selenium-api-3.14.0.jar;C:\Users\User\.m2\repository\org\seleniumhq\selenium\selenium-chrome-driver\3.14.0\selenium-chrome-driver-3.14.0.jar;C:\Users\User\.m2\repository\org\seleniumhq\selenium\selenium-edge-driver\3.14.0\selenium-edge-driver-3.14.0.jar;C:\Users\User\.m2\repository\org\seleniumhq\selenium\selenium-firefox-driver\3.14.0\selenium-firefox-driver-3.14.0.jar;C:\Users\User\.m2\repository\org\seleniumhq\selenium\selenium-ie-driver\3.14.0\selenium-ie-driver-3.14.0.jar;C:\Users\User\.m2\repository\org\seleniumhq\selenium\selenium-opera-driver\3.14.0\selenium-opera-driver-3.14.0.jar;C:\Users\User\.m2\repository\org\seleniumhq\selenium\selenium-remote-driver\3.14.0\selenium-remote-driver-3.14.0.jar;C:\Users\User\.m2\repository\org\seleniumhq\selenium\selenium-safari-driver\3.14.0\selenium-safari-driver-3.14.0.jar;C:\Users\User\.m2\repository\org\seleniumhq\selenium\selenium-support\3.14.0\selenium-support-3.14.0.jar;C:\Users\User\.m2\repository\net\bytebuddy\byte-buddy\1.8.15\byte-buddy-1.8.15.jar;C:\Users\User\.m2\repository\org\apache\commons\commons-exec\1.3\commons-exec-1.3.jar;C:\Users\User\.m2\repository\commons-codec\commons-codec\1.10\commons-codec-1.10.jar;C:\Users\User\.m2\repository\commons-logging\commons-logging\1.2\commons-logging-1.2.jar;C:\Users\User\.m2\repository\com\google\guava\guava\25.0-jre\guava-25.0-jre.jar;C:\Users\User\.m2\repository\com\google\code\findbugs\jsr305\1.3.9\jsr305-1.3.9.jar;C:\Users\User\.m2\repository\org\checkerframework\checker-compat-qual\2.0.0\checker-compat-qual-2.0.0.jar;C:\Users\User\.m2\repository\com\google\errorprone\error_prone_annotations\2.1.3\error_prone_annotations-2.1.3.jar;C:\Users\User\.m2\repository\com\google\j2objc\j2objc-annotations\1.1\j2objc-annotations-1.1.jar;C:\Users\User\.m2\repository\org\codehaus\mojo\animal-sniffer-annotations\1.14\animal-sniffer-annotations-1.14.jar;C:\Users\User\.m2\repository\org\apache\httpcomponents\httpclient\4.5.5\httpclient-4.5.5.jar;C:\Users\User\.m2\repository\org\apache\httpcomponents\httpcore\4.4.9\httpcore-4.4.9.jar;C:\Users\User\.m2\repository\com\squareup\okhttp3\okhttp\3.10.0\okhttp-3.10.0.jar;C:\Users\User\.m2\repository\com\squareup\okio\okio\1.14.1\okio-1.14.1.jar;C:\Users\User\.m2\repository\org\testng\testng\6.11\testng-6.11.jar;C:\Users\User\.m2\repository\com\beust\jcommander\1.64\jcommander-1.64.jar;C:\Users\User\.m2\repository\org\yaml\snakeyaml\1.17\snakeyaml-1.17.jar;C:\Users\User\.m2\repository\org\apache\poi\poi\3.9\poi-3.9.jar;C:\Users\User\.m2\repository\org\apache\poi\poi-ooxml\3.9\poi-ooxml-3.9.jar;C:\Users\User\.m2\repository\dom4j\dom4j\1.6.1\dom4j-1.6.1.jar;C:\Users\User\.m2\repository\xml-apis\xml-apis\1.0.b2\xml-apis-1.0.b2.jar;C:\Users\User\.m2\repository\org\apache\poi\poi-ooxml-schemas\3.9\poi-ooxml-schemas-3.9.jar;C:\Users\User\.m2\repository\org\apache\xmlbeans\xmlbeans\2.3.0\xmlbeans-2.3.0.jar;C:\Users\User\.m2\repository\stax\stax-api\1.0.1\stax-api-1.0.1.jar;C:\Users\User\.m2\repository\org\apache\poi\poi-scratchpad\3.9\poi-scratchpad-3.9.jar;C:\Users\User\.m2\repository\org\apache\poi\ooxml-schemas\1.1\ooxml-schemas-1.1.jar;C:\Users\User\.m2\repository\org\apache\poi\openxml4j\1.0-beta\openxml4j-1.0-beta.jar;C:\Users\User\.m2\repository\com\relevantcodes\extentreports\2.41.2\extentreports-2.41.2.jar;C:\Users\User\.m2\repository\org\jsoup\jsoup\1.8.3\jsoup-1.8.3.jar;C:\Users\User\.m2\repository\org\xerial\sqlite-jdbc\3.8.11.1\sqlite-jdbc-3.8.11.1.jar;C:\Users\User\.m2\repository\org\freemarker\freemarker\2.3.23\freemarker-2.3.23.jar;C:\Users\User\.m2\repository\org\mongodb\mongodb-driver\3.0.4\mongodb-driver-3.0.4.jar;C:\Users\User\.m2\repository\org\mongodb\mongodb-driver-core\3.0.4\mongodb-driver-core-3.0.4.jar;C:\Users\User\.m2\repository\commons-io\commons-io\2.6\commons-io-2.6.jar;C:\Users\User\.m2\repository\com\aventstack\extentreports\4.0.9\extentreports-4.0.9.jar;C:\Users\User\.m2\repository\org\mongodb\bson\3.3.0\bson-3.3.0.jar;C:\Users\User\.m2\repository\org\apache\httpcomponents\httpmime\4.5.2\httpmime-4.5.2.jar;C:\Users\User\.m2\repository\com\google\code\gson\gson\2.8.5\gson-2.8.5.jar;C:\Users\User\.m2\repository\log4j\log4j\1.2.17\log4j-1.2.17.jar;"/>
    <property name="sun.cpu.endian" value="little"/>
    <property name="user.home" value="C:\Users\User"/>
    <property name="user.language" value="en"/>
    <property name="java.specification.vendor" value="Oracle Corporation"/>
    <property name="java.version.date" value="2020-04-14"/>
    <property name="java.home" value="C:\Program Files\Java\jdk-14.0.1"/>
    <property name="file.separator" value="\"/>
    <property name="basedir" value="C:\Users\User\git\AASStagingTest\AASProductTestTools"/>
    <property name="java.vm.compressedOopsMode" value="Zero based"/>
    <property name="line.separator" value="&#10;"/>
    <property name="java.vm.specification.vendor" value="Oracle Corporation"/>
    <property name="java.specification.name" value="Java Platform API Specification"/>
    <property name="surefire.real.class.path" value="C:\Users\User\AppData\Local\Temp\surefire623523872897590220\surefirebooter12347526849174366077.jar"/>
    <property name="user.script" value=""/>
    <property name="sun.management.compiler" value="HotSpot 64-Bit Tiered Compilers"/>
    <property name="java.runtime.version" value="14.0.1+7"/>
    <property name="user.name" value="User"/>
    <property name="path.separator" value=";"/>
    <property name="os.version" value="10.0"/>
    <property name="java.runtime.name" value="Java(TM) SE Runtime Environment"/>
    <property name="file.encoding" value="Cp1252"/>
    <property name="java.vm.name" value="Java HotSpot(TM) 64-Bit Server VM"/>
    <property name="localRepository" value="C:\Users\User\.m2\repository"/>
    <property name="java.vendor.url.bug" value="https://bugreport.java.com/bugreport/"/>
    <property name="java.io.tmpdir" value="C:\Users\User\AppData\Local\Temp\"/>
    <property name="java.version" value="14.0.1"/>
    <property name="user.dir" value="C:\Users\User\git\AASStagingTest\AASProductTestTools"/>
    <property name="os.arch" value="amd64"/>
    <property name="java.vm.specification.name" value="Java Virtual Machine Specification"/>
    <property name="sun.os.patch.level" value=""/>
    <property name="java.library.path" value="C:\Program Files\Java\jdk-14.0.1\bin;C:\Windows\Sun\Java\bin;C:\Windows\system32;C:\Windows;C:/Program Files/Java/jdk-14.0.1/bin/server;C:/Program Files/Java/jdk-14.0.1/bin;C:\Program Files (x86)\Common Files\Oracle\Java\javapath;C:\Windows\system32;C:\Windows;C:\Windows\System32\Wbem;C:\Windows\System32\WindowsPowerShell\v1.0\;C:\Windows\System32\OpenSSH\;C:\Program Files (x86)\Java\jre1.8.0_251\bin;C:\Program Files\nodejs\;C:\Program Files\Java\jdk1.8.0_261\bin;C:\opt\apache-maven-3.6.3\bin;C:\Program Files\Git\cmd;C:\Users\User\AppData\Local\Microsoft\WindowsApps;C:\Users\User\AppData\Roaming\npm;C:\Windows\system32;;."/>
    <property name="java.vm.info" value="mixed mode, sharing"/>
    <property name="java.vendor" value="Oracle Corporation"/>
    <property name="java.vm.version" value="14.0.1+7"/>
    <property name="sun.io.unicode.encoding" value="UnicodeLittle"/>
    <property name="java.class.version" value="58.0"/>
  </properties>
  <testcase name="LoginPageTitleTest" classname="AASProductTestCase.AASProductTest.qa.testcases.LoginPageTest" time="0.012"/>
  <testcase name="LoginTest" classname="AASProductTestCase.AASProductTest.qa.testcases.LoginPageTest" time="2.297"/>
  <testcase name="ExtraPTTest" classname="AASProductTestCase.AASProductTest.qa.testcases.ExtraPTPageTest" time="6.14"/>
  <testcase name="ExtraPTTest" classname="AASProductTestCase.AASProductTest.qa.testcases.ExtraPTPageTest" time="6.045"/>
  <testcase name="ExtraPTTest" classname="AASProductTestCase.AASProductTest.qa.testcases.ExtraPTPageTest" time="6.1"/>
  <testcase name="ExtraPTTest" classname="AASProductTestCase.AASProductTest.qa.testcases.ExtraPTPageTest" time="6.049"/>
  <testcase name="ExtraPTTest" classname="AASProductTestCase.AASProductTest.qa.testcases.ExtraPTPageTest" time="6.395">
    <failure message="expected [] but found [10.50]" type="java.lang.AssertionError">java.lang.AssertionError: expected [] but found [10.50]
	at AASProductTestCase.AASProductTest.qa.testcases.ExtraPTPageTest.ExtraPTTest(ExtraPTPageTest.java:93)
</failure>
    <system-out><![CDATA[Trying to find Element By : By.xpath: //div[contains(@class,'table-responsive')]/table/tbody/tr/td[3]/i
Found Element By : By.xpath: //div[contains(@class,'table-responsive')]/table/tbody/tr/td[3]/i
Trying to click on: [[ChromeDriver: chrome on WINDOWS (4a935b5fc4a7dd67c04d35ce68fa5333)] -> xpath: //div[contains(@class,'table-responsive')]/table/tbody/tr/td[3]/i]
Clicked on: [[ChromeDriver: chrome on WINDOWS (4a935b5fc4a7dd67c04d35ce68fa5333)] -> xpath: //div[contains(@class,'table-responsive')]/table/tbody/tr/td[3]/i]
Trying to find Element By : By.id: evo_pt
Found Element By : By.id: evo_pt
Trying to find Element By : By.id: evo_pt
Found Element By : By.id: evo_pt
Trying to find Element By : By.id: bg_pt
Found Element By : By.id: bg_pt
Trying to find Element By : By.id: bg_pt
Found Element By : By.id: bg_pt
Trying to find Element By : By.id: mg_t_pt
Found Element By : By.id: mg_t_pt
Trying to find Element By : By.id: mg_t_pt
Found Element By : By.id: mg_t_pt
Trying to find Element By : By.id: asg_pt
Found Element By : By.id: asg_pt
Trying to find Element By : By.id: asg_pt
Found Element By : By.id: asg_pt
Trying to find Element By : By.id: dg_pt
Found Element By : By.id: dg_pt
Trying to find Element By : By.id: dg_pt
Found Element By : By.id: dg_pt
Trying to find Element By : By.id: av_pt
Found Element By : By.id: av_pt
Trying to find Element By : By.id: av_pt
Found Element By : By.id: av_pt
Trying to find Element By : By.id: pp_pt
Found Element By : By.id: pp_pt
Trying to find Element By : By.id: pp_pt
Found Element By : By.id: pp_pt
Trying to find Element By : By.id: sxg_pt
Found Element By : By.id: sxg_pt
Trying to find Element By : By.id: sxg_pt
Found Element By : By.id: sxg_pt
Trying to find Element By : By.id: pps_pt
Found Element By : By.id: pps_pt
Trying to find Element By : By.id: pps_pt
Found Element By : By.id: pps_pt
Trying to find Element By : By.id: haba_pt
Found Element By : By.id: haba_pt
Trying to find Element By : By.id: haba_pt
Found Element By : By.id: haba_pt
Trying to find Element By : By.id: mv_pt
Found Element By : By.id: mv_pt
Trying to find Element By : By.id: mv_pt
Found Element By : By.id: mv_pt
Trying to find Element By : By.id: nt_pt
Found Element By : By.id: nt_pt
Trying to find Element By : By.id: nt_pt
Found Element By : By.id: nt_pt
Trying to find Element By : By.id: qs_pt
Found Element By : By.id: qs_pt
Trying to find Element By : By.id: qs_pt
Found Element By : By.id: qs_pt
Trying to find Element By : By.id: sg_pt
Found Element By : By.id: sg_pt
Trying to find Element By : By.id: sg_pt
Found Element By : By.id: sg_pt
Trying to find Element By : By.id: dg_pt
Found Element By : By.id: dg_pt
Trying to find Element By : By.xpath: .//option[normalize-space(.) = "10.5"]
Found Element By : By.xpath: .//option[normalize-space(.) = "10.5"]
Trying to click on: [[[[ChromeDriver: chrome on WINDOWS (4a935b5fc4a7dd67c04d35ce68fa5333)] -> id: dg_pt]] -> xpath: .//option[normalize-space(.) = "10.5"]]
Clicked on: [[[[ChromeDriver: chrome on WINDOWS (4a935b5fc4a7dd67c04d35ce68fa5333)] -> id: dg_pt]] -> xpath: .//option[normalize-space(.) = "10.5"]]
Trying to find Element By : By.xpath: //div[contains(@class,'table-responsive')]/table/tbody/tr/td[3]/i[1]
Found Element By : By.xpath: //div[contains(@class,'table-responsive')]/table/tbody/tr/td[3]/i[1]
Trying to click on: [[ChromeDriver: chrome on WINDOWS (4a935b5fc4a7dd67c04d35ce68fa5333)] -> xpath: //div[contains(@class,'table-responsive')]/table/tbody/tr/td[3]/i[1]]
Clicked on: [[ChromeDriver: chrome on WINDOWS (4a935b5fc4a7dd67c04d35ce68fa5333)] -> xpath: //div[contains(@class,'table-responsive')]/table/tbody/tr/td[3]/i[1]]
Trying to find Element By : By.xpath: //div[contains(@class,'table-responsive')]/table/tbody/tr/td[8]
Found Element By : By.xpath: //div[contains(@class,'table-responsive')]/table/tbody/tr/td[8]
***************************
Screenshot stored at C:\Users\User\git\AASStagingTest\AASProductTestTools/screenshots/ExtraPTTest_Mon_Aug_17_11_57_02_SGT_2020.png
***************************
]]></system-out>
  </testcase>
  <testcase name="ExtraPTTest" classname="AASProductTestCase.AASProductTest.qa.testcases.ExtraPTPageTest" time="6.416">
    <failure message="expected [999] but found [10.50]" type="java.lang.AssertionError">java.lang.AssertionError: expected [999] but found [10.50]
	at AASProductTestCase.AASProductTest.qa.testcases.ExtraPTPageTest.ExtraPTTest(ExtraPTPageTest.java:93)
</failure>
    <system-out><![CDATA[Trying to find Element By : By.xpath: //div[contains(@class,'table-responsive')]/table/tbody/tr/td[3]/i
Found Element By : By.xpath: //div[contains(@class,'table-responsive')]/table/tbody/tr/td[3]/i
Trying to click on: [[ChromeDriver: chrome on WINDOWS (4a935b5fc4a7dd67c04d35ce68fa5333)] -> xpath: //div[contains(@class,'table-responsive')]/table/tbody/tr/td[3]/i]
Clicked on: [[ChromeDriver: chrome on WINDOWS (4a935b5fc4a7dd67c04d35ce68fa5333)] -> xpath: //div[contains(@class,'table-responsive')]/table/tbody/tr/td[3]/i]
Trying to find Element By : By.id: evo_pt
Found Element By : By.id: evo_pt
Trying to find Element By : By.id: evo_pt
Found Element By : By.id: evo_pt
Trying to find Element By : By.id: bg_pt
Found Element By : By.id: bg_pt
Trying to find Element By : By.id: bg_pt
Found Element By : By.id: bg_pt
Trying to find Element By : By.id: mg_t_pt
Found Element By : By.id: mg_t_pt
Trying to find Element By : By.id: mg_t_pt
Found Element By : By.id: mg_t_pt
Trying to find Element By : By.id: asg_pt
Found Element By : By.id: asg_pt
Trying to find Element By : By.id: asg_pt
Found Element By : By.id: asg_pt
Trying to find Element By : By.id: dg_pt
Found Element By : By.id: dg_pt
Trying to find Element By : By.id: dg_pt
Found Element By : By.id: dg_pt
Trying to find Element By : By.id: av_pt
Found Element By : By.id: av_pt
Trying to find Element By : By.id: av_pt
Found Element By : By.id: av_pt
Trying to find Element By : By.id: pp_pt
Found Element By : By.id: pp_pt
Trying to find Element By : By.id: pp_pt
Found Element By : By.id: pp_pt
Trying to find Element By : By.id: sxg_pt
Found Element By : By.id: sxg_pt
Trying to find Element By : By.id: sxg_pt
Found Element By : By.id: sxg_pt
Trying to find Element By : By.id: pps_pt
Found Element By : By.id: pps_pt
Trying to find Element By : By.id: pps_pt
Found Element By : By.id: pps_pt
Trying to find Element By : By.id: haba_pt
Found Element By : By.id: haba_pt
Trying to find Element By : By.id: haba_pt
Found Element By : By.id: haba_pt
Trying to find Element By : By.id: mv_pt
Found Element By : By.id: mv_pt
Trying to find Element By : By.id: mv_pt
Found Element By : By.id: mv_pt
Trying to find Element By : By.id: nt_pt
Found Element By : By.id: nt_pt
Trying to find Element By : By.id: nt_pt
Found Element By : By.id: nt_pt
Trying to find Element By : By.id: qs_pt
Found Element By : By.id: qs_pt
Trying to find Element By : By.id: qs_pt
Found Element By : By.id: qs_pt
Trying to find Element By : By.id: sg_pt
Found Element By : By.id: sg_pt
Trying to find Element By : By.id: sg_pt
Found Element By : By.id: sg_pt
Trying to find Element By : By.id: av_pt
Found Element By : By.id: av_pt
Trying to find Element By : By.xpath: .//option[normalize-space(.) = "10.5"]
Found Element By : By.xpath: .//option[normalize-space(.) = "10.5"]
Trying to click on: [[[[ChromeDriver: chrome on WINDOWS (4a935b5fc4a7dd67c04d35ce68fa5333)] -> id: av_pt]] -> xpath: .//option[normalize-space(.) = "10.5"]]
Clicked on: [[[[ChromeDriver: chrome on WINDOWS (4a935b5fc4a7dd67c04d35ce68fa5333)] -> id: av_pt]] -> xpath: .//option[normalize-space(.) = "10.5"]]
Trying to find Element By : By.xpath: //div[contains(@class,'table-responsive')]/table/tbody/tr/td[3]/i[1]
Found Element By : By.xpath: //div[contains(@class,'table-responsive')]/table/tbody/tr/td[3]/i[1]
Trying to click on: [[ChromeDriver: chrome on WINDOWS (4a935b5fc4a7dd67c04d35ce68fa5333)] -> xpath: //div[contains(@class,'table-responsive')]/table/tbody/tr/td[3]/i[1]]
Clicked on: [[ChromeDriver: chrome on WINDOWS (4a935b5fc4a7dd67c04d35ce68fa5333)] -> xpath: //div[contains(@class,'table-responsive')]/table/tbody/tr/td[3]/i[1]]
Trying to find Element By : By.xpath: //div[contains(@class,'table-responsive')]/table/tbody/tr/td[9]
Found Element By : By.xpath: //div[contains(@class,'table-responsive')]/table/tbody/tr/td[9]
***************************
Screenshot stored at C:\Users\User\git\AASStagingTest\AASProductTestTools/screenshots/ExtraPTTest_Mon_Aug_17_11_57_09_SGT_2020.png
***************************
]]></system-out>
  </testcase>
  <testcase name="ExtraPTTest" classname="AASProductTestCase.AASProductTest.qa.testcases.ExtraPTPageTest" time="6.176"/>
  <testcase name="ExtraPTTest" classname="AASProductTestCase.AASProductTest.qa.testcases.ExtraPTPageTest" time="6.166"/>
  <testcase name="ExtraPTTest" classname="AASProductTestCase.AASProductTest.qa.testcases.ExtraPTPageTest" time="6.078"/>
  <testcase name="ExtraPTTest" classname="AASProductTestCase.AASProductTest.qa.testcases.ExtraPTPageTest" time="5.996"/>
  <testcase name="ExtraPTTest" classname="AASProductTestCase.AASProductTest.qa.testcases.ExtraPTPageTest" time="6.003"/>
  <testcase name="ExtraPTTest" classname="AASProductTestCase.AASProductTest.qa.testcases.ExtraPTPageTest" time="6.003"/>
  <testcase name="ExtraPTTest" classname="AASProductTestCase.AASProductTest.qa.testcases.ExtraPTPageTest" time="5.993"/>
  <testcase name="ExtraPTTest" classname="AASProductTestCase.AASProductTest.qa.testcases.ExtraPTPageTest" time="5.99"/>
</testsuite>