<?xml version="1.0" encoding="UTF-8"?>
<testsuite xmlns:xsi="http://www.w3.org/2001/XMLSchema-instance" xsi:noNamespaceSchemaLocation="https://maven.apache.org/surefire/maven-surefire-plugin/xsd/surefire-test-report.xsd" name="TestSuite" time="526.924" tests="151" errors="0" skipped="0" failures="0">
  <properties>
    <property name="java.specification.version" value="14"/>
    <property name="sun.cpu.isalist" value="amd64"/>
    <property name="sun.jnu.encoding" value="GBK"/>
    <property name="java.class.path" value="C:\Users\User\git\AASStagingTest\AASProductTestTools\target\test-classes;C:\Users\User\git\AASStagingTest\AASProductTestTools\target\classes;C:\Users\User\.m2\repository\org\seleniumhq\selenium\selenium-java\3.14.0\selenium-java-3.14.0.jar;C:\Users\User\.m2\repository\org\seleniumhq\selenium\selenium-api\3.14.0\selenium-api-3.14.0.jar;C:\Users\User\.m2\repository\org\seleniumhq\selenium\selenium-chrome-driver\3.14.0\selenium-chrome-driver-3.14.0.jar;C:\Users\User\.m2\repository\org\seleniumhq\selenium\selenium-edge-driver\3.14.0\selenium-edge-driver-3.14.0.jar;C:\Users\User\.m2\repository\org\seleniumhq\selenium\selenium-firefox-driver\3.14.0\selenium-firefox-driver-3.14.0.jar;C:\Users\User\.m2\repository\org\seleniumhq\selenium\selenium-ie-driver\3.14.0\selenium-ie-driver-3.14.0.jar;C:\Users\User\.m2\repository\org\seleniumhq\selenium\selenium-opera-driver\3.14.0\selenium-opera-driver-3.14.0.jar;C:\Users\User\.m2\repository\org\seleniumhq\selenium\selenium-remote-driver\3.14.0\selenium-remote-driver-3.14.0.jar;C:\Users\User\.m2\repository\org\seleniumhq\selenium\selenium-safari-driver\3.14.0\selenium-safari-driver-3.14.0.jar;C:\Users\User\.m2\repository\org\seleniumhq\selenium\selenium-support\3.14.0\selenium-support-3.14.0.jar;C:\Users\User\.m2\repository\net\bytebuddy\byte-buddy\1.8.15\byte-buddy-1.8.15.jar;C:\Users\User\.m2\repository\org\apache\commons\commons-exec\1.3\commons-exec-1.3.jar;C:\Users\User\.m2\repository\commons-codec\commons-codec\1.10\commons-codec-1.10.jar;C:\Users\User\.m2\repository\commons-logging\commons-logging\1.2\commons-logging-1.2.jar;C:\Users\User\.m2\repository\com\google\guava\guava\25.0-jre\guava-25.0-jre.jar;C:\Users\User\.m2\repository\com\google\code\findbugs\jsr305\1.3.9\jsr305-1.3.9.jar;C:\Users\User\.m2\repository\org\checkerframework\checker-compat-qual\2.0.0\checker-compat-qual-2.0.0.jar;C:\Users\User\.m2\repository\com\google\errorprone\error_prone_annotations\2.1.3\error_prone_annotations-2.1.3.jar;C:\Users\User\.m2\repository\com\google\j2objc\j2objc-annotations\1.1\j2objc-annotations-1.1.jar;C:\Users\User\.m2\repository\org\codehaus\mojo\animal-sniffer-annotations\1.14\animal-sniffer-annotations-1.14.jar;C:\Users\User\.m2\repository\org\apache\httpcomponents\httpclient\4.5.5\httpclient-4.5.5.jar;C:\Users\User\.m2\repository\org\apache\httpcomponents\httpcore\4.4.9\httpcore-4.4.9.jar;C:\Users\User\.m2\repository\com\squareup\okhttp3\okhttp\3.10.0\okhttp-3.10.0.jar;C:\Users\User\.m2\repository\com\squareup\okio\okio\1.14.1\okio-1.14.1.jar;C:\Users\User\.m2\repository\org\testng\testng\6.11\testng-6.11.jar;C:\Users\User\.m2\repository\com\beust\jcommander\1.64\jcommander-1.64.jar;C:\Users\User\.m2\repository\org\yaml\snakeyaml\1.17\snakeyaml-1.17.jar;C:\Users\User\.m2\repository\org\apache\poi\poi\3.9\poi-3.9.jar;C:\Users\User\.m2\repository\org\apache\poi\poi-ooxml\3.9\poi-ooxml-3.9.jar;C:\Users\User\.m2\repository\dom4j\dom4j\1.6.1\dom4j-1.6.1.jar;C:\Users\User\.m2\repository\xml-apis\xml-apis\1.0.b2\xml-apis-1.0.b2.jar;C:\Users\User\.m2\repository\org\apache\poi\poi-ooxml-schemas\3.9\poi-ooxml-schemas-3.9.jar;C:\Users\User\.m2\repository\org\apache\xmlbeans\xmlbeans\2.3.0\xmlbeans-2.3.0.jar;C:\Users\User\.m2\repository\stax\stax-api\1.0.1\stax-api-1.0.1.jar;C:\Users\User\.m2\repository\org\apache\poi\poi-scratchpad\3.9\poi-scratchpad-3.9.jar;C:\Users\User\.m2\repository\org\apache\poi\ooxml-schemas\1.1\ooxml-schemas-1.1.jar;C:\Users\User\.m2\repository\org\apache\poi\openxml4j\1.0-beta\openxml4j-1.0-beta.jar;C:\Users\User\.m2\repository\com\relevantcodes\extentreports\2.41.2\extentreports-2.41.2.jar;C:\Users\User\.m2\repository\org\jsoup\jsoup\1.8.3\jsoup-1.8.3.jar;C:\Users\User\.m2\repository\org\xerial\sqlite-jdbc\3.8.11.1\sqlite-jdbc-3.8.11.1.jar;C:\Users\User\.m2\repository\org\freemarker\freemarker\2.3.23\freemarker-2.3.23.jar;C:\Users\User\.m2\repository\org\mongodb\mongodb-driver\3.0.4\mongodb-driver-3.0.4.jar;C:\Users\User\.m2\repository\org\mongodb\mongodb-driver-core\3.0.4\mongodb-driver-core-3.0.4.jar;C:\Users\User\.m2\repository\commons-io\commons-io\2.6\commons-io-2.6.jar;C:\Users\User\.m2\repository\com\aventstack\extentreports\4.0.9\extentreports-4.0.9.jar;C:\Users\User\.m2\repository\org\mongodb\bson\3.3.0\bson-3.3.0.jar;C:\Users\User\.m2\repository\org\apache\httpcomponents\httpmime\4.5.2\httpmime-4.5.2.jar;C:\Users\User\.m2\repository\com\google\code\gson\gson\2.8.5\gson-2.8.5.jar;C:\Users\User\.m2\repository\log4j\log4j\1.2.17\log4j-1.2.17.jar;"/>
    <property name="java.vm.vendor" value="Oracle Corporation"/>
    <property name="sun.arch.data.model" value="64"/>
    <property name="user.variant" value=""/>
    <property name="java.vendor.url" value="https://java.oracle.com/"/>
    <property name="user.timezone" value="Asia/Singapore"/>
    <property name="os.name" value="Windows 10"/>
    <property name="java.vm.specification.version" value="14"/>
    <property name="sun.java.launcher" value="SUN_STANDARD"/>
    <property name="user.country" value="US"/>
    <property name="sun.boot.library.path" value="C:\Program Files\Java\jdk-14.0.1\bin"/>
    <property name="sun.java.command" value="C:\Users\User\AppData\Local\Temp\surefire16829221939029467241\surefirebooter10785180987662798793.jar C:\Users\User\AppData\Local\Temp\surefire16829221939029467241 2021-01-02T18-46-35_951-jvmRun1 surefire2778500394517981509tmp surefire_06959511406265045304tmp"/>
    <property name="jdk.debug" value="release"/>
    <property name="surefire.test.class.path" value="C:\Users\User\git\AASStagingTest\AASProductTestTools\target\test-classes;C:\Users\User\git\AASStagingTest\AASProductTestTools\target\classes;C:\Users\User\.m2\repository\org\seleniumhq\selenium\selenium-java\3.14.0\selenium-java-3.14.0.jar;C:\Users\User\.m2\repository\org\seleniumhq\selenium\selenium-api\3.14.0\selenium-api-3.14.0.jar;C:\Users\User\.m2\repository\org\seleniumhq\selenium\selenium-chrome-driver\3.14.0\selenium-chrome-driver-3.14.0.jar;C:\Users\User\.m2\repository\org\seleniumhq\selenium\selenium-edge-driver\3.14.0\selenium-edge-driver-3.14.0.jar;C:\Users\User\.m2\repository\org\seleniumhq\selenium\selenium-firefox-driver\3.14.0\selenium-firefox-driver-3.14.0.jar;C:\Users\User\.m2\repository\org\seleniumhq\selenium\selenium-ie-driver\3.14.0\selenium-ie-driver-3.14.0.jar;C:\Users\User\.m2\repository\org\seleniumhq\selenium\selenium-opera-driver\3.14.0\selenium-opera-driver-3.14.0.jar;C:\Users\User\.m2\repository\org\seleniumhq\selenium\selenium-remote-driver\3.14.0\selenium-remote-driver-3.14.0.jar;C:\Users\User\.m2\repository\org\seleniumhq\selenium\selenium-safari-driver\3.14.0\selenium-safari-driver-3.14.0.jar;C:\Users\User\.m2\repository\org\seleniumhq\selenium\selenium-support\3.14.0\selenium-support-3.14.0.jar;C:\Users\User\.m2\repository\net\bytebuddy\byte-buddy\1.8.15\byte-buddy-1.8.15.jar;C:\Users\User\.m2\repository\org\apache\commons\commons-exec\1.3\commons-exec-1.3.jar;C:\Users\User\.m2\repository\commons-codec\commons-codec\1.10\commons-codec-1.10.jar;C:\Users\User\.m2\repository\commons-logging\commons-logging\1.2\commons-logging-1.2.jar;C:\Users\User\.m2\repository\com\google\guava\guava\25.0-jre\guava-25.0-jre.jar;C:\Users\User\.m2\repository\com\google\code\findbugs\jsr305\1.3.9\jsr305-1.3.9.jar;C:\Users\User\.m2\repository\org\checkerframework\checker-compat-qual\2.0.0\checker-compat-qual-2.0.0.jar;C:\Users\User\.m2\repository\com\google\errorprone\error_prone_annotations\2.1.3\error_prone_annotations-2.1.3.jar;C:\Users\User\.m2\repository\com\google\j2objc\j2objc-annotations\1.1\j2objc-annotations-1.1.jar;C:\Users\User\.m2\repository\org\codehaus\mojo\animal-sniffer-annotations\1.14\animal-sniffer-annotations-1.14.jar;C:\Users\User\.m2\repository\org\apache\httpcomponents\httpclient\4.5.5\httpclient-4.5.5.jar;C:\Users\User\.m2\repository\org\apache\httpcomponents\httpcore\4.4.9\httpcore-4.4.9.jar;C:\Users\User\.m2\repository\com\squareup\okhttp3\okhttp\3.10.0\okhttp-3.10.0.jar;C:\Users\User\.m2\repository\com\squareup\okio\okio\1.14.1\okio-1.14.1.jar;C:\Users\User\.m2\repository\org\testng\testng\6.11\testng-6.11.jar;C:\Users\User\.m2\repository\com\beust\jcommander\1.64\jcommander-1.64.jar;C:\Users\User\.m2\repository\org\yaml\snakeyaml\1.17\snakeyaml-1.17.jar;C:\Users\User\.m2\repository\org\apache\poi\poi\3.9\poi-3.9.jar;C:\Users\User\.m2\repository\org\apache\poi\poi-ooxml\3.9\poi-ooxml-3.9.jar;C:\Users\User\.m2\repository\dom4j\dom4j\1.6.1\dom4j-1.6.1.jar;C:\Users\User\.m2\repository\xml-apis\xml-apis\1.0.b2\xml-apis-1.0.b2.jar;C:\Users\User\.m2\repository\org\apache\poi\poi-ooxml-schemas\3.9\poi-ooxml-schemas-3.9.jar;C:\Users\User\.m2\repository\org\apache\xmlbeans\xmlbeans\2.3.0\xmlbeans-2.3.0.jar;C:\Users\User\.m2\repository\stax\stax-api\1.0.1\stax-api-1.0.1.jar;C:\Users\User\.m2\repository\org\apache\poi\poi-scratchpad\3.9\poi-scratchpad-3.9.jar;C:\Users\User\.m2\repository\org\apache\poi\ooxml-schemas\1.1\ooxml-schemas-1.1.jar;C:\Users\User\.m2\repository\org\apache\poi\openxml4j\1.0-beta\openxml4j-1.0-beta.jar;C:\Users\User\.m2\repository\com\relevantcodes\extentreports\2.41.2\extentreports-2.41.2.jar;C:\Users\User\.m2\repository\org\jsoup\jsoup\1.8.3\jsoup-1.8.3.jar;C:\Users\User\.m2\repository\org\xerial\sqlite-jdbc\3.8.11.1\sqlite-jdbc-3.8.11.1.jar;C:\Users\User\.m2\repository\org\freemarker\freemarker\2.3.23\freemarker-2.3.23.jar;C:\Users\User\.m2\repository\org\mongodb\mongodb-driver\3.0.4\mongodb-driver-3.0.4.jar;C:\Users\User\.m2\repository\org\mongodb\mongodb-driver-core\3.0.4\mongodb-driver-core-3.0.4.jar;C:\Users\User\.m2\repository\commons-io\commons-io\2.6\commons-io-2.6.jar;C:\Users\User\.m2\repository\com\aventstack\extentreports\4.0.9\extentreports-4.0.9.jar;C:\Users\User\.m2\repository\org\mongodb\bson\3.3.0\bson-3.3.0.jar;C:\Users\User\.m2\repository\org\apache\httpcomponents\httpmime\4.5.2\httpmime-4.5.2.jar;C:\Users\User\.m2\repository\com\google\code\gson\gson\2.8.5\gson-2.8.5.jar;C:\Users\User\.m2\repository\log4j\log4j\1.2.17\log4j-1.2.17.jar;"/>
    <property name="sun.cpu.endian" value="little"/>
    <property name="user.home" value="C:\Users\User"/>
    <property name="user.language" value="en"/>
    <property name="java.specification.vendor" value="Oracle Corporation"/>
    <property name="java.version.date" value="2020-04-14"/>
    <property name="java.home" value="C:\Program Files\Java\jdk-14.0.1"/>
    <property name="file.separator" value="\"/>
    <property name="basedir" value="C:\Users\User\git\AASStagingTest\AASProductTestTools"/>
    <property name="java.vm.compressedOopsMode" value="Zero based"/>
    <property name="line.separator" value="&#10;"/>
    <property name="java.vm.specification.vendor" value="Oracle Corporation"/>
    <property name="java.specification.name" value="Java Platform API Specification"/>
    <property name="surefire.real.class.path" value="C:\Users\User\AppData\Local\Temp\surefire16829221939029467241\surefirebooter10785180987662798793.jar"/>
    <property name="user.script" value=""/>
    <property name="sun.management.compiler" value="HotSpot 64-Bit Tiered Compilers"/>
    <property name="java.runtime.version" value="14.0.1+7"/>
    <property name="user.name" value="User"/>
    <property name="path.separator" value=";"/>
    <property name="os.version" value="10.0"/>
    <property name="java.runtime.name" value="Java(TM) SE Runtime Environment"/>
    <property name="file.encoding" value="Cp1252"/>
    <property name="java.vm.name" value="Java HotSpot(TM) 64-Bit Server VM"/>
    <property name="localRepository" value="C:\Users\User\.m2\repository"/>
    <property name="java.vendor.url.bug" value="https://bugreport.java.com/bugreport/"/>
    <property name="java.io.tmpdir" value="C:\Users\User\AppData\Local\Temp\"/>
    <property name="java.version" value="14.0.1"/>
    <property name="user.dir" value="C:\Users\User\git\AASStagingTest\AASProductTestTools"/>
    <property name="os.arch" value="amd64"/>
    <property name="java.vm.specification.name" value="Java Virtual Machine Specification"/>
    <property name="sun.os.patch.level" value=""/>
    <property name="java.library.path" value="C:\Program Files\Java\jdk-14.0.1\bin;C:\Windows\Sun\Java\bin;C:\Windows\system32;C:\Windows;C:/Program Files/Java/jdk-14.0.1/bin/server;C:/Program Files/Java/jdk-14.0.1/bin;C:\Program Files (x86)\Common Files\Oracle\Java\javapath;C:\Windows\system32;C:\Windows;C:\Windows\System32\Wbem;C:\Windows\System32\WindowsPowerShell\v1.0\;C:\Windows\System32\OpenSSH\;C:\Program Files (x86)\Java\jre1.8.0_251\bin;C:\Program Files\nodejs\;C:\Program Files\Java\jdk1.8.0_261\bin;C:\opt\apache-maven-3.6.3\bin;C:\Program Files\Git\cmd;C:\Program Files\PuTTY\;C:\Users\User\AppData\Local\Microsoft\WindowsApps;C:\Users\User\AppData\Roaming\npm;C:\Windows\system32;;."/>
    <property name="java.vm.info" value="mixed mode, sharing"/>
    <property name="java.vendor" value="Oracle Corporation"/>
    <property name="java.vm.version" value="14.0.1+7"/>
    <property name="sun.io.unicode.encoding" value="UnicodeLittle"/>
    <property name="java.class.version" value="58.0"/>
  </properties>
  <testcase name="ProductStatusPositiveTest01" classname="AASProductTestCase.AASProductTest.qa.testcases.ProductSettingPageTest" time="5.944"/>
  <testcase name="ProductStatusPositiveTest01" classname="AASProductTestCase.AASProductTest.qa.testcases.ProductSettingPageTest" time="5.787"/>
  <testcase name="ProductStatusPositiveTest01" classname="AASProductTestCase.AASProductTest.qa.testcases.ProductSettingPageTest" time="5.705"/>
  <testcase name="ProductStatusPositiveTest01" classname="AASProductTestCase.AASProductTest.qa.testcases.ProductSettingPageTest" time="5.806"/>
  <testcase name="ProductStatusPositiveTest01" classname="AASProductTestCase.AASProductTest.qa.testcases.ProductSettingPageTest" time="5.704"/>
  <testcase name="ProductStatusPositiveTest01" classname="AASProductTestCase.AASProductTest.qa.testcases.ProductSettingPageTest" time="5.803"/>
  <testcase name="ProductStatusPositiveTest01" classname="AASProductTestCase.AASProductTest.qa.testcases.ProductSettingPageTest" time="5.918"/>
  <testcase name="ProductStatusPositiveTest01" classname="AASProductTestCase.AASProductTest.qa.testcases.ProductSettingPageTest" time="5.727"/>
  <testcase name="ProductStatusPositiveTest01" classname="AASProductTestCase.AASProductTest.qa.testcases.ProductSettingPageTest" time="5.724"/>
  <testcase name="ProductStatusPositiveTest01" classname="AASProductTestCase.AASProductTest.qa.testcases.ProductSettingPageTest" time="5.665"/>
  <testcase name="ProductStatusPositiveTest01" classname="AASProductTestCase.AASProductTest.qa.testcases.ProductSettingPageTest" time="5.669"/>
  <testcase name="ProductStatusPositiveTest01" classname="AASProductTestCase.AASProductTest.qa.testcases.ProductSettingPageTest" time="5.679"/>
  <testcase name="ProductStatusPositiveTest01" classname="AASProductTestCase.AASProductTest.qa.testcases.ProductSettingPageTest" time="5.742"/>
  <testcase name="ProductStatusPositiveTest01" classname="AASProductTestCase.AASProductTest.qa.testcases.ProductSettingPageTest" time="5.704"/>
  <testcase name="ProductStatusPositiveTest01" classname="AASProductTestCase.AASProductTest.qa.testcases.ProductSettingPageTest" time="5.666"/>
  <testcase name="ProductStatusPositiveTest01" classname="AASProductTestCase.AASProductTest.qa.testcases.ProductSettingPageTest" time="5.735"/>
  <testcase name="ProductStatusPositiveTest01" classname="AASProductTestCase.AASProductTest.qa.testcases.ProductSettingPageTest" time="5.676"/>
  <testcase name="ProductStatusPositiveTest01" classname="AASProductTestCase.AASProductTest.qa.testcases.ProductSettingPageTest" time="5.709"/>
  <testcase name="ProductSettingSMAGroupUpdate" classname="AASProductTestCase.AASProductTest.qa.testcases.ProductSettingPageTest" time="10.255"/>
  <testcase name="SMAProductStatusGroupActiveTest" classname="AASProductTestCase.AASProductTest.qa.testcases.ProductSettingPageTest" time="2.046"/>
  <testcase name="SMAProductStatusGroupActiveTest" classname="AASProductTestCase.AASProductTest.qa.testcases.ProductSettingPageTest" time="2.03"/>
  <testcase name="SMAProductStatusGroupActiveTest" classname="AASProductTestCase.AASProductTest.qa.testcases.ProductSettingPageTest" time="2.027"/>
  <testcase name="SMAProductStatusGroupActiveTest" classname="AASProductTestCase.AASProductTest.qa.testcases.ProductSettingPageTest" time="2.028"/>
  <testcase name="SMAProductStatusGroupActiveTest" classname="AASProductTestCase.AASProductTest.qa.testcases.ProductSettingPageTest" time="2.04"/>
  <testcase name="SMAProductStatusGroupActiveTest" classname="AASProductTestCase.AASProductTest.qa.testcases.ProductSettingPageTest" time="2.027"/>
  <testcase name="SMAProductStatusGroupActiveTest" classname="AASProductTestCase.AASProductTest.qa.testcases.ProductSettingPageTest" time="2.027"/>
  <testcase name="SMAProductStatusGroupActiveTest" classname="AASProductTestCase.AASProductTest.qa.testcases.ProductSettingPageTest" time="2.032"/>
  <testcase name="SMAProductStatusGroupActiveTest" classname="AASProductTestCase.AASProductTest.qa.testcases.ProductSettingPageTest" time="2.033"/>
  <testcase name="SMAProductStatusGroupActiveTest" classname="AASProductTestCase.AASProductTest.qa.testcases.ProductSettingPageTest" time="2.028"/>
  <testcase name="SMAProductStatusGroupActiveTest" classname="AASProductTestCase.AASProductTest.qa.testcases.ProductSettingPageTest" time="2.025"/>
  <testcase name="SMAProductStatusGroupActiveTest" classname="AASProductTestCase.AASProductTest.qa.testcases.ProductSettingPageTest" time="2.023"/>
  <testcase name="SMAProductStatusGroupActiveTest" classname="AASProductTestCase.AASProductTest.qa.testcases.ProductSettingPageTest" time="2.029"/>
  <testcase name="SMAProductStatusGroupActiveTest" classname="AASProductTestCase.AASProductTest.qa.testcases.ProductSettingPageTest" time="2.029"/>
  <testcase name="SMAProductStatusGroupActiveTest" classname="AASProductTestCase.AASProductTest.qa.testcases.ProductSettingPageTest" time="2.026"/>
  <testcase name="SMAProductStatusGroupActiveTest" classname="AASProductTestCase.AASProductTest.qa.testcases.ProductSettingPageTest" time="2.029"/>
  <testcase name="SMAProductStatusGroupActiveTest" classname="AASProductTestCase.AASProductTest.qa.testcases.ProductSettingPageTest" time="2.024"/>
  <testcase name="SMAProductStatusGroupActiveTest" classname="AASProductTestCase.AASProductTest.qa.testcases.ProductSettingPageTest" time="2.028"/>
  <testcase name="ProceedMACheck" classname="AASProductTestCase.AASProductTest.qa.testcases.ProductSettingPageTest" time="4.506"/>
  <testcase name="ProductStatusDownlineCheck_MA" classname="AASProductTestCase.AASProductTest.qa.testcases.ProductSettingPageTest" time="1.029"/>
  <testcase name="ProductStatusDownlineCheck_MA" classname="AASProductTestCase.AASProductTest.qa.testcases.ProductSettingPageTest" time="1.027"/>
  <testcase name="ProductStatusDownlineCheck_MA" classname="AASProductTestCase.AASProductTest.qa.testcases.ProductSettingPageTest" time="1.022"/>
  <testcase name="ProductStatusDownlineCheck_MA" classname="AASProductTestCase.AASProductTest.qa.testcases.ProductSettingPageTest" time="1.024"/>
  <testcase name="ProductStatusDownlineCheck_MA" classname="AASProductTestCase.AASProductTest.qa.testcases.ProductSettingPageTest" time="1.031"/>
  <testcase name="ProductStatusDownlineCheck_MA" classname="AASProductTestCase.AASProductTest.qa.testcases.ProductSettingPageTest" time="1.022"/>
  <testcase name="ProductStatusDownlineCheck_MA" classname="AASProductTestCase.AASProductTest.qa.testcases.ProductSettingPageTest" time="1.02"/>
  <testcase name="ProductStatusDownlineCheck_MA" classname="AASProductTestCase.AASProductTest.qa.testcases.ProductSettingPageTest" time="1.023"/>
  <testcase name="ProductStatusDownlineCheck_MA" classname="AASProductTestCase.AASProductTest.qa.testcases.ProductSettingPageTest" time="1.03"/>
  <testcase name="ProductStatusDownlineCheck_MA" classname="AASProductTestCase.AASProductTest.qa.testcases.ProductSettingPageTest" time="1.029"/>
  <testcase name="ProductStatusDownlineCheck_MA" classname="AASProductTestCase.AASProductTest.qa.testcases.ProductSettingPageTest" time="1.023"/>
  <testcase name="ProductStatusDownlineCheck_MA" classname="AASProductTestCase.AASProductTest.qa.testcases.ProductSettingPageTest" time="1.023"/>
  <testcase name="ProductStatusDownlineCheck_MA" classname="AASProductTestCase.AASProductTest.qa.testcases.ProductSettingPageTest" time="1.023"/>
  <testcase name="ProductStatusDownlineCheck_MA" classname="AASProductTestCase.AASProductTest.qa.testcases.ProductSettingPageTest" time="1.022"/>
  <testcase name="ProductStatusDownlineCheck_MA" classname="AASProductTestCase.AASProductTest.qa.testcases.ProductSettingPageTest" time="1.026"/>
  <testcase name="ProductStatusDownlineCheck_MA" classname="AASProductTestCase.AASProductTest.qa.testcases.ProductSettingPageTest" time="1.037"/>
  <testcase name="ProductStatusDownlineCheck_MA" classname="AASProductTestCase.AASProductTest.qa.testcases.ProductSettingPageTest" time="1.03"/>
  <testcase name="ProductStatusDownlineCheck_MA" classname="AASProductTestCase.AASProductTest.qa.testcases.ProductSettingPageTest" time="1.021"/>
  <testcase name="ProductSettingMASingleUpdate" classname="AASProductTestCase.AASProductTest.qa.testcases.ProductSettingPageTest" time="5.768"/>
  <testcase name="ProductSettingMASingleUpdate" classname="AASProductTestCase.AASProductTest.qa.testcases.ProductSettingPageTest" time="5.705"/>
  <testcase name="ProductSettingMASingleUpdate" classname="AASProductTestCase.AASProductTest.qa.testcases.ProductSettingPageTest" time="5.692"/>
  <testcase name="ProductSettingMASingleUpdate" classname="AASProductTestCase.AASProductTest.qa.testcases.ProductSettingPageTest" time="5.655"/>
  <testcase name="ProductSettingMASingleUpdate" classname="AASProductTestCase.AASProductTest.qa.testcases.ProductSettingPageTest" time="5.676"/>
  <testcase name="ProductSettingMASingleUpdate" classname="AASProductTestCase.AASProductTest.qa.testcases.ProductSettingPageTest" time="5.69"/>
  <testcase name="ProductSettingMASingleUpdate" classname="AASProductTestCase.AASProductTest.qa.testcases.ProductSettingPageTest" time="5.671"/>
  <testcase name="ProductSettingMASingleUpdate" classname="AASProductTestCase.AASProductTest.qa.testcases.ProductSettingPageTest" time="5.673"/>
  <testcase name="ProductSettingMASingleUpdate" classname="AASProductTestCase.AASProductTest.qa.testcases.ProductSettingPageTest" time="5.726"/>
  <testcase name="ProductSettingMASingleUpdate" classname="AASProductTestCase.AASProductTest.qa.testcases.ProductSettingPageTest" time="5.659"/>
  <testcase name="ProductSettingMASingleUpdate" classname="AASProductTestCase.AASProductTest.qa.testcases.ProductSettingPageTest" time="5.645"/>
  <testcase name="ProductSettingMASingleUpdate" classname="AASProductTestCase.AASProductTest.qa.testcases.ProductSettingPageTest" time="5.648"/>
  <testcase name="ProductSettingMASingleUpdate" classname="AASProductTestCase.AASProductTest.qa.testcases.ProductSettingPageTest" time="5.653"/>
  <testcase name="ProductSettingMASingleUpdate" classname="AASProductTestCase.AASProductTest.qa.testcases.ProductSettingPageTest" time="5.631"/>
  <testcase name="ProductSettingMASingleUpdate" classname="AASProductTestCase.AASProductTest.qa.testcases.ProductSettingPageTest" time="5.706"/>
  <testcase name="ProductSettingMASingleUpdate" classname="AASProductTestCase.AASProductTest.qa.testcases.ProductSettingPageTest" time="5.701"/>
  <testcase name="ProductSettingMASingleUpdate" classname="AASProductTestCase.AASProductTest.qa.testcases.ProductSettingPageTest" time="5.745"/>
  <testcase name="ProductSettingMASingleUpdate" classname="AASProductTestCase.AASProductTest.qa.testcases.ProductSettingPageTest" time="5.665"/>
  <testcase name="ProductSettingMAGroupUpdate" classname="AASProductTestCase.AASProductTest.qa.testcases.ProductSettingPageTest" time="9.797"/>
  <testcase name="MAProductStatusGroupActiveTest" classname="AASProductTestCase.AASProductTest.qa.testcases.ProductSettingPageTest" time="2.028"/>
  <testcase name="MAProductStatusGroupActiveTest" classname="AASProductTestCase.AASProductTest.qa.testcases.ProductSettingPageTest" time="2.027"/>
  <testcase name="MAProductStatusGroupActiveTest" classname="AASProductTestCase.AASProductTest.qa.testcases.ProductSettingPageTest" time="2.033"/>
  <testcase name="MAProductStatusGroupActiveTest" classname="AASProductTestCase.AASProductTest.qa.testcases.ProductSettingPageTest" time="2.034"/>
  <testcase name="MAProductStatusGroupActiveTest" classname="AASProductTestCase.AASProductTest.qa.testcases.ProductSettingPageTest" time="2.03"/>
  <testcase name="MAProductStatusGroupActiveTest" classname="AASProductTestCase.AASProductTest.qa.testcases.ProductSettingPageTest" time="2.025"/>
  <testcase name="MAProductStatusGroupActiveTest" classname="AASProductTestCase.AASProductTest.qa.testcases.ProductSettingPageTest" time="2.036"/>
  <testcase name="MAProductStatusGroupActiveTest" classname="AASProductTestCase.AASProductTest.qa.testcases.ProductSettingPageTest" time="2.027"/>
  <testcase name="MAProductStatusGroupActiveTest" classname="AASProductTestCase.AASProductTest.qa.testcases.ProductSettingPageTest" time="2.023"/>
  <testcase name="MAProductStatusGroupActiveTest" classname="AASProductTestCase.AASProductTest.qa.testcases.ProductSettingPageTest" time="2.022"/>
  <testcase name="MAProductStatusGroupActiveTest" classname="AASProductTestCase.AASProductTest.qa.testcases.ProductSettingPageTest" time="2.029"/>
  <testcase name="MAProductStatusGroupActiveTest" classname="AASProductTestCase.AASProductTest.qa.testcases.ProductSettingPageTest" time="2.028"/>
  <testcase name="MAProductStatusGroupActiveTest" classname="AASProductTestCase.AASProductTest.qa.testcases.ProductSettingPageTest" time="2.025"/>
  <testcase name="MAProductStatusGroupActiveTest" classname="AASProductTestCase.AASProductTest.qa.testcases.ProductSettingPageTest" time="2.026"/>
  <testcase name="MAProductStatusGroupActiveTest" classname="AASProductTestCase.AASProductTest.qa.testcases.ProductSettingPageTest" time="2.023"/>
  <testcase name="MAProductStatusGroupActiveTest" classname="AASProductTestCase.AASProductTest.qa.testcases.ProductSettingPageTest" time="2.024"/>
  <testcase name="MAProductStatusGroupActiveTest" classname="AASProductTestCase.AASProductTest.qa.testcases.ProductSettingPageTest" time="2.027"/>
  <testcase name="MAProductStatusGroupActiveTest" classname="AASProductTestCase.AASProductTest.qa.testcases.ProductSettingPageTest" time="2.028"/>
  <testcase name="ProductSettingMAGroupUpdate02" classname="AASProductTestCase.AASProductTest.qa.testcases.ProductSettingPageTest" time="9.759"/>
  <testcase name="ProceedAGCheck" classname="AASProductTestCase.AASProductTest.qa.testcases.ProductSettingPageTest" time="4.617"/>
  <testcase name="ProductStatusDownlineCheck_AG" classname="AASProductTestCase.AASProductTest.qa.testcases.ProductSettingPageTest" time="1.038"/>
  <testcase name="ProductStatusDownlineCheck_AG" classname="AASProductTestCase.AASProductTest.qa.testcases.ProductSettingPageTest" time="1.03"/>
  <testcase name="ProductStatusDownlineCheck_AG" classname="AASProductTestCase.AASProductTest.qa.testcases.ProductSettingPageTest" time="1.024"/>
  <testcase name="ProductStatusDownlineCheck_AG" classname="AASProductTestCase.AASProductTest.qa.testcases.ProductSettingPageTest" time="1.027"/>
  <testcase name="ProductStatusDownlineCheck_AG" classname="AASProductTestCase.AASProductTest.qa.testcases.ProductSettingPageTest" time="1.023"/>
  <testcase name="ProductStatusDownlineCheck_AG" classname="AASProductTestCase.AASProductTest.qa.testcases.ProductSettingPageTest" time="1.029"/>
  <testcase name="ProductStatusDownlineCheck_AG" classname="AASProductTestCase.AASProductTest.qa.testcases.ProductSettingPageTest" time="1.028"/>
  <testcase name="ProductStatusDownlineCheck_AG" classname="AASProductTestCase.AASProductTest.qa.testcases.ProductSettingPageTest" time="1.027"/>
  <testcase name="ProductStatusDownlineCheck_AG" classname="AASProductTestCase.AASProductTest.qa.testcases.ProductSettingPageTest" time="1.028"/>
  <testcase name="ProductStatusDownlineCheck_AG" classname="AASProductTestCase.AASProductTest.qa.testcases.ProductSettingPageTest" time="1.029"/>
  <testcase name="ProductStatusDownlineCheck_AG" classname="AASProductTestCase.AASProductTest.qa.testcases.ProductSettingPageTest" time="1.029"/>
  <testcase name="ProductStatusDownlineCheck_AG" classname="AASProductTestCase.AASProductTest.qa.testcases.ProductSettingPageTest" time="1.026"/>
  <testcase name="ProductStatusDownlineCheck_AG" classname="AASProductTestCase.AASProductTest.qa.testcases.ProductSettingPageTest" time="1.033"/>
  <testcase name="ProductStatusDownlineCheck_AG" classname="AASProductTestCase.AASProductTest.qa.testcases.ProductSettingPageTest" time="1.029"/>
  <testcase name="ProductStatusDownlineCheck_AG" classname="AASProductTestCase.AASProductTest.qa.testcases.ProductSettingPageTest" time="1.024"/>
  <testcase name="ProductStatusDownlineCheck_AG" classname="AASProductTestCase.AASProductTest.qa.testcases.ProductSettingPageTest" time="1.026"/>
  <testcase name="ProductStatusDownlineCheck_AG" classname="AASProductTestCase.AASProductTest.qa.testcases.ProductSettingPageTest" time="1.027"/>
  <testcase name="ProductStatusDownlineCheck_AG" classname="AASProductTestCase.AASProductTest.qa.testcases.ProductSettingPageTest" time="1.027"/>
  <testcase name="ProductSettingAGSingleUpdate" classname="AASProductTestCase.AASProductTest.qa.testcases.ProductSettingPageTest" time="5.725"/>
  <testcase name="ProductSettingAGSingleUpdate" classname="AASProductTestCase.AASProductTest.qa.testcases.ProductSettingPageTest" time="5.663"/>
  <testcase name="ProductSettingAGSingleUpdate" classname="AASProductTestCase.AASProductTest.qa.testcases.ProductSettingPageTest" time="5.643"/>
  <testcase name="ProductSettingAGSingleUpdate" classname="AASProductTestCase.AASProductTest.qa.testcases.ProductSettingPageTest" time="5.634"/>
  <testcase name="ProductSettingAGSingleUpdate" classname="AASProductTestCase.AASProductTest.qa.testcases.ProductSettingPageTest" time="5.636"/>
  <testcase name="ProductSettingAGSingleUpdate" classname="AASProductTestCase.AASProductTest.qa.testcases.ProductSettingPageTest" time="5.651"/>
  <testcase name="ProductSettingAGSingleUpdate" classname="AASProductTestCase.AASProductTest.qa.testcases.ProductSettingPageTest" time="5.673"/>
  <testcase name="ProductSettingAGSingleUpdate" classname="AASProductTestCase.AASProductTest.qa.testcases.ProductSettingPageTest" time="5.772"/>
  <testcase name="ProductSettingAGSingleUpdate" classname="AASProductTestCase.AASProductTest.qa.testcases.ProductSettingPageTest" time="5.657"/>
  <testcase name="ProductSettingAGSingleUpdate" classname="AASProductTestCase.AASProductTest.qa.testcases.ProductSettingPageTest" time="5.703"/>
  <testcase name="ProductSettingAGSingleUpdate" classname="AASProductTestCase.AASProductTest.qa.testcases.ProductSettingPageTest" time="5.676"/>
  <testcase name="ProductSettingAGSingleUpdate" classname="AASProductTestCase.AASProductTest.qa.testcases.ProductSettingPageTest" time="5.714"/>
  <testcase name="ProductSettingAGSingleUpdate" classname="AASProductTestCase.AASProductTest.qa.testcases.ProductSettingPageTest" time="5.647"/>
  <testcase name="ProductSettingAGSingleUpdate" classname="AASProductTestCase.AASProductTest.qa.testcases.ProductSettingPageTest" time="5.66"/>
  <testcase name="ProductSettingAGSingleUpdate" classname="AASProductTestCase.AASProductTest.qa.testcases.ProductSettingPageTest" time="5.626"/>
  <testcase name="ProductSettingAGSingleUpdate" classname="AASProductTestCase.AASProductTest.qa.testcases.ProductSettingPageTest" time="5.724"/>
  <testcase name="ProductSettingAGSingleUpdate" classname="AASProductTestCase.AASProductTest.qa.testcases.ProductSettingPageTest" time="5.646"/>
  <testcase name="ProductSettingAGSingleUpdate" classname="AASProductTestCase.AASProductTest.qa.testcases.ProductSettingPageTest" time="5.653"/>
  <testcase name="ProductSettingAGroupUpdate" classname="AASProductTestCase.AASProductTest.qa.testcases.ProductSettingPageTest" time="9.734"/>
  <testcase name="AGProductStatusGroupActiveTest" classname="AASProductTestCase.AASProductTest.qa.testcases.ProductSettingPageTest" time="2.033"/>
  <testcase name="AGProductStatusGroupActiveTest" classname="AASProductTestCase.AASProductTest.qa.testcases.ProductSettingPageTest" time="2.032"/>
  <testcase name="AGProductStatusGroupActiveTest" classname="AASProductTestCase.AASProductTest.qa.testcases.ProductSettingPageTest" time="2.033"/>
  <testcase name="AGProductStatusGroupActiveTest" classname="AASProductTestCase.AASProductTest.qa.testcases.ProductSettingPageTest" time="2.024"/>
  <testcase name="AGProductStatusGroupActiveTest" classname="AASProductTestCase.AASProductTest.qa.testcases.ProductSettingPageTest" time="2.029"/>
  <testcase name="AGProductStatusGroupActiveTest" classname="AASProductTestCase.AASProductTest.qa.testcases.ProductSettingPageTest" time="2.027"/>
  <testcase name="AGProductStatusGroupActiveTest" classname="AASProductTestCase.AASProductTest.qa.testcases.ProductSettingPageTest" time="2.027"/>
  <testcase name="AGProductStatusGroupActiveTest" classname="AASProductTestCase.AASProductTest.qa.testcases.ProductSettingPageTest" time="2.025"/>
  <testcase name="AGProductStatusGroupActiveTest" classname="AASProductTestCase.AASProductTest.qa.testcases.ProductSettingPageTest" time="2.025"/>
  <testcase name="AGProductStatusGroupActiveTest" classname="AASProductTestCase.AASProductTest.qa.testcases.ProductSettingPageTest" time="2.029"/>
  <testcase name="AGProductStatusGroupActiveTest" classname="AASProductTestCase.AASProductTest.qa.testcases.ProductSettingPageTest" time="2.028"/>
  <testcase name="AGProductStatusGroupActiveTest" classname="AASProductTestCase.AASProductTest.qa.testcases.ProductSettingPageTest" time="2.027"/>
  <testcase name="AGProductStatusGroupActiveTest" classname="AASProductTestCase.AASProductTest.qa.testcases.ProductSettingPageTest" time="2.026"/>
  <testcase name="AGProductStatusGroupActiveTest" classname="AASProductTestCase.AASProductTest.qa.testcases.ProductSettingPageTest" time="2.028"/>
  <testcase name="AGProductStatusGroupActiveTest" classname="AASProductTestCase.AASProductTest.qa.testcases.ProductSettingPageTest" time="2.028"/>
  <testcase name="AGProductStatusGroupActiveTest" classname="AASProductTestCase.AASProductTest.qa.testcases.ProductSettingPageTest" time="2.026"/>
  <testcase name="AGProductStatusGroupActiveTest" classname="AASProductTestCase.AASProductTest.qa.testcases.ProductSettingPageTest" time="2.029"/>
  <testcase name="AGProductStatusGroupActiveTest" classname="AASProductTestCase.AASProductTest.qa.testcases.ProductSettingPageTest" time="2.025"/>
  <testcase name="ProductSettingAGroupUpdate02" classname="AASProductTestCase.AASProductTest.qa.testcases.ProductSettingPageTest" time="9.787"/>
</testsuite>