<?xml version="1.0" encoding="UTF-8"?>
<testsuite xmlns:xsi="http://www.w3.org/2001/XMLSchema-instance" xsi:noNamespaceSchemaLocation="https://maven.apache.org/surefire/maven-surefire-plugin/xsd/surefire-test-report.xsd" name="TestSuite" time="700.113" tests="200" errors="0" skipped="0" failures="15">
  <properties>
    <property name="java.specification.version" value="14"/>
    <property name="sun.cpu.isalist" value="amd64"/>
    <property name="sun.jnu.encoding" value="GBK"/>
    <property name="java.class.path" value="C:\Users\User\git\AASStagingTest\AASProductTestTools\target\test-classes;C:\Users\User\git\AASStagingTest\AASProductTestTools\target\classes;C:\Users\User\.m2\repository\org\seleniumhq\selenium\selenium-java\3.14.0\selenium-java-3.14.0.jar;C:\Users\User\.m2\repository\org\seleniumhq\selenium\selenium-api\3.14.0\selenium-api-3.14.0.jar;C:\Users\User\.m2\repository\org\seleniumhq\selenium\selenium-chrome-driver\3.14.0\selenium-chrome-driver-3.14.0.jar;C:\Users\User\.m2\repository\org\seleniumhq\selenium\selenium-edge-driver\3.14.0\selenium-edge-driver-3.14.0.jar;C:\Users\User\.m2\repository\org\seleniumhq\selenium\selenium-firefox-driver\3.14.0\selenium-firefox-driver-3.14.0.jar;C:\Users\User\.m2\repository\org\seleniumhq\selenium\selenium-ie-driver\3.14.0\selenium-ie-driver-3.14.0.jar;C:\Users\User\.m2\repository\org\seleniumhq\selenium\selenium-opera-driver\3.14.0\selenium-opera-driver-3.14.0.jar;C:\Users\User\.m2\repository\org\seleniumhq\selenium\selenium-remote-driver\3.14.0\selenium-remote-driver-3.14.0.jar;C:\Users\User\.m2\repository\org\seleniumhq\selenium\selenium-safari-driver\3.14.0\selenium-safari-driver-3.14.0.jar;C:\Users\User\.m2\repository\org\seleniumhq\selenium\selenium-support\3.14.0\selenium-support-3.14.0.jar;C:\Users\User\.m2\repository\net\bytebuddy\byte-buddy\1.8.15\byte-buddy-1.8.15.jar;C:\Users\User\.m2\repository\org\apache\commons\commons-exec\1.3\commons-exec-1.3.jar;C:\Users\User\.m2\repository\commons-codec\commons-codec\1.10\commons-codec-1.10.jar;C:\Users\User\.m2\repository\commons-logging\commons-logging\1.2\commons-logging-1.2.jar;C:\Users\User\.m2\repository\com\google\guava\guava\25.0-jre\guava-25.0-jre.jar;C:\Users\User\.m2\repository\com\google\code\findbugs\jsr305\1.3.9\jsr305-1.3.9.jar;C:\Users\User\.m2\repository\org\checkerframework\checker-compat-qual\2.0.0\checker-compat-qual-2.0.0.jar;C:\Users\User\.m2\repository\com\google\errorprone\error_prone_annotations\2.1.3\error_prone_annotations-2.1.3.jar;C:\Users\User\.m2\repository\com\google\j2objc\j2objc-annotations\1.1\j2objc-annotations-1.1.jar;C:\Users\User\.m2\repository\org\codehaus\mojo\animal-sniffer-annotations\1.14\animal-sniffer-annotations-1.14.jar;C:\Users\User\.m2\repository\org\apache\httpcomponents\httpclient\4.5.5\httpclient-4.5.5.jar;C:\Users\User\.m2\repository\org\apache\httpcomponents\httpcore\4.4.9\httpcore-4.4.9.jar;C:\Users\User\.m2\repository\com\squareup\okhttp3\okhttp\3.10.0\okhttp-3.10.0.jar;C:\Users\User\.m2\repository\com\squareup\okio\okio\1.14.1\okio-1.14.1.jar;C:\Users\User\.m2\repository\org\testng\testng\6.11\testng-6.11.jar;C:\Users\User\.m2\repository\com\beust\jcommander\1.64\jcommander-1.64.jar;C:\Users\User\.m2\repository\org\yaml\snakeyaml\1.17\snakeyaml-1.17.jar;C:\Users\User\.m2\repository\org\apache\poi\poi\3.9\poi-3.9.jar;C:\Users\User\.m2\repository\org\apache\poi\poi-ooxml\3.9\poi-ooxml-3.9.jar;C:\Users\User\.m2\repository\dom4j\dom4j\1.6.1\dom4j-1.6.1.jar;C:\Users\User\.m2\repository\xml-apis\xml-apis\1.0.b2\xml-apis-1.0.b2.jar;C:\Users\User\.m2\repository\org\apache\poi\poi-ooxml-schemas\3.9\poi-ooxml-schemas-3.9.jar;C:\Users\User\.m2\repository\org\apache\xmlbeans\xmlbeans\2.3.0\xmlbeans-2.3.0.jar;C:\Users\User\.m2\repository\stax\stax-api\1.0.1\stax-api-1.0.1.jar;C:\Users\User\.m2\repository\org\apache\poi\poi-scratchpad\3.9\poi-scratchpad-3.9.jar;C:\Users\User\.m2\repository\org\apache\poi\ooxml-schemas\1.1\ooxml-schemas-1.1.jar;C:\Users\User\.m2\repository\org\apache\poi\openxml4j\1.0-beta\openxml4j-1.0-beta.jar;C:\Users\User\.m2\repository\com\relevantcodes\extentreports\2.41.2\extentreports-2.41.2.jar;C:\Users\User\.m2\repository\org\jsoup\jsoup\1.8.3\jsoup-1.8.3.jar;C:\Users\User\.m2\repository\org\xerial\sqlite-jdbc\3.8.11.1\sqlite-jdbc-3.8.11.1.jar;C:\Users\User\.m2\repository\org\freemarker\freemarker\2.3.23\freemarker-2.3.23.jar;C:\Users\User\.m2\repository\org\mongodb\mongodb-driver\3.0.4\mongodb-driver-3.0.4.jar;C:\Users\User\.m2\repository\org\mongodb\mongodb-driver-core\3.0.4\mongodb-driver-core-3.0.4.jar;C:\Users\User\.m2\repository\commons-io\commons-io\2.6\commons-io-2.6.jar;C:\Users\User\.m2\repository\com\aventstack\extentreports\4.0.9\extentreports-4.0.9.jar;C:\Users\User\.m2\repository\org\mongodb\bson\3.3.0\bson-3.3.0.jar;C:\Users\User\.m2\repository\org\apache\httpcomponents\httpmime\4.5.2\httpmime-4.5.2.jar;C:\Users\User\.m2\repository\com\google\code\gson\gson\2.8.5\gson-2.8.5.jar;C:\Users\User\.m2\repository\log4j\log4j\1.2.17\log4j-1.2.17.jar;"/>
    <property name="java.vm.vendor" value="Oracle Corporation"/>
    <property name="sun.arch.data.model" value="64"/>
    <property name="user.variant" value=""/>
    <property name="java.vendor.url" value="https://java.oracle.com/"/>
    <property name="user.timezone" value="Asia/Singapore"/>
    <property name="os.name" value="Windows 10"/>
    <property name="java.vm.specification.version" value="14"/>
    <property name="sun.java.launcher" value="SUN_STANDARD"/>
    <property name="user.country" value="US"/>
    <property name="sun.boot.library.path" value="C:\Program Files\Java\jdk-14.0.1\bin"/>
    <property name="sun.java.command" value="C:\Users\User\AppData\Local\Temp\surefire9793240261374869601\surefirebooter17719185590822711080.jar C:\Users\User\AppData\Local\Temp\surefire9793240261374869601 2020-08-30T21-37-45_676-jvmRun1 surefire1658510660690459729tmp surefire_02869909284561703266tmp"/>
    <property name="jdk.debug" value="release"/>
    <property name="surefire.test.class.path" value="C:\Users\User\git\AASStagingTest\AASProductTestTools\target\test-classes;C:\Users\User\git\AASStagingTest\AASProductTestTools\target\classes;C:\Users\User\.m2\repository\org\seleniumhq\selenium\selenium-java\3.14.0\selenium-java-3.14.0.jar;C:\Users\User\.m2\repository\org\seleniumhq\selenium\selenium-api\3.14.0\selenium-api-3.14.0.jar;C:\Users\User\.m2\repository\org\seleniumhq\selenium\selenium-chrome-driver\3.14.0\selenium-chrome-driver-3.14.0.jar;C:\Users\User\.m2\repository\org\seleniumhq\selenium\selenium-edge-driver\3.14.0\selenium-edge-driver-3.14.0.jar;C:\Users\User\.m2\repository\org\seleniumhq\selenium\selenium-firefox-driver\3.14.0\selenium-firefox-driver-3.14.0.jar;C:\Users\User\.m2\repository\org\seleniumhq\selenium\selenium-ie-driver\3.14.0\selenium-ie-driver-3.14.0.jar;C:\Users\User\.m2\repository\org\seleniumhq\selenium\selenium-opera-driver\3.14.0\selenium-opera-driver-3.14.0.jar;C:\Users\User\.m2\repository\org\seleniumhq\selenium\selenium-remote-driver\3.14.0\selenium-remote-driver-3.14.0.jar;C:\Users\User\.m2\repository\org\seleniumhq\selenium\selenium-safari-driver\3.14.0\selenium-safari-driver-3.14.0.jar;C:\Users\User\.m2\repository\org\seleniumhq\selenium\selenium-support\3.14.0\selenium-support-3.14.0.jar;C:\Users\User\.m2\repository\net\bytebuddy\byte-buddy\1.8.15\byte-buddy-1.8.15.jar;C:\Users\User\.m2\repository\org\apache\commons\commons-exec\1.3\commons-exec-1.3.jar;C:\Users\User\.m2\repository\commons-codec\commons-codec\1.10\commons-codec-1.10.jar;C:\Users\User\.m2\repository\commons-logging\commons-logging\1.2\commons-logging-1.2.jar;C:\Users\User\.m2\repository\com\google\guava\guava\25.0-jre\guava-25.0-jre.jar;C:\Users\User\.m2\repository\com\google\code\findbugs\jsr305\1.3.9\jsr305-1.3.9.jar;C:\Users\User\.m2\repository\org\checkerframework\checker-compat-qual\2.0.0\checker-compat-qual-2.0.0.jar;C:\Users\User\.m2\repository\com\google\errorprone\error_prone_annotations\2.1.3\error_prone_annotations-2.1.3.jar;C:\Users\User\.m2\repository\com\google\j2objc\j2objc-annotations\1.1\j2objc-annotations-1.1.jar;C:\Users\User\.m2\repository\org\codehaus\mojo\animal-sniffer-annotations\1.14\animal-sniffer-annotations-1.14.jar;C:\Users\User\.m2\repository\org\apache\httpcomponents\httpclient\4.5.5\httpclient-4.5.5.jar;C:\Users\User\.m2\repository\org\apache\httpcomponents\httpcore\4.4.9\httpcore-4.4.9.jar;C:\Users\User\.m2\repository\com\squareup\okhttp3\okhttp\3.10.0\okhttp-3.10.0.jar;C:\Users\User\.m2\repository\com\squareup\okio\okio\1.14.1\okio-1.14.1.jar;C:\Users\User\.m2\repository\org\testng\testng\6.11\testng-6.11.jar;C:\Users\User\.m2\repository\com\beust\jcommander\1.64\jcommander-1.64.jar;C:\Users\User\.m2\repository\org\yaml\snakeyaml\1.17\snakeyaml-1.17.jar;C:\Users\User\.m2\repository\org\apache\poi\poi\3.9\poi-3.9.jar;C:\Users\User\.m2\repository\org\apache\poi\poi-ooxml\3.9\poi-ooxml-3.9.jar;C:\Users\User\.m2\repository\dom4j\dom4j\1.6.1\dom4j-1.6.1.jar;C:\Users\User\.m2\repository\xml-apis\xml-apis\1.0.b2\xml-apis-1.0.b2.jar;C:\Users\User\.m2\repository\org\apache\poi\poi-ooxml-schemas\3.9\poi-ooxml-schemas-3.9.jar;C:\Users\User\.m2\repository\org\apache\xmlbeans\xmlbeans\2.3.0\xmlbeans-2.3.0.jar;C:\Users\User\.m2\repository\stax\stax-api\1.0.1\stax-api-1.0.1.jar;C:\Users\User\.m2\repository\org\apache\poi\poi-scratchpad\3.9\poi-scratchpad-3.9.jar;C:\Users\User\.m2\repository\org\apache\poi\ooxml-schemas\1.1\ooxml-schemas-1.1.jar;C:\Users\User\.m2\repository\org\apache\poi\openxml4j\1.0-beta\openxml4j-1.0-beta.jar;C:\Users\User\.m2\repository\com\relevantcodes\extentreports\2.41.2\extentreports-2.41.2.jar;C:\Users\User\.m2\repository\org\jsoup\jsoup\1.8.3\jsoup-1.8.3.jar;C:\Users\User\.m2\repository\org\xerial\sqlite-jdbc\3.8.11.1\sqlite-jdbc-3.8.11.1.jar;C:\Users\User\.m2\repository\org\freemarker\freemarker\2.3.23\freemarker-2.3.23.jar;C:\Users\User\.m2\repository\org\mongodb\mongodb-driver\3.0.4\mongodb-driver-3.0.4.jar;C:\Users\User\.m2\repository\org\mongodb\mongodb-driver-core\3.0.4\mongodb-driver-core-3.0.4.jar;C:\Users\User\.m2\repository\commons-io\commons-io\2.6\commons-io-2.6.jar;C:\Users\User\.m2\repository\com\aventstack\extentreports\4.0.9\extentreports-4.0.9.jar;C:\Users\User\.m2\repository\org\mongodb\bson\3.3.0\bson-3.3.0.jar;C:\Users\User\.m2\repository\org\apache\httpcomponents\httpmime\4.5.2\httpmime-4.5.2.jar;C:\Users\User\.m2\repository\com\google\code\gson\gson\2.8.5\gson-2.8.5.jar;C:\Users\User\.m2\repository\log4j\log4j\1.2.17\log4j-1.2.17.jar;"/>
    <property name="sun.cpu.endian" value="little"/>
    <property name="user.home" value="C:\Users\User"/>
    <property name="user.language" value="en"/>
    <property name="java.specification.vendor" value="Oracle Corporation"/>
    <property name="java.version.date" value="2020-04-14"/>
    <property name="java.home" value="C:\Program Files\Java\jdk-14.0.1"/>
    <property name="file.separator" value="\"/>
    <property name="basedir" value="C:\Users\User\git\AASStagingTest\AASProductTestTools"/>
    <property name="java.vm.compressedOopsMode" value="Zero based"/>
    <property name="line.separator" value="&#10;"/>
    <property name="java.vm.specification.vendor" value="Oracle Corporation"/>
    <property name="java.specification.name" value="Java Platform API Specification"/>
    <property name="surefire.real.class.path" value="C:\Users\User\AppData\Local\Temp\surefire9793240261374869601\surefirebooter17719185590822711080.jar"/>
    <property name="user.script" value=""/>
    <property name="sun.management.compiler" value="HotSpot 64-Bit Tiered Compilers"/>
    <property name="java.runtime.version" value="14.0.1+7"/>
    <property name="user.name" value="User"/>
    <property name="path.separator" value=";"/>
    <property name="os.version" value="10.0"/>
    <property name="java.runtime.name" value="Java(TM) SE Runtime Environment"/>
    <property name="file.encoding" value="Cp1252"/>
    <property name="java.vm.name" value="Java HotSpot(TM) 64-Bit Server VM"/>
    <property name="localRepository" value="C:\Users\User\.m2\repository"/>
    <property name="java.vendor.url.bug" value="https://bugreport.java.com/bugreport/"/>
    <property name="java.io.tmpdir" value="C:\Users\User\AppData\Local\Temp\"/>
    <property name="java.version" value="14.0.1"/>
    <property name="user.dir" value="C:\Users\User\git\AASStagingTest\AASProductTestTools"/>
    <property name="os.arch" value="amd64"/>
    <property name="java.vm.specification.name" value="Java Virtual Machine Specification"/>
    <property name="sun.os.patch.level" value=""/>
    <property name="java.library.path" value="C:\Program Files\Java\jdk-14.0.1\bin;C:\Windows\Sun\Java\bin;C:\Windows\system32;C:\Windows;C:/Program Files/Java/jdk-14.0.1/bin/server;C:/Program Files/Java/jdk-14.0.1/bin;C:\Program Files (x86)\Common Files\Oracle\Java\javapath;C:\Windows\system32;C:\Windows;C:\Windows\System32\Wbem;C:\Windows\System32\WindowsPowerShell\v1.0\;C:\Windows\System32\OpenSSH\;C:\Program Files (x86)\Java\jre1.8.0_251\bin;C:\Program Files\nodejs\;C:\Program Files\Java\jdk1.8.0_261\bin;C:\opt\apache-maven-3.6.3\bin;C:\Program Files\Git\cmd;C:\Users\User\AppData\Local\Microsoft\WindowsApps;C:\Users\User\AppData\Roaming\npm;C:\Windows\system32;;."/>
    <property name="java.vm.info" value="mixed mode, sharing"/>
    <property name="java.vendor" value="Oracle Corporation"/>
    <property name="java.vm.version" value="14.0.1+7"/>
    <property name="sun.io.unicode.encoding" value="UnicodeLittle"/>
    <property name="java.class.version" value="58.0"/>
  </properties>
  <testcase name="PTSettingCAPositiveTest01" classname="AASProductTestCase.AASProductTest.qa.testcases.PTSettingPageTest" time="4.777"/>
  <testcase name="PTSettingCAPositiveTest01" classname="AASProductTestCase.AASProductTest.qa.testcases.PTSettingPageTest" time="4.689"/>
  <testcase name="PTSettingCAPositiveTest01" classname="AASProductTestCase.AASProductTest.qa.testcases.PTSettingPageTest" time="4.659"/>
  <testcase name="PTSettingCAPositiveTest01" classname="AASProductTestCase.AASProductTest.qa.testcases.PTSettingPageTest" time="4.68"/>
  <testcase name="PTSettingCAPositiveTest01" classname="AASProductTestCase.AASProductTest.qa.testcases.PTSettingPageTest" time="4.648"/>
  <testcase name="PTSettingCAPositiveTest01" classname="AASProductTestCase.AASProductTest.qa.testcases.PTSettingPageTest" time="4.803"/>
  <testcase name="PTSettingCAPositiveTest01" classname="AASProductTestCase.AASProductTest.qa.testcases.PTSettingPageTest" time="4.645"/>
  <testcase name="PTSettingCAPositiveTest01" classname="AASProductTestCase.AASProductTest.qa.testcases.PTSettingPageTest" time="4.631"/>
  <testcase name="PTSettingCAPositiveTest01" classname="AASProductTestCase.AASProductTest.qa.testcases.PTSettingPageTest" time="4.629"/>
  <testcase name="PTSettingCAPositiveTest01" classname="AASProductTestCase.AASProductTest.qa.testcases.PTSettingPageTest" time="4.65"/>
  <testcase name="PTSettingCAPositiveTest01" classname="AASProductTestCase.AASProductTest.qa.testcases.PTSettingPageTest" time="4.636"/>
  <testcase name="PTSettingCAPositiveTest01" classname="AASProductTestCase.AASProductTest.qa.testcases.PTSettingPageTest" time="4.612"/>
  <testcase name="PTSettingCAPositiveTest01" classname="AASProductTestCase.AASProductTest.qa.testcases.PTSettingPageTest" time="4.627"/>
  <testcase name="PTSettingCAPositiveTest01" classname="AASProductTestCase.AASProductTest.qa.testcases.PTSettingPageTest" time="4.602"/>
  <testcase name="PTSettingCAPositiveTest01" classname="AASProductTestCase.AASProductTest.qa.testcases.PTSettingPageTest" time="4.602"/>
  <testcase name="PTSettingCAGroupUpdate" classname="AASProductTestCase.AASProductTest.qa.testcases.PTSettingPageTest" time="8.379"/>
  <testcase name="PTSettingCAPositiveTest02" classname="AASProductTestCase.AASProductTest.qa.testcases.PTSettingPageTest" time="1.045"/>
  <testcase name="PTSettingCAPositiveTest02" classname="AASProductTestCase.AASProductTest.qa.testcases.PTSettingPageTest" time="1.044"/>
  <testcase name="PTSettingCAPositiveTest02" classname="AASProductTestCase.AASProductTest.qa.testcases.PTSettingPageTest" time="1.047"/>
  <testcase name="PTSettingCAPositiveTest02" classname="AASProductTestCase.AASProductTest.qa.testcases.PTSettingPageTest" time="1.047"/>
  <testcase name="PTSettingCAPositiveTest02" classname="AASProductTestCase.AASProductTest.qa.testcases.PTSettingPageTest" time="1.05"/>
  <testcase name="PTSettingCAPositiveTest02" classname="AASProductTestCase.AASProductTest.qa.testcases.PTSettingPageTest" time="1.056"/>
  <testcase name="PTSettingCAPositiveTest02" classname="AASProductTestCase.AASProductTest.qa.testcases.PTSettingPageTest" time="1.044"/>
  <testcase name="PTSettingCAPositiveTest02" classname="AASProductTestCase.AASProductTest.qa.testcases.PTSettingPageTest" time="1.054"/>
  <testcase name="PTSettingCAPositiveTest02" classname="AASProductTestCase.AASProductTest.qa.testcases.PTSettingPageTest" time="1.042"/>
  <testcase name="PTSettingCAPositiveTest02" classname="AASProductTestCase.AASProductTest.qa.testcases.PTSettingPageTest" time="1.044"/>
  <testcase name="PTSettingCAPositiveTest02" classname="AASProductTestCase.AASProductTest.qa.testcases.PTSettingPageTest" time="1.048"/>
  <testcase name="PTSettingCAPositiveTest02" classname="AASProductTestCase.AASProductTest.qa.testcases.PTSettingPageTest" time="1.062"/>
  <testcase name="PTSettingCAPositiveTest02" classname="AASProductTestCase.AASProductTest.qa.testcases.PTSettingPageTest" time="1.048"/>
  <testcase name="PTSettingCAPositiveTest02" classname="AASProductTestCase.AASProductTest.qa.testcases.PTSettingPageTest" time="1.057"/>
  <testcase name="PTSettingCAPositiveTest02" classname="AASProductTestCase.AASProductTest.qa.testcases.PTSettingPageTest" time="1.046"/>
  <testcase name="PTSettingCANegativeTest01" classname="AASProductTestCase.AASProductTest.qa.testcases.PTSettingPageTest" time="4.719"/>
  <testcase name="PTSettingCANegativeTest01" classname="AASProductTestCase.AASProductTest.qa.testcases.PTSettingPageTest" time="4.827"/>
  <testcase name="PTSettingCANegativeTest01" classname="AASProductTestCase.AASProductTest.qa.testcases.PTSettingPageTest" time="4.615"/>
  <testcase name="PTSettingCANegativeTest01" classname="AASProductTestCase.AASProductTest.qa.testcases.PTSettingPageTest" time="4.601"/>
  <testcase name="PTSettingCANegativeTest01" classname="AASProductTestCase.AASProductTest.qa.testcases.PTSettingPageTest" time="4.584"/>
  <testcase name="PTSettingCANegativeTest01" classname="AASProductTestCase.AASProductTest.qa.testcases.PTSettingPageTest" time="4.603"/>
  <testcase name="PTSettingCANegativeTest01" classname="AASProductTestCase.AASProductTest.qa.testcases.PTSettingPageTest" time="4.581"/>
  <testcase name="PTSettingCANegativeTest01" classname="AASProductTestCase.AASProductTest.qa.testcases.PTSettingPageTest" time="4.634"/>
  <testcase name="PTSettingCANegativeTest01" classname="AASProductTestCase.AASProductTest.qa.testcases.PTSettingPageTest" time="4.733"/>
  <testcase name="PTSettingCANegativeTest01" classname="AASProductTestCase.AASProductTest.qa.testcases.PTSettingPageTest" time="4.606"/>
  <testcase name="PTSettingCANegativeTest01" classname="AASProductTestCase.AASProductTest.qa.testcases.PTSettingPageTest" time="4.615"/>
  <testcase name="PTSettingCANegativeTest01" classname="AASProductTestCase.AASProductTest.qa.testcases.PTSettingPageTest" time="4.605"/>
  <testcase name="PTSettingCANegativeTest01" classname="AASProductTestCase.AASProductTest.qa.testcases.PTSettingPageTest" time="4.586"/>
  <testcase name="PTSettingCANegativeTest01" classname="AASProductTestCase.AASProductTest.qa.testcases.PTSettingPageTest" time="4.63"/>
  <testcase name="PTSettingCANegativeTest01" classname="AASProductTestCase.AASProductTest.qa.testcases.PTSettingPageTest" time="4.785"/>
  <testcase name="PTSettingCANegativeTest02" classname="AASProductTestCase.AASProductTest.qa.testcases.PTSettingPageTest" time="4.598"/>
  <testcase name="PTSettingCANegativeTest02" classname="AASProductTestCase.AASProductTest.qa.testcases.PTSettingPageTest" time="4.596"/>
  <testcase name="PTSettingCANegativeTest02" classname="AASProductTestCase.AASProductTest.qa.testcases.PTSettingPageTest" time="4.605"/>
  <testcase name="PTSettingCANegativeTest02" classname="AASProductTestCase.AASProductTest.qa.testcases.PTSettingPageTest" time="4.591"/>
  <testcase name="PTSettingCANegativeTest02" classname="AASProductTestCase.AASProductTest.qa.testcases.PTSettingPageTest" time="4.617"/>
  <testcase name="PTSettingCANegativeTest02" classname="AASProductTestCase.AASProductTest.qa.testcases.PTSettingPageTest" time="4.624"/>
  <testcase name="PTSettingCANegativeTest02" classname="AASProductTestCase.AASProductTest.qa.testcases.PTSettingPageTest" time="4.591"/>
  <testcase name="PTSettingCANegativeTest02" classname="AASProductTestCase.AASProductTest.qa.testcases.PTSettingPageTest" time="4.716"/>
  <testcase name="PTSettingCANegativeTest02" classname="AASProductTestCase.AASProductTest.qa.testcases.PTSettingPageTest" time="4.62"/>
  <testcase name="PTSettingCANegativeTest02" classname="AASProductTestCase.AASProductTest.qa.testcases.PTSettingPageTest" time="4.699"/>
  <testcase name="PTSettingCANegativeTest02" classname="AASProductTestCase.AASProductTest.qa.testcases.PTSettingPageTest" time="4.603"/>
  <testcase name="PTSettingCANegativeTest02" classname="AASProductTestCase.AASProductTest.qa.testcases.PTSettingPageTest" time="4.818"/>
  <testcase name="PTSettingCANegativeTest02" classname="AASProductTestCase.AASProductTest.qa.testcases.PTSettingPageTest" time="4.596"/>
  <testcase name="PTSettingCANegativeTest02" classname="AASProductTestCase.AASProductTest.qa.testcases.PTSettingPageTest" time="4.577"/>
  <testcase name="PTSettingCANegativeTest02" classname="AASProductTestCase.AASProductTest.qa.testcases.PTSettingPageTest" time="4.831"/>
  <testcase name="ProceedSMACheck" classname="AASProductTestCase.AASProductTest.qa.testcases.PTSettingPageTest" time="4.432"/>
  <testcase name="PTSettingSMAGivenPTCheck" classname="AASProductTestCase.AASProductTest.qa.testcases.PTSettingPageTest" time="1.043"/>
  <testcase name="PTSettingSMAGivenPTCheck" classname="AASProductTestCase.AASProductTest.qa.testcases.PTSettingPageTest" time="1.066"/>
  <testcase name="PTSettingSMAGivenPTCheck" classname="AASProductTestCase.AASProductTest.qa.testcases.PTSettingPageTest" time="1.047"/>
  <testcase name="PTSettingSMAGivenPTCheck" classname="AASProductTestCase.AASProductTest.qa.testcases.PTSettingPageTest" time="1.046"/>
  <testcase name="PTSettingSMAGivenPTCheck" classname="AASProductTestCase.AASProductTest.qa.testcases.PTSettingPageTest" time="1.042"/>
  <testcase name="PTSettingSMAGivenPTCheck" classname="AASProductTestCase.AASProductTest.qa.testcases.PTSettingPageTest" time="1.047"/>
  <testcase name="PTSettingSMAGivenPTCheck" classname="AASProductTestCase.AASProductTest.qa.testcases.PTSettingPageTest" time="1.044"/>
  <testcase name="PTSettingSMAGivenPTCheck" classname="AASProductTestCase.AASProductTest.qa.testcases.PTSettingPageTest" time="1.042"/>
  <testcase name="PTSettingSMAGivenPTCheck" classname="AASProductTestCase.AASProductTest.qa.testcases.PTSettingPageTest" time="1.04"/>
  <testcase name="PTSettingSMAGivenPTCheck" classname="AASProductTestCase.AASProductTest.qa.testcases.PTSettingPageTest" time="1.051"/>
  <testcase name="PTSettingSMAGivenPTCheck" classname="AASProductTestCase.AASProductTest.qa.testcases.PTSettingPageTest" time="1.042"/>
  <testcase name="PTSettingSMAGivenPTCheck" classname="AASProductTestCase.AASProductTest.qa.testcases.PTSettingPageTest" time="1.043"/>
  <testcase name="PTSettingSMAGivenPTCheck" classname="AASProductTestCase.AASProductTest.qa.testcases.PTSettingPageTest" time="1.047"/>
  <testcase name="PTSettingSMAGivenPTCheck" classname="AASProductTestCase.AASProductTest.qa.testcases.PTSettingPageTest" time="1.061"/>
  <testcase name="PTSettingSMAGivenPTCheck" classname="AASProductTestCase.AASProductTest.qa.testcases.PTSettingPageTest" time="1.042"/>
  <testcase name="PTSettingSMAPositiveTest01" classname="AASProductTestCase.AASProductTest.qa.testcases.PTSettingPageTest" time="4.667"/>
  <testcase name="PTSettingSMAPositiveTest01" classname="AASProductTestCase.AASProductTest.qa.testcases.PTSettingPageTest" time="4.597"/>
  <testcase name="PTSettingSMAPositiveTest01" classname="AASProductTestCase.AASProductTest.qa.testcases.PTSettingPageTest" time="4.606"/>
  <testcase name="PTSettingSMAPositiveTest01" classname="AASProductTestCase.AASProductTest.qa.testcases.PTSettingPageTest" time="4.603"/>
  <testcase name="PTSettingSMAPositiveTest01" classname="AASProductTestCase.AASProductTest.qa.testcases.PTSettingPageTest" time="4.629"/>
  <testcase name="PTSettingSMAPositiveTest01" classname="AASProductTestCase.AASProductTest.qa.testcases.PTSettingPageTest" time="4.595"/>
  <testcase name="PTSettingSMAPositiveTest01" classname="AASProductTestCase.AASProductTest.qa.testcases.PTSettingPageTest" time="4.618"/>
  <testcase name="PTSettingSMAPositiveTest01" classname="AASProductTestCase.AASProductTest.qa.testcases.PTSettingPageTest" time="4.6"/>
  <testcase name="PTSettingSMAPositiveTest01" classname="AASProductTestCase.AASProductTest.qa.testcases.PTSettingPageTest" time="4.61"/>
  <testcase name="PTSettingSMAPositiveTest01" classname="AASProductTestCase.AASProductTest.qa.testcases.PTSettingPageTest" time="4.589"/>
  <testcase name="PTSettingSMAPositiveTest01" classname="AASProductTestCase.AASProductTest.qa.testcases.PTSettingPageTest" time="4.618"/>
  <testcase name="PTSettingSMAPositiveTest01" classname="AASProductTestCase.AASProductTest.qa.testcases.PTSettingPageTest" time="4.595"/>
  <testcase name="PTSettingSMAPositiveTest01" classname="AASProductTestCase.AASProductTest.qa.testcases.PTSettingPageTest" time="4.604"/>
  <testcase name="PTSettingSMAPositiveTest01" classname="AASProductTestCase.AASProductTest.qa.testcases.PTSettingPageTest" time="4.617"/>
  <testcase name="PTSettingSMAPositiveTest01" classname="AASProductTestCase.AASProductTest.qa.testcases.PTSettingPageTest" time="4.596"/>
  <testcase name="PTSettingSMANegativeTest01" classname="AASProductTestCase.AASProductTest.qa.testcases.PTSettingPageTest" time="4.573">
    <failure type="java.lang.AssertionError:">java.lang.AssertionError: null
	at AASProductTestCase.AASProductTest.qa.testcases.PTSettingPageTest.PTSettingSMANegativeTest01(PTSettingPageTest.java:240)
</failure>
    <system-out><![CDATA[Trying to find Element By : By.xpath: //div[contains(@class,'table-responsive')]/table/tbody/tr/td[5]
Found Element By : By.xpath: //div[contains(@class,'table-responsive')]/table/tbody/tr/td[5]
Trying to find Element By : By.xpath: //div[contains(@class,'table-responsive')]/table/tbody/tr/td[6]
Found Element By : By.xpath: //div[contains(@class,'table-responsive')]/table/tbody/tr/td[6]
Trying to find Element By : By.id: check_3
Found Element By : By.id: check_3
Trying to click on: [[ChromeDriver: chrome on WINDOWS (15c9a7a27bf3ad9a87345a7644c02216)] -> id: check_3]
Clicked on: [[ChromeDriver: chrome on WINDOWS (15c9a7a27bf3ad9a87345a7644c02216)] -> id: check_3]
Trying to find Element By : By.xpath: //select[contains(@name,'evo_pt')]
Found Element By : By.xpath: //select[contains(@name,'evo_pt')]
Trying to find Element By : By.xpath: //select[contains(@name,'evo_pt')]
Found Element By : By.xpath: //select[contains(@name,'evo_pt')]
Trying to find Element By : By.xpath: //select[contains(@name,'bg_pt')]
Found Element By : By.xpath: //select[contains(@name,'bg_pt')]
Trying to find Element By : By.xpath: //select[contains(@name,'bg_pt')]
Found Element By : By.xpath: //select[contains(@name,'bg_pt')]
Trying to find Element By : By.xpath: //select[contains(@name,'titanium_pt')]
Found Element By : By.xpath: //select[contains(@name,'titanium_pt')]
Trying to find Element By : By.xpath: //select[contains(@name,'titanium_pt')]
Found Element By : By.xpath: //select[contains(@name,'titanium_pt')]
Trying to find Element By : By.xpath: //select[contains(@name,'asg_pt')]
Found Element By : By.xpath: //select[contains(@name,'asg_pt')]
Trying to find Element By : By.xpath: //select[contains(@name,'asg_pt')]
Found Element By : By.xpath: //select[contains(@name,'asg_pt')]
Trying to find Element By : By.xpath: //select[contains(@name,'dg_pt')]
Found Element By : By.xpath: //select[contains(@name,'dg_pt')]
Trying to find Element By : By.xpath: //select[contains(@name,'dg_pt')]
Found Element By : By.xpath: //select[contains(@name,'dg_pt')]
Trying to find Element By : By.xpath: //select[contains(@name,'av_pt')]
Found Element By : By.xpath: //select[contains(@name,'av_pt')]
Trying to find Element By : By.xpath: //select[contains(@name,'av_pt')]
Found Element By : By.xpath: //select[contains(@name,'av_pt')]
Trying to find Element By : By.xpath: //select[contains(@name,'pp_pt')]
Found Element By : By.xpath: //select[contains(@name,'pp_pt')]
Trying to find Element By : By.xpath: //select[contains(@name,'pp_pt')]
Found Element By : By.xpath: //select[contains(@name,'pp_pt')]
Trying to find Element By : By.xpath: //select[contains(@name,'sxg_pt')]
Found Element By : By.xpath: //select[contains(@name,'sxg_pt')]
Trying to find Element By : By.xpath: //select[contains(@name,'sxg_pt')]
Found Element By : By.xpath: //select[contains(@name,'sxg_pt')]
Trying to find Element By : By.xpath: //select[contains(@name,'pps_pt')]
Found Element By : By.xpath: //select[contains(@name,'pps_pt')]
Trying to find Element By : By.xpath: //select[contains(@name,'pps_pt')]
Found Element By : By.xpath: //select[contains(@name,'pps_pt')]
Trying to find Element By : By.xpath: //select[contains(@name,'haba_pt')]
Found Element By : By.xpath: //select[contains(@name,'haba_pt')]
Trying to find Element By : By.xpath: //select[contains(@name,'haba_pt')]
Found Element By : By.xpath: //select[contains(@name,'haba_pt')]
Trying to find Element By : By.xpath: //select[contains(@name,'mv_pt')]
Found Element By : By.xpath: //select[contains(@name,'mv_pt')]
Trying to find Element By : By.xpath: //select[contains(@name,'mv_pt')]
Found Element By : By.xpath: //select[contains(@name,'mv_pt')]
Trying to find Element By : By.xpath: //select[contains(@name,'nt_pt')]
Found Element By : By.xpath: //select[contains(@name,'nt_pt')]
Trying to find Element By : By.xpath: //select[contains(@name,'nt_pt')]
Found Element By : By.xpath: //select[contains(@name,'nt_pt')]
Trying to find Element By : By.xpath: //select[contains(@name,'qs_pt')]
Found Element By : By.xpath: //select[contains(@name,'qs_pt')]
Trying to find Element By : By.xpath: //select[contains(@name,'qs_pt')]
Found Element By : By.xpath: //select[contains(@name,'qs_pt')]
Trying to find Element By : By.xpath: //div[contains(@class,'table-responsive')]/table/tfoot/tr/td[31]/select
Found Element By : By.xpath: //div[contains(@class,'table-responsive')]/table/tfoot/tr/td[31]/select
Trying to find Element By : By.xpath: //div[contains(@class,'table-responsive')]/table/tfoot/tr/td[31]/select
Found Element By : By.xpath: //div[contains(@class,'table-responsive')]/table/tfoot/tr/td[31]/select
Trying to find Element By : By.xpath: //select[contains(@name,'png_pt')]
Found Element By : By.xpath: //select[contains(@name,'png_pt')]
Trying to find Element By : By.xpath: //select[contains(@name,'png_pt')]
Found Element By : By.xpath: //select[contains(@name,'png_pt')]
Trying to find Element By : By.xpath: //select[contains(@name,'evo_pt')]
Found Element By : By.xpath: //select[contains(@name,'evo_pt')]
Trying to find Element By : By.xpath: .//option[normalize-space(.) = "19"]
Found Element By : By.xpath: .//option[normalize-space(.) = "19"]
Trying to click on: [[[[ChromeDriver: chrome on WINDOWS (15c9a7a27bf3ad9a87345a7644c02216)] -> xpath: //select[contains(@name,'evo_pt')]]] -> xpath: .//option[normalize-space(.) = "19"]]
Clicked on: [[[[ChromeDriver: chrome on WINDOWS (15c9a7a27bf3ad9a87345a7644c02216)] -> xpath: //select[contains(@name,'evo_pt')]]] -> xpath: .//option[normalize-space(.) = "19"]]
Trying to find Element By : By.id: btnSubmit
Found Element By : By.id: btnSubmit
Trying to click on: [[ChromeDriver: chrome on WINDOWS (15c9a7a27bf3ad9a87345a7644c02216)] -> id: btnSubmit]
Clicked on: [[ChromeDriver: chrome on WINDOWS (15c9a7a27bf3ad9a87345a7644c02216)] -> id: btnSubmit]
Trying to find Element By : By.xpath: //div[contains(@class,'table-responsive')]/table/tbody/tr/td[5]
Found Element By : By.xpath: //div[contains(@class,'table-responsive')]/table/tbody/tr/td[5]
Trying to find Element By : By.xpath: //div[contains(@class,'table-responsive')]/table/tbody/tr/td[6]
Found Element By : By.xpath: //div[contains(@class,'table-responsive')]/table/tbody/tr/td[6]
]]></system-out>
  </testcase>
  <testcase name="PTSettingSMANegativeTest01" classname="AASProductTestCase.AASProductTest.qa.testcases.PTSettingPageTest" time="4.61">
    <failure type="java.lang.AssertionError:">java.lang.AssertionError: null
	at AASProductTestCase.AASProductTest.qa.testcases.PTSettingPageTest.PTSettingSMANegativeTest01(PTSettingPageTest.java:240)
</failure>
    <system-out><![CDATA[***************************
Screenshot stored at C:\Users\User\git\AASStagingTest\AASProductTestTools/screenshots/PTSettingSMANegativeTest01_Sun_Aug_30_21_43_39_SGT_2020.png
***************************
Trying to find Element By : By.xpath: //div[contains(@class,'table-responsive')]/table/tbody/tr/td[7]
Found Element By : By.xpath: //div[contains(@class,'table-responsive')]/table/tbody/tr/td[7]
Trying to find Element By : By.xpath: //div[contains(@class,'table-responsive')]/table/tbody/tr/td[8]
Found Element By : By.xpath: //div[contains(@class,'table-responsive')]/table/tbody/tr/td[8]
Trying to find Element By : By.id: check_3
Found Element By : By.id: check_3
Trying to click on: [[ChromeDriver: chrome on WINDOWS (15c9a7a27bf3ad9a87345a7644c02216)] -> id: check_3]
Clicked on: [[ChromeDriver: chrome on WINDOWS (15c9a7a27bf3ad9a87345a7644c02216)] -> id: check_3]
Trying to find Element By : By.xpath: //select[contains(@name,'evo_pt')]
Found Element By : By.xpath: //select[contains(@name,'evo_pt')]
Trying to find Element By : By.xpath: //select[contains(@name,'evo_pt')]
Found Element By : By.xpath: //select[contains(@name,'evo_pt')]
Trying to find Element By : By.xpath: //select[contains(@name,'bg_pt')]
Found Element By : By.xpath: //select[contains(@name,'bg_pt')]
Trying to find Element By : By.xpath: //select[contains(@name,'bg_pt')]
Found Element By : By.xpath: //select[contains(@name,'bg_pt')]
Trying to find Element By : By.xpath: //select[contains(@name,'titanium_pt')]
Found Element By : By.xpath: //select[contains(@name,'titanium_pt')]
Trying to find Element By : By.xpath: //select[contains(@name,'titanium_pt')]
Found Element By : By.xpath: //select[contains(@name,'titanium_pt')]
Trying to find Element By : By.xpath: //select[contains(@name,'asg_pt')]
Found Element By : By.xpath: //select[contains(@name,'asg_pt')]
Trying to find Element By : By.xpath: //select[contains(@name,'asg_pt')]
Found Element By : By.xpath: //select[contains(@name,'asg_pt')]
Trying to find Element By : By.xpath: //select[contains(@name,'dg_pt')]
Found Element By : By.xpath: //select[contains(@name,'dg_pt')]
Trying to find Element By : By.xpath: //select[contains(@name,'dg_pt')]
Found Element By : By.xpath: //select[contains(@name,'dg_pt')]
Trying to find Element By : By.xpath: //select[contains(@name,'av_pt')]
Found Element By : By.xpath: //select[contains(@name,'av_pt')]
Trying to find Element By : By.xpath: //select[contains(@name,'av_pt')]
Found Element By : By.xpath: //select[contains(@name,'av_pt')]
Trying to find Element By : By.xpath: //select[contains(@name,'pp_pt')]
Found Element By : By.xpath: //select[contains(@name,'pp_pt')]
Trying to find Element By : By.xpath: //select[contains(@name,'pp_pt')]
Found Element By : By.xpath: //select[contains(@name,'pp_pt')]
Trying to find Element By : By.xpath: //select[contains(@name,'sxg_pt')]
Found Element By : By.xpath: //select[contains(@name,'sxg_pt')]
Trying to find Element By : By.xpath: //select[contains(@name,'sxg_pt')]
Found Element By : By.xpath: //select[contains(@name,'sxg_pt')]
Trying to find Element By : By.xpath: //select[contains(@name,'pps_pt')]
Found Element By : By.xpath: //select[contains(@name,'pps_pt')]
Trying to find Element By : By.xpath: //select[contains(@name,'pps_pt')]
Found Element By : By.xpath: //select[contains(@name,'pps_pt')]
Trying to find Element By : By.xpath: //select[contains(@name,'haba_pt')]
Found Element By : By.xpath: //select[contains(@name,'haba_pt')]
Trying to find Element By : By.xpath: //select[contains(@name,'haba_pt')]
Found Element By : By.xpath: //select[contains(@name,'haba_pt')]
Trying to find Element By : By.xpath: //select[contains(@name,'mv_pt')]
Found Element By : By.xpath: //select[contains(@name,'mv_pt')]
Trying to find Element By : By.xpath: //select[contains(@name,'mv_pt')]
Found Element By : By.xpath: //select[contains(@name,'mv_pt')]
Trying to find Element By : By.xpath: //select[contains(@name,'nt_pt')]
Found Element By : By.xpath: //select[contains(@name,'nt_pt')]
Trying to find Element By : By.xpath: //select[contains(@name,'nt_pt')]
Found Element By : By.xpath: //select[contains(@name,'nt_pt')]
Trying to find Element By : By.xpath: //select[contains(@name,'qs_pt')]
Found Element By : By.xpath: //select[contains(@name,'qs_pt')]
Trying to find Element By : By.xpath: //select[contains(@name,'qs_pt')]
Found Element By : By.xpath: //select[contains(@name,'qs_pt')]
Trying to find Element By : By.xpath: //div[contains(@class,'table-responsive')]/table/tfoot/tr/td[31]/select
Found Element By : By.xpath: //div[contains(@class,'table-responsive')]/table/tfoot/tr/td[31]/select
Trying to find Element By : By.xpath: //div[contains(@class,'table-responsive')]/table/tfoot/tr/td[31]/select
Found Element By : By.xpath: //div[contains(@class,'table-responsive')]/table/tfoot/tr/td[31]/select
Trying to find Element By : By.xpath: //select[contains(@name,'png_pt')]
Found Element By : By.xpath: //select[contains(@name,'png_pt')]
Trying to find Element By : By.xpath: //select[contains(@name,'png_pt')]
Found Element By : By.xpath: //select[contains(@name,'png_pt')]
Trying to find Element By : By.xpath: //select[contains(@name,'bg_pt')]
Found Element By : By.xpath: //select[contains(@name,'bg_pt')]
Trying to find Element By : By.xpath: .//option[normalize-space(.) = "19"]
Found Element By : By.xpath: .//option[normalize-space(.) = "19"]
Trying to click on: [[[[ChromeDriver: chrome on WINDOWS (15c9a7a27bf3ad9a87345a7644c02216)] -> xpath: //select[contains(@name,'bg_pt')]]] -> xpath: .//option[normalize-space(.) = "19"]]
Clicked on: [[[[ChromeDriver: chrome on WINDOWS (15c9a7a27bf3ad9a87345a7644c02216)] -> xpath: //select[contains(@name,'bg_pt')]]] -> xpath: .//option[normalize-space(.) = "19"]]
Trying to find Element By : By.id: btnSubmit
Found Element By : By.id: btnSubmit
Trying to click on: [[ChromeDriver: chrome on WINDOWS (15c9a7a27bf3ad9a87345a7644c02216)] -> id: btnSubmit]
Clicked on: [[ChromeDriver: chrome on WINDOWS (15c9a7a27bf3ad9a87345a7644c02216)] -> id: btnSubmit]
Trying to find Element By : By.xpath: //div[contains(@class,'table-responsive')]/table/tbody/tr/td[7]
Found Element By : By.xpath: //div[contains(@class,'table-responsive')]/table/tbody/tr/td[7]
Trying to find Element By : By.xpath: //div[contains(@class,'table-responsive')]/table/tbody/tr/td[8]
Found Element By : By.xpath: //div[contains(@class,'table-responsive')]/table/tbody/tr/td[8]
]]></system-out>
  </testcase>
  <testcase name="PTSettingSMANegativeTest01" classname="AASProductTestCase.AASProductTest.qa.testcases.PTSettingPageTest" time="4.589">
    <failure type="java.lang.AssertionError:">java.lang.AssertionError: null
	at AASProductTestCase.AASProductTest.qa.testcases.PTSettingPageTest.PTSettingSMANegativeTest01(PTSettingPageTest.java:240)
</failure>
    <system-out><![CDATA[***************************
Screenshot stored at C:\Users\User\git\AASStagingTest\AASProductTestTools/screenshots/PTSettingSMANegativeTest01_Sun_Aug_30_21_43_44_SGT_2020.png
***************************
Trying to find Element By : By.xpath: //div[contains(@class,'table-responsive')]/table/tbody/tr/td[9]
Found Element By : By.xpath: //div[contains(@class,'table-responsive')]/table/tbody/tr/td[9]
Trying to find Element By : By.xpath: //div[contains(@class,'table-responsive')]/table/tbody/tr/td[10]
Found Element By : By.xpath: //div[contains(@class,'table-responsive')]/table/tbody/tr/td[10]
Trying to find Element By : By.id: check_3
Found Element By : By.id: check_3
Trying to click on: [[ChromeDriver: chrome on WINDOWS (15c9a7a27bf3ad9a87345a7644c02216)] -> id: check_3]
Clicked on: [[ChromeDriver: chrome on WINDOWS (15c9a7a27bf3ad9a87345a7644c02216)] -> id: check_3]
Trying to find Element By : By.xpath: //select[contains(@name,'evo_pt')]
Found Element By : By.xpath: //select[contains(@name,'evo_pt')]
Trying to find Element By : By.xpath: //select[contains(@name,'evo_pt')]
Found Element By : By.xpath: //select[contains(@name,'evo_pt')]
Trying to find Element By : By.xpath: //select[contains(@name,'bg_pt')]
Found Element By : By.xpath: //select[contains(@name,'bg_pt')]
Trying to find Element By : By.xpath: //select[contains(@name,'bg_pt')]
Found Element By : By.xpath: //select[contains(@name,'bg_pt')]
Trying to find Element By : By.xpath: //select[contains(@name,'titanium_pt')]
Found Element By : By.xpath: //select[contains(@name,'titanium_pt')]
Trying to find Element By : By.xpath: //select[contains(@name,'titanium_pt')]
Found Element By : By.xpath: //select[contains(@name,'titanium_pt')]
Trying to find Element By : By.xpath: //select[contains(@name,'asg_pt')]
Found Element By : By.xpath: //select[contains(@name,'asg_pt')]
Trying to find Element By : By.xpath: //select[contains(@name,'asg_pt')]
Found Element By : By.xpath: //select[contains(@name,'asg_pt')]
Trying to find Element By : By.xpath: //select[contains(@name,'dg_pt')]
Found Element By : By.xpath: //select[contains(@name,'dg_pt')]
Trying to find Element By : By.xpath: //select[contains(@name,'dg_pt')]
Found Element By : By.xpath: //select[contains(@name,'dg_pt')]
Trying to find Element By : By.xpath: //select[contains(@name,'av_pt')]
Found Element By : By.xpath: //select[contains(@name,'av_pt')]
Trying to find Element By : By.xpath: //select[contains(@name,'av_pt')]
Found Element By : By.xpath: //select[contains(@name,'av_pt')]
Trying to find Element By : By.xpath: //select[contains(@name,'pp_pt')]
Found Element By : By.xpath: //select[contains(@name,'pp_pt')]
Trying to find Element By : By.xpath: //select[contains(@name,'pp_pt')]
Found Element By : By.xpath: //select[contains(@name,'pp_pt')]
Trying to find Element By : By.xpath: //select[contains(@name,'sxg_pt')]
Found Element By : By.xpath: //select[contains(@name,'sxg_pt')]
Trying to find Element By : By.xpath: //select[contains(@name,'sxg_pt')]
Found Element By : By.xpath: //select[contains(@name,'sxg_pt')]
Trying to find Element By : By.xpath: //select[contains(@name,'pps_pt')]
Found Element By : By.xpath: //select[contains(@name,'pps_pt')]
Trying to find Element By : By.xpath: //select[contains(@name,'pps_pt')]
Found Element By : By.xpath: //select[contains(@name,'pps_pt')]
Trying to find Element By : By.xpath: //select[contains(@name,'haba_pt')]
Found Element By : By.xpath: //select[contains(@name,'haba_pt')]
Trying to find Element By : By.xpath: //select[contains(@name,'haba_pt')]
Found Element By : By.xpath: //select[contains(@name,'haba_pt')]
Trying to find Element By : By.xpath: //select[contains(@name,'mv_pt')]
Found Element By : By.xpath: //select[contains(@name,'mv_pt')]
Trying to find Element By : By.xpath: //select[contains(@name,'mv_pt')]
Found Element By : By.xpath: //select[contains(@name,'mv_pt')]
Trying to find Element By : By.xpath: //select[contains(@name,'nt_pt')]
Found Element By : By.xpath: //select[contains(@name,'nt_pt')]
Trying to find Element By : By.xpath: //select[contains(@name,'nt_pt')]
Found Element By : By.xpath: //select[contains(@name,'nt_pt')]
Trying to find Element By : By.xpath: //select[contains(@name,'qs_pt')]
Found Element By : By.xpath: //select[contains(@name,'qs_pt')]
Trying to find Element By : By.xpath: //select[contains(@name,'qs_pt')]
Found Element By : By.xpath: //select[contains(@name,'qs_pt')]
Trying to find Element By : By.xpath: //div[contains(@class,'table-responsive')]/table/tfoot/tr/td[31]/select
Found Element By : By.xpath: //div[contains(@class,'table-responsive')]/table/tfoot/tr/td[31]/select
Trying to find Element By : By.xpath: //div[contains(@class,'table-responsive')]/table/tfoot/tr/td[31]/select
Found Element By : By.xpath: //div[contains(@class,'table-responsive')]/table/tfoot/tr/td[31]/select
Trying to find Element By : By.xpath: //select[contains(@name,'png_pt')]
Found Element By : By.xpath: //select[contains(@name,'png_pt')]
Trying to find Element By : By.xpath: //select[contains(@name,'png_pt')]
Found Element By : By.xpath: //select[contains(@name,'png_pt')]
Trying to find Element By : By.xpath: //select[contains(@name,'titanium_pt')]
Found Element By : By.xpath: //select[contains(@name,'titanium_pt')]
Trying to find Element By : By.xpath: .//option[normalize-space(.) = "19"]
Found Element By : By.xpath: .//option[normalize-space(.) = "19"]
Trying to click on: [[[[ChromeDriver: chrome on WINDOWS (15c9a7a27bf3ad9a87345a7644c02216)] -> xpath: //select[contains(@name,'titanium_pt')]]] -> xpath: .//option[normalize-space(.) = "19"]]
Clicked on: [[[[ChromeDriver: chrome on WINDOWS (15c9a7a27bf3ad9a87345a7644c02216)] -> xpath: //select[contains(@name,'titanium_pt')]]] -> xpath: .//option[normalize-space(.) = "19"]]
Trying to find Element By : By.id: btnSubmit
Found Element By : By.id: btnSubmit
Trying to click on: [[ChromeDriver: chrome on WINDOWS (15c9a7a27bf3ad9a87345a7644c02216)] -> id: btnSubmit]
Clicked on: [[ChromeDriver: chrome on WINDOWS (15c9a7a27bf3ad9a87345a7644c02216)] -> id: btnSubmit]
Trying to find Element By : By.xpath: //div[contains(@class,'table-responsive')]/table/tbody/tr/td[9]
Found Element By : By.xpath: //div[contains(@class,'table-responsive')]/table/tbody/tr/td[9]
Trying to find Element By : By.xpath: //div[contains(@class,'table-responsive')]/table/tbody/tr/td[10]
Found Element By : By.xpath: //div[contains(@class,'table-responsive')]/table/tbody/tr/td[10]
]]></system-out>
  </testcase>
  <testcase name="PTSettingSMANegativeTest01" classname="AASProductTestCase.AASProductTest.qa.testcases.PTSettingPageTest" time="4.577">
    <failure type="java.lang.AssertionError:">java.lang.AssertionError: null
	at AASProductTestCase.AASProductTest.qa.testcases.PTSettingPageTest.PTSettingSMANegativeTest01(PTSettingPageTest.java:240)
</failure>
    <system-out><![CDATA[***************************
Screenshot stored at C:\Users\User\git\AASStagingTest\AASProductTestTools/screenshots/PTSettingSMANegativeTest01_Sun_Aug_30_21_43_49_SGT_2020.png
***************************
Trying to find Element By : By.xpath: //div[contains(@class,'table-responsive')]/table/tbody/tr/td[11]
Found Element By : By.xpath: //div[contains(@class,'table-responsive')]/table/tbody/tr/td[11]
Trying to find Element By : By.xpath: //div[contains(@class,'table-responsive')]/table/tbody/tr/td[12]
Found Element By : By.xpath: //div[contains(@class,'table-responsive')]/table/tbody/tr/td[12]
Trying to find Element By : By.id: check_3
Found Element By : By.id: check_3
Trying to click on: [[ChromeDriver: chrome on WINDOWS (15c9a7a27bf3ad9a87345a7644c02216)] -> id: check_3]
Clicked on: [[ChromeDriver: chrome on WINDOWS (15c9a7a27bf3ad9a87345a7644c02216)] -> id: check_3]
Trying to find Element By : By.xpath: //select[contains(@name,'evo_pt')]
Found Element By : By.xpath: //select[contains(@name,'evo_pt')]
Trying to find Element By : By.xpath: //select[contains(@name,'evo_pt')]
Found Element By : By.xpath: //select[contains(@name,'evo_pt')]
Trying to find Element By : By.xpath: //select[contains(@name,'bg_pt')]
Found Element By : By.xpath: //select[contains(@name,'bg_pt')]
Trying to find Element By : By.xpath: //select[contains(@name,'bg_pt')]
Found Element By : By.xpath: //select[contains(@name,'bg_pt')]
Trying to find Element By : By.xpath: //select[contains(@name,'titanium_pt')]
Found Element By : By.xpath: //select[contains(@name,'titanium_pt')]
Trying to find Element By : By.xpath: //select[contains(@name,'titanium_pt')]
Found Element By : By.xpath: //select[contains(@name,'titanium_pt')]
Trying to find Element By : By.xpath: //select[contains(@name,'asg_pt')]
Found Element By : By.xpath: //select[contains(@name,'asg_pt')]
Trying to find Element By : By.xpath: //select[contains(@name,'asg_pt')]
Found Element By : By.xpath: //select[contains(@name,'asg_pt')]
Trying to find Element By : By.xpath: //select[contains(@name,'dg_pt')]
Found Element By : By.xpath: //select[contains(@name,'dg_pt')]
Trying to find Element By : By.xpath: //select[contains(@name,'dg_pt')]
Found Element By : By.xpath: //select[contains(@name,'dg_pt')]
Trying to find Element By : By.xpath: //select[contains(@name,'av_pt')]
Found Element By : By.xpath: //select[contains(@name,'av_pt')]
Trying to find Element By : By.xpath: //select[contains(@name,'av_pt')]
Found Element By : By.xpath: //select[contains(@name,'av_pt')]
Trying to find Element By : By.xpath: //select[contains(@name,'pp_pt')]
Found Element By : By.xpath: //select[contains(@name,'pp_pt')]
Trying to find Element By : By.xpath: //select[contains(@name,'pp_pt')]
Found Element By : By.xpath: //select[contains(@name,'pp_pt')]
Trying to find Element By : By.xpath: //select[contains(@name,'sxg_pt')]
Found Element By : By.xpath: //select[contains(@name,'sxg_pt')]
Trying to find Element By : By.xpath: //select[contains(@name,'sxg_pt')]
Found Element By : By.xpath: //select[contains(@name,'sxg_pt')]
Trying to find Element By : By.xpath: //select[contains(@name,'pps_pt')]
Found Element By : By.xpath: //select[contains(@name,'pps_pt')]
Trying to find Element By : By.xpath: //select[contains(@name,'pps_pt')]
Found Element By : By.xpath: //select[contains(@name,'pps_pt')]
Trying to find Element By : By.xpath: //select[contains(@name,'haba_pt')]
Found Element By : By.xpath: //select[contains(@name,'haba_pt')]
Trying to find Element By : By.xpath: //select[contains(@name,'haba_pt')]
Found Element By : By.xpath: //select[contains(@name,'haba_pt')]
Trying to find Element By : By.xpath: //select[contains(@name,'mv_pt')]
Found Element By : By.xpath: //select[contains(@name,'mv_pt')]
Trying to find Element By : By.xpath: //select[contains(@name,'mv_pt')]
Found Element By : By.xpath: //select[contains(@name,'mv_pt')]
Trying to find Element By : By.xpath: //select[contains(@name,'nt_pt')]
Found Element By : By.xpath: //select[contains(@name,'nt_pt')]
Trying to find Element By : By.xpath: //select[contains(@name,'nt_pt')]
Found Element By : By.xpath: //select[contains(@name,'nt_pt')]
Trying to find Element By : By.xpath: //select[contains(@name,'qs_pt')]
Found Element By : By.xpath: //select[contains(@name,'qs_pt')]
Trying to find Element By : By.xpath: //select[contains(@name,'qs_pt')]
Found Element By : By.xpath: //select[contains(@name,'qs_pt')]
Trying to find Element By : By.xpath: //div[contains(@class,'table-responsive')]/table/tfoot/tr/td[31]/select
Found Element By : By.xpath: //div[contains(@class,'table-responsive')]/table/tfoot/tr/td[31]/select
Trying to find Element By : By.xpath: //div[contains(@class,'table-responsive')]/table/tfoot/tr/td[31]/select
Found Element By : By.xpath: //div[contains(@class,'table-responsive')]/table/tfoot/tr/td[31]/select
Trying to find Element By : By.xpath: //select[contains(@name,'png_pt')]
Found Element By : By.xpath: //select[contains(@name,'png_pt')]
Trying to find Element By : By.xpath: //select[contains(@name,'png_pt')]
Found Element By : By.xpath: //select[contains(@name,'png_pt')]
Trying to find Element By : By.xpath: //select[contains(@name,'asg_pt')]
Found Element By : By.xpath: //select[contains(@name,'asg_pt')]
Trying to find Element By : By.xpath: .//option[normalize-space(.) = "19"]
Found Element By : By.xpath: .//option[normalize-space(.) = "19"]
Trying to click on: [[[[ChromeDriver: chrome on WINDOWS (15c9a7a27bf3ad9a87345a7644c02216)] -> xpath: //select[contains(@name,'asg_pt')]]] -> xpath: .//option[normalize-space(.) = "19"]]
Clicked on: [[[[ChromeDriver: chrome on WINDOWS (15c9a7a27bf3ad9a87345a7644c02216)] -> xpath: //select[contains(@name,'asg_pt')]]] -> xpath: .//option[normalize-space(.) = "19"]]
Trying to find Element By : By.id: btnSubmit
Found Element By : By.id: btnSubmit
Trying to click on: [[ChromeDriver: chrome on WINDOWS (15c9a7a27bf3ad9a87345a7644c02216)] -> id: btnSubmit]
Clicked on: [[ChromeDriver: chrome on WINDOWS (15c9a7a27bf3ad9a87345a7644c02216)] -> id: btnSubmit]
Trying to find Element By : By.xpath: //div[contains(@class,'table-responsive')]/table/tbody/tr/td[11]
Found Element By : By.xpath: //div[contains(@class,'table-responsive')]/table/tbody/tr/td[11]
Trying to find Element By : By.xpath: //div[contains(@class,'table-responsive')]/table/tbody/tr/td[12]
Found Element By : By.xpath: //div[contains(@class,'table-responsive')]/table/tbody/tr/td[12]
]]></system-out>
  </testcase>
  <testcase name="PTSettingSMANegativeTest01" classname="AASProductTestCase.AASProductTest.qa.testcases.PTSettingPageTest" time="4.634">
    <failure type="java.lang.AssertionError:">java.lang.AssertionError: null
	at AASProductTestCase.AASProductTest.qa.testcases.PTSettingPageTest.PTSettingSMANegativeTest01(PTSettingPageTest.java:240)
</failure>
    <system-out><![CDATA[***************************
Screenshot stored at C:\Users\User\git\AASStagingTest\AASProductTestTools/screenshots/PTSettingSMANegativeTest01_Sun_Aug_30_21_43_54_SGT_2020.png
***************************
Trying to find Element By : By.xpath: //div[contains(@class,'table-responsive')]/table/tbody/tr/td[13]
Found Element By : By.xpath: //div[contains(@class,'table-responsive')]/table/tbody/tr/td[13]
Trying to find Element By : By.xpath: //div[contains(@class,'table-responsive')]/table/tbody/tr/td[14]
Found Element By : By.xpath: //div[contains(@class,'table-responsive')]/table/tbody/tr/td[14]
Trying to find Element By : By.id: check_3
Found Element By : By.id: check_3
Trying to click on: [[ChromeDriver: chrome on WINDOWS (15c9a7a27bf3ad9a87345a7644c02216)] -> id: check_3]
Clicked on: [[ChromeDriver: chrome on WINDOWS (15c9a7a27bf3ad9a87345a7644c02216)] -> id: check_3]
Trying to find Element By : By.xpath: //select[contains(@name,'evo_pt')]
Found Element By : By.xpath: //select[contains(@name,'evo_pt')]
Trying to find Element By : By.xpath: //select[contains(@name,'evo_pt')]
Found Element By : By.xpath: //select[contains(@name,'evo_pt')]
Trying to find Element By : By.xpath: //select[contains(@name,'bg_pt')]
Found Element By : By.xpath: //select[contains(@name,'bg_pt')]
Trying to find Element By : By.xpath: //select[contains(@name,'bg_pt')]
Found Element By : By.xpath: //select[contains(@name,'bg_pt')]
Trying to find Element By : By.xpath: //select[contains(@name,'titanium_pt')]
Found Element By : By.xpath: //select[contains(@name,'titanium_pt')]
Trying to find Element By : By.xpath: //select[contains(@name,'titanium_pt')]
Found Element By : By.xpath: //select[contains(@name,'titanium_pt')]
Trying to find Element By : By.xpath: //select[contains(@name,'asg_pt')]
Found Element By : By.xpath: //select[contains(@name,'asg_pt')]
Trying to find Element By : By.xpath: //select[contains(@name,'asg_pt')]
Found Element By : By.xpath: //select[contains(@name,'asg_pt')]
Trying to find Element By : By.xpath: //select[contains(@name,'dg_pt')]
Found Element By : By.xpath: //select[contains(@name,'dg_pt')]
Trying to find Element By : By.xpath: //select[contains(@name,'dg_pt')]
Found Element By : By.xpath: //select[contains(@name,'dg_pt')]
Trying to find Element By : By.xpath: //select[contains(@name,'av_pt')]
Found Element By : By.xpath: //select[contains(@name,'av_pt')]
Trying to find Element By : By.xpath: //select[contains(@name,'av_pt')]
Found Element By : By.xpath: //select[contains(@name,'av_pt')]
Trying to find Element By : By.xpath: //select[contains(@name,'pp_pt')]
Found Element By : By.xpath: //select[contains(@name,'pp_pt')]
Trying to find Element By : By.xpath: //select[contains(@name,'pp_pt')]
Found Element By : By.xpath: //select[contains(@name,'pp_pt')]
Trying to find Element By : By.xpath: //select[contains(@name,'sxg_pt')]
Found Element By : By.xpath: //select[contains(@name,'sxg_pt')]
Trying to find Element By : By.xpath: //select[contains(@name,'sxg_pt')]
Found Element By : By.xpath: //select[contains(@name,'sxg_pt')]
Trying to find Element By : By.xpath: //select[contains(@name,'pps_pt')]
Found Element By : By.xpath: //select[contains(@name,'pps_pt')]
Trying to find Element By : By.xpath: //select[contains(@name,'pps_pt')]
Found Element By : By.xpath: //select[contains(@name,'pps_pt')]
Trying to find Element By : By.xpath: //select[contains(@name,'haba_pt')]
Found Element By : By.xpath: //select[contains(@name,'haba_pt')]
Trying to find Element By : By.xpath: //select[contains(@name,'haba_pt')]
Found Element By : By.xpath: //select[contains(@name,'haba_pt')]
Trying to find Element By : By.xpath: //select[contains(@name,'mv_pt')]
Found Element By : By.xpath: //select[contains(@name,'mv_pt')]
Trying to find Element By : By.xpath: //select[contains(@name,'mv_pt')]
Found Element By : By.xpath: //select[contains(@name,'mv_pt')]
Trying to find Element By : By.xpath: //select[contains(@name,'nt_pt')]
Found Element By : By.xpath: //select[contains(@name,'nt_pt')]
Trying to find Element By : By.xpath: //select[contains(@name,'nt_pt')]
Found Element By : By.xpath: //select[contains(@name,'nt_pt')]
Trying to find Element By : By.xpath: //select[contains(@name,'qs_pt')]
Found Element By : By.xpath: //select[contains(@name,'qs_pt')]
Trying to find Element By : By.xpath: //select[contains(@name,'qs_pt')]
Found Element By : By.xpath: //select[contains(@name,'qs_pt')]
Trying to find Element By : By.xpath: //div[contains(@class,'table-responsive')]/table/tfoot/tr/td[31]/select
Found Element By : By.xpath: //div[contains(@class,'table-responsive')]/table/tfoot/tr/td[31]/select
Trying to find Element By : By.xpath: //div[contains(@class,'table-responsive')]/table/tfoot/tr/td[31]/select
Found Element By : By.xpath: //div[contains(@class,'table-responsive')]/table/tfoot/tr/td[31]/select
Trying to find Element By : By.xpath: //select[contains(@name,'png_pt')]
Found Element By : By.xpath: //select[contains(@name,'png_pt')]
Trying to find Element By : By.xpath: //select[contains(@name,'png_pt')]
Found Element By : By.xpath: //select[contains(@name,'png_pt')]
Trying to find Element By : By.xpath: //select[contains(@name,'dg_pt')]
Found Element By : By.xpath: //select[contains(@name,'dg_pt')]
Trying to find Element By : By.xpath: .//option[normalize-space(.) = "19"]
Found Element By : By.xpath: .//option[normalize-space(.) = "19"]
Trying to click on: [[[[ChromeDriver: chrome on WINDOWS (15c9a7a27bf3ad9a87345a7644c02216)] -> xpath: //select[contains(@name,'dg_pt')]]] -> xpath: .//option[normalize-space(.) = "19"]]
Clicked on: [[[[ChromeDriver: chrome on WINDOWS (15c9a7a27bf3ad9a87345a7644c02216)] -> xpath: //select[contains(@name,'dg_pt')]]] -> xpath: .//option[normalize-space(.) = "19"]]
Trying to find Element By : By.id: btnSubmit
Found Element By : By.id: btnSubmit
Trying to click on: [[ChromeDriver: chrome on WINDOWS (15c9a7a27bf3ad9a87345a7644c02216)] -> id: btnSubmit]
Clicked on: [[ChromeDriver: chrome on WINDOWS (15c9a7a27bf3ad9a87345a7644c02216)] -> id: btnSubmit]
Trying to find Element By : By.xpath: //div[contains(@class,'table-responsive')]/table/tbody/tr/td[13]
Found Element By : By.xpath: //div[contains(@class,'table-responsive')]/table/tbody/tr/td[13]
Trying to find Element By : By.xpath: //div[contains(@class,'table-responsive')]/table/tbody/tr/td[14]
Found Element By : By.xpath: //div[contains(@class,'table-responsive')]/table/tbody/tr/td[14]
]]></system-out>
  </testcase>
  <testcase name="PTSettingSMANegativeTest01" classname="AASProductTestCase.AASProductTest.qa.testcases.PTSettingPageTest" time="4.642">
    <failure type="java.lang.AssertionError:">java.lang.AssertionError: null
	at AASProductTestCase.AASProductTest.qa.testcases.PTSettingPageTest.PTSettingSMANegativeTest01(PTSettingPageTest.java:240)
</failure>
    <system-out><![CDATA[***************************
Screenshot stored at C:\Users\User\git\AASStagingTest\AASProductTestTools/screenshots/PTSettingSMANegativeTest01_Sun_Aug_30_21_43_59_SGT_2020.png
***************************
Trying to find Element By : By.xpath: //div[contains(@class,'table-responsive')]/table/tbody/tr/td[15]
Found Element By : By.xpath: //div[contains(@class,'table-responsive')]/table/tbody/tr/td[15]
Trying to find Element By : By.xpath: //div[contains(@class,'table-responsive')]/table/tbody/tr/td[16]
Found Element By : By.xpath: //div[contains(@class,'table-responsive')]/table/tbody/tr/td[16]
Trying to find Element By : By.id: check_3
Found Element By : By.id: check_3
Trying to click on: [[ChromeDriver: chrome on WINDOWS (15c9a7a27bf3ad9a87345a7644c02216)] -> id: check_3]
Clicked on: [[ChromeDriver: chrome on WINDOWS (15c9a7a27bf3ad9a87345a7644c02216)] -> id: check_3]
Trying to find Element By : By.xpath: //select[contains(@name,'evo_pt')]
Found Element By : By.xpath: //select[contains(@name,'evo_pt')]
Trying to find Element By : By.xpath: //select[contains(@name,'evo_pt')]
Found Element By : By.xpath: //select[contains(@name,'evo_pt')]
Trying to find Element By : By.xpath: //select[contains(@name,'bg_pt')]
Found Element By : By.xpath: //select[contains(@name,'bg_pt')]
Trying to find Element By : By.xpath: //select[contains(@name,'bg_pt')]
Found Element By : By.xpath: //select[contains(@name,'bg_pt')]
Trying to find Element By : By.xpath: //select[contains(@name,'titanium_pt')]
Found Element By : By.xpath: //select[contains(@name,'titanium_pt')]
Trying to find Element By : By.xpath: //select[contains(@name,'titanium_pt')]
Found Element By : By.xpath: //select[contains(@name,'titanium_pt')]
Trying to find Element By : By.xpath: //select[contains(@name,'asg_pt')]
Found Element By : By.xpath: //select[contains(@name,'asg_pt')]
Trying to find Element By : By.xpath: //select[contains(@name,'asg_pt')]
Found Element By : By.xpath: //select[contains(@name,'asg_pt')]
Trying to find Element By : By.xpath: //select[contains(@name,'dg_pt')]
Found Element By : By.xpath: //select[contains(@name,'dg_pt')]
Trying to find Element By : By.xpath: //select[contains(@name,'dg_pt')]
Found Element By : By.xpath: //select[contains(@name,'dg_pt')]
Trying to find Element By : By.xpath: //select[contains(@name,'av_pt')]
Found Element By : By.xpath: //select[contains(@name,'av_pt')]
Trying to find Element By : By.xpath: //select[contains(@name,'av_pt')]
Found Element By : By.xpath: //select[contains(@name,'av_pt')]
Trying to find Element By : By.xpath: //select[contains(@name,'pp_pt')]
Found Element By : By.xpath: //select[contains(@name,'pp_pt')]
Trying to find Element By : By.xpath: //select[contains(@name,'pp_pt')]
Found Element By : By.xpath: //select[contains(@name,'pp_pt')]
Trying to find Element By : By.xpath: //select[contains(@name,'sxg_pt')]
Found Element By : By.xpath: //select[contains(@name,'sxg_pt')]
Trying to find Element By : By.xpath: //select[contains(@name,'sxg_pt')]
Found Element By : By.xpath: //select[contains(@name,'sxg_pt')]
Trying to find Element By : By.xpath: //select[contains(@name,'pps_pt')]
Found Element By : By.xpath: //select[contains(@name,'pps_pt')]
Trying to find Element By : By.xpath: //select[contains(@name,'pps_pt')]
Found Element By : By.xpath: //select[contains(@name,'pps_pt')]
Trying to find Element By : By.xpath: //select[contains(@name,'haba_pt')]
Found Element By : By.xpath: //select[contains(@name,'haba_pt')]
Trying to find Element By : By.xpath: //select[contains(@name,'haba_pt')]
Found Element By : By.xpath: //select[contains(@name,'haba_pt')]
Trying to find Element By : By.xpath: //select[contains(@name,'mv_pt')]
Found Element By : By.xpath: //select[contains(@name,'mv_pt')]
Trying to find Element By : By.xpath: //select[contains(@name,'mv_pt')]
Found Element By : By.xpath: //select[contains(@name,'mv_pt')]
Trying to find Element By : By.xpath: //select[contains(@name,'nt_pt')]
Found Element By : By.xpath: //select[contains(@name,'nt_pt')]
Trying to find Element By : By.xpath: //select[contains(@name,'nt_pt')]
Found Element By : By.xpath: //select[contains(@name,'nt_pt')]
Trying to find Element By : By.xpath: //select[contains(@name,'qs_pt')]
Found Element By : By.xpath: //select[contains(@name,'qs_pt')]
Trying to find Element By : By.xpath: //select[contains(@name,'qs_pt')]
Found Element By : By.xpath: //select[contains(@name,'qs_pt')]
Trying to find Element By : By.xpath: //div[contains(@class,'table-responsive')]/table/tfoot/tr/td[31]/select
Found Element By : By.xpath: //div[contains(@class,'table-responsive')]/table/tfoot/tr/td[31]/select
Trying to find Element By : By.xpath: //div[contains(@class,'table-responsive')]/table/tfoot/tr/td[31]/select
Found Element By : By.xpath: //div[contains(@class,'table-responsive')]/table/tfoot/tr/td[31]/select
Trying to find Element By : By.xpath: //select[contains(@name,'png_pt')]
Found Element By : By.xpath: //select[contains(@name,'png_pt')]
Trying to find Element By : By.xpath: //select[contains(@name,'png_pt')]
Found Element By : By.xpath: //select[contains(@name,'png_pt')]
Trying to find Element By : By.xpath: //select[contains(@name,'av_pt')]
Found Element By : By.xpath: //select[contains(@name,'av_pt')]
Trying to find Element By : By.xpath: .//option[normalize-space(.) = "19"]
Found Element By : By.xpath: .//option[normalize-space(.) = "19"]
Trying to click on: [[[[ChromeDriver: chrome on WINDOWS (15c9a7a27bf3ad9a87345a7644c02216)] -> xpath: //select[contains(@name,'av_pt')]]] -> xpath: .//option[normalize-space(.) = "19"]]
Clicked on: [[[[ChromeDriver: chrome on WINDOWS (15c9a7a27bf3ad9a87345a7644c02216)] -> xpath: //select[contains(@name,'av_pt')]]] -> xpath: .//option[normalize-space(.) = "19"]]
Trying to find Element By : By.id: btnSubmit
Found Element By : By.id: btnSubmit
Trying to click on: [[ChromeDriver: chrome on WINDOWS (15c9a7a27bf3ad9a87345a7644c02216)] -> id: btnSubmit]
Clicked on: [[ChromeDriver: chrome on WINDOWS (15c9a7a27bf3ad9a87345a7644c02216)] -> id: btnSubmit]
Trying to find Element By : By.xpath: //div[contains(@class,'table-responsive')]/table/tbody/tr/td[15]
Found Element By : By.xpath: //div[contains(@class,'table-responsive')]/table/tbody/tr/td[15]
Trying to find Element By : By.xpath: //div[contains(@class,'table-responsive')]/table/tbody/tr/td[16]
Found Element By : By.xpath: //div[contains(@class,'table-responsive')]/table/tbody/tr/td[16]
]]></system-out>
  </testcase>
  <testcase name="PTSettingSMANegativeTest01" classname="AASProductTestCase.AASProductTest.qa.testcases.PTSettingPageTest" time="4.592">
    <failure type="java.lang.AssertionError:">java.lang.AssertionError: null
	at AASProductTestCase.AASProductTest.qa.testcases.PTSettingPageTest.PTSettingSMANegativeTest01(PTSettingPageTest.java:240)
</failure>
    <system-out><![CDATA[***************************
Screenshot stored at C:\Users\User\git\AASStagingTest\AASProductTestTools/screenshots/PTSettingSMANegativeTest01_Sun_Aug_30_21_44_04_SGT_2020.png
***************************
Trying to find Element By : By.xpath: //div[contains(@class,'table-responsive')]/table/tbody/tr/td[17]
Found Element By : By.xpath: //div[contains(@class,'table-responsive')]/table/tbody/tr/td[17]
Trying to find Element By : By.xpath: //div[contains(@class,'table-responsive')]/table/tbody/tr/td[18]
Found Element By : By.xpath: //div[contains(@class,'table-responsive')]/table/tbody/tr/td[18]
Trying to find Element By : By.id: check_3
Found Element By : By.id: check_3
Trying to click on: [[ChromeDriver: chrome on WINDOWS (15c9a7a27bf3ad9a87345a7644c02216)] -> id: check_3]
Clicked on: [[ChromeDriver: chrome on WINDOWS (15c9a7a27bf3ad9a87345a7644c02216)] -> id: check_3]
Trying to find Element By : By.xpath: //select[contains(@name,'evo_pt')]
Found Element By : By.xpath: //select[contains(@name,'evo_pt')]
Trying to find Element By : By.xpath: //select[contains(@name,'evo_pt')]
Found Element By : By.xpath: //select[contains(@name,'evo_pt')]
Trying to find Element By : By.xpath: //select[contains(@name,'bg_pt')]
Found Element By : By.xpath: //select[contains(@name,'bg_pt')]
Trying to find Element By : By.xpath: //select[contains(@name,'bg_pt')]
Found Element By : By.xpath: //select[contains(@name,'bg_pt')]
Trying to find Element By : By.xpath: //select[contains(@name,'titanium_pt')]
Found Element By : By.xpath: //select[contains(@name,'titanium_pt')]
Trying to find Element By : By.xpath: //select[contains(@name,'titanium_pt')]
Found Element By : By.xpath: //select[contains(@name,'titanium_pt')]
Trying to find Element By : By.xpath: //select[contains(@name,'asg_pt')]
Found Element By : By.xpath: //select[contains(@name,'asg_pt')]
Trying to find Element By : By.xpath: //select[contains(@name,'asg_pt')]
Found Element By : By.xpath: //select[contains(@name,'asg_pt')]
Trying to find Element By : By.xpath: //select[contains(@name,'dg_pt')]
Found Element By : By.xpath: //select[contains(@name,'dg_pt')]
Trying to find Element By : By.xpath: //select[contains(@name,'dg_pt')]
Found Element By : By.xpath: //select[contains(@name,'dg_pt')]
Trying to find Element By : By.xpath: //select[contains(@name,'av_pt')]
Found Element By : By.xpath: //select[contains(@name,'av_pt')]
Trying to find Element By : By.xpath: //select[contains(@name,'av_pt')]
Found Element By : By.xpath: //select[contains(@name,'av_pt')]
Trying to find Element By : By.xpath: //select[contains(@name,'pp_pt')]
Found Element By : By.xpath: //select[contains(@name,'pp_pt')]
Trying to find Element By : By.xpath: //select[contains(@name,'pp_pt')]
Found Element By : By.xpath: //select[contains(@name,'pp_pt')]
Trying to find Element By : By.xpath: //select[contains(@name,'sxg_pt')]
Found Element By : By.xpath: //select[contains(@name,'sxg_pt')]
Trying to find Element By : By.xpath: //select[contains(@name,'sxg_pt')]
Found Element By : By.xpath: //select[contains(@name,'sxg_pt')]
Trying to find Element By : By.xpath: //select[contains(@name,'pps_pt')]
Found Element By : By.xpath: //select[contains(@name,'pps_pt')]
Trying to find Element By : By.xpath: //select[contains(@name,'pps_pt')]
Found Element By : By.xpath: //select[contains(@name,'pps_pt')]
Trying to find Element By : By.xpath: //select[contains(@name,'haba_pt')]
Found Element By : By.xpath: //select[contains(@name,'haba_pt')]
Trying to find Element By : By.xpath: //select[contains(@name,'haba_pt')]
Found Element By : By.xpath: //select[contains(@name,'haba_pt')]
Trying to find Element By : By.xpath: //select[contains(@name,'mv_pt')]
Found Element By : By.xpath: //select[contains(@name,'mv_pt')]
Trying to find Element By : By.xpath: //select[contains(@name,'mv_pt')]
Found Element By : By.xpath: //select[contains(@name,'mv_pt')]
Trying to find Element By : By.xpath: //select[contains(@name,'nt_pt')]
Found Element By : By.xpath: //select[contains(@name,'nt_pt')]
Trying to find Element By : By.xpath: //select[contains(@name,'nt_pt')]
Found Element By : By.xpath: //select[contains(@name,'nt_pt')]
Trying to find Element By : By.xpath: //select[contains(@name,'qs_pt')]
Found Element By : By.xpath: //select[contains(@name,'qs_pt')]
Trying to find Element By : By.xpath: //select[contains(@name,'qs_pt')]
Found Element By : By.xpath: //select[contains(@name,'qs_pt')]
Trying to find Element By : By.xpath: //div[contains(@class,'table-responsive')]/table/tfoot/tr/td[31]/select
Found Element By : By.xpath: //div[contains(@class,'table-responsive')]/table/tfoot/tr/td[31]/select
Trying to find Element By : By.xpath: //div[contains(@class,'table-responsive')]/table/tfoot/tr/td[31]/select
Found Element By : By.xpath: //div[contains(@class,'table-responsive')]/table/tfoot/tr/td[31]/select
Trying to find Element By : By.xpath: //select[contains(@name,'png_pt')]
Found Element By : By.xpath: //select[contains(@name,'png_pt')]
Trying to find Element By : By.xpath: //select[contains(@name,'png_pt')]
Found Element By : By.xpath: //select[contains(@name,'png_pt')]
Trying to find Element By : By.xpath: //select[contains(@name,'pp_pt')]
Found Element By : By.xpath: //select[contains(@name,'pp_pt')]
Trying to find Element By : By.xpath: .//option[normalize-space(.) = "19"]
Found Element By : By.xpath: .//option[normalize-space(.) = "19"]
Trying to click on: [[[[ChromeDriver: chrome on WINDOWS (15c9a7a27bf3ad9a87345a7644c02216)] -> xpath: //select[contains(@name,'pp_pt')]]] -> xpath: .//option[normalize-space(.) = "19"]]
Clicked on: [[[[ChromeDriver: chrome on WINDOWS (15c9a7a27bf3ad9a87345a7644c02216)] -> xpath: //select[contains(@name,'pp_pt')]]] -> xpath: .//option[normalize-space(.) = "19"]]
Trying to find Element By : By.id: btnSubmit
Found Element By : By.id: btnSubmit
Trying to click on: [[ChromeDriver: chrome on WINDOWS (15c9a7a27bf3ad9a87345a7644c02216)] -> id: btnSubmit]
Clicked on: [[ChromeDriver: chrome on WINDOWS (15c9a7a27bf3ad9a87345a7644c02216)] -> id: btnSubmit]
Trying to find Element By : By.xpath: //div[contains(@class,'table-responsive')]/table/tbody/tr/td[17]
Found Element By : By.xpath: //div[contains(@class,'table-responsive')]/table/tbody/tr/td[17]
Trying to find Element By : By.xpath: //div[contains(@class,'table-responsive')]/table/tbody/tr/td[18]
Found Element By : By.xpath: //div[contains(@class,'table-responsive')]/table/tbody/tr/td[18]
]]></system-out>
  </testcase>
  <testcase name="PTSettingSMANegativeTest01" classname="AASProductTestCase.AASProductTest.qa.testcases.PTSettingPageTest" time="4.581">
    <failure type="java.lang.AssertionError:">java.lang.AssertionError: null
	at AASProductTestCase.AASProductTest.qa.testcases.PTSettingPageTest.PTSettingSMANegativeTest01(PTSettingPageTest.java:240)
</failure>
    <system-out><![CDATA[***************************
Screenshot stored at C:\Users\User\git\AASStagingTest\AASProductTestTools/screenshots/PTSettingSMANegativeTest01_Sun_Aug_30_21_44_09_SGT_2020.png
***************************
Trying to find Element By : By.xpath: //div[contains(@class,'table-responsive')]/table/tbody/tr/td[19]
Found Element By : By.xpath: //div[contains(@class,'table-responsive')]/table/tbody/tr/td[19]
Trying to find Element By : By.xpath: //div[contains(@class,'table-responsive')]/table/tbody/tr/td[20]
Found Element By : By.xpath: //div[contains(@class,'table-responsive')]/table/tbody/tr/td[20]
Trying to find Element By : By.id: check_3
Found Element By : By.id: check_3
Trying to click on: [[ChromeDriver: chrome on WINDOWS (15c9a7a27bf3ad9a87345a7644c02216)] -> id: check_3]
Clicked on: [[ChromeDriver: chrome on WINDOWS (15c9a7a27bf3ad9a87345a7644c02216)] -> id: check_3]
Trying to find Element By : By.xpath: //select[contains(@name,'evo_pt')]
Found Element By : By.xpath: //select[contains(@name,'evo_pt')]
Trying to find Element By : By.xpath: //select[contains(@name,'evo_pt')]
Found Element By : By.xpath: //select[contains(@name,'evo_pt')]
Trying to find Element By : By.xpath: //select[contains(@name,'bg_pt')]
Found Element By : By.xpath: //select[contains(@name,'bg_pt')]
Trying to find Element By : By.xpath: //select[contains(@name,'bg_pt')]
Found Element By : By.xpath: //select[contains(@name,'bg_pt')]
Trying to find Element By : By.xpath: //select[contains(@name,'titanium_pt')]
Found Element By : By.xpath: //select[contains(@name,'titanium_pt')]
Trying to find Element By : By.xpath: //select[contains(@name,'titanium_pt')]
Found Element By : By.xpath: //select[contains(@name,'titanium_pt')]
Trying to find Element By : By.xpath: //select[contains(@name,'asg_pt')]
Found Element By : By.xpath: //select[contains(@name,'asg_pt')]
Trying to find Element By : By.xpath: //select[contains(@name,'asg_pt')]
Found Element By : By.xpath: //select[contains(@name,'asg_pt')]
Trying to find Element By : By.xpath: //select[contains(@name,'dg_pt')]
Found Element By : By.xpath: //select[contains(@name,'dg_pt')]
Trying to find Element By : By.xpath: //select[contains(@name,'dg_pt')]
Found Element By : By.xpath: //select[contains(@name,'dg_pt')]
Trying to find Element By : By.xpath: //select[contains(@name,'av_pt')]
Found Element By : By.xpath: //select[contains(@name,'av_pt')]
Trying to find Element By : By.xpath: //select[contains(@name,'av_pt')]
Found Element By : By.xpath: //select[contains(@name,'av_pt')]
Trying to find Element By : By.xpath: //select[contains(@name,'pp_pt')]
Found Element By : By.xpath: //select[contains(@name,'pp_pt')]
Trying to find Element By : By.xpath: //select[contains(@name,'pp_pt')]
Found Element By : By.xpath: //select[contains(@name,'pp_pt')]
Trying to find Element By : By.xpath: //select[contains(@name,'sxg_pt')]
Found Element By : By.xpath: //select[contains(@name,'sxg_pt')]
Trying to find Element By : By.xpath: //select[contains(@name,'sxg_pt')]
Found Element By : By.xpath: //select[contains(@name,'sxg_pt')]
Trying to find Element By : By.xpath: //select[contains(@name,'pps_pt')]
Found Element By : By.xpath: //select[contains(@name,'pps_pt')]
Trying to find Element By : By.xpath: //select[contains(@name,'pps_pt')]
Found Element By : By.xpath: //select[contains(@name,'pps_pt')]
Trying to find Element By : By.xpath: //select[contains(@name,'haba_pt')]
Found Element By : By.xpath: //select[contains(@name,'haba_pt')]
Trying to find Element By : By.xpath: //select[contains(@name,'haba_pt')]
Found Element By : By.xpath: //select[contains(@name,'haba_pt')]
Trying to find Element By : By.xpath: //select[contains(@name,'mv_pt')]
Found Element By : By.xpath: //select[contains(@name,'mv_pt')]
Trying to find Element By : By.xpath: //select[contains(@name,'mv_pt')]
Found Element By : By.xpath: //select[contains(@name,'mv_pt')]
Trying to find Element By : By.xpath: //select[contains(@name,'nt_pt')]
Found Element By : By.xpath: //select[contains(@name,'nt_pt')]
Trying to find Element By : By.xpath: //select[contains(@name,'nt_pt')]
Found Element By : By.xpath: //select[contains(@name,'nt_pt')]
Trying to find Element By : By.xpath: //select[contains(@name,'qs_pt')]
Found Element By : By.xpath: //select[contains(@name,'qs_pt')]
Trying to find Element By : By.xpath: //select[contains(@name,'qs_pt')]
Found Element By : By.xpath: //select[contains(@name,'qs_pt')]
Trying to find Element By : By.xpath: //div[contains(@class,'table-responsive')]/table/tfoot/tr/td[31]/select
Found Element By : By.xpath: //div[contains(@class,'table-responsive')]/table/tfoot/tr/td[31]/select
Trying to find Element By : By.xpath: //div[contains(@class,'table-responsive')]/table/tfoot/tr/td[31]/select
Found Element By : By.xpath: //div[contains(@class,'table-responsive')]/table/tfoot/tr/td[31]/select
Trying to find Element By : By.xpath: //select[contains(@name,'png_pt')]
Found Element By : By.xpath: //select[contains(@name,'png_pt')]
Trying to find Element By : By.xpath: //select[contains(@name,'png_pt')]
Found Element By : By.xpath: //select[contains(@name,'png_pt')]
Trying to find Element By : By.xpath: //select[contains(@name,'sxg_pt')]
Found Element By : By.xpath: //select[contains(@name,'sxg_pt')]
Trying to find Element By : By.xpath: .//option[normalize-space(.) = "19"]
Found Element By : By.xpath: .//option[normalize-space(.) = "19"]
Trying to click on: [[[[ChromeDriver: chrome on WINDOWS (15c9a7a27bf3ad9a87345a7644c02216)] -> xpath: //select[contains(@name,'sxg_pt')]]] -> xpath: .//option[normalize-space(.) = "19"]]
Clicked on: [[[[ChromeDriver: chrome on WINDOWS (15c9a7a27bf3ad9a87345a7644c02216)] -> xpath: //select[contains(@name,'sxg_pt')]]] -> xpath: .//option[normalize-space(.) = "19"]]
Trying to find Element By : By.id: btnSubmit
Found Element By : By.id: btnSubmit
Trying to click on: [[ChromeDriver: chrome on WINDOWS (15c9a7a27bf3ad9a87345a7644c02216)] -> id: btnSubmit]
Clicked on: [[ChromeDriver: chrome on WINDOWS (15c9a7a27bf3ad9a87345a7644c02216)] -> id: btnSubmit]
Trying to find Element By : By.xpath: //div[contains(@class,'table-responsive')]/table/tbody/tr/td[19]
Found Element By : By.xpath: //div[contains(@class,'table-responsive')]/table/tbody/tr/td[19]
Trying to find Element By : By.xpath: //div[contains(@class,'table-responsive')]/table/tbody/tr/td[20]
Found Element By : By.xpath: //div[contains(@class,'table-responsive')]/table/tbody/tr/td[20]
]]></system-out>
  </testcase>
  <testcase name="PTSettingSMANegativeTest01" classname="AASProductTestCase.AASProductTest.qa.testcases.PTSettingPageTest" time="4.602">
    <failure type="java.lang.AssertionError:">java.lang.AssertionError: null
	at AASProductTestCase.AASProductTest.qa.testcases.PTSettingPageTest.PTSettingSMANegativeTest01(PTSettingPageTest.java:240)
</failure>
    <system-out><![CDATA[***************************
Screenshot stored at C:\Users\User\git\AASStagingTest\AASProductTestTools/screenshots/PTSettingSMANegativeTest01_Sun_Aug_30_21_44_14_SGT_2020.png
***************************
Trying to find Element By : By.xpath: //div[contains(@class,'table-responsive')]/table/tbody/tr/td[21]
Found Element By : By.xpath: //div[contains(@class,'table-responsive')]/table/tbody/tr/td[21]
Trying to find Element By : By.xpath: //div[contains(@class,'table-responsive')]/table/tbody/tr/td[22]
Found Element By : By.xpath: //div[contains(@class,'table-responsive')]/table/tbody/tr/td[22]
Trying to find Element By : By.id: check_3
Found Element By : By.id: check_3
Trying to click on: [[ChromeDriver: chrome on WINDOWS (15c9a7a27bf3ad9a87345a7644c02216)] -> id: check_3]
Clicked on: [[ChromeDriver: chrome on WINDOWS (15c9a7a27bf3ad9a87345a7644c02216)] -> id: check_3]
Trying to find Element By : By.xpath: //select[contains(@name,'evo_pt')]
Found Element By : By.xpath: //select[contains(@name,'evo_pt')]
Trying to find Element By : By.xpath: //select[contains(@name,'evo_pt')]
Found Element By : By.xpath: //select[contains(@name,'evo_pt')]
Trying to find Element By : By.xpath: //select[contains(@name,'bg_pt')]
Found Element By : By.xpath: //select[contains(@name,'bg_pt')]
Trying to find Element By : By.xpath: //select[contains(@name,'bg_pt')]
Found Element By : By.xpath: //select[contains(@name,'bg_pt')]
Trying to find Element By : By.xpath: //select[contains(@name,'titanium_pt')]
Found Element By : By.xpath: //select[contains(@name,'titanium_pt')]
Trying to find Element By : By.xpath: //select[contains(@name,'titanium_pt')]
Found Element By : By.xpath: //select[contains(@name,'titanium_pt')]
Trying to find Element By : By.xpath: //select[contains(@name,'asg_pt')]
Found Element By : By.xpath: //select[contains(@name,'asg_pt')]
Trying to find Element By : By.xpath: //select[contains(@name,'asg_pt')]
Found Element By : By.xpath: //select[contains(@name,'asg_pt')]
Trying to find Element By : By.xpath: //select[contains(@name,'dg_pt')]
Found Element By : By.xpath: //select[contains(@name,'dg_pt')]
Trying to find Element By : By.xpath: //select[contains(@name,'dg_pt')]
Found Element By : By.xpath: //select[contains(@name,'dg_pt')]
Trying to find Element By : By.xpath: //select[contains(@name,'av_pt')]
Found Element By : By.xpath: //select[contains(@name,'av_pt')]
Trying to find Element By : By.xpath: //select[contains(@name,'av_pt')]
Found Element By : By.xpath: //select[contains(@name,'av_pt')]
Trying to find Element By : By.xpath: //select[contains(@name,'pp_pt')]
Found Element By : By.xpath: //select[contains(@name,'pp_pt')]
Trying to find Element By : By.xpath: //select[contains(@name,'pp_pt')]
Found Element By : By.xpath: //select[contains(@name,'pp_pt')]
Trying to find Element By : By.xpath: //select[contains(@name,'sxg_pt')]
Found Element By : By.xpath: //select[contains(@name,'sxg_pt')]
Trying to find Element By : By.xpath: //select[contains(@name,'sxg_pt')]
Found Element By : By.xpath: //select[contains(@name,'sxg_pt')]
Trying to find Element By : By.xpath: //select[contains(@name,'pps_pt')]
Found Element By : By.xpath: //select[contains(@name,'pps_pt')]
Trying to find Element By : By.xpath: //select[contains(@name,'pps_pt')]
Found Element By : By.xpath: //select[contains(@name,'pps_pt')]
Trying to find Element By : By.xpath: //select[contains(@name,'haba_pt')]
Found Element By : By.xpath: //select[contains(@name,'haba_pt')]
Trying to find Element By : By.xpath: //select[contains(@name,'haba_pt')]
Found Element By : By.xpath: //select[contains(@name,'haba_pt')]
Trying to find Element By : By.xpath: //select[contains(@name,'mv_pt')]
Found Element By : By.xpath: //select[contains(@name,'mv_pt')]
Trying to find Element By : By.xpath: //select[contains(@name,'mv_pt')]
Found Element By : By.xpath: //select[contains(@name,'mv_pt')]
Trying to find Element By : By.xpath: //select[contains(@name,'nt_pt')]
Found Element By : By.xpath: //select[contains(@name,'nt_pt')]
Trying to find Element By : By.xpath: //select[contains(@name,'nt_pt')]
Found Element By : By.xpath: //select[contains(@name,'nt_pt')]
Trying to find Element By : By.xpath: //select[contains(@name,'qs_pt')]
Found Element By : By.xpath: //select[contains(@name,'qs_pt')]
Trying to find Element By : By.xpath: //select[contains(@name,'qs_pt')]
Found Element By : By.xpath: //select[contains(@name,'qs_pt')]
Trying to find Element By : By.xpath: //div[contains(@class,'table-responsive')]/table/tfoot/tr/td[31]/select
Found Element By : By.xpath: //div[contains(@class,'table-responsive')]/table/tfoot/tr/td[31]/select
Trying to find Element By : By.xpath: //div[contains(@class,'table-responsive')]/table/tfoot/tr/td[31]/select
Found Element By : By.xpath: //div[contains(@class,'table-responsive')]/table/tfoot/tr/td[31]/select
Trying to find Element By : By.xpath: //select[contains(@name,'png_pt')]
Found Element By : By.xpath: //select[contains(@name,'png_pt')]
Trying to find Element By : By.xpath: //select[contains(@name,'png_pt')]
Found Element By : By.xpath: //select[contains(@name,'png_pt')]
Trying to find Element By : By.xpath: //select[contains(@name,'pps_pt')]
Found Element By : By.xpath: //select[contains(@name,'pps_pt')]
Trying to find Element By : By.xpath: .//option[normalize-space(.) = "19"]
Found Element By : By.xpath: .//option[normalize-space(.) = "19"]
Trying to click on: [[[[ChromeDriver: chrome on WINDOWS (15c9a7a27bf3ad9a87345a7644c02216)] -> xpath: //select[contains(@name,'pps_pt')]]] -> xpath: .//option[normalize-space(.) = "19"]]
Clicked on: [[[[ChromeDriver: chrome on WINDOWS (15c9a7a27bf3ad9a87345a7644c02216)] -> xpath: //select[contains(@name,'pps_pt')]]] -> xpath: .//option[normalize-space(.) = "19"]]
Trying to find Element By : By.id: btnSubmit
Found Element By : By.id: btnSubmit
Trying to click on: [[ChromeDriver: chrome on WINDOWS (15c9a7a27bf3ad9a87345a7644c02216)] -> id: btnSubmit]
Clicked on: [[ChromeDriver: chrome on WINDOWS (15c9a7a27bf3ad9a87345a7644c02216)] -> id: btnSubmit]
Trying to find Element By : By.xpath: //div[contains(@class,'table-responsive')]/table/tbody/tr/td[21]
Found Element By : By.xpath: //div[contains(@class,'table-responsive')]/table/tbody/tr/td[21]
Trying to find Element By : By.xpath: //div[contains(@class,'table-responsive')]/table/tbody/tr/td[22]
Found Element By : By.xpath: //div[contains(@class,'table-responsive')]/table/tbody/tr/td[22]
]]></system-out>
  </testcase>
  <testcase name="PTSettingSMANegativeTest01" classname="AASProductTestCase.AASProductTest.qa.testcases.PTSettingPageTest" time="4.599">
    <failure type="java.lang.AssertionError:">java.lang.AssertionError: null
	at AASProductTestCase.AASProductTest.qa.testcases.PTSettingPageTest.PTSettingSMANegativeTest01(PTSettingPageTest.java:240)
</failure>
    <system-out><![CDATA[***************************
Screenshot stored at C:\Users\User\git\AASStagingTest\AASProductTestTools/screenshots/PTSettingSMANegativeTest01_Sun_Aug_30_21_44_19_SGT_2020.png
***************************
Trying to find Element By : By.xpath: //div[contains(@class,'table-responsive')]/table/tbody/tr/td[23]
Found Element By : By.xpath: //div[contains(@class,'table-responsive')]/table/tbody/tr/td[23]
Trying to find Element By : By.xpath: //div[contains(@class,'table-responsive')]/table/tbody/tr/td[24]
Found Element By : By.xpath: //div[contains(@class,'table-responsive')]/table/tbody/tr/td[24]
Trying to find Element By : By.id: check_3
Found Element By : By.id: check_3
Trying to click on: [[ChromeDriver: chrome on WINDOWS (15c9a7a27bf3ad9a87345a7644c02216)] -> id: check_3]
Clicked on: [[ChromeDriver: chrome on WINDOWS (15c9a7a27bf3ad9a87345a7644c02216)] -> id: check_3]
Trying to find Element By : By.xpath: //select[contains(@name,'evo_pt')]
Found Element By : By.xpath: //select[contains(@name,'evo_pt')]
Trying to find Element By : By.xpath: //select[contains(@name,'evo_pt')]
Found Element By : By.xpath: //select[contains(@name,'evo_pt')]
Trying to find Element By : By.xpath: //select[contains(@name,'bg_pt')]
Found Element By : By.xpath: //select[contains(@name,'bg_pt')]
Trying to find Element By : By.xpath: //select[contains(@name,'bg_pt')]
Found Element By : By.xpath: //select[contains(@name,'bg_pt')]
Trying to find Element By : By.xpath: //select[contains(@name,'titanium_pt')]
Found Element By : By.xpath: //select[contains(@name,'titanium_pt')]
Trying to find Element By : By.xpath: //select[contains(@name,'titanium_pt')]
Found Element By : By.xpath: //select[contains(@name,'titanium_pt')]
Trying to find Element By : By.xpath: //select[contains(@name,'asg_pt')]
Found Element By : By.xpath: //select[contains(@name,'asg_pt')]
Trying to find Element By : By.xpath: //select[contains(@name,'asg_pt')]
Found Element By : By.xpath: //select[contains(@name,'asg_pt')]
Trying to find Element By : By.xpath: //select[contains(@name,'dg_pt')]
Found Element By : By.xpath: //select[contains(@name,'dg_pt')]
Trying to find Element By : By.xpath: //select[contains(@name,'dg_pt')]
Found Element By : By.xpath: //select[contains(@name,'dg_pt')]
Trying to find Element By : By.xpath: //select[contains(@name,'av_pt')]
Found Element By : By.xpath: //select[contains(@name,'av_pt')]
Trying to find Element By : By.xpath: //select[contains(@name,'av_pt')]
Found Element By : By.xpath: //select[contains(@name,'av_pt')]
Trying to find Element By : By.xpath: //select[contains(@name,'pp_pt')]
Found Element By : By.xpath: //select[contains(@name,'pp_pt')]
Trying to find Element By : By.xpath: //select[contains(@name,'pp_pt')]
Found Element By : By.xpath: //select[contains(@name,'pp_pt')]
Trying to find Element By : By.xpath: //select[contains(@name,'sxg_pt')]
Found Element By : By.xpath: //select[contains(@name,'sxg_pt')]
Trying to find Element By : By.xpath: //select[contains(@name,'sxg_pt')]
Found Element By : By.xpath: //select[contains(@name,'sxg_pt')]
Trying to find Element By : By.xpath: //select[contains(@name,'pps_pt')]
Found Element By : By.xpath: //select[contains(@name,'pps_pt')]
Trying to find Element By : By.xpath: //select[contains(@name,'pps_pt')]
Found Element By : By.xpath: //select[contains(@name,'pps_pt')]
Trying to find Element By : By.xpath: //select[contains(@name,'haba_pt')]
Found Element By : By.xpath: //select[contains(@name,'haba_pt')]
Trying to find Element By : By.xpath: //select[contains(@name,'haba_pt')]
Found Element By : By.xpath: //select[contains(@name,'haba_pt')]
Trying to find Element By : By.xpath: //select[contains(@name,'mv_pt')]
Found Element By : By.xpath: //select[contains(@name,'mv_pt')]
Trying to find Element By : By.xpath: //select[contains(@name,'mv_pt')]
Found Element By : By.xpath: //select[contains(@name,'mv_pt')]
Trying to find Element By : By.xpath: //select[contains(@name,'nt_pt')]
Found Element By : By.xpath: //select[contains(@name,'nt_pt')]
Trying to find Element By : By.xpath: //select[contains(@name,'nt_pt')]
Found Element By : By.xpath: //select[contains(@name,'nt_pt')]
Trying to find Element By : By.xpath: //select[contains(@name,'qs_pt')]
Found Element By : By.xpath: //select[contains(@name,'qs_pt')]
Trying to find Element By : By.xpath: //select[contains(@name,'qs_pt')]
Found Element By : By.xpath: //select[contains(@name,'qs_pt')]
Trying to find Element By : By.xpath: //div[contains(@class,'table-responsive')]/table/tfoot/tr/td[31]/select
Found Element By : By.xpath: //div[contains(@class,'table-responsive')]/table/tfoot/tr/td[31]/select
Trying to find Element By : By.xpath: //div[contains(@class,'table-responsive')]/table/tfoot/tr/td[31]/select
Found Element By : By.xpath: //div[contains(@class,'table-responsive')]/table/tfoot/tr/td[31]/select
Trying to find Element By : By.xpath: //select[contains(@name,'png_pt')]
Found Element By : By.xpath: //select[contains(@name,'png_pt')]
Trying to find Element By : By.xpath: //select[contains(@name,'png_pt')]
Found Element By : By.xpath: //select[contains(@name,'png_pt')]
Trying to find Element By : By.xpath: //select[contains(@name,'haba_pt')]
Found Element By : By.xpath: //select[contains(@name,'haba_pt')]
Trying to find Element By : By.xpath: .//option[normalize-space(.) = "19"]
Found Element By : By.xpath: .//option[normalize-space(.) = "19"]
Trying to click on: [[[[ChromeDriver: chrome on WINDOWS (15c9a7a27bf3ad9a87345a7644c02216)] -> xpath: //select[contains(@name,'haba_pt')]]] -> xpath: .//option[normalize-space(.) = "19"]]
Clicked on: [[[[ChromeDriver: chrome on WINDOWS (15c9a7a27bf3ad9a87345a7644c02216)] -> xpath: //select[contains(@name,'haba_pt')]]] -> xpath: .//option[normalize-space(.) = "19"]]
Trying to find Element By : By.id: btnSubmit
Found Element By : By.id: btnSubmit
Trying to click on: [[ChromeDriver: chrome on WINDOWS (15c9a7a27bf3ad9a87345a7644c02216)] -> id: btnSubmit]
Clicked on: [[ChromeDriver: chrome on WINDOWS (15c9a7a27bf3ad9a87345a7644c02216)] -> id: btnSubmit]
Trying to find Element By : By.xpath: //div[contains(@class,'table-responsive')]/table/tbody/tr/td[23]
Found Element By : By.xpath: //div[contains(@class,'table-responsive')]/table/tbody/tr/td[23]
Trying to find Element By : By.xpath: //div[contains(@class,'table-responsive')]/table/tbody/tr/td[24]
Found Element By : By.xpath: //div[contains(@class,'table-responsive')]/table/tbody/tr/td[24]
]]></system-out>
  </testcase>
  <testcase name="PTSettingSMANegativeTest01" classname="AASProductTestCase.AASProductTest.qa.testcases.PTSettingPageTest" time="4.611">
    <failure type="java.lang.AssertionError:">java.lang.AssertionError: null
	at AASProductTestCase.AASProductTest.qa.testcases.PTSettingPageTest.PTSettingSMANegativeTest01(PTSettingPageTest.java:240)
</failure>
    <system-out><![CDATA[***************************
Screenshot stored at C:\Users\User\git\AASStagingTest\AASProductTestTools/screenshots/PTSettingSMANegativeTest01_Sun_Aug_30_21_44_24_SGT_2020.png
***************************
Trying to find Element By : By.xpath: //div[contains(@class,'table-responsive')]/table/tbody/tr/td[25]
Found Element By : By.xpath: //div[contains(@class,'table-responsive')]/table/tbody/tr/td[25]
Trying to find Element By : By.xpath: //div[contains(@class,'table-responsive')]/table/tbody/tr/td[26]
Found Element By : By.xpath: //div[contains(@class,'table-responsive')]/table/tbody/tr/td[26]
Trying to find Element By : By.id: check_3
Found Element By : By.id: check_3
Trying to click on: [[ChromeDriver: chrome on WINDOWS (15c9a7a27bf3ad9a87345a7644c02216)] -> id: check_3]
Clicked on: [[ChromeDriver: chrome on WINDOWS (15c9a7a27bf3ad9a87345a7644c02216)] -> id: check_3]
Trying to find Element By : By.xpath: //select[contains(@name,'evo_pt')]
Found Element By : By.xpath: //select[contains(@name,'evo_pt')]
Trying to find Element By : By.xpath: //select[contains(@name,'evo_pt')]
Found Element By : By.xpath: //select[contains(@name,'evo_pt')]
Trying to find Element By : By.xpath: //select[contains(@name,'bg_pt')]
Found Element By : By.xpath: //select[contains(@name,'bg_pt')]
Trying to find Element By : By.xpath: //select[contains(@name,'bg_pt')]
Found Element By : By.xpath: //select[contains(@name,'bg_pt')]
Trying to find Element By : By.xpath: //select[contains(@name,'titanium_pt')]
Found Element By : By.xpath: //select[contains(@name,'titanium_pt')]
Trying to find Element By : By.xpath: //select[contains(@name,'titanium_pt')]
Found Element By : By.xpath: //select[contains(@name,'titanium_pt')]
Trying to find Element By : By.xpath: //select[contains(@name,'asg_pt')]
Found Element By : By.xpath: //select[contains(@name,'asg_pt')]
Trying to find Element By : By.xpath: //select[contains(@name,'asg_pt')]
Found Element By : By.xpath: //select[contains(@name,'asg_pt')]
Trying to find Element By : By.xpath: //select[contains(@name,'dg_pt')]
Found Element By : By.xpath: //select[contains(@name,'dg_pt')]
Trying to find Element By : By.xpath: //select[contains(@name,'dg_pt')]
Found Element By : By.xpath: //select[contains(@name,'dg_pt')]
Trying to find Element By : By.xpath: //select[contains(@name,'av_pt')]
Found Element By : By.xpath: //select[contains(@name,'av_pt')]
Trying to find Element By : By.xpath: //select[contains(@name,'av_pt')]
Found Element By : By.xpath: //select[contains(@name,'av_pt')]
Trying to find Element By : By.xpath: //select[contains(@name,'pp_pt')]
Found Element By : By.xpath: //select[contains(@name,'pp_pt')]
Trying to find Element By : By.xpath: //select[contains(@name,'pp_pt')]
Found Element By : By.xpath: //select[contains(@name,'pp_pt')]
Trying to find Element By : By.xpath: //select[contains(@name,'sxg_pt')]
Found Element By : By.xpath: //select[contains(@name,'sxg_pt')]
Trying to find Element By : By.xpath: //select[contains(@name,'sxg_pt')]
Found Element By : By.xpath: //select[contains(@name,'sxg_pt')]
Trying to find Element By : By.xpath: //select[contains(@name,'pps_pt')]
Found Element By : By.xpath: //select[contains(@name,'pps_pt')]
Trying to find Element By : By.xpath: //select[contains(@name,'pps_pt')]
Found Element By : By.xpath: //select[contains(@name,'pps_pt')]
Trying to find Element By : By.xpath: //select[contains(@name,'haba_pt')]
Found Element By : By.xpath: //select[contains(@name,'haba_pt')]
Trying to find Element By : By.xpath: //select[contains(@name,'haba_pt')]
Found Element By : By.xpath: //select[contains(@name,'haba_pt')]
Trying to find Element By : By.xpath: //select[contains(@name,'mv_pt')]
Found Element By : By.xpath: //select[contains(@name,'mv_pt')]
Trying to find Element By : By.xpath: //select[contains(@name,'mv_pt')]
Found Element By : By.xpath: //select[contains(@name,'mv_pt')]
Trying to find Element By : By.xpath: //select[contains(@name,'nt_pt')]
Found Element By : By.xpath: //select[contains(@name,'nt_pt')]
Trying to find Element By : By.xpath: //select[contains(@name,'nt_pt')]
Found Element By : By.xpath: //select[contains(@name,'nt_pt')]
Trying to find Element By : By.xpath: //select[contains(@name,'qs_pt')]
Found Element By : By.xpath: //select[contains(@name,'qs_pt')]
Trying to find Element By : By.xpath: //select[contains(@name,'qs_pt')]
Found Element By : By.xpath: //select[contains(@name,'qs_pt')]
Trying to find Element By : By.xpath: //div[contains(@class,'table-responsive')]/table/tfoot/tr/td[31]/select
Found Element By : By.xpath: //div[contains(@class,'table-responsive')]/table/tfoot/tr/td[31]/select
Trying to find Element By : By.xpath: //div[contains(@class,'table-responsive')]/table/tfoot/tr/td[31]/select
Found Element By : By.xpath: //div[contains(@class,'table-responsive')]/table/tfoot/tr/td[31]/select
Trying to find Element By : By.xpath: //select[contains(@name,'png_pt')]
Found Element By : By.xpath: //select[contains(@name,'png_pt')]
Trying to find Element By : By.xpath: //select[contains(@name,'png_pt')]
Found Element By : By.xpath: //select[contains(@name,'png_pt')]
Trying to find Element By : By.xpath: //select[contains(@name,'mv_pt')]
Found Element By : By.xpath: //select[contains(@name,'mv_pt')]
Trying to find Element By : By.xpath: .//option[normalize-space(.) = "19"]
Found Element By : By.xpath: .//option[normalize-space(.) = "19"]
Trying to click on: [[[[ChromeDriver: chrome on WINDOWS (15c9a7a27bf3ad9a87345a7644c02216)] -> xpath: //select[contains(@name,'mv_pt')]]] -> xpath: .//option[normalize-space(.) = "19"]]
Clicked on: [[[[ChromeDriver: chrome on WINDOWS (15c9a7a27bf3ad9a87345a7644c02216)] -> xpath: //select[contains(@name,'mv_pt')]]] -> xpath: .//option[normalize-space(.) = "19"]]
Trying to find Element By : By.id: btnSubmit
Found Element By : By.id: btnSubmit
Trying to click on: [[ChromeDriver: chrome on WINDOWS (15c9a7a27bf3ad9a87345a7644c02216)] -> id: btnSubmit]
Clicked on: [[ChromeDriver: chrome on WINDOWS (15c9a7a27bf3ad9a87345a7644c02216)] -> id: btnSubmit]
Trying to find Element By : By.xpath: //div[contains(@class,'table-responsive')]/table/tbody/tr/td[25]
Found Element By : By.xpath: //div[contains(@class,'table-responsive')]/table/tbody/tr/td[25]
Trying to find Element By : By.xpath: //div[contains(@class,'table-responsive')]/table/tbody/tr/td[26]
Found Element By : By.xpath: //div[contains(@class,'table-responsive')]/table/tbody/tr/td[26]
]]></system-out>
  </testcase>
  <testcase name="PTSettingSMANegativeTest01" classname="AASProductTestCase.AASProductTest.qa.testcases.PTSettingPageTest" time="4.586">
    <failure type="java.lang.AssertionError:">java.lang.AssertionError: null
	at AASProductTestCase.AASProductTest.qa.testcases.PTSettingPageTest.PTSettingSMANegativeTest01(PTSettingPageTest.java:240)
</failure>
    <system-out><![CDATA[***************************
Screenshot stored at C:\Users\User\git\AASStagingTest\AASProductTestTools/screenshots/PTSettingSMANegativeTest01_Sun_Aug_30_21_44_29_SGT_2020.png
***************************
Trying to find Element By : By.xpath: //div[contains(@class,'table-responsive')]/table/tbody/tr/td[27]
Found Element By : By.xpath: //div[contains(@class,'table-responsive')]/table/tbody/tr/td[27]
Trying to find Element By : By.xpath: //div[contains(@class,'table-responsive')]/table/tbody/tr/td[28]
Found Element By : By.xpath: //div[contains(@class,'table-responsive')]/table/tbody/tr/td[28]
Trying to find Element By : By.id: check_3
Found Element By : By.id: check_3
Trying to click on: [[ChromeDriver: chrome on WINDOWS (15c9a7a27bf3ad9a87345a7644c02216)] -> id: check_3]
Clicked on: [[ChromeDriver: chrome on WINDOWS (15c9a7a27bf3ad9a87345a7644c02216)] -> id: check_3]
Trying to find Element By : By.xpath: //select[contains(@name,'evo_pt')]
Found Element By : By.xpath: //select[contains(@name,'evo_pt')]
Trying to find Element By : By.xpath: //select[contains(@name,'evo_pt')]
Found Element By : By.xpath: //select[contains(@name,'evo_pt')]
Trying to find Element By : By.xpath: //select[contains(@name,'bg_pt')]
Found Element By : By.xpath: //select[contains(@name,'bg_pt')]
Trying to find Element By : By.xpath: //select[contains(@name,'bg_pt')]
Found Element By : By.xpath: //select[contains(@name,'bg_pt')]
Trying to find Element By : By.xpath: //select[contains(@name,'titanium_pt')]
Found Element By : By.xpath: //select[contains(@name,'titanium_pt')]
Trying to find Element By : By.xpath: //select[contains(@name,'titanium_pt')]
Found Element By : By.xpath: //select[contains(@name,'titanium_pt')]
Trying to find Element By : By.xpath: //select[contains(@name,'asg_pt')]
Found Element By : By.xpath: //select[contains(@name,'asg_pt')]
Trying to find Element By : By.xpath: //select[contains(@name,'asg_pt')]
Found Element By : By.xpath: //select[contains(@name,'asg_pt')]
Trying to find Element By : By.xpath: //select[contains(@name,'dg_pt')]
Found Element By : By.xpath: //select[contains(@name,'dg_pt')]
Trying to find Element By : By.xpath: //select[contains(@name,'dg_pt')]
Found Element By : By.xpath: //select[contains(@name,'dg_pt')]
Trying to find Element By : By.xpath: //select[contains(@name,'av_pt')]
Found Element By : By.xpath: //select[contains(@name,'av_pt')]
Trying to find Element By : By.xpath: //select[contains(@name,'av_pt')]
Found Element By : By.xpath: //select[contains(@name,'av_pt')]
Trying to find Element By : By.xpath: //select[contains(@name,'pp_pt')]
Found Element By : By.xpath: //select[contains(@name,'pp_pt')]
Trying to find Element By : By.xpath: //select[contains(@name,'pp_pt')]
Found Element By : By.xpath: //select[contains(@name,'pp_pt')]
Trying to find Element By : By.xpath: //select[contains(@name,'sxg_pt')]
Found Element By : By.xpath: //select[contains(@name,'sxg_pt')]
Trying to find Element By : By.xpath: //select[contains(@name,'sxg_pt')]
Found Element By : By.xpath: //select[contains(@name,'sxg_pt')]
Trying to find Element By : By.xpath: //select[contains(@name,'pps_pt')]
Found Element By : By.xpath: //select[contains(@name,'pps_pt')]
Trying to find Element By : By.xpath: //select[contains(@name,'pps_pt')]
Found Element By : By.xpath: //select[contains(@name,'pps_pt')]
Trying to find Element By : By.xpath: //select[contains(@name,'haba_pt')]
Found Element By : By.xpath: //select[contains(@name,'haba_pt')]
Trying to find Element By : By.xpath: //select[contains(@name,'haba_pt')]
Found Element By : By.xpath: //select[contains(@name,'haba_pt')]
Trying to find Element By : By.xpath: //select[contains(@name,'mv_pt')]
Found Element By : By.xpath: //select[contains(@name,'mv_pt')]
Trying to find Element By : By.xpath: //select[contains(@name,'mv_pt')]
Found Element By : By.xpath: //select[contains(@name,'mv_pt')]
Trying to find Element By : By.xpath: //select[contains(@name,'nt_pt')]
Found Element By : By.xpath: //select[contains(@name,'nt_pt')]
Trying to find Element By : By.xpath: //select[contains(@name,'nt_pt')]
Found Element By : By.xpath: //select[contains(@name,'nt_pt')]
Trying to find Element By : By.xpath: //select[contains(@name,'qs_pt')]
Found Element By : By.xpath: //select[contains(@name,'qs_pt')]
Trying to find Element By : By.xpath: //select[contains(@name,'qs_pt')]
Found Element By : By.xpath: //select[contains(@name,'qs_pt')]
Trying to find Element By : By.xpath: //div[contains(@class,'table-responsive')]/table/tfoot/tr/td[31]/select
Found Element By : By.xpath: //div[contains(@class,'table-responsive')]/table/tfoot/tr/td[31]/select
Trying to find Element By : By.xpath: //div[contains(@class,'table-responsive')]/table/tfoot/tr/td[31]/select
Found Element By : By.xpath: //div[contains(@class,'table-responsive')]/table/tfoot/tr/td[31]/select
Trying to find Element By : By.xpath: //select[contains(@name,'png_pt')]
Found Element By : By.xpath: //select[contains(@name,'png_pt')]
Trying to find Element By : By.xpath: //select[contains(@name,'png_pt')]
Found Element By : By.xpath: //select[contains(@name,'png_pt')]
Trying to find Element By : By.xpath: //select[contains(@name,'nt_pt')]
Found Element By : By.xpath: //select[contains(@name,'nt_pt')]
Trying to find Element By : By.xpath: .//option[normalize-space(.) = "19"]
Found Element By : By.xpath: .//option[normalize-space(.) = "19"]
Trying to click on: [[[[ChromeDriver: chrome on WINDOWS (15c9a7a27bf3ad9a87345a7644c02216)] -> xpath: //select[contains(@name,'nt_pt')]]] -> xpath: .//option[normalize-space(.) = "19"]]
Clicked on: [[[[ChromeDriver: chrome on WINDOWS (15c9a7a27bf3ad9a87345a7644c02216)] -> xpath: //select[contains(@name,'nt_pt')]]] -> xpath: .//option[normalize-space(.) = "19"]]
Trying to find Element By : By.id: btnSubmit
Found Element By : By.id: btnSubmit
Trying to click on: [[ChromeDriver: chrome on WINDOWS (15c9a7a27bf3ad9a87345a7644c02216)] -> id: btnSubmit]
Clicked on: [[ChromeDriver: chrome on WINDOWS (15c9a7a27bf3ad9a87345a7644c02216)] -> id: btnSubmit]
Trying to find Element By : By.xpath: //div[contains(@class,'table-responsive')]/table/tbody/tr/td[27]
Found Element By : By.xpath: //div[contains(@class,'table-responsive')]/table/tbody/tr/td[27]
Trying to find Element By : By.xpath: //div[contains(@class,'table-responsive')]/table/tbody/tr/td[28]
Found Element By : By.xpath: //div[contains(@class,'table-responsive')]/table/tbody/tr/td[28]
]]></system-out>
  </testcase>
  <testcase name="PTSettingSMANegativeTest01" classname="AASProductTestCase.AASProductTest.qa.testcases.PTSettingPageTest" time="4.578">
    <failure type="java.lang.AssertionError:">java.lang.AssertionError: null
	at AASProductTestCase.AASProductTest.qa.testcases.PTSettingPageTest.PTSettingSMANegativeTest01(PTSettingPageTest.java:240)
</failure>
    <system-out><![CDATA[***************************
Screenshot stored at C:\Users\User\git\AASStagingTest\AASProductTestTools/screenshots/PTSettingSMANegativeTest01_Sun_Aug_30_21_44_33_SGT_2020.png
***************************
Trying to find Element By : By.xpath: //div[contains(@class,'table-responsive')]/table/tbody/tr/td[29]
Found Element By : By.xpath: //div[contains(@class,'table-responsive')]/table/tbody/tr/td[29]
Trying to find Element By : By.xpath: //div[contains(@class,'table-responsive')]/table/tbody/tr/td[30]
Found Element By : By.xpath: //div[contains(@class,'table-responsive')]/table/tbody/tr/td[30]
Trying to find Element By : By.id: check_3
Found Element By : By.id: check_3
Trying to click on: [[ChromeDriver: chrome on WINDOWS (15c9a7a27bf3ad9a87345a7644c02216)] -> id: check_3]
Clicked on: [[ChromeDriver: chrome on WINDOWS (15c9a7a27bf3ad9a87345a7644c02216)] -> id: check_3]
Trying to find Element By : By.xpath: //select[contains(@name,'evo_pt')]
Found Element By : By.xpath: //select[contains(@name,'evo_pt')]
Trying to find Element By : By.xpath: //select[contains(@name,'evo_pt')]
Found Element By : By.xpath: //select[contains(@name,'evo_pt')]
Trying to find Element By : By.xpath: //select[contains(@name,'bg_pt')]
Found Element By : By.xpath: //select[contains(@name,'bg_pt')]
Trying to find Element By : By.xpath: //select[contains(@name,'bg_pt')]
Found Element By : By.xpath: //select[contains(@name,'bg_pt')]
Trying to find Element By : By.xpath: //select[contains(@name,'titanium_pt')]
Found Element By : By.xpath: //select[contains(@name,'titanium_pt')]
Trying to find Element By : By.xpath: //select[contains(@name,'titanium_pt')]
Found Element By : By.xpath: //select[contains(@name,'titanium_pt')]
Trying to find Element By : By.xpath: //select[contains(@name,'asg_pt')]
Found Element By : By.xpath: //select[contains(@name,'asg_pt')]
Trying to find Element By : By.xpath: //select[contains(@name,'asg_pt')]
Found Element By : By.xpath: //select[contains(@name,'asg_pt')]
Trying to find Element By : By.xpath: //select[contains(@name,'dg_pt')]
Found Element By : By.xpath: //select[contains(@name,'dg_pt')]
Trying to find Element By : By.xpath: //select[contains(@name,'dg_pt')]
Found Element By : By.xpath: //select[contains(@name,'dg_pt')]
Trying to find Element By : By.xpath: //select[contains(@name,'av_pt')]
Found Element By : By.xpath: //select[contains(@name,'av_pt')]
Trying to find Element By : By.xpath: //select[contains(@name,'av_pt')]
Found Element By : By.xpath: //select[contains(@name,'av_pt')]
Trying to find Element By : By.xpath: //select[contains(@name,'pp_pt')]
Found Element By : By.xpath: //select[contains(@name,'pp_pt')]
Trying to find Element By : By.xpath: //select[contains(@name,'pp_pt')]
Found Element By : By.xpath: //select[contains(@name,'pp_pt')]
Trying to find Element By : By.xpath: //select[contains(@name,'sxg_pt')]
Found Element By : By.xpath: //select[contains(@name,'sxg_pt')]
Trying to find Element By : By.xpath: //select[contains(@name,'sxg_pt')]
Found Element By : By.xpath: //select[contains(@name,'sxg_pt')]
Trying to find Element By : By.xpath: //select[contains(@name,'pps_pt')]
Found Element By : By.xpath: //select[contains(@name,'pps_pt')]
Trying to find Element By : By.xpath: //select[contains(@name,'pps_pt')]
Found Element By : By.xpath: //select[contains(@name,'pps_pt')]
Trying to find Element By : By.xpath: //select[contains(@name,'haba_pt')]
Found Element By : By.xpath: //select[contains(@name,'haba_pt')]
Trying to find Element By : By.xpath: //select[contains(@name,'haba_pt')]
Found Element By : By.xpath: //select[contains(@name,'haba_pt')]
Trying to find Element By : By.xpath: //select[contains(@name,'mv_pt')]
Found Element By : By.xpath: //select[contains(@name,'mv_pt')]
Trying to find Element By : By.xpath: //select[contains(@name,'mv_pt')]
Found Element By : By.xpath: //select[contains(@name,'mv_pt')]
Trying to find Element By : By.xpath: //select[contains(@name,'nt_pt')]
Found Element By : By.xpath: //select[contains(@name,'nt_pt')]
Trying to find Element By : By.xpath: //select[contains(@name,'nt_pt')]
Found Element By : By.xpath: //select[contains(@name,'nt_pt')]
Trying to find Element By : By.xpath: //select[contains(@name,'qs_pt')]
Found Element By : By.xpath: //select[contains(@name,'qs_pt')]
Trying to find Element By : By.xpath: //select[contains(@name,'qs_pt')]
Found Element By : By.xpath: //select[contains(@name,'qs_pt')]
Trying to find Element By : By.xpath: //div[contains(@class,'table-responsive')]/table/tfoot/tr/td[31]/select
Found Element By : By.xpath: //div[contains(@class,'table-responsive')]/table/tfoot/tr/td[31]/select
Trying to find Element By : By.xpath: //div[contains(@class,'table-responsive')]/table/tfoot/tr/td[31]/select
Found Element By : By.xpath: //div[contains(@class,'table-responsive')]/table/tfoot/tr/td[31]/select
Trying to find Element By : By.xpath: //select[contains(@name,'png_pt')]
Found Element By : By.xpath: //select[contains(@name,'png_pt')]
Trying to find Element By : By.xpath: //select[contains(@name,'png_pt')]
Found Element By : By.xpath: //select[contains(@name,'png_pt')]
Trying to find Element By : By.xpath: //select[contains(@name,'qs_pt')]
Found Element By : By.xpath: //select[contains(@name,'qs_pt')]
Trying to find Element By : By.xpath: .//option[normalize-space(.) = "19"]
Found Element By : By.xpath: .//option[normalize-space(.) = "19"]
Trying to click on: [[[[ChromeDriver: chrome on WINDOWS (15c9a7a27bf3ad9a87345a7644c02216)] -> xpath: //select[contains(@name,'qs_pt')]]] -> xpath: .//option[normalize-space(.) = "19"]]
Clicked on: [[[[ChromeDriver: chrome on WINDOWS (15c9a7a27bf3ad9a87345a7644c02216)] -> xpath: //select[contains(@name,'qs_pt')]]] -> xpath: .//option[normalize-space(.) = "19"]]
Trying to find Element By : By.id: btnSubmit
Found Element By : By.id: btnSubmit
Trying to click on: [[ChromeDriver: chrome on WINDOWS (15c9a7a27bf3ad9a87345a7644c02216)] -> id: btnSubmit]
Clicked on: [[ChromeDriver: chrome on WINDOWS (15c9a7a27bf3ad9a87345a7644c02216)] -> id: btnSubmit]
Trying to find Element By : By.xpath: //div[contains(@class,'table-responsive')]/table/tbody/tr/td[29]
Found Element By : By.xpath: //div[contains(@class,'table-responsive')]/table/tbody/tr/td[29]
Trying to find Element By : By.xpath: //div[contains(@class,'table-responsive')]/table/tbody/tr/td[30]
Found Element By : By.xpath: //div[contains(@class,'table-responsive')]/table/tbody/tr/td[30]
]]></system-out>
  </testcase>
  <testcase name="PTSettingSMANegativeTest01" classname="AASProductTestCase.AASProductTest.qa.testcases.PTSettingPageTest" time="4.58">
    <failure type="java.lang.AssertionError:">java.lang.AssertionError: null
	at AASProductTestCase.AASProductTest.qa.testcases.PTSettingPageTest.PTSettingSMANegativeTest01(PTSettingPageTest.java:240)
</failure>
    <system-out><![CDATA[***************************
Screenshot stored at C:\Users\User\git\AASStagingTest\AASProductTestTools/screenshots/PTSettingSMANegativeTest01_Sun_Aug_30_21_44_38_SGT_2020.png
***************************
Trying to find Element By : By.xpath: //div[contains(@class,'table-responsive')]/table/tbody/tr/td[31]
Found Element By : By.xpath: //div[contains(@class,'table-responsive')]/table/tbody/tr/td[31]
Trying to find Element By : By.xpath: //div[contains(@class,'table-responsive')]/table/tbody/tr/td[32]
Found Element By : By.xpath: //div[contains(@class,'table-responsive')]/table/tbody/tr/td[32]
Trying to find Element By : By.id: check_3
Found Element By : By.id: check_3
Trying to click on: [[ChromeDriver: chrome on WINDOWS (15c9a7a27bf3ad9a87345a7644c02216)] -> id: check_3]
Clicked on: [[ChromeDriver: chrome on WINDOWS (15c9a7a27bf3ad9a87345a7644c02216)] -> id: check_3]
Trying to find Element By : By.xpath: //select[contains(@name,'evo_pt')]
Found Element By : By.xpath: //select[contains(@name,'evo_pt')]
Trying to find Element By : By.xpath: //select[contains(@name,'evo_pt')]
Found Element By : By.xpath: //select[contains(@name,'evo_pt')]
Trying to find Element By : By.xpath: //select[contains(@name,'bg_pt')]
Found Element By : By.xpath: //select[contains(@name,'bg_pt')]
Trying to find Element By : By.xpath: //select[contains(@name,'bg_pt')]
Found Element By : By.xpath: //select[contains(@name,'bg_pt')]
Trying to find Element By : By.xpath: //select[contains(@name,'titanium_pt')]
Found Element By : By.xpath: //select[contains(@name,'titanium_pt')]
Trying to find Element By : By.xpath: //select[contains(@name,'titanium_pt')]
Found Element By : By.xpath: //select[contains(@name,'titanium_pt')]
Trying to find Element By : By.xpath: //select[contains(@name,'asg_pt')]
Found Element By : By.xpath: //select[contains(@name,'asg_pt')]
Trying to find Element By : By.xpath: //select[contains(@name,'asg_pt')]
Found Element By : By.xpath: //select[contains(@name,'asg_pt')]
Trying to find Element By : By.xpath: //select[contains(@name,'dg_pt')]
Found Element By : By.xpath: //select[contains(@name,'dg_pt')]
Trying to find Element By : By.xpath: //select[contains(@name,'dg_pt')]
Found Element By : By.xpath: //select[contains(@name,'dg_pt')]
Trying to find Element By : By.xpath: //select[contains(@name,'av_pt')]
Found Element By : By.xpath: //select[contains(@name,'av_pt')]
Trying to find Element By : By.xpath: //select[contains(@name,'av_pt')]
Found Element By : By.xpath: //select[contains(@name,'av_pt')]
Trying to find Element By : By.xpath: //select[contains(@name,'pp_pt')]
Found Element By : By.xpath: //select[contains(@name,'pp_pt')]
Trying to find Element By : By.xpath: //select[contains(@name,'pp_pt')]
Found Element By : By.xpath: //select[contains(@name,'pp_pt')]
Trying to find Element By : By.xpath: //select[contains(@name,'sxg_pt')]
Found Element By : By.xpath: //select[contains(@name,'sxg_pt')]
Trying to find Element By : By.xpath: //select[contains(@name,'sxg_pt')]
Found Element By : By.xpath: //select[contains(@name,'sxg_pt')]
Trying to find Element By : By.xpath: //select[contains(@name,'pps_pt')]
Found Element By : By.xpath: //select[contains(@name,'pps_pt')]
Trying to find Element By : By.xpath: //select[contains(@name,'pps_pt')]
Found Element By : By.xpath: //select[contains(@name,'pps_pt')]
Trying to find Element By : By.xpath: //select[contains(@name,'haba_pt')]
Found Element By : By.xpath: //select[contains(@name,'haba_pt')]
Trying to find Element By : By.xpath: //select[contains(@name,'haba_pt')]
Found Element By : By.xpath: //select[contains(@name,'haba_pt')]
Trying to find Element By : By.xpath: //select[contains(@name,'mv_pt')]
Found Element By : By.xpath: //select[contains(@name,'mv_pt')]
Trying to find Element By : By.xpath: //select[contains(@name,'mv_pt')]
Found Element By : By.xpath: //select[contains(@name,'mv_pt')]
Trying to find Element By : By.xpath: //select[contains(@name,'nt_pt')]
Found Element By : By.xpath: //select[contains(@name,'nt_pt')]
Trying to find Element By : By.xpath: //select[contains(@name,'nt_pt')]
Found Element By : By.xpath: //select[contains(@name,'nt_pt')]
Trying to find Element By : By.xpath: //select[contains(@name,'qs_pt')]
Found Element By : By.xpath: //select[contains(@name,'qs_pt')]
Trying to find Element By : By.xpath: //select[contains(@name,'qs_pt')]
Found Element By : By.xpath: //select[contains(@name,'qs_pt')]
Trying to find Element By : By.xpath: //div[contains(@class,'table-responsive')]/table/tfoot/tr/td[31]/select
Found Element By : By.xpath: //div[contains(@class,'table-responsive')]/table/tfoot/tr/td[31]/select
Trying to find Element By : By.xpath: //div[contains(@class,'table-responsive')]/table/tfoot/tr/td[31]/select
Found Element By : By.xpath: //div[contains(@class,'table-responsive')]/table/tfoot/tr/td[31]/select
Trying to find Element By : By.xpath: //select[contains(@name,'png_pt')]
Found Element By : By.xpath: //select[contains(@name,'png_pt')]
Trying to find Element By : By.xpath: //select[contains(@name,'png_pt')]
Found Element By : By.xpath: //select[contains(@name,'png_pt')]
Trying to find Element By : By.xpath: //div[contains(@class,'table-responsive')]/table/tfoot/tr/td[31]/select
Found Element By : By.xpath: //div[contains(@class,'table-responsive')]/table/tfoot/tr/td[31]/select
Trying to find Element By : By.xpath: .//option[normalize-space(.) = "19"]
Found Element By : By.xpath: .//option[normalize-space(.) = "19"]
Trying to click on: [[[[ChromeDriver: chrome on WINDOWS (15c9a7a27bf3ad9a87345a7644c02216)] -> xpath: //div[contains(@class,'table-responsive')]/table/tfoot/tr/td[31]/select]] -> xpath: .//option[normalize-space(.) = "19"]]
Clicked on: [[[[ChromeDriver: chrome on WINDOWS (15c9a7a27bf3ad9a87345a7644c02216)] -> xpath: //div[contains(@class,'table-responsive')]/table/tfoot/tr/td[31]/select]] -> xpath: .//option[normalize-space(.) = "19"]]
Trying to find Element By : By.id: btnSubmit
Found Element By : By.id: btnSubmit
Trying to click on: [[ChromeDriver: chrome on WINDOWS (15c9a7a27bf3ad9a87345a7644c02216)] -> id: btnSubmit]
Clicked on: [[ChromeDriver: chrome on WINDOWS (15c9a7a27bf3ad9a87345a7644c02216)] -> id: btnSubmit]
Trying to find Element By : By.xpath: //div[contains(@class,'table-responsive')]/table/tbody/tr/td[31]
Found Element By : By.xpath: //div[contains(@class,'table-responsive')]/table/tbody/tr/td[31]
Trying to find Element By : By.xpath: //div[contains(@class,'table-responsive')]/table/tbody/tr/td[32]
Found Element By : By.xpath: //div[contains(@class,'table-responsive')]/table/tbody/tr/td[32]
]]></system-out>
  </testcase>
  <testcase name="PTSettingSMANegativeTest01" classname="AASProductTestCase.AASProductTest.qa.testcases.PTSettingPageTest" time="4.678">
    <failure type="java.lang.AssertionError:">java.lang.AssertionError: null
	at AASProductTestCase.AASProductTest.qa.testcases.PTSettingPageTest.PTSettingSMANegativeTest01(PTSettingPageTest.java:240)
</failure>
    <system-out><![CDATA[***************************
Screenshot stored at C:\Users\User\git\AASStagingTest\AASProductTestTools/screenshots/PTSettingSMANegativeTest01_Sun_Aug_30_21_44_43_SGT_2020.png
***************************
Trying to find Element By : By.xpath: //div[contains(@class,'table-responsive')]/table/tbody/tr/td[33]
Found Element By : By.xpath: //div[contains(@class,'table-responsive')]/table/tbody/tr/td[33]
Trying to find Element By : By.xpath: //div[contains(@class,'table-responsive')]/table/tbody/tr/td[34]
Found Element By : By.xpath: //div[contains(@class,'table-responsive')]/table/tbody/tr/td[34]
Trying to find Element By : By.id: check_3
Found Element By : By.id: check_3
Trying to click on: [[ChromeDriver: chrome on WINDOWS (15c9a7a27bf3ad9a87345a7644c02216)] -> id: check_3]
Clicked on: [[ChromeDriver: chrome on WINDOWS (15c9a7a27bf3ad9a87345a7644c02216)] -> id: check_3]
Trying to find Element By : By.xpath: //select[contains(@name,'evo_pt')]
Found Element By : By.xpath: //select[contains(@name,'evo_pt')]
Trying to find Element By : By.xpath: //select[contains(@name,'evo_pt')]
Found Element By : By.xpath: //select[contains(@name,'evo_pt')]
Trying to find Element By : By.xpath: //select[contains(@name,'bg_pt')]
Found Element By : By.xpath: //select[contains(@name,'bg_pt')]
Trying to find Element By : By.xpath: //select[contains(@name,'bg_pt')]
Found Element By : By.xpath: //select[contains(@name,'bg_pt')]
Trying to find Element By : By.xpath: //select[contains(@name,'titanium_pt')]
Found Element By : By.xpath: //select[contains(@name,'titanium_pt')]
Trying to find Element By : By.xpath: //select[contains(@name,'titanium_pt')]
Found Element By : By.xpath: //select[contains(@name,'titanium_pt')]
Trying to find Element By : By.xpath: //select[contains(@name,'asg_pt')]
Found Element By : By.xpath: //select[contains(@name,'asg_pt')]
Trying to find Element By : By.xpath: //select[contains(@name,'asg_pt')]
Found Element By : By.xpath: //select[contains(@name,'asg_pt')]
Trying to find Element By : By.xpath: //select[contains(@name,'dg_pt')]
Found Element By : By.xpath: //select[contains(@name,'dg_pt')]
Trying to find Element By : By.xpath: //select[contains(@name,'dg_pt')]
Found Element By : By.xpath: //select[contains(@name,'dg_pt')]
Trying to find Element By : By.xpath: //select[contains(@name,'av_pt')]
Found Element By : By.xpath: //select[contains(@name,'av_pt')]
Trying to find Element By : By.xpath: //select[contains(@name,'av_pt')]
Found Element By : By.xpath: //select[contains(@name,'av_pt')]
Trying to find Element By : By.xpath: //select[contains(@name,'pp_pt')]
Found Element By : By.xpath: //select[contains(@name,'pp_pt')]
Trying to find Element By : By.xpath: //select[contains(@name,'pp_pt')]
Found Element By : By.xpath: //select[contains(@name,'pp_pt')]
Trying to find Element By : By.xpath: //select[contains(@name,'sxg_pt')]
Found Element By : By.xpath: //select[contains(@name,'sxg_pt')]
Trying to find Element By : By.xpath: //select[contains(@name,'sxg_pt')]
Found Element By : By.xpath: //select[contains(@name,'sxg_pt')]
Trying to find Element By : By.xpath: //select[contains(@name,'pps_pt')]
Found Element By : By.xpath: //select[contains(@name,'pps_pt')]
Trying to find Element By : By.xpath: //select[contains(@name,'pps_pt')]
Found Element By : By.xpath: //select[contains(@name,'pps_pt')]
Trying to find Element By : By.xpath: //select[contains(@name,'haba_pt')]
Found Element By : By.xpath: //select[contains(@name,'haba_pt')]
Trying to find Element By : By.xpath: //select[contains(@name,'haba_pt')]
Found Element By : By.xpath: //select[contains(@name,'haba_pt')]
Trying to find Element By : By.xpath: //select[contains(@name,'mv_pt')]
Found Element By : By.xpath: //select[contains(@name,'mv_pt')]
Trying to find Element By : By.xpath: //select[contains(@name,'mv_pt')]
Found Element By : By.xpath: //select[contains(@name,'mv_pt')]
Trying to find Element By : By.xpath: //select[contains(@name,'nt_pt')]
Found Element By : By.xpath: //select[contains(@name,'nt_pt')]
Trying to find Element By : By.xpath: //select[contains(@name,'nt_pt')]
Found Element By : By.xpath: //select[contains(@name,'nt_pt')]
Trying to find Element By : By.xpath: //select[contains(@name,'qs_pt')]
Found Element By : By.xpath: //select[contains(@name,'qs_pt')]
Trying to find Element By : By.xpath: //select[contains(@name,'qs_pt')]
Found Element By : By.xpath: //select[contains(@name,'qs_pt')]
Trying to find Element By : By.xpath: //div[contains(@class,'table-responsive')]/table/tfoot/tr/td[31]/select
Found Element By : By.xpath: //div[contains(@class,'table-responsive')]/table/tfoot/tr/td[31]/select
Trying to find Element By : By.xpath: //div[contains(@class,'table-responsive')]/table/tfoot/tr/td[31]/select
Found Element By : By.xpath: //div[contains(@class,'table-responsive')]/table/tfoot/tr/td[31]/select
Trying to find Element By : By.xpath: //select[contains(@name,'png_pt')]
Found Element By : By.xpath: //select[contains(@name,'png_pt')]
Trying to find Element By : By.xpath: //select[contains(@name,'png_pt')]
Found Element By : By.xpath: //select[contains(@name,'png_pt')]
Trying to find Element By : By.xpath: //select[contains(@name,'png_pt')]
Found Element By : By.xpath: //select[contains(@name,'png_pt')]
Trying to find Element By : By.xpath: .//option[normalize-space(.) = "19"]
Found Element By : By.xpath: .//option[normalize-space(.) = "19"]
Trying to click on: [[[[ChromeDriver: chrome on WINDOWS (15c9a7a27bf3ad9a87345a7644c02216)] -> xpath: //select[contains(@name,'png_pt')]]] -> xpath: .//option[normalize-space(.) = "19"]]
Clicked on: [[[[ChromeDriver: chrome on WINDOWS (15c9a7a27bf3ad9a87345a7644c02216)] -> xpath: //select[contains(@name,'png_pt')]]] -> xpath: .//option[normalize-space(.) = "19"]]
Trying to find Element By : By.id: btnSubmit
Found Element By : By.id: btnSubmit
Trying to click on: [[ChromeDriver: chrome on WINDOWS (15c9a7a27bf3ad9a87345a7644c02216)] -> id: btnSubmit]
Clicked on: [[ChromeDriver: chrome on WINDOWS (15c9a7a27bf3ad9a87345a7644c02216)] -> id: btnSubmit]
Trying to find Element By : By.xpath: //div[contains(@class,'table-responsive')]/table/tbody/tr/td[33]
Found Element By : By.xpath: //div[contains(@class,'table-responsive')]/table/tbody/tr/td[33]
Trying to find Element By : By.xpath: //div[contains(@class,'table-responsive')]/table/tbody/tr/td[34]
Found Element By : By.xpath: //div[contains(@class,'table-responsive')]/table/tbody/tr/td[34]
]]></system-out>
  </testcase>
  <testcase name="PTSettingSMANegativeTest02" classname="AASProductTestCase.AASProductTest.qa.testcases.PTSettingPageTest" time="4.59"/>
  <testcase name="PTSettingSMANegativeTest02" classname="AASProductTestCase.AASProductTest.qa.testcases.PTSettingPageTest" time="4.6"/>
  <testcase name="PTSettingSMANegativeTest02" classname="AASProductTestCase.AASProductTest.qa.testcases.PTSettingPageTest" time="4.605"/>
  <testcase name="PTSettingSMANegativeTest02" classname="AASProductTestCase.AASProductTest.qa.testcases.PTSettingPageTest" time="4.611"/>
  <testcase name="PTSettingSMANegativeTest02" classname="AASProductTestCase.AASProductTest.qa.testcases.PTSettingPageTest" time="4.579"/>
  <testcase name="PTSettingSMANegativeTest02" classname="AASProductTestCase.AASProductTest.qa.testcases.PTSettingPageTest" time="4.571"/>
  <testcase name="PTSettingSMANegativeTest02" classname="AASProductTestCase.AASProductTest.qa.testcases.PTSettingPageTest" time="4.679"/>
  <testcase name="PTSettingSMANegativeTest02" classname="AASProductTestCase.AASProductTest.qa.testcases.PTSettingPageTest" time="4.582"/>
  <testcase name="PTSettingSMANegativeTest02" classname="AASProductTestCase.AASProductTest.qa.testcases.PTSettingPageTest" time="4.593"/>
  <testcase name="PTSettingSMANegativeTest02" classname="AASProductTestCase.AASProductTest.qa.testcases.PTSettingPageTest" time="4.601"/>
  <testcase name="PTSettingSMANegativeTest02" classname="AASProductTestCase.AASProductTest.qa.testcases.PTSettingPageTest" time="4.615"/>
  <testcase name="PTSettingSMANegativeTest02" classname="AASProductTestCase.AASProductTest.qa.testcases.PTSettingPageTest" time="4.628"/>
  <testcase name="PTSettingSMANegativeTest02" classname="AASProductTestCase.AASProductTest.qa.testcases.PTSettingPageTest" time="4.59"/>
  <testcase name="PTSettingSMANegativeTest02" classname="AASProductTestCase.AASProductTest.qa.testcases.PTSettingPageTest" time="4.69"/>
  <testcase name="PTSettingSMANegativeTest02" classname="AASProductTestCase.AASProductTest.qa.testcases.PTSettingPageTest" time="4.581"/>
  <testcase name="PTSettingSMAGroupUpdate" classname="AASProductTestCase.AASProductTest.qa.testcases.PTSettingPageTest" time="8.397"/>
  <testcase name="PTSettingSMAPositiveTest02" classname="AASProductTestCase.AASProductTest.qa.testcases.PTSettingPageTest" time="1.046"/>
  <testcase name="PTSettingSMAPositiveTest02" classname="AASProductTestCase.AASProductTest.qa.testcases.PTSettingPageTest" time="1.05"/>
  <testcase name="PTSettingSMAPositiveTest02" classname="AASProductTestCase.AASProductTest.qa.testcases.PTSettingPageTest" time="1.042"/>
  <testcase name="PTSettingSMAPositiveTest02" classname="AASProductTestCase.AASProductTest.qa.testcases.PTSettingPageTest" time="1.06"/>
  <testcase name="PTSettingSMAPositiveTest02" classname="AASProductTestCase.AASProductTest.qa.testcases.PTSettingPageTest" time="1.055"/>
  <testcase name="PTSettingSMAPositiveTest02" classname="AASProductTestCase.AASProductTest.qa.testcases.PTSettingPageTest" time="1.046"/>
  <testcase name="PTSettingSMAPositiveTest02" classname="AASProductTestCase.AASProductTest.qa.testcases.PTSettingPageTest" time="1.109"/>
  <testcase name="PTSettingSMAPositiveTest02" classname="AASProductTestCase.AASProductTest.qa.testcases.PTSettingPageTest" time="1.045"/>
  <testcase name="PTSettingSMAPositiveTest02" classname="AASProductTestCase.AASProductTest.qa.testcases.PTSettingPageTest" time="1.044"/>
  <testcase name="PTSettingSMAPositiveTest02" classname="AASProductTestCase.AASProductTest.qa.testcases.PTSettingPageTest" time="1.044"/>
  <testcase name="PTSettingSMAPositiveTest02" classname="AASProductTestCase.AASProductTest.qa.testcases.PTSettingPageTest" time="1.048"/>
  <testcase name="PTSettingSMAPositiveTest02" classname="AASProductTestCase.AASProductTest.qa.testcases.PTSettingPageTest" time="1.045"/>
  <testcase name="PTSettingSMAPositiveTest02" classname="AASProductTestCase.AASProductTest.qa.testcases.PTSettingPageTest" time="1.046"/>
  <testcase name="PTSettingSMAPositiveTest02" classname="AASProductTestCase.AASProductTest.qa.testcases.PTSettingPageTest" time="1.043"/>
  <testcase name="PTSettingSMAPositiveTest02" classname="AASProductTestCase.AASProductTest.qa.testcases.PTSettingPageTest" time="1.043"/>
  <testcase name="ProceedMACheck" classname="AASProductTestCase.AASProductTest.qa.testcases.PTSettingPageTest" time="4.498"/>
  <testcase name="PTSettingMAGivenPTCheck" classname="AASProductTestCase.AASProductTest.qa.testcases.PTSettingPageTest" time="1.048"/>
  <testcase name="PTSettingMAGivenPTCheck" classname="AASProductTestCase.AASProductTest.qa.testcases.PTSettingPageTest" time="1.04"/>
  <testcase name="PTSettingMAGivenPTCheck" classname="AASProductTestCase.AASProductTest.qa.testcases.PTSettingPageTest" time="1.046"/>
  <testcase name="PTSettingMAGivenPTCheck" classname="AASProductTestCase.AASProductTest.qa.testcases.PTSettingPageTest" time="1.046"/>
  <testcase name="PTSettingMAGivenPTCheck" classname="AASProductTestCase.AASProductTest.qa.testcases.PTSettingPageTest" time="1.041"/>
  <testcase name="PTSettingMAGivenPTCheck" classname="AASProductTestCase.AASProductTest.qa.testcases.PTSettingPageTest" time="1.054"/>
  <testcase name="PTSettingMAGivenPTCheck" classname="AASProductTestCase.AASProductTest.qa.testcases.PTSettingPageTest" time="1.043"/>
  <testcase name="PTSettingMAGivenPTCheck" classname="AASProductTestCase.AASProductTest.qa.testcases.PTSettingPageTest" time="1.043"/>
  <testcase name="PTSettingMAGivenPTCheck" classname="AASProductTestCase.AASProductTest.qa.testcases.PTSettingPageTest" time="1.061"/>
  <testcase name="PTSettingMAGivenPTCheck" classname="AASProductTestCase.AASProductTest.qa.testcases.PTSettingPageTest" time="1.056"/>
  <testcase name="PTSettingMAGivenPTCheck" classname="AASProductTestCase.AASProductTest.qa.testcases.PTSettingPageTest" time="1.046"/>
  <testcase name="PTSettingMAGivenPTCheck" classname="AASProductTestCase.AASProductTest.qa.testcases.PTSettingPageTest" time="1.047"/>
  <testcase name="PTSettingMAGivenPTCheck" classname="AASProductTestCase.AASProductTest.qa.testcases.PTSettingPageTest" time="1.046"/>
  <testcase name="PTSettingMAGivenPTCheck" classname="AASProductTestCase.AASProductTest.qa.testcases.PTSettingPageTest" time="1.045"/>
  <testcase name="PTSettingMAGivenPTCheck" classname="AASProductTestCase.AASProductTest.qa.testcases.PTSettingPageTest" time="1.05"/>
  <testcase name="PTSettingMAPositiveTest01" classname="AASProductTestCase.AASProductTest.qa.testcases.PTSettingPageTest" time="4.663"/>
  <testcase name="PTSettingMAPositiveTest01" classname="AASProductTestCase.AASProductTest.qa.testcases.PTSettingPageTest" time="4.577"/>
  <testcase name="PTSettingMAPositiveTest01" classname="AASProductTestCase.AASProductTest.qa.testcases.PTSettingPageTest" time="4.591"/>
  <testcase name="PTSettingMAPositiveTest01" classname="AASProductTestCase.AASProductTest.qa.testcases.PTSettingPageTest" time="4.621"/>
  <testcase name="PTSettingMAPositiveTest01" classname="AASProductTestCase.AASProductTest.qa.testcases.PTSettingPageTest" time="4.586"/>
  <testcase name="PTSettingMAPositiveTest01" classname="AASProductTestCase.AASProductTest.qa.testcases.PTSettingPageTest" time="4.574"/>
  <testcase name="PTSettingMAPositiveTest01" classname="AASProductTestCase.AASProductTest.qa.testcases.PTSettingPageTest" time="4.58"/>
  <testcase name="PTSettingMAPositiveTest01" classname="AASProductTestCase.AASProductTest.qa.testcases.PTSettingPageTest" time="4.581"/>
  <testcase name="PTSettingMAPositiveTest01" classname="AASProductTestCase.AASProductTest.qa.testcases.PTSettingPageTest" time="4.597"/>
  <testcase name="PTSettingMAPositiveTest01" classname="AASProductTestCase.AASProductTest.qa.testcases.PTSettingPageTest" time="4.569"/>
  <testcase name="PTSettingMAPositiveTest01" classname="AASProductTestCase.AASProductTest.qa.testcases.PTSettingPageTest" time="4.586"/>
  <testcase name="PTSettingMAPositiveTest01" classname="AASProductTestCase.AASProductTest.qa.testcases.PTSettingPageTest" time="4.594"/>
  <testcase name="PTSettingMAPositiveTest01" classname="AASProductTestCase.AASProductTest.qa.testcases.PTSettingPageTest" time="4.584"/>
  <testcase name="PTSettingMAPositiveTest01" classname="AASProductTestCase.AASProductTest.qa.testcases.PTSettingPageTest" time="4.6"/>
  <testcase name="PTSettingMAPositiveTest01" classname="AASProductTestCase.AASProductTest.qa.testcases.PTSettingPageTest" time="4.618"/>
  <testcase name="PTSettingMANegativeTest01" classname="AASProductTestCase.AASProductTest.qa.testcases.PTSettingPageTest" time="4.601"/>
  <testcase name="PTSettingMANegativeTest01" classname="AASProductTestCase.AASProductTest.qa.testcases.PTSettingPageTest" time="4.579"/>
  <testcase name="PTSettingMANegativeTest01" classname="AASProductTestCase.AASProductTest.qa.testcases.PTSettingPageTest" time="4.74"/>
  <testcase name="PTSettingMANegativeTest01" classname="AASProductTestCase.AASProductTest.qa.testcases.PTSettingPageTest" time="4.699"/>
  <testcase name="PTSettingMANegativeTest01" classname="AASProductTestCase.AASProductTest.qa.testcases.PTSettingPageTest" time="4.574"/>
  <testcase name="PTSettingMANegativeTest01" classname="AASProductTestCase.AASProductTest.qa.testcases.PTSettingPageTest" time="4.605"/>
  <testcase name="PTSettingMANegativeTest01" classname="AASProductTestCase.AASProductTest.qa.testcases.PTSettingPageTest" time="4.612"/>
  <testcase name="PTSettingMANegativeTest01" classname="AASProductTestCase.AASProductTest.qa.testcases.PTSettingPageTest" time="4.622"/>
  <testcase name="PTSettingMANegativeTest01" classname="AASProductTestCase.AASProductTest.qa.testcases.PTSettingPageTest" time="4.582"/>
  <testcase name="PTSettingMANegativeTest01" classname="AASProductTestCase.AASProductTest.qa.testcases.PTSettingPageTest" time="4.576"/>
  <testcase name="PTSettingMANegativeTest01" classname="AASProductTestCase.AASProductTest.qa.testcases.PTSettingPageTest" time="4.567"/>
  <testcase name="PTSettingMANegativeTest01" classname="AASProductTestCase.AASProductTest.qa.testcases.PTSettingPageTest" time="4.619"/>
  <testcase name="PTSettingMANegativeTest01" classname="AASProductTestCase.AASProductTest.qa.testcases.PTSettingPageTest" time="4.587"/>
  <testcase name="PTSettingMANegativeTest01" classname="AASProductTestCase.AASProductTest.qa.testcases.PTSettingPageTest" time="4.648"/>
  <testcase name="PTSettingMANegativeTest01" classname="AASProductTestCase.AASProductTest.qa.testcases.PTSettingPageTest" time="4.751"/>
  <testcase name="PTSettingMAGroupUpdate" classname="AASProductTestCase.AASProductTest.qa.testcases.PTSettingPageTest" time="8.471"/>
  <testcase name="PTSettingMAPositiveTest02" classname="AASProductTestCase.AASProductTest.qa.testcases.PTSettingPageTest" time="1.047"/>
  <testcase name="PTSettingMAPositiveTest02" classname="AASProductTestCase.AASProductTest.qa.testcases.PTSettingPageTest" time="1.044"/>
  <testcase name="PTSettingMAPositiveTest02" classname="AASProductTestCase.AASProductTest.qa.testcases.PTSettingPageTest" time="1.045"/>
  <testcase name="PTSettingMAPositiveTest02" classname="AASProductTestCase.AASProductTest.qa.testcases.PTSettingPageTest" time="1.048"/>
  <testcase name="PTSettingMAPositiveTest02" classname="AASProductTestCase.AASProductTest.qa.testcases.PTSettingPageTest" time="1.041"/>
  <testcase name="PTSettingMAPositiveTest02" classname="AASProductTestCase.AASProductTest.qa.testcases.PTSettingPageTest" time="1.047"/>
  <testcase name="PTSettingMAPositiveTest02" classname="AASProductTestCase.AASProductTest.qa.testcases.PTSettingPageTest" time="1.045"/>
  <testcase name="PTSettingMAPositiveTest02" classname="AASProductTestCase.AASProductTest.qa.testcases.PTSettingPageTest" time="1.049"/>
  <testcase name="PTSettingMAPositiveTest02" classname="AASProductTestCase.AASProductTest.qa.testcases.PTSettingPageTest" time="1.048"/>
  <testcase name="PTSettingMAPositiveTest02" classname="AASProductTestCase.AASProductTest.qa.testcases.PTSettingPageTest" time="1.041"/>
  <testcase name="PTSettingMAPositiveTest02" classname="AASProductTestCase.AASProductTest.qa.testcases.PTSettingPageTest" time="1.041"/>
  <testcase name="PTSettingMAPositiveTest02" classname="AASProductTestCase.AASProductTest.qa.testcases.PTSettingPageTest" time="1.044"/>
  <testcase name="PTSettingMAPositiveTest02" classname="AASProductTestCase.AASProductTest.qa.testcases.PTSettingPageTest" time="1.041"/>
  <testcase name="PTSettingMAPositiveTest02" classname="AASProductTestCase.AASProductTest.qa.testcases.PTSettingPageTest" time="1.043"/>
  <testcase name="PTSettingMAPositiveTest02" classname="AASProductTestCase.AASProductTest.qa.testcases.PTSettingPageTest" time="1.046"/>
</testsuite>