<?xml version="1.0" encoding="UTF-8"?>
<!-- Generated by org.testng.reporters.JUnitReportReporter -->
<testsuite hostname="LTP11" failures="0" tests="1" name="AASProductTestCase.AASProductTest.qa.testcases.ExtraPTPageTest" time="0.000" errors="0" timestamp="15 Aug 2020 14:19:33 GMT" skipped="1">
  <testcase classname="AASProductTestCase.AASProductTest.qa.testcases.ExtraPTPageTest" name="ExtraPTTest" time="0.000">
    <skipped/>
  </testcase> <!-- ExtraPTTest -->
</testsuite> <!-- AASProductTestCase.AASProductTest.qa.testcases.ExtraPTPageTest -->
